-- The C compiler identification is GNU 9.4.0
-- The CXX compiler identification is GNU 9.4.0
-- Check for working C compiler: /usr/bin/cc
-- Check for working C compiler: /usr/bin/cc -- works
-- Detecting C compiler ABI info
-- Detecting C compiler ABI info - done
-- Detecting C compile features
-- Detecting C compile features - done
-- Check for working CXX compiler: /usr/bin/c++
-- Check for working CXX compiler: /usr/bin/c++ -- works
-- Detecting CXX compiler ABI info
-- Detecting CXX compiler ABI info - done
-- Detecting CXX compile features
-- Detecting CXX compile features - done
-- Found ament_cmake: 1.1.6 (/opt/ros/galactic/share/ament_cmake/cmake)
-- Found PythonInterp: /usr/bin/python3 (found suitable version "3.8.10", minimum required is "3") 
-- Using PYTHON_EXECUTABLE: /usr/bin/python3
-- Configuring done
-- Generating done
-- Build files have been written to: /home/avinaash/doozy_robotics/doozy_ws_2/build/turtlebot3_applications
-- Install configuration: ""
-- Installing: /home/avinaash/doozy_robotics/doozy_ws_2/install/turtlebot3_applications/share/ament_index/resource_index/package_run_dependencies/turtlebot3_applications
-- Installing: /home/avinaash/doozy_robotics/doozy_ws_2/install/turtlebot3_applications/share/ament_index/resource_index/parent_prefix_path/turtlebot3_applications
-- Installing: /home/avinaash/doozy_robotics/doozy_ws_2/install/turtlebot3_applications/share/turtlebot3_applications/environment/ament_prefix_path.sh
-- Installing: /home/avinaash/doozy_robotics/doozy_ws_2/install/turtlebot3_applications/share/turtlebot3_applications/environment/ament_prefix_path.dsv
-- Installing: /home/avinaash/doozy_robotics/doozy_ws_2/install/turtlebot3_applications/share/turtlebot3_applications/environment/path.sh
-- Installing: /home/avinaash/doozy_robotics/doozy_ws_2/install/turtlebot3_applications/share/turtlebot3_applications/environment/path.dsv
-- Installing: /home/avinaash/doozy_robotics/doozy_ws_2/install/turtlebot3_applications/share/turtlebot3_applications/local_setup.bash
-- Installing: /home/avinaash/doozy_robotics/doozy_ws_2/install/turtlebot3_applications/share/turtlebot3_applications/local_setup.sh
-- Installing: /home/avinaash/doozy_robotics/doozy_ws_2/install/turtlebot3_applications/share/turtlebot3_applications/local_setup.zsh
-- Installing: /home/avinaash/doozy_robotics/doozy_ws_2/install/turtlebot3_applications/share/turtlebot3_applications/local_setup.dsv
-- Installing: /home/avinaash/doozy_robotics/doozy_ws_2/install/turtlebot3_applications/share/turtlebot3_applications/package.dsv
-- Installing: /home/avinaash/doozy_robotics/doozy_ws_2/install/turtlebot3_applications/share/ament_index/resource_index/packages/turtlebot3_applications
-- Installing: /home/avinaash/doozy_robotics/doozy_ws_2/install/turtlebot3_applications/share/turtlebot3_applications/cmake/turtlebot3_applicationsConfig.cmake
-- Installing: /home/avinaash/doozy_robotics/doozy_ws_2/install/turtlebot3_applications/share/turtlebot3_applications/cmake/turtlebot3_applicationsConfig-version.cmake
-- Installing: /home/avinaash/doozy_robotics/doozy_ws_2/install/turtlebot3_applications/share/turtlebot3_applications/package.xml
