[9.887s] Invoking command in '/home/avinaash/doozy_robotics/doozy_ws_2/src/turtlebot3/turtlebot3_teleop': PYTHONPATH=/home/avinaash/doozy_robotics/doozy_ws_2/build/turtlebot3_teleop/prefix_override:/home/avinaash/doozy_robotics/doozy_ws_2/install/turtlebot3_teleop/lib/python3.8/site-packages:${PYTHONPATH} /usr/bin/python3 -W ignore:setup.py install is deprecated setup.py egg_info --egg-base ../../../build/turtlebot3_teleop build --build-base /home/avinaash/doozy_robotics/doozy_ws_2/build/turtlebot3_teleop/build install --record /home/avinaash/doozy_robotics/doozy_ws_2/build/turtlebot3_teleop/install.log --single-version-externally-managed install_data
[11.354s] running egg_info
[11.359s] writing ../../../build/turtlebot3_teleop/turtlebot3_teleop.egg-info/PKG-INFO
[11.366s] writing dependency_links to ../../../build/turtlebot3_teleop/turtlebot3_teleop.egg-info/dependency_links.txt
[11.371s] writing entry points to ../../../build/turtlebot3_teleop/turtlebot3_teleop.egg-info/entry_points.txt
[11.372s] writing requirements to ../../../build/turtlebot3_teleop/turtlebot3_teleop.egg-info/requires.txt
[11.373s] writing top-level names to ../../../build/turtlebot3_teleop/turtlebot3_teleop.egg-info/top_level.txt
[11.520s] reading manifest file '../../../build/turtlebot3_teleop/turtlebot3_teleop.egg-info/SOURCES.txt'
[11.525s] writing manifest file '../../../build/turtlebot3_teleop/turtlebot3_teleop.egg-info/SOURCES.txt'
[11.526s] running build
[11.527s] running build_py
[11.530s] running install
[11.538s] running install_lib
[11.548s] running install_data
[11.555s] running install_egg_info
[11.572s] removing '/home/avinaash/doozy_robotics/doozy_ws_2/install/turtlebot3_teleop/lib/python3.8/site-packages/turtlebot3_teleop-2.1.4-py3.8.egg-info' (and everything under it)
[11.574s] Copying ../../../build/turtlebot3_teleop/turtlebot3_teleop.egg-info to /home/avinaash/doozy_robotics/doozy_ws_2/install/turtlebot3_teleop/lib/python3.8/site-packages/turtlebot3_teleop-2.1.4-py3.8.egg-info
[11.579s] running install_scripts
[11.694s] Installing teleop_keyboard script to /home/avinaash/doozy_robotics/doozy_ws_2/install/turtlebot3_teleop/lib/turtlebot3_teleop
[11.695s] writing list of installed files to '/home/avinaash/doozy_robotics/doozy_ws_2/build/turtlebot3_teleop/install.log'
[12.000s] Invoked command in '/home/avinaash/doozy_robotics/doozy_ws_2/src/turtlebot3/turtlebot3_teleop' returned '0': PYTHONPATH=/home/avinaash/doozy_robotics/doozy_ws_2/build/turtlebot3_teleop/prefix_override:/home/avinaash/doozy_robotics/doozy_ws_2/install/turtlebot3_teleop/lib/python3.8/site-packages:${PYTHONPATH} /usr/bin/python3 -W ignore:setup.py install is deprecated setup.py egg_info --egg-base ../../../build/turtlebot3_teleop build --build-base /home/avinaash/doozy_robotics/doozy_ws_2/build/turtlebot3_teleop/build install --record /home/avinaash/doozy_robotics/doozy_ws_2/build/turtlebot3_teleop/install.log --single-version-externally-managed install_data
