[1.202s] Invoking command in '/home/avinaash/doozy_robotics/doozy_ws_2/build/doozy_actions': CMAKE_PREFIX_PATH=${CMAKE_PREFIX_PATH}:/home/avinaash/doozy_robotics/doozy_ws_2/install/turtlebot3_teleop:/home/avinaash/doozy_robotics/doozy_ws_2/install/turtlebot3_example:/home/avinaash/doozy_robotics/doozy_ws_2/install/pallet_docker_02:/home/avinaash/doozy_robotics/doozy_ws_2/install/2_t_dolly_logistics_driver:/opt/ros/galactic /usr/bin/cmake --build /home/avinaash/doozy_robotics/doozy_ws_2/build/doozy_actions -- -j12 -l12
[1.583s] [  1%] Built target doozy_actions__cpp
[1.584s] [ 12%] Built target doozy_actions__rosidl_generator_c
[1.584s] [ 34%] Built target doozy_actions__rosidl_typesupport_introspection_cpp
[1.584s] [ 34%] Built target doozy_actions__rosidl_typesupport_cpp
[1.584s] [ 45%] Built target doozy_actions__rosidl_typesupport_introspection_c
[1.584s] [ 56%] Built target doozy_actions__rosidl_typesupport_c
[1.584s] [ 67%] Built target doozy_actions__rosidl_typesupport_fastrtps_cpp
[1.585s] [ 78%] Built target doozy_actions__rosidl_typesupport_fastrtps_c
[1.585s] [ 78%] Built target doozy_actions
[1.587s] [ 80%] Built target doozy_actions__py
[1.588s] [ 89%] Built target doozy_actions__python
[1.588s] [ 92%] Built target doozy_actions__rosidl_typesupport_introspection_c__pyext
[1.590s] [ 96%] Built target doozy_actions__rosidl_typesupport_c__pyext
[1.591s] [100%] Built target doozy_actions__rosidl_typesupport_fastrtps_c__pyext
[1.615s] Invoked command in '/home/avinaash/doozy_robotics/doozy_ws_2/build/doozy_actions' returned '0': CMAKE_PREFIX_PATH=${CMAKE_PREFIX_PATH}:/home/avinaash/doozy_robotics/doozy_ws_2/install/turtlebot3_teleop:/home/avinaash/doozy_robotics/doozy_ws_2/install/turtlebot3_example:/home/avinaash/doozy_robotics/doozy_ws_2/install/pallet_docker_02:/home/avinaash/doozy_robotics/doozy_ws_2/install/2_t_dolly_logistics_driver:/opt/ros/galactic /usr/bin/cmake --build /home/avinaash/doozy_robotics/doozy_ws_2/build/doozy_actions -- -j12 -l12
[1.914s] Invoking command in '/home/avinaash/doozy_robotics/doozy_ws_2/build/doozy_actions': CMAKE_PREFIX_PATH=${CMAKE_PREFIX_PATH}:/home/avinaash/doozy_robotics/doozy_ws_2/install/turtlebot3_teleop:/home/avinaash/doozy_robotics/doozy_ws_2/install/turtlebot3_example:/home/avinaash/doozy_robotics/doozy_ws_2/install/pallet_docker_02:/home/avinaash/doozy_robotics/doozy_ws_2/install/2_t_dolly_logistics_driver:/opt/ros/galactic /usr/bin/cmake --install /home/avinaash/doozy_robotics/doozy_ws_2/build/doozy_actions
[1.933s] -- Install configuration: ""
[1.934s] -- Up-to-date: /home/avinaash/doozy_robotics/doozy_ws_2/install/doozy_actions/share/ament_index/resource_index/rosidl_interfaces/doozy_actions
[1.936s] -- Up-to-date: /home/avinaash/doozy_robotics/doozy_ws_2/install/doozy_actions/include/doozy_actions
[1.937s] -- Up-to-date: /home/avinaash/doozy_robotics/doozy_ws_2/install/doozy_actions/include/doozy_actions/action
[1.937s] -- Up-to-date: /home/avinaash/doozy_robotics/doozy_ws_2/install/doozy_actions/include/doozy_actions/action/dolly_dock.h
[1.937s] -- Up-to-date: /home/avinaash/doozy_robotics/doozy_ws_2/install/doozy_actions/include/doozy_actions/action/detail
[1.937s] -- Up-to-date: /home/avinaash/doozy_robotics/doozy_ws_2/install/doozy_actions/include/doozy_actions/action/detail/dolly_dock__functions.h
[1.937s] -- Up-to-date: /home/avinaash/doozy_robotics/doozy_ws_2/install/doozy_actions/include/doozy_actions/action/detail/dolly_dock__type_support.h
[1.937s] -- Up-to-date: /home/avinaash/doozy_robotics/doozy_ws_2/install/doozy_actions/include/doozy_actions/action/detail/dolly_dock__struct.h
[1.938s] -- Up-to-date: /home/avinaash/doozy_robotics/doozy_ws_2/install/doozy_actions/include/doozy_actions/action/detail/dolly_dock__functions.c
[1.938s] -- Up-to-date: /home/avinaash/doozy_robotics/doozy_ws_2/install/doozy_actions/include/doozy_actions/msg
[1.938s] -- Up-to-date: /home/avinaash/doozy_robotics/doozy_ws_2/install/doozy_actions/include/doozy_actions/msg/diagnostics.h
[1.939s] -- Up-to-date: /home/avinaash/doozy_robotics/doozy_ws_2/install/doozy_actions/include/doozy_actions/msg/rosidl_generator_c__visibility_control.h
[1.939s] -- Up-to-date: /home/avinaash/doozy_robotics/doozy_ws_2/install/doozy_actions/include/doozy_actions/msg/detail
[1.940s] -- Up-to-date: /home/avinaash/doozy_robotics/doozy_ws_2/install/doozy_actions/include/doozy_actions/msg/detail/diagnostics__struct.h
[1.941s] -- Up-to-date: /home/avinaash/doozy_robotics/doozy_ws_2/install/doozy_actions/include/doozy_actions/msg/detail/navigation__functions.c
[1.942s] -- Up-to-date: /home/avinaash/doozy_robotics/doozy_ws_2/install/doozy_actions/include/doozy_actions/msg/detail/navigation__type_support.h
[1.942s] -- Up-to-date: /home/avinaash/doozy_robotics/doozy_ws_2/install/doozy_actions/include/doozy_actions/msg/detail/diagnostics__functions.c
[1.942s] -- Up-to-date: /home/avinaash/doozy_robotics/doozy_ws_2/install/doozy_actions/include/doozy_actions/msg/detail/navigation__struct.h
[1.943s] -- Up-to-date: /home/avinaash/doozy_robotics/doozy_ws_2/install/doozy_actions/include/doozy_actions/msg/detail/diagnostics__functions.h
[1.943s] -- Up-to-date: /home/avinaash/doozy_robotics/doozy_ws_2/install/doozy_actions/include/doozy_actions/msg/detail/docking__functions.h
[1.943s] -- Up-to-date: /home/avinaash/doozy_robotics/doozy_ws_2/install/doozy_actions/include/doozy_actions/msg/detail/docking__functions.c
[1.944s] -- Up-to-date: /home/avinaash/doozy_robotics/doozy_ws_2/install/doozy_actions/include/doozy_actions/msg/detail/docking__struct.h
[1.944s] -- Up-to-date: /home/avinaash/doozy_robotics/doozy_ws_2/install/doozy_actions/include/doozy_actions/msg/detail/docking__type_support.h
[1.944s] -- Up-to-date: /home/avinaash/doozy_robotics/doozy_ws_2/install/doozy_actions/include/doozy_actions/msg/detail/diagnostics__type_support.h
[1.945s] -- Up-to-date: /home/avinaash/doozy_robotics/doozy_ws_2/install/doozy_actions/include/doozy_actions/msg/detail/navigation__functions.h
[1.945s] -- Up-to-date: /home/avinaash/doozy_robotics/doozy_ws_2/install/doozy_actions/include/doozy_actions/msg/docking.h
[1.945s] -- Up-to-date: /home/avinaash/doozy_robotics/doozy_ws_2/install/doozy_actions/include/doozy_actions/msg/navigation.h
[1.945s] -- Up-to-date: /home/avinaash/doozy_robotics/doozy_ws_2/install/doozy_actions/share/doozy_actions/environment/library_path.sh
[1.946s] -- Up-to-date: /home/avinaash/doozy_robotics/doozy_ws_2/install/doozy_actions/share/doozy_actions/environment/library_path.dsv
[1.946s] -- Up-to-date: /home/avinaash/doozy_robotics/doozy_ws_2/install/doozy_actions/lib/libdoozy_actions__rosidl_generator_c.so
[1.946s] -- Up-to-date: /home/avinaash/doozy_robotics/doozy_ws_2/install/doozy_actions/include/doozy_actions
[1.946s] -- Up-to-date: /home/avinaash/doozy_robotics/doozy_ws_2/install/doozy_actions/include/doozy_actions/action
[1.946s] -- Up-to-date: /home/avinaash/doozy_robotics/doozy_ws_2/install/doozy_actions/include/doozy_actions/action/detail
[1.947s] -- Up-to-date: /home/avinaash/doozy_robotics/doozy_ws_2/install/doozy_actions/include/doozy_actions/action/detail/dolly_dock__rosidl_typesupport_fastrtps_c.h
[1.947s] -- Up-to-date: /home/avinaash/doozy_robotics/doozy_ws_2/install/doozy_actions/include/doozy_actions/msg
[1.947s] -- Up-to-date: /home/avinaash/doozy_robotics/doozy_ws_2/install/doozy_actions/include/doozy_actions/msg/detail
[1.948s] -- Up-to-date: /home/avinaash/doozy_robotics/doozy_ws_2/install/doozy_actions/include/doozy_actions/msg/detail/diagnostics__rosidl_typesupport_fastrtps_c.h
[1.948s] -- Up-to-date: /home/avinaash/doozy_robotics/doozy_ws_2/install/doozy_actions/include/doozy_actions/msg/detail/docking__rosidl_typesupport_fastrtps_c.h
[1.948s] -- Up-to-date: /home/avinaash/doozy_robotics/doozy_ws_2/install/doozy_actions/include/doozy_actions/msg/detail/navigation__rosidl_typesupport_fastrtps_c.h
[1.948s] -- Up-to-date: /home/avinaash/doozy_robotics/doozy_ws_2/install/doozy_actions/include/doozy_actions/msg/rosidl_typesupport_fastrtps_c__visibility_control.h
[1.948s] -- Up-to-date: /home/avinaash/doozy_robotics/doozy_ws_2/install/doozy_actions/lib/libdoozy_actions__rosidl_typesupport_fastrtps_c.so
[1.951s] -- Up-to-date: /home/avinaash/doozy_robotics/doozy_ws_2/install/doozy_actions/include/doozy_actions
[1.951s] -- Up-to-date: /home/avinaash/doozy_robotics/doozy_ws_2/install/doozy_actions/include/doozy_actions/action
[1.952s] -- Up-to-date: /home/avinaash/doozy_robotics/doozy_ws_2/install/doozy_actions/include/doozy_actions/action/detail
[1.952s] -- Up-to-date: /home/avinaash/doozy_robotics/doozy_ws_2/install/doozy_actions/include/doozy_actions/action/detail/dds_fastrtps
[1.957s] -- Up-to-date: /home/avinaash/doozy_robotics/doozy_ws_2/install/doozy_actions/include/doozy_actions/action/detail/dolly_dock__rosidl_typesupport_fastrtps_cpp.hpp
[1.957s] -- Up-to-date: /home/avinaash/doozy_robotics/doozy_ws_2/install/doozy_actions/include/doozy_actions/msg
[1.958s] -- Up-to-date: /home/avinaash/doozy_robotics/doozy_ws_2/install/doozy_actions/include/doozy_actions/msg/rosidl_typesupport_fastrtps_cpp__visibility_control.h
[1.958s] -- Up-to-date: /home/avinaash/doozy_robotics/doozy_ws_2/install/doozy_actions/include/doozy_actions/msg/detail
[1.960s] -- Up-to-date: /home/avinaash/doozy_robotics/doozy_ws_2/install/doozy_actions/include/doozy_actions/msg/detail/navigation__rosidl_typesupport_fastrtps_cpp.hpp
[1.961s] -- Up-to-date: /home/avinaash/doozy_robotics/doozy_ws_2/install/doozy_actions/include/doozy_actions/msg/detail/docking__rosidl_typesupport_fastrtps_cpp.hpp
[1.961s] -- Up-to-date: /home/avinaash/doozy_robotics/doozy_ws_2/install/doozy_actions/include/doozy_actions/msg/detail/dds_fastrtps
[1.962s] -- Up-to-date: /home/avinaash/doozy_robotics/doozy_ws_2/install/doozy_actions/include/doozy_actions/msg/detail/diagnostics__rosidl_typesupport_fastrtps_cpp.hpp
[1.963s] -- Up-to-date: /home/avinaash/doozy_robotics/doozy_ws_2/install/doozy_actions/lib/libdoozy_actions__rosidl_typesupport_fastrtps_cpp.so
[1.965s] -- Up-to-date: /home/avinaash/doozy_robotics/doozy_ws_2/install/doozy_actions/include/doozy_actions
[1.965s] -- Up-to-date: /home/avinaash/doozy_robotics/doozy_ws_2/install/doozy_actions/include/doozy_actions/action
[1.965s] -- Up-to-date: /home/avinaash/doozy_robotics/doozy_ws_2/install/doozy_actions/include/doozy_actions/action/detail
[1.966s] -- Up-to-date: /home/avinaash/doozy_robotics/doozy_ws_2/install/doozy_actions/include/doozy_actions/action/detail/dolly_dock__rosidl_typesupport_introspection_c.h
[1.966s] -- Up-to-date: /home/avinaash/doozy_robotics/doozy_ws_2/install/doozy_actions/include/doozy_actions/action/detail/dolly_dock__type_support.c
[1.967s] -- Up-to-date: /home/avinaash/doozy_robotics/doozy_ws_2/install/doozy_actions/include/doozy_actions/msg
[1.967s] -- Up-to-date: /home/avinaash/doozy_robotics/doozy_ws_2/install/doozy_actions/include/doozy_actions/msg/rosidl_typesupport_introspection_c__visibility_control.h
[1.968s] -- Up-to-date: /home/avinaash/doozy_robotics/doozy_ws_2/install/doozy_actions/include/doozy_actions/msg/detail
[1.968s] -- Up-to-date: /home/avinaash/doozy_robotics/doozy_ws_2/install/doozy_actions/include/doozy_actions/msg/detail/diagnostics__type_support.c
[1.968s] -- Up-to-date: /home/avinaash/doozy_robotics/doozy_ws_2/install/doozy_actions/include/doozy_actions/msg/detail/navigation__type_support.c
[1.968s] -- Up-to-date: /home/avinaash/doozy_robotics/doozy_ws_2/install/doozy_actions/include/doozy_actions/msg/detail/docking__type_support.c
[1.970s] -- Up-to-date: /home/avinaash/doozy_robotics/doozy_ws_2/install/doozy_actions/include/doozy_actions/msg/detail/diagnostics__rosidl_typesupport_introspection_c.h
[1.973s] -- Up-to-date: /home/avinaash/doozy_robotics/doozy_ws_2/install/doozy_actions/include/doozy_actions/msg/detail/navigation__rosidl_typesupport_introspection_c.h
[1.973s] -- Up-to-date: /home/avinaash/doozy_robotics/doozy_ws_2/install/doozy_actions/include/doozy_actions/msg/detail/docking__rosidl_typesupport_introspection_c.h
[1.973s] -- Up-to-date: /home/avinaash/doozy_robotics/doozy_ws_2/install/doozy_actions/lib/libdoozy_actions__rosidl_typesupport_introspection_c.so
[1.974s] -- Up-to-date: /home/avinaash/doozy_robotics/doozy_ws_2/install/doozy_actions/lib/libdoozy_actions__rosidl_typesupport_c.so
[1.975s] -- Up-to-date: /home/avinaash/doozy_robotics/doozy_ws_2/install/doozy_actions/include/doozy_actions
[1.977s] -- Up-to-date: /home/avinaash/doozy_robotics/doozy_ws_2/install/doozy_actions/include/doozy_actions/action
[1.977s] -- Up-to-date: /home/avinaash/doozy_robotics/doozy_ws_2/install/doozy_actions/include/doozy_actions/action/dolly_dock.hpp
[1.978s] -- Up-to-date: /home/avinaash/doozy_robotics/doozy_ws_2/install/doozy_actions/include/doozy_actions/action/detail
[1.978s] -- Up-to-date: /home/avinaash/doozy_robotics/doozy_ws_2/install/doozy_actions/include/doozy_actions/action/detail/dolly_dock__struct.hpp
[1.978s] -- Up-to-date: /home/avinaash/doozy_robotics/doozy_ws_2/install/doozy_actions/include/doozy_actions/action/detail/dolly_dock__builder.hpp
[1.978s] -- Up-to-date: /home/avinaash/doozy_robotics/doozy_ws_2/install/doozy_actions/include/doozy_actions/action/detail/dolly_dock__traits.hpp
[1.979s] -- Up-to-date: /home/avinaash/doozy_robotics/doozy_ws_2/install/doozy_actions/include/doozy_actions/msg
[1.979s] -- Up-to-date: /home/avinaash/doozy_robotics/doozy_ws_2/install/doozy_actions/include/doozy_actions/msg/docking.hpp
[1.980s] -- Up-to-date: /home/avinaash/doozy_robotics/doozy_ws_2/install/doozy_actions/include/doozy_actions/msg/diagnostics.hpp
[1.980s] -- Up-to-date: /home/avinaash/doozy_robotics/doozy_ws_2/install/doozy_actions/include/doozy_actions/msg/detail
[1.980s] -- Up-to-date: /home/avinaash/doozy_robotics/doozy_ws_2/install/doozy_actions/include/doozy_actions/msg/detail/navigation__struct.hpp
[1.981s] -- Up-to-date: /home/avinaash/doozy_robotics/doozy_ws_2/install/doozy_actions/include/doozy_actions/msg/detail/docking__struct.hpp
[1.981s] -- Up-to-date: /home/avinaash/doozy_robotics/doozy_ws_2/install/doozy_actions/include/doozy_actions/msg/detail/docking__traits.hpp
[1.981s] -- Up-to-date: /home/avinaash/doozy_robotics/doozy_ws_2/install/doozy_actions/include/doozy_actions/msg/detail/diagnostics__struct.hpp
[1.982s] -- Up-to-date: /home/avinaash/doozy_robotics/doozy_ws_2/install/doozy_actions/include/doozy_actions/msg/detail/navigation__builder.hpp
[1.982s] -- Up-to-date: /home/avinaash/doozy_robotics/doozy_ws_2/install/doozy_actions/include/doozy_actions/msg/detail/diagnostics__traits.hpp
[1.982s] -- Up-to-date: /home/avinaash/doozy_robotics/doozy_ws_2/install/doozy_actions/include/doozy_actions/msg/detail/docking__builder.hpp
[1.982s] -- Up-to-date: /home/avinaash/doozy_robotics/doozy_ws_2/install/doozy_actions/include/doozy_actions/msg/detail/diagnostics__builder.hpp
[1.982s] -- Up-to-date: /home/avinaash/doozy_robotics/doozy_ws_2/install/doozy_actions/include/doozy_actions/msg/detail/navigation__traits.hpp
[1.983s] -- Up-to-date: /home/avinaash/doozy_robotics/doozy_ws_2/install/doozy_actions/include/doozy_actions/msg/navigation.hpp
[1.983s] -- Up-to-date: /home/avinaash/doozy_robotics/doozy_ws_2/install/doozy_actions/include/doozy_actions
[1.983s] -- Up-to-date: /home/avinaash/doozy_robotics/doozy_ws_2/install/doozy_actions/include/doozy_actions/action
[1.983s] -- Up-to-date: /home/avinaash/doozy_robotics/doozy_ws_2/install/doozy_actions/include/doozy_actions/action/detail
[1.984s] -- Up-to-date: /home/avinaash/doozy_robotics/doozy_ws_2/install/doozy_actions/include/doozy_actions/action/detail/dolly_dock__type_support.cpp
[1.984s] -- Up-to-date: /home/avinaash/doozy_robotics/doozy_ws_2/install/doozy_actions/include/doozy_actions/action/detail/dolly_dock__rosidl_typesupport_introspection_cpp.hpp
[1.984s] -- Up-to-date: /home/avinaash/doozy_robotics/doozy_ws_2/install/doozy_actions/include/doozy_actions/msg
[1.984s] -- Up-to-date: /home/avinaash/doozy_robotics/doozy_ws_2/install/doozy_actions/include/doozy_actions/msg/detail
[1.985s] -- Up-to-date: /home/avinaash/doozy_robotics/doozy_ws_2/install/doozy_actions/include/doozy_actions/msg/detail/diagnostics__rosidl_typesupport_introspection_cpp.hpp
[1.985s] -- Up-to-date: /home/avinaash/doozy_robotics/doozy_ws_2/install/doozy_actions/include/doozy_actions/msg/detail/navigation__rosidl_typesupport_introspection_cpp.hpp
[1.985s] -- Up-to-date: /home/avinaash/doozy_robotics/doozy_ws_2/install/doozy_actions/include/doozy_actions/msg/detail/docking__type_support.cpp
[1.985s] -- Up-to-date: /home/avinaash/doozy_robotics/doozy_ws_2/install/doozy_actions/include/doozy_actions/msg/detail/diagnostics__type_support.cpp
[1.986s] -- Up-to-date: /home/avinaash/doozy_robotics/doozy_ws_2/install/doozy_actions/include/doozy_actions/msg/detail/docking__rosidl_typesupport_introspection_cpp.hpp
[1.986s] -- Up-to-date: /home/avinaash/doozy_robotics/doozy_ws_2/install/doozy_actions/include/doozy_actions/msg/detail/navigation__type_support.cpp
[1.986s] -- Up-to-date: /home/avinaash/doozy_robotics/doozy_ws_2/install/doozy_actions/lib/libdoozy_actions__rosidl_typesupport_introspection_cpp.so
[1.986s] -- Up-to-date: /home/avinaash/doozy_robotics/doozy_ws_2/install/doozy_actions/lib/libdoozy_actions__rosidl_typesupport_cpp.so
[1.987s] -- Up-to-date: /home/avinaash/doozy_robotics/doozy_ws_2/install/doozy_actions/share/doozy_actions/environment/pythonpath.sh
[1.987s] -- Up-to-date: /home/avinaash/doozy_robotics/doozy_ws_2/install/doozy_actions/share/doozy_actions/environment/pythonpath.dsv
[1.987s] -- Up-to-date: /home/avinaash/doozy_robotics/doozy_ws_2/install/doozy_actions/lib/python3.8/site-packages/doozy_actions/__init__.py
[2.034s] -- Up-to-date: /home/avinaash/doozy_robotics/doozy_ws_2/install/doozy_actions/lib/python3.8/site-packages/doozy_actions/action
[2.034s] -- Up-to-date: /home/avinaash/doozy_robotics/doozy_ws_2/install/doozy_actions/lib/python3.8/site-packages/doozy_actions/action/_dolly_dock_s.c
[2.034s] -- Up-to-date: /home/avinaash/doozy_robotics/doozy_ws_2/install/doozy_actions/lib/python3.8/site-packages/doozy_actions/action/_dolly_dock.py
[2.035s] -- Up-to-date: /home/avinaash/doozy_robotics/doozy_ws_2/install/doozy_actions/lib/python3.8/site-packages/doozy_actions/action/__init__.py
[2.035s] -- Up-to-date: /home/avinaash/doozy_robotics/doozy_ws_2/install/doozy_actions/lib/python3.8/site-packages/doozy_actions/msg
[2.035s] -- Up-to-date: /home/avinaash/doozy_robotics/doozy_ws_2/install/doozy_actions/lib/python3.8/site-packages/doozy_actions/msg/_diagnostics_s.c
[2.035s] -- Up-to-date: /home/avinaash/doozy_robotics/doozy_ws_2/install/doozy_actions/lib/python3.8/site-packages/doozy_actions/msg/_docking_s.c
[2.036s] -- Up-to-date: /home/avinaash/doozy_robotics/doozy_ws_2/install/doozy_actions/lib/python3.8/site-packages/doozy_actions/msg/_diagnostics.py
[2.036s] -- Up-to-date: /home/avinaash/doozy_robotics/doozy_ws_2/install/doozy_actions/lib/python3.8/site-packages/doozy_actions/msg/__init__.py
[2.036s] -- Up-to-date: /home/avinaash/doozy_robotics/doozy_ws_2/install/doozy_actions/lib/python3.8/site-packages/doozy_actions/msg/_docking.py
[2.036s] -- Up-to-date: /home/avinaash/doozy_robotics/doozy_ws_2/install/doozy_actions/lib/python3.8/site-packages/doozy_actions/msg/_navigation.py
[2.036s] -- Up-to-date: /home/avinaash/doozy_robotics/doozy_ws_2/install/doozy_actions/lib/python3.8/site-packages/doozy_actions/msg/_navigation_s.c
[2.036s] -- Up-to-date: /home/avinaash/doozy_robotics/doozy_ws_2/install/doozy_actions/lib/python3.8/site-packages/doozy_actions/doozy_actions_s__rosidl_typesupport_fastrtps_c.cpython-38-x86_64-linux-gnu.so
[2.037s] -- Up-to-date: /home/avinaash/doozy_robotics/doozy_ws_2/install/doozy_actions/lib/python3.8/site-packages/doozy_actions/doozy_actions_s__rosidl_typesupport_introspection_c.cpython-38-x86_64-linux-gnu.so
[2.037s] -- Up-to-date: /home/avinaash/doozy_robotics/doozy_ws_2/install/doozy_actions/lib/python3.8/site-packages/doozy_actions/doozy_actions_s__rosidl_typesupport_c.cpython-38-x86_64-linux-gnu.so
[2.037s] -- Up-to-date: /home/avinaash/doozy_robotics/doozy_ws_2/install/doozy_actions/lib/libdoozy_actions__python.so
[2.037s] -- Up-to-date: /home/avinaash/doozy_robotics/doozy_ws_2/install/doozy_actions/share/doozy_actions/action/DollyDock.idl
[2.038s] -- Up-to-date: /home/avinaash/doozy_robotics/doozy_ws_2/install/doozy_actions/share/doozy_actions/msg/Docking.idl
[2.038s] -- Up-to-date: /home/avinaash/doozy_robotics/doozy_ws_2/install/doozy_actions/share/doozy_actions/msg/Diagnostics.idl
[2.038s] -- Up-to-date: /home/avinaash/doozy_robotics/doozy_ws_2/install/doozy_actions/share/doozy_actions/msg/Navigation.idl
[2.038s] -- Up-to-date: /home/avinaash/doozy_robotics/doozy_ws_2/install/doozy_actions/share/doozy_actions/action/DollyDock.action
[2.039s] -- Up-to-date: /home/avinaash/doozy_robotics/doozy_ws_2/install/doozy_actions/share/doozy_actions/msg/Docking.msg
[2.039s] -- Up-to-date: /home/avinaash/doozy_robotics/doozy_ws_2/install/doozy_actions/share/doozy_actions/msg/Diagnostics.msg
[2.039s] -- Up-to-date: /home/avinaash/doozy_robotics/doozy_ws_2/install/doozy_actions/share/doozy_actions/msg/Navigation.msg
[2.039s] -- Up-to-date: /home/avinaash/doozy_robotics/doozy_ws_2/install/doozy_actions/share/ament_index/resource_index/package_run_dependencies/doozy_actions
[2.040s] -- Up-to-date: /home/avinaash/doozy_robotics/doozy_ws_2/install/doozy_actions/share/ament_index/resource_index/parent_prefix_path/doozy_actions
[2.040s] -- Up-to-date: /home/avinaash/doozy_robotics/doozy_ws_2/install/doozy_actions/share/doozy_actions/environment/ament_prefix_path.sh
[2.040s] -- Up-to-date: /home/avinaash/doozy_robotics/doozy_ws_2/install/doozy_actions/share/doozy_actions/environment/ament_prefix_path.dsv
[2.041s] -- Up-to-date: /home/avinaash/doozy_robotics/doozy_ws_2/install/doozy_actions/share/doozy_actions/environment/path.sh
[2.041s] -- Up-to-date: /home/avinaash/doozy_robotics/doozy_ws_2/install/doozy_actions/share/doozy_actions/environment/path.dsv
[2.041s] -- Up-to-date: /home/avinaash/doozy_robotics/doozy_ws_2/install/doozy_actions/share/doozy_actions/local_setup.bash
[2.041s] -- Up-to-date: /home/avinaash/doozy_robotics/doozy_ws_2/install/doozy_actions/share/doozy_actions/local_setup.sh
[2.041s] -- Up-to-date: /home/avinaash/doozy_robotics/doozy_ws_2/install/doozy_actions/share/doozy_actions/local_setup.zsh
[2.042s] -- Up-to-date: /home/avinaash/doozy_robotics/doozy_ws_2/install/doozy_actions/share/doozy_actions/local_setup.dsv
[2.042s] -- Installing: /home/avinaash/doozy_robotics/doozy_ws_2/install/doozy_actions/share/doozy_actions/package.dsv
[2.042s] -- Up-to-date: /home/avinaash/doozy_robotics/doozy_ws_2/install/doozy_actions/share/ament_index/resource_index/packages/doozy_actions
[2.042s] -- Up-to-date: /home/avinaash/doozy_robotics/doozy_ws_2/install/doozy_actions/share/doozy_actions/cmake/doozy_actions__rosidl_generator_cExport.cmake
[2.043s] -- Up-to-date: /home/avinaash/doozy_robotics/doozy_ws_2/install/doozy_actions/share/doozy_actions/cmake/doozy_actions__rosidl_generator_cExport-noconfig.cmake
[2.043s] -- Up-to-date: /home/avinaash/doozy_robotics/doozy_ws_2/install/doozy_actions/share/doozy_actions/cmake/doozy_actions__rosidl_typesupport_introspection_cExport.cmake
[2.043s] -- Up-to-date: /home/avinaash/doozy_robotics/doozy_ws_2/install/doozy_actions/share/doozy_actions/cmake/doozy_actions__rosidl_typesupport_introspection_cExport-noconfig.cmake
[2.044s] -- Up-to-date: /home/avinaash/doozy_robotics/doozy_ws_2/install/doozy_actions/share/doozy_actions/cmake/doozy_actions__rosidl_typesupport_cExport.cmake
[2.044s] -- Up-to-date: /home/avinaash/doozy_robotics/doozy_ws_2/install/doozy_actions/share/doozy_actions/cmake/doozy_actions__rosidl_typesupport_cExport-noconfig.cmake
[2.044s] -- Up-to-date: /home/avinaash/doozy_robotics/doozy_ws_2/install/doozy_actions/share/doozy_actions/cmake/doozy_actions__rosidl_generator_cppExport.cmake
[2.044s] -- Up-to-date: /home/avinaash/doozy_robotics/doozy_ws_2/install/doozy_actions/share/doozy_actions/cmake/doozy_actions__rosidl_typesupport_introspection_cppExport.cmake
[2.045s] -- Up-to-date: /home/avinaash/doozy_robotics/doozy_ws_2/install/doozy_actions/share/doozy_actions/cmake/doozy_actions__rosidl_typesupport_introspection_cppExport-noconfig.cmake
[2.045s] -- Up-to-date: /home/avinaash/doozy_robotics/doozy_ws_2/install/doozy_actions/share/doozy_actions/cmake/doozy_actions__rosidl_typesupport_cppExport.cmake
[2.045s] -- Up-to-date: /home/avinaash/doozy_robotics/doozy_ws_2/install/doozy_actions/share/doozy_actions/cmake/doozy_actions__rosidl_typesupport_cppExport-noconfig.cmake
[2.046s] -- Up-to-date: /home/avinaash/doozy_robotics/doozy_ws_2/install/doozy_actions/share/doozy_actions/cmake/rosidl_cmake-extras.cmake
[2.046s] -- Up-to-date: /home/avinaash/doozy_robotics/doozy_ws_2/install/doozy_actions/share/doozy_actions/cmake/ament_cmake_export_dependencies-extras.cmake
[2.047s] -- Up-to-date: /home/avinaash/doozy_robotics/doozy_ws_2/install/doozy_actions/share/doozy_actions/cmake/ament_cmake_export_libraries-extras.cmake
[2.047s] -- Up-to-date: /home/avinaash/doozy_robotics/doozy_ws_2/install/doozy_actions/share/doozy_actions/cmake/ament_cmake_export_targets-extras.cmake
[2.048s] -- Up-to-date: /home/avinaash/doozy_robotics/doozy_ws_2/install/doozy_actions/share/doozy_actions/cmake/ament_cmake_export_include_directories-extras.cmake
[2.048s] -- Up-to-date: /home/avinaash/doozy_robotics/doozy_ws_2/install/doozy_actions/share/doozy_actions/cmake/rosidl_cmake_export_typesupport_libraries-extras.cmake
[2.048s] -- Up-to-date: /home/avinaash/doozy_robotics/doozy_ws_2/install/doozy_actions/share/doozy_actions/cmake/rosidl_cmake_export_typesupport_targets-extras.cmake
[2.049s] -- Up-to-date: /home/avinaash/doozy_robotics/doozy_ws_2/install/doozy_actions/share/doozy_actions/cmake/doozy_actionsConfig.cmake
[2.049s] -- Up-to-date: /home/avinaash/doozy_robotics/doozy_ws_2/install/doozy_actions/share/doozy_actions/cmake/doozy_actionsConfig-version.cmake
[2.050s] -- Up-to-date: /home/avinaash/doozy_robotics/doozy_ws_2/install/doozy_actions/share/doozy_actions/package.xml
[2.119s] Invoked command in '/home/avinaash/doozy_robotics/doozy_ws_2/build/doozy_actions' returned '0': CMAKE_PREFIX_PATH=${CMAKE_PREFIX_PATH}:/home/avinaash/doozy_robotics/doozy_ws_2/install/turtlebot3_teleop:/home/avinaash/doozy_robotics/doozy_ws_2/install/turtlebot3_example:/home/avinaash/doozy_robotics/doozy_ws_2/install/pallet_docker_02:/home/avinaash/doozy_robotics/doozy_ws_2/install/2_t_dolly_logistics_driver:/opt/ros/galactic /usr/bin/cmake --install /home/avinaash/doozy_robotics/doozy_ws_2/build/doozy_actions
