[1.003s] Invoking command in '/home/avinaash/doozy_robotics/doozy_ws_2/build/turtlebot3_fake_node': CMAKE_PREFIX_PATH=${CMAKE_PREFIX_PATH}:/home/avinaash/doozy_robotics/doozy_ws_2/install/turtlebot3_teleop:/home/avinaash/doozy_robotics/doozy_ws_2/install/turtlebot3_example:/home/avinaash/doozy_robotics/doozy_ws_2/install/pallet_docker_02:/opt/ros/galactic /usr/bin/cmake --build /home/avinaash/doozy_robotics/doozy_ws_2/build/turtlebot3_fake_node -- -j12 -l12
[2.688s] [100%] Built target turtlebot3_fake_node
[2.726s] Invoked command in '/home/avinaash/doozy_robotics/doozy_ws_2/build/turtlebot3_fake_node' returned '0': CMAKE_PREFIX_PATH=${CMAKE_PREFIX_PATH}:/home/avinaash/doozy_robotics/doozy_ws_2/install/turtlebot3_teleop:/home/avinaash/doozy_robotics/doozy_ws_2/install/turtlebot3_example:/home/avinaash/doozy_robotics/doozy_ws_2/install/pallet_docker_02:/opt/ros/galactic /usr/bin/cmake --build /home/avinaash/doozy_robotics/doozy_ws_2/build/turtlebot3_fake_node -- -j12 -l12
[2.883s] Invoking command in '/home/avinaash/doozy_robotics/doozy_ws_2/build/turtlebot3_fake_node': CMAKE_PREFIX_PATH=${CMAKE_PREFIX_PATH}:/home/avinaash/doozy_robotics/doozy_ws_2/install/turtlebot3_teleop:/home/avinaash/doozy_robotics/doozy_ws_2/install/turtlebot3_example:/home/avinaash/doozy_robotics/doozy_ws_2/install/pallet_docker_02:/opt/ros/galactic /usr/bin/cmake --install /home/avinaash/doozy_robotics/doozy_ws_2/build/turtlebot3_fake_node
[2.970s] -- Install configuration: ""
[2.975s] -- Up-to-date: /home/avinaash/doozy_robotics/doozy_ws_2/install/turtlebot3_fake_node/lib/turtlebot3_fake_node/turtlebot3_fake_node
[2.975s] -- Up-to-date: /home/avinaash/doozy_robotics/doozy_ws_2/install/turtlebot3_fake_node/share/turtlebot3_fake_node/launch
[2.979s] -- Up-to-date: /home/avinaash/doozy_robotics/doozy_ws_2/install/turtlebot3_fake_node/share/turtlebot3_fake_node/launch/turtlebot3_fake_node.launch.py
[2.980s] -- Up-to-date: /home/avinaash/doozy_robotics/doozy_ws_2/install/turtlebot3_fake_node/share/turtlebot3_fake_node/launch/rviz2.launch.py
[2.980s] -- Up-to-date: /home/avinaash/doozy_robotics/doozy_ws_2/install/turtlebot3_fake_node/share/turtlebot3_fake_node/param
[2.980s] -- Up-to-date: /home/avinaash/doozy_robotics/doozy_ws_2/install/turtlebot3_fake_node/share/turtlebot3_fake_node/param/waffle_pi.yaml
[2.980s] -- Up-to-date: /home/avinaash/doozy_robotics/doozy_ws_2/install/turtlebot3_fake_node/share/turtlebot3_fake_node/param/waffle.yaml
[2.981s] -- Up-to-date: /home/avinaash/doozy_robotics/doozy_ws_2/install/turtlebot3_fake_node/share/turtlebot3_fake_node/param/burger.yaml
[2.981s] -- Up-to-date: /home/avinaash/doozy_robotics/doozy_ws_2/install/turtlebot3_fake_node/include/
[2.981s] -- Up-to-date: /home/avinaash/doozy_robotics/doozy_ws_2/install/turtlebot3_fake_node/include//turtlebot3_fake_node
[2.981s] -- Up-to-date: /home/avinaash/doozy_robotics/doozy_ws_2/install/turtlebot3_fake_node/include//turtlebot3_fake_node/turtlebot3_fake_node.hpp
[2.981s] -- Up-to-date: /home/avinaash/doozy_robotics/doozy_ws_2/install/turtlebot3_fake_node/share/ament_index/resource_index/package_run_dependencies/turtlebot3_fake_node
[2.981s] -- Up-to-date: /home/avinaash/doozy_robotics/doozy_ws_2/install/turtlebot3_fake_node/share/ament_index/resource_index/parent_prefix_path/turtlebot3_fake_node
[2.981s] -- Up-to-date: /home/avinaash/doozy_robotics/doozy_ws_2/install/turtlebot3_fake_node/share/turtlebot3_fake_node/environment/ament_prefix_path.sh
[2.982s] -- Up-to-date: /home/avinaash/doozy_robotics/doozy_ws_2/install/turtlebot3_fake_node/share/turtlebot3_fake_node/environment/ament_prefix_path.dsv
[2.982s] -- Up-to-date: /home/avinaash/doozy_robotics/doozy_ws_2/install/turtlebot3_fake_node/share/turtlebot3_fake_node/environment/path.sh
[2.982s] -- Up-to-date: /home/avinaash/doozy_robotics/doozy_ws_2/install/turtlebot3_fake_node/share/turtlebot3_fake_node/environment/path.dsv
[2.982s] -- Up-to-date: /home/avinaash/doozy_robotics/doozy_ws_2/install/turtlebot3_fake_node/share/turtlebot3_fake_node/local_setup.bash
[2.982s] -- Up-to-date: /home/avinaash/doozy_robotics/doozy_ws_2/install/turtlebot3_fake_node/share/turtlebot3_fake_node/local_setup.sh
[2.983s] -- Up-to-date: /home/avinaash/doozy_robotics/doozy_ws_2/install/turtlebot3_fake_node/share/turtlebot3_fake_node/local_setup.zsh
[2.983s] -- Up-to-date: /home/avinaash/doozy_robotics/doozy_ws_2/install/turtlebot3_fake_node/share/turtlebot3_fake_node/local_setup.dsv
[2.983s] -- Installing: /home/avinaash/doozy_robotics/doozy_ws_2/install/turtlebot3_fake_node/share/turtlebot3_fake_node/package.dsv
[2.983s] -- Up-to-date: /home/avinaash/doozy_robotics/doozy_ws_2/install/turtlebot3_fake_node/share/ament_index/resource_index/packages/turtlebot3_fake_node
[2.983s] -- Up-to-date: /home/avinaash/doozy_robotics/doozy_ws_2/install/turtlebot3_fake_node/share/turtlebot3_fake_node/cmake/ament_cmake_export_include_directories-extras.cmake
[2.983s] -- Up-to-date: /home/avinaash/doozy_robotics/doozy_ws_2/install/turtlebot3_fake_node/share/turtlebot3_fake_node/cmake/ament_cmake_export_dependencies-extras.cmake
[2.984s] -- Up-to-date: /home/avinaash/doozy_robotics/doozy_ws_2/install/turtlebot3_fake_node/share/turtlebot3_fake_node/cmake/turtlebot3_fake_nodeConfig.cmake
[2.984s] -- Up-to-date: /home/avinaash/doozy_robotics/doozy_ws_2/install/turtlebot3_fake_node/share/turtlebot3_fake_node/cmake/turtlebot3_fake_nodeConfig-version.cmake
[2.985s] -- Up-to-date: /home/avinaash/doozy_robotics/doozy_ws_2/install/turtlebot3_fake_node/share/turtlebot3_fake_node/package.xml
[3.072s] Invoked command in '/home/avinaash/doozy_robotics/doozy_ws_2/build/turtlebot3_fake_node' returned '0': CMAKE_PREFIX_PATH=${CMAKE_PREFIX_PATH}:/home/avinaash/doozy_robotics/doozy_ws_2/install/turtlebot3_teleop:/home/avinaash/doozy_robotics/doozy_ws_2/install/turtlebot3_example:/home/avinaash/doozy_robotics/doozy_ws_2/install/pallet_docker_02:/opt/ros/galactic /usr/bin/cmake --install /home/avinaash/doozy_robotics/doozy_ws_2/build/turtlebot3_fake_node
