[5.172s] Invoking command in '/home/avinaash/doozy_robotics/doozy_ws_2/src/pallet_docker_02': PYTHONPATH=/home/avinaash/doozy_robotics/doozy_ws_2/build/pallet_docker_02/prefix_override:/home/avinaash/doozy_robotics/doozy_ws_2/install/pallet_docker_02/lib/python3.8/site-packages:${PYTHONPATH} /usr/bin/python3 -W ignore:setup.py install is deprecated setup.py egg_info --egg-base ../../build/pallet_docker_02 build --build-base /home/avinaash/doozy_robotics/doozy_ws_2/build/pallet_docker_02/build install --record /home/avinaash/doozy_robotics/doozy_ws_2/build/pallet_docker_02/install.log --single-version-externally-managed install_data
[5.882s] running egg_info
[5.886s] writing ../../build/pallet_docker_02/pallet_docker_02.egg-info/PKG-INFO
[5.887s] writing dependency_links to ../../build/pallet_docker_02/pallet_docker_02.egg-info/dependency_links.txt
[5.887s] writing entry points to ../../build/pallet_docker_02/pallet_docker_02.egg-info/entry_points.txt
[5.887s] writing requirements to ../../build/pallet_docker_02/pallet_docker_02.egg-info/requires.txt
[5.888s] writing top-level names to ../../build/pallet_docker_02/pallet_docker_02.egg-info/top_level.txt
[6.006s] reading manifest file '../../build/pallet_docker_02/pallet_docker_02.egg-info/SOURCES.txt'
[6.016s] writing manifest file '../../build/pallet_docker_02/pallet_docker_02.egg-info/SOURCES.txt'
[6.016s] running build
[6.016s] running build_py
[6.017s] running install
[6.017s] running install_lib
[6.025s] running install_data
[6.026s] running install_egg_info
[6.040s] removing '/home/avinaash/doozy_robotics/doozy_ws_2/install/pallet_docker_02/lib/python3.8/site-packages/pallet_docker_02-0.0.0-py3.8.egg-info' (and everything under it)
[6.057s] Copying ../../build/pallet_docker_02/pallet_docker_02.egg-info to /home/avinaash/doozy_robotics/doozy_ws_2/install/pallet_docker_02/lib/python3.8/site-packages/pallet_docker_02-0.0.0-py3.8.egg-info
[6.061s] running install_scripts
[6.141s] Installing dock_to_dolly script to /home/avinaash/doozy_robotics/doozy_ws_2/install/pallet_docker_02/lib/pallet_docker_02
[6.142s] Installing dock_to_dolly2 script to /home/avinaash/doozy_robotics/doozy_ws_2/install/pallet_docker_02/lib/pallet_docker_02
[6.143s] Installing get_pallet_tf script to /home/avinaash/doozy_robotics/doozy_ws_2/install/pallet_docker_02/lib/pallet_docker_02
[6.143s] Installing pallet_navi script to /home/avinaash/doozy_robotics/doozy_ws_2/install/pallet_docker_02/lib/pallet_docker_02
[6.145s] Installing pallet_navi_01 script to /home/avinaash/doozy_robotics/doozy_ws_2/install/pallet_docker_02/lib/pallet_docker_02
[6.146s] Installing pallet_navi_02 script to /home/avinaash/doozy_robotics/doozy_ws_2/install/pallet_docker_02/lib/pallet_docker_02
[6.146s] Installing pallet_navi_03 script to /home/avinaash/doozy_robotics/doozy_ws_2/install/pallet_docker_02/lib/pallet_docker_02
[6.146s] Installing pallet_navi_04 script to /home/avinaash/doozy_robotics/doozy_ws_2/install/pallet_docker_02/lib/pallet_docker_02
[6.146s] Installing sick_visionary_t_mini script to /home/avinaash/doozy_robotics/doozy_ws_2/install/pallet_docker_02/lib/pallet_docker_02
[6.147s] Installing tb3_cam_node script to /home/avinaash/doozy_robotics/doozy_ws_2/install/pallet_docker_02/lib/pallet_docker_02
[6.147s] Installing tf_broadcaster script to /home/avinaash/doozy_robotics/doozy_ws_2/install/pallet_docker_02/lib/pallet_docker_02
[6.148s] writing list of installed files to '/home/avinaash/doozy_robotics/doozy_ws_2/build/pallet_docker_02/install.log'
[6.332s] Invoked command in '/home/avinaash/doozy_robotics/doozy_ws_2/src/pallet_docker_02' returned '0': PYTHONPATH=/home/avinaash/doozy_robotics/doozy_ws_2/build/pallet_docker_02/prefix_override:/home/avinaash/doozy_robotics/doozy_ws_2/install/pallet_docker_02/lib/python3.8/site-packages:${PYTHONPATH} /usr/bin/python3 -W ignore:setup.py install is deprecated setup.py egg_info --egg-base ../../build/pallet_docker_02 build --build-base /home/avinaash/doozy_robotics/doozy_ws_2/build/pallet_docker_02/build install --record /home/avinaash/doozy_robotics/doozy_ws_2/build/pallet_docker_02/install.log --single-version-externally-managed install_data
