[0.144s] Invoking command in '/home/avinaash/doozy_robotics/doozy_ws_2/build/turtlebot4_description': CMAKE_PREFIX_PATH=${CMAKE_PREFIX_PATH}:/home/avinaash/doozy_robotics/doozy_ws_2/src/install/turtlebot4_tests:/home/avinaash/doozy_robotics/doozy_ws_2/src/install/turtlebot4_diagnostics:/home/avinaash/doozy_robotics/doozy_ws_2/src/install/turtlebot3_teleop:/home/avinaash/doozy_robotics/doozy_ws_2/src/install/turtlebot3_example:/home/avinaash/doozy_robotics/doozy_ws_2/src/install/pallet_docker_02:/home/avinaash/doozy_robotics/doozy_ws_2/src/install/2_t_dolly_logistics_driver:/home/avinaash/doozy_robotics/doozy_ws_2/install/turtlebot3_teleop:/home/avinaash/doozy_robotics/doozy_ws_2/install/turtlebot3_example:/home/avinaash/doozy_robotics/doozy_ws_2/install/turtlebot4_tests:/home/avinaash/doozy_robotics/doozy_ws_2/install/turtlebot4_diagnostics:/home/avinaash/doozy_robotics/doozy_ws_2/install/pallet_docker_02:/home/avinaash/doozy_robotics/doozy_ws_2/install/2_t_dolly_logistics_driver:/opt/ros/galactic /usr/bin/cmake --build /home/avinaash/doozy_robotics/doozy_ws_2/build/turtlebot4_description -- -j12 -l12
[1.414s] Invoked command in '/home/avinaash/doozy_robotics/doozy_ws_2/build/turtlebot4_description' returned '0': CMAKE_PREFIX_PATH=${CMAKE_PREFIX_PATH}:/home/avinaash/doozy_robotics/doozy_ws_2/src/install/turtlebot4_tests:/home/avinaash/doozy_robotics/doozy_ws_2/src/install/turtlebot4_diagnostics:/home/avinaash/doozy_robotics/doozy_ws_2/src/install/turtlebot3_teleop:/home/avinaash/doozy_robotics/doozy_ws_2/src/install/turtlebot3_example:/home/avinaash/doozy_robotics/doozy_ws_2/src/install/pallet_docker_02:/home/avinaash/doozy_robotics/doozy_ws_2/src/install/2_t_dolly_logistics_driver:/home/avinaash/doozy_robotics/doozy_ws_2/install/turtlebot3_teleop:/home/avinaash/doozy_robotics/doozy_ws_2/install/turtlebot3_example:/home/avinaash/doozy_robotics/doozy_ws_2/install/turtlebot4_tests:/home/avinaash/doozy_robotics/doozy_ws_2/install/turtlebot4_diagnostics:/home/avinaash/doozy_robotics/doozy_ws_2/install/pallet_docker_02:/home/avinaash/doozy_robotics/doozy_ws_2/install/2_t_dolly_logistics_driver:/opt/ros/galactic /usr/bin/cmake --build /home/avinaash/doozy_robotics/doozy_ws_2/build/turtlebot4_description -- -j12 -l12
[1.495s] Invoking command in '/home/avinaash/doozy_robotics/doozy_ws_2/build/turtlebot4_description': CMAKE_PREFIX_PATH=${CMAKE_PREFIX_PATH}:/home/avinaash/doozy_robotics/doozy_ws_2/src/install/turtlebot4_tests:/home/avinaash/doozy_robotics/doozy_ws_2/src/install/turtlebot4_diagnostics:/home/avinaash/doozy_robotics/doozy_ws_2/src/install/turtlebot3_teleop:/home/avinaash/doozy_robotics/doozy_ws_2/src/install/turtlebot3_example:/home/avinaash/doozy_robotics/doozy_ws_2/src/install/pallet_docker_02:/home/avinaash/doozy_robotics/doozy_ws_2/src/install/2_t_dolly_logistics_driver:/home/avinaash/doozy_robotics/doozy_ws_2/install/turtlebot3_teleop:/home/avinaash/doozy_robotics/doozy_ws_2/install/turtlebot3_example:/home/avinaash/doozy_robotics/doozy_ws_2/install/turtlebot4_tests:/home/avinaash/doozy_robotics/doozy_ws_2/install/turtlebot4_diagnostics:/home/avinaash/doozy_robotics/doozy_ws_2/install/pallet_docker_02:/home/avinaash/doozy_robotics/doozy_ws_2/install/2_t_dolly_logistics_driver:/opt/ros/galactic /usr/bin/cmake --install /home/avinaash/doozy_robotics/doozy_ws_2/build/turtlebot4_description
[1.553s] -- Install configuration: ""
[1.555s] -- Up-to-date: /home/avinaash/doozy_robotics/doozy_ws_2/install/turtlebot4_description/share/turtlebot4_description/launch
[1.555s] -- Up-to-date: /home/avinaash/doozy_robotics/doozy_ws_2/install/turtlebot4_description/share/turtlebot4_description/launch/robot_description.launch.py
[1.555s] -- Up-to-date: /home/avinaash/doozy_robotics/doozy_ws_2/install/turtlebot4_description/share/turtlebot4_description/meshes
[1.556s] -- Up-to-date: /home/avinaash/doozy_robotics/doozy_ws_2/install/turtlebot4_description/share/turtlebot4_description/meshes/shell.dae
[1.556s] -- Up-to-date: /home/avinaash/doozy_robotics/doozy_ws_2/install/turtlebot4_description/share/turtlebot4_description/meshes/weight_block.dae
[1.556s] -- Up-to-date: /home/avinaash/doozy_robotics/doozy_ws_2/install/turtlebot4_description/share/turtlebot4_description/meshes/oakd_pro.dae
[1.556s] -- Up-to-date: /home/avinaash/doozy_robotics/doozy_ws_2/install/turtlebot4_description/share/turtlebot4_description/meshes/shell_collision.dae
[1.557s] -- Up-to-date: /home/avinaash/doozy_robotics/doozy_ws_2/install/turtlebot4_description/share/turtlebot4_description/meshes/tower_sensor_plate.dae
[1.557s] -- Up-to-date: /home/avinaash/doozy_robotics/doozy_ws_2/install/turtlebot4_description/share/turtlebot4_description/meshes/rplidar.dae
[1.557s] -- Up-to-date: /home/avinaash/doozy_robotics/doozy_ws_2/install/turtlebot4_description/share/turtlebot4_description/meshes/oakd_lite.dae
[1.559s] -- Up-to-date: /home/avinaash/doozy_robotics/doozy_ws_2/install/turtlebot4_description/share/turtlebot4_description/meshes/tower_standoff.dae
[1.559s] -- Up-to-date: /home/avinaash/doozy_robotics/doozy_ws_2/install/turtlebot4_description/share/turtlebot4_description/meshes/camera_bracket.dae
[1.559s] -- Up-to-date: /home/avinaash/doozy_robotics/doozy_ws_2/install/turtlebot4_description/share/turtlebot4_description/meshes/tower.dae
[1.561s] -- Up-to-date: /home/avinaash/doozy_robotics/doozy_ws_2/install/turtlebot4_description/share/turtlebot4_description/urdf
[1.561s] -- Up-to-date: /home/avinaash/doozy_robotics/doozy_ws_2/install/turtlebot4_description/share/turtlebot4_description/urdf/standard
[1.561s] -- Up-to-date: /home/avinaash/doozy_robotics/doozy_ws_2/install/turtlebot4_description/share/turtlebot4_description/urdf/standard/tower_sensor_plate.urdf.xacro
[1.562s] -- Up-to-date: /home/avinaash/doozy_robotics/doozy_ws_2/install/turtlebot4_description/share/turtlebot4_description/urdf/standard/turtlebot4.urdf.xacro
[1.562s] -- Up-to-date: /home/avinaash/doozy_robotics/doozy_ws_2/install/turtlebot4_description/share/turtlebot4_description/urdf/standard/weight_block.urdf.xacro
[1.562s] -- Up-to-date: /home/avinaash/doozy_robotics/doozy_ws_2/install/turtlebot4_description/share/turtlebot4_description/urdf/standard/tower_standoff.urdf.xacro
[1.563s] -- Up-to-date: /home/avinaash/doozy_robotics/doozy_ws_2/install/turtlebot4_description/share/turtlebot4_description/urdf/sensors
[1.564s] -- Up-to-date: /home/avinaash/doozy_robotics/doozy_ws_2/install/turtlebot4_description/share/turtlebot4_description/urdf/sensors/camera_bracket.urdf.xacro
[1.566s] -- Up-to-date: /home/avinaash/doozy_robotics/doozy_ws_2/install/turtlebot4_description/share/turtlebot4_description/urdf/sensors/oakd.urdf.xacro
[1.567s] -- Up-to-date: /home/avinaash/doozy_robotics/doozy_ws_2/install/turtlebot4_description/share/turtlebot4_description/urdf/sensors/rplidar.urdf.xacro
[1.568s] -- Up-to-date: /home/avinaash/doozy_robotics/doozy_ws_2/install/turtlebot4_description/share/turtlebot4_description/urdf/lite
[1.568s] -- Up-to-date: /home/avinaash/doozy_robotics/doozy_ws_2/install/turtlebot4_description/share/turtlebot4_description/urdf/lite/turtlebot4.urdf.xacro
[1.569s] -- Up-to-date: /home/avinaash/doozy_robotics/doozy_ws_2/install/turtlebot4_description/share/ament_index/resource_index/package_run_dependencies/turtlebot4_description
[1.569s] -- Up-to-date: /home/avinaash/doozy_robotics/doozy_ws_2/install/turtlebot4_description/share/ament_index/resource_index/parent_prefix_path/turtlebot4_description
[1.570s] -- Up-to-date: /home/avinaash/doozy_robotics/doozy_ws_2/install/turtlebot4_description/share/turtlebot4_description/environment/ament_prefix_path.sh
[1.571s] -- Up-to-date: /home/avinaash/doozy_robotics/doozy_ws_2/install/turtlebot4_description/share/turtlebot4_description/environment/ament_prefix_path.dsv
[1.572s] -- Up-to-date: /home/avinaash/doozy_robotics/doozy_ws_2/install/turtlebot4_description/share/turtlebot4_description/environment/path.sh
[1.572s] -- Up-to-date: /home/avinaash/doozy_robotics/doozy_ws_2/install/turtlebot4_description/share/turtlebot4_description/environment/path.dsv
[1.573s] -- Up-to-date: /home/avinaash/doozy_robotics/doozy_ws_2/install/turtlebot4_description/share/turtlebot4_description/local_setup.bash
[1.574s] -- Up-to-date: /home/avinaash/doozy_robotics/doozy_ws_2/install/turtlebot4_description/share/turtlebot4_description/local_setup.sh
[1.574s] -- Up-to-date: /home/avinaash/doozy_robotics/doozy_ws_2/install/turtlebot4_description/share/turtlebot4_description/local_setup.zsh
[1.576s] -- Up-to-date: /home/avinaash/doozy_robotics/doozy_ws_2/install/turtlebot4_description/share/turtlebot4_description/local_setup.dsv
[1.576s] -- Up-to-date: /home/avinaash/doozy_robotics/doozy_ws_2/install/turtlebot4_description/share/turtlebot4_description/package.dsv
[1.577s] -- Up-to-date: /home/avinaash/doozy_robotics/doozy_ws_2/install/turtlebot4_description/share/ament_index/resource_index/packages/turtlebot4_description
[1.577s] -- Up-to-date: /home/avinaash/doozy_robotics/doozy_ws_2/install/turtlebot4_description/share/turtlebot4_description/cmake/turtlebot4_descriptionConfig.cmake
[1.578s] -- Up-to-date: /home/avinaash/doozy_robotics/doozy_ws_2/install/turtlebot4_description/share/turtlebot4_description/cmake/turtlebot4_descriptionConfig-version.cmake
[1.581s] -- Up-to-date: /home/avinaash/doozy_robotics/doozy_ws_2/install/turtlebot4_description/share/turtlebot4_description/package.xml
[1.683s] Invoked command in '/home/avinaash/doozy_robotics/doozy_ws_2/build/turtlebot4_description' returned '0': CMAKE_PREFIX_PATH=${CMAKE_PREFIX_PATH}:/home/avinaash/doozy_robotics/doozy_ws_2/src/install/turtlebot4_tests:/home/avinaash/doozy_robotics/doozy_ws_2/src/install/turtlebot4_diagnostics:/home/avinaash/doozy_robotics/doozy_ws_2/src/install/turtlebot3_teleop:/home/avinaash/doozy_robotics/doozy_ws_2/src/install/turtlebot3_example:/home/avinaash/doozy_robotics/doozy_ws_2/src/install/pallet_docker_02:/home/avinaash/doozy_robotics/doozy_ws_2/src/install/2_t_dolly_logistics_driver:/home/avinaash/doozy_robotics/doozy_ws_2/install/turtlebot3_teleop:/home/avinaash/doozy_robotics/doozy_ws_2/install/turtlebot3_example:/home/avinaash/doozy_robotics/doozy_ws_2/install/turtlebot4_tests:/home/avinaash/doozy_robotics/doozy_ws_2/install/turtlebot4_diagnostics:/home/avinaash/doozy_robotics/doozy_ws_2/install/pallet_docker_02:/home/avinaash/doozy_robotics/doozy_ws_2/install/2_t_dolly_logistics_driver:/opt/ros/galactic /usr/bin/cmake --install /home/avinaash/doozy_robotics/doozy_ws_2/build/turtlebot4_description
