[0.241s] Invoking command in '/home/avinaash/doozy_robotics/doozy_ws_2/build/image_geometry': CMAKE_PREFIX_PATH=${CMAKE_PREFIX_PATH}:/home/avinaash/doozy_robotics/doozy_ws_2/install/turtlebot3_teleop:/home/avinaash/doozy_robotics/doozy_ws_2/install/turtlebot3_example:/home/avinaash/doozy_robotics/doozy_ws_2/install/turtlebot3_automatic_parking:/home/avinaash/doozy_robotics/doozy_ws_2/install/pallet_robot:/home/avinaash/doozy_robotics/doozy_ws_2/install/pallet_docker_02:/home/avinaash/doozy_robotics/doozy_ws_2/install/opencv_tests:/home/avinaash/doozy_robotics/doozy_ws_2/install/camera_calibration:/opt/ros/galactic /usr/bin/cmake --build /home/avinaash/doozy_robotics/doozy_ws_2/build/image_geometry -- -j12 -l12
[1.660s] [ 18%] Built target gtest_main
[1.661s] [ 36%] Built target gtest
[1.663s] [ 63%] Built target image_geometry
[1.664s] [ 63%] Built target ament_cmake_python_copy_image_geometry
[1.664s] [ 81%] Built target image_geometry-utest
[1.664s] [100%] Built target image_geometry-utest-equi
[1.665s] running egg_info
[1.666s] writing image_geometry.egg-info/PKG-INFO
[1.669s] writing dependency_links to image_geometry.egg-info/dependency_links.txt
[1.669s] writing top-level names to image_geometry.egg-info/top_level.txt
[1.670s] reading manifest file 'image_geometry.egg-info/SOURCES.txt'
[1.671s] writing manifest file 'image_geometry.egg-info/SOURCES.txt'
[1.671s] [100%] Built target ament_cmake_python_build_image_geometry_egg
[1.685s] Invoked command in '/home/avinaash/doozy_robotics/doozy_ws_2/build/image_geometry' returned '0': CMAKE_PREFIX_PATH=${CMAKE_PREFIX_PATH}:/home/avinaash/doozy_robotics/doozy_ws_2/install/turtlebot3_teleop:/home/avinaash/doozy_robotics/doozy_ws_2/install/turtlebot3_example:/home/avinaash/doozy_robotics/doozy_ws_2/install/turtlebot3_automatic_parking:/home/avinaash/doozy_robotics/doozy_ws_2/install/pallet_robot:/home/avinaash/doozy_robotics/doozy_ws_2/install/pallet_docker_02:/home/avinaash/doozy_robotics/doozy_ws_2/install/opencv_tests:/home/avinaash/doozy_robotics/doozy_ws_2/install/camera_calibration:/opt/ros/galactic /usr/bin/cmake --build /home/avinaash/doozy_robotics/doozy_ws_2/build/image_geometry -- -j12 -l12
[1.841s] Invoking command in '/home/avinaash/doozy_robotics/doozy_ws_2/build/image_geometry': CMAKE_PREFIX_PATH=${CMAKE_PREFIX_PATH}:/home/avinaash/doozy_robotics/doozy_ws_2/install/turtlebot3_teleop:/home/avinaash/doozy_robotics/doozy_ws_2/install/turtlebot3_example:/home/avinaash/doozy_robotics/doozy_ws_2/install/turtlebot3_automatic_parking:/home/avinaash/doozy_robotics/doozy_ws_2/install/pallet_robot:/home/avinaash/doozy_robotics/doozy_ws_2/install/pallet_docker_02:/home/avinaash/doozy_robotics/doozy_ws_2/install/opencv_tests:/home/avinaash/doozy_robotics/doozy_ws_2/install/camera_calibration:/opt/ros/galactic /usr/bin/cmake --install /home/avinaash/doozy_robotics/doozy_ws_2/build/image_geometry
[1.927s] -- Install configuration: ""
[1.927s] -- Up-to-date: /home/avinaash/doozy_robotics/doozy_ws_2/install/image_geometry/share/image_geometry/environment/pythonpath.sh
[1.927s] -- Up-to-date: /home/avinaash/doozy_robotics/doozy_ws_2/install/image_geometry/share/image_geometry/environment/pythonpath.dsv
[1.928s] -- Up-to-date: /home/avinaash/doozy_robotics/doozy_ws_2/install/image_geometry/lib/python3.8/site-packages//image_geometry.egg-info
[1.928s] -- Installing: /home/avinaash/doozy_robotics/doozy_ws_2/install/image_geometry/lib/python3.8/site-packages//image_geometry.egg-info/SOURCES.txt
[1.928s] -- Installing: /home/avinaash/doozy_robotics/doozy_ws_2/install/image_geometry/lib/python3.8/site-packages//image_geometry.egg-info/top_level.txt
[1.928s] -- Installing: /home/avinaash/doozy_robotics/doozy_ws_2/install/image_geometry/lib/python3.8/site-packages//image_geometry.egg-info/dependency_links.txt
[1.928s] -- Installing: /home/avinaash/doozy_robotics/doozy_ws_2/install/image_geometry/lib/python3.8/site-packages//image_geometry.egg-info/PKG-INFO
[1.928s] -- Up-to-date: /home/avinaash/doozy_robotics/doozy_ws_2/install/image_geometry/lib/python3.8/site-packages/image_geometry
[1.929s] -- Up-to-date: /home/avinaash/doozy_robotics/doozy_ws_2/install/image_geometry/lib/python3.8/site-packages/image_geometry/cameramodels.py
[1.929s] -- Up-to-date: /home/avinaash/doozy_robotics/doozy_ws_2/install/image_geometry/lib/python3.8/site-packages/image_geometry/__init__.py
[2.024s] Listing '/home/avinaash/doozy_robotics/doozy_ws_2/install/image_geometry/lib/python3.8/site-packages/image_geometry'...
[2.030s] -- Up-to-date: /home/avinaash/doozy_robotics/doozy_ws_2/install/image_geometry/include/image_geometry
[2.030s] -- Up-to-date: /home/avinaash/doozy_robotics/doozy_ws_2/install/image_geometry/include/image_geometry/pinhole_camera_model.h
[2.030s] -- Up-to-date: /home/avinaash/doozy_robotics/doozy_ws_2/install/image_geometry/include/image_geometry/visibility_control.hpp
[2.030s] -- Up-to-date: /home/avinaash/doozy_robotics/doozy_ws_2/install/image_geometry/include/image_geometry/stereo_camera_model.h
[2.030s] -- Up-to-date: /home/avinaash/doozy_robotics/doozy_ws_2/install/image_geometry/lib/libimage_geometry.so
[2.030s] -- Up-to-date: /home/avinaash/doozy_robotics/doozy_ws_2/install/image_geometry/share/image_geometry/environment/library_path.sh
[2.031s] -- Up-to-date: /home/avinaash/doozy_robotics/doozy_ws_2/install/image_geometry/share/image_geometry/environment/library_path.dsv
[2.032s] -- Up-to-date: /home/avinaash/doozy_robotics/doozy_ws_2/install/image_geometry/share/ament_index/resource_index/package_run_dependencies/image_geometry
[2.033s] -- Up-to-date: /home/avinaash/doozy_robotics/doozy_ws_2/install/image_geometry/share/ament_index/resource_index/parent_prefix_path/image_geometry
[2.033s] -- Up-to-date: /home/avinaash/doozy_robotics/doozy_ws_2/install/image_geometry/share/image_geometry/environment/ament_prefix_path.sh
[2.033s] -- Up-to-date: /home/avinaash/doozy_robotics/doozy_ws_2/install/image_geometry/share/image_geometry/environment/ament_prefix_path.dsv
[2.034s] -- Up-to-date: /home/avinaash/doozy_robotics/doozy_ws_2/install/image_geometry/share/image_geometry/environment/path.sh
[2.034s] -- Up-to-date: /home/avinaash/doozy_robotics/doozy_ws_2/install/image_geometry/share/image_geometry/environment/path.dsv
[2.034s] -- Up-to-date: /home/avinaash/doozy_robotics/doozy_ws_2/install/image_geometry/share/image_geometry/local_setup.bash
[2.034s] -- Up-to-date: /home/avinaash/doozy_robotics/doozy_ws_2/install/image_geometry/share/image_geometry/local_setup.sh
[2.035s] -- Up-to-date: /home/avinaash/doozy_robotics/doozy_ws_2/install/image_geometry/share/image_geometry/local_setup.zsh
[2.036s] -- Up-to-date: /home/avinaash/doozy_robotics/doozy_ws_2/install/image_geometry/share/image_geometry/local_setup.dsv
[2.038s] -- Installing: /home/avinaash/doozy_robotics/doozy_ws_2/install/image_geometry/share/image_geometry/package.dsv
[2.040s] -- Up-to-date: /home/avinaash/doozy_robotics/doozy_ws_2/install/image_geometry/share/ament_index/resource_index/packages/image_geometry
[2.040s] -- Up-to-date: /home/avinaash/doozy_robotics/doozy_ws_2/install/image_geometry/share/image_geometry/cmake/ament_cmake_export_libraries-extras.cmake
[2.041s] -- Up-to-date: /home/avinaash/doozy_robotics/doozy_ws_2/install/image_geometry/share/image_geometry/cmake/ament_cmake_export_dependencies-extras.cmake
[2.042s] -- Up-to-date: /home/avinaash/doozy_robotics/doozy_ws_2/install/image_geometry/share/image_geometry/cmake/ament_cmake_export_include_directories-extras.cmake
[2.044s] -- Up-to-date: /home/avinaash/doozy_robotics/doozy_ws_2/install/image_geometry/share/image_geometry/cmake/image_geometryConfig.cmake
[2.044s] -- Up-to-date: /home/avinaash/doozy_robotics/doozy_ws_2/install/image_geometry/share/image_geometry/cmake/image_geometryConfig-version.cmake
[2.045s] -- Up-to-date: /home/avinaash/doozy_robotics/doozy_ws_2/install/image_geometry/share/image_geometry/package.xml
[2.195s] Invoked command in '/home/avinaash/doozy_robotics/doozy_ws_2/build/image_geometry' returned '0': CMAKE_PREFIX_PATH=${CMAKE_PREFIX_PATH}:/home/avinaash/doozy_robotics/doozy_ws_2/install/turtlebot3_teleop:/home/avinaash/doozy_robotics/doozy_ws_2/install/turtlebot3_example:/home/avinaash/doozy_robotics/doozy_ws_2/install/turtlebot3_automatic_parking:/home/avinaash/doozy_robotics/doozy_ws_2/install/pallet_robot:/home/avinaash/doozy_robotics/doozy_ws_2/install/pallet_docker_02:/home/avinaash/doozy_robotics/doozy_ws_2/install/opencv_tests:/home/avinaash/doozy_robotics/doozy_ws_2/install/camera_calibration:/opt/ros/galactic /usr/bin/cmake --install /home/avinaash/doozy_robotics/doozy_ws_2/build/image_geometry
