[0.107s] Invoking command in '/home/avinaash/doozy_robotics/doozy_ws_2/build/cv_bridge': CMAKE_PREFIX_PATH=${CMAKE_PREFIX_PATH}:/home/avinaash/doozy_robotics/doozy_ws_2/install/turtlebot3_teleop:/home/avinaash/doozy_robotics/doozy_ws_2/install/turtlebot3_example:/home/avinaash/doozy_robotics/doozy_ws_2/install/turtlebot3_automatic_parking:/home/avinaash/doozy_robotics/doozy_ws_2/install/pallet_docker_02:/home/avinaash/doozy_robotics/doozy_ws_2/install/opencv_tests:/home/avinaash/doozy_robotics/doozy_ws_2/install/camera_calibration:/opt/ros/galactic /usr/bin/cmake --build /home/avinaash/doozy_robotics/doozy_ws_2/build/cv_bridge -- -j12 -l12
[0.749s] [ 12%] Built target gtest_main
[0.749s] [ 25%] Built target gtest
[0.750s] [ 43%] Built target cv_bridge
[0.751s] [ 43%] Built target ament_cmake_python_copy_cv_bridge
[0.752s] [ 62%] Built target cv_bridge_boost
[0.752s] [100%] Built target cv_bridge-utest
[0.752s] running egg_info
[0.753s] writing cv_bridge.egg-info/PKG-INFO
[0.754s] writing dependency_links to cv_bridge.egg-info/dependency_links.txt
[0.755s] writing top-level names to cv_bridge.egg-info/top_level.txt
[0.756s] reading manifest file 'cv_bridge.egg-info/SOURCES.txt'
[0.756s] writing manifest file 'cv_bridge.egg-info/SOURCES.txt'
[0.756s] [100%] Built target ament_cmake_python_build_cv_bridge_egg
[0.782s] Invoked command in '/home/avinaash/doozy_robotics/doozy_ws_2/build/cv_bridge' returned '0': CMAKE_PREFIX_PATH=${CMAKE_PREFIX_PATH}:/home/avinaash/doozy_robotics/doozy_ws_2/install/turtlebot3_teleop:/home/avinaash/doozy_robotics/doozy_ws_2/install/turtlebot3_example:/home/avinaash/doozy_robotics/doozy_ws_2/install/turtlebot3_automatic_parking:/home/avinaash/doozy_robotics/doozy_ws_2/install/pallet_docker_02:/home/avinaash/doozy_robotics/doozy_ws_2/install/opencv_tests:/home/avinaash/doozy_robotics/doozy_ws_2/install/camera_calibration:/opt/ros/galactic /usr/bin/cmake --build /home/avinaash/doozy_robotics/doozy_ws_2/build/cv_bridge -- -j12 -l12
[0.858s] Invoking command in '/home/avinaash/doozy_robotics/doozy_ws_2/build/cv_bridge': CMAKE_PREFIX_PATH=${CMAKE_PREFIX_PATH}:/home/avinaash/doozy_robotics/doozy_ws_2/install/turtlebot3_teleop:/home/avinaash/doozy_robotics/doozy_ws_2/install/turtlebot3_example:/home/avinaash/doozy_robotics/doozy_ws_2/install/turtlebot3_automatic_parking:/home/avinaash/doozy_robotics/doozy_ws_2/install/pallet_docker_02:/home/avinaash/doozy_robotics/doozy_ws_2/install/opencv_tests:/home/avinaash/doozy_robotics/doozy_ws_2/install/camera_calibration:/opt/ros/galactic /usr/bin/cmake --install /home/avinaash/doozy_robotics/doozy_ws_2/build/cv_bridge
[0.890s] -- Install configuration: ""
[0.890s] -- Up-to-date: /home/avinaash/doozy_robotics/doozy_ws_2/install/cv_bridge/share/cv_bridge/environment/pythonpath.sh
[0.890s] -- Up-to-date: /home/avinaash/doozy_robotics/doozy_ws_2/install/cv_bridge/share/cv_bridge/environment/pythonpath.dsv
[0.890s] -- Up-to-date: /home/avinaash/doozy_robotics/doozy_ws_2/install/cv_bridge/lib/python3.8/site-packages//cv_bridge.egg-info
[0.892s] -- Installing: /home/avinaash/doozy_robotics/doozy_ws_2/install/cv_bridge/lib/python3.8/site-packages//cv_bridge.egg-info/SOURCES.txt
[0.892s] -- Installing: /home/avinaash/doozy_robotics/doozy_ws_2/install/cv_bridge/lib/python3.8/site-packages//cv_bridge.egg-info/top_level.txt
[0.892s] -- Installing: /home/avinaash/doozy_robotics/doozy_ws_2/install/cv_bridge/lib/python3.8/site-packages//cv_bridge.egg-info/dependency_links.txt
[0.892s] -- Installing: /home/avinaash/doozy_robotics/doozy_ws_2/install/cv_bridge/lib/python3.8/site-packages//cv_bridge.egg-info/PKG-INFO
[0.892s] -- Up-to-date: /home/avinaash/doozy_robotics/doozy_ws_2/install/cv_bridge/lib/python3.8/site-packages/cv_bridge
[0.892s] -- Up-to-date: /home/avinaash/doozy_robotics/doozy_ws_2/install/cv_bridge/lib/python3.8/site-packages/cv_bridge/__init__.py
[0.892s] -- Up-to-date: /home/avinaash/doozy_robotics/doozy_ws_2/install/cv_bridge/lib/python3.8/site-packages/cv_bridge/core.py
[0.944s] Listing '/home/avinaash/doozy_robotics/doozy_ws_2/install/cv_bridge/lib/python3.8/site-packages/cv_bridge'...
[0.945s] Listing '/home/avinaash/doozy_robotics/doozy_ws_2/install/cv_bridge/lib/python3.8/site-packages/cv_bridge/boost'...
[0.946s] -- Up-to-date: /home/avinaash/doozy_robotics/doozy_ws_2/install/cv_bridge/share/cv_bridge/environment/library_path.sh
[0.947s] -- Up-to-date: /home/avinaash/doozy_robotics/doozy_ws_2/install/cv_bridge/share/cv_bridge/environment/library_path.dsv
[0.947s] -- Up-to-date: /home/avinaash/doozy_robotics/doozy_ws_2/install/cv_bridge/include/cv_bridge
[0.947s] -- Up-to-date: /home/avinaash/doozy_robotics/doozy_ws_2/install/cv_bridge/include/cv_bridge/rgb_colors.h
[0.948s] -- Up-to-date: /home/avinaash/doozy_robotics/doozy_ws_2/install/cv_bridge/include/cv_bridge/cv_bridge.h
[0.949s] -- Up-to-date: /home/avinaash/doozy_robotics/doozy_ws_2/install/cv_bridge/lib/libcv_bridge.so
[0.949s] -- Up-to-date: /home/avinaash/doozy_robotics/doozy_ws_2/install/cv_bridge/share/ament_index/resource_index/package_run_dependencies/cv_bridge
[0.950s] -- Up-to-date: /home/avinaash/doozy_robotics/doozy_ws_2/install/cv_bridge/share/ament_index/resource_index/parent_prefix_path/cv_bridge
[0.950s] -- Up-to-date: /home/avinaash/doozy_robotics/doozy_ws_2/install/cv_bridge/share/cv_bridge/environment/ament_prefix_path.sh
[0.951s] -- Up-to-date: /home/avinaash/doozy_robotics/doozy_ws_2/install/cv_bridge/share/cv_bridge/environment/ament_prefix_path.dsv
[0.952s] -- Up-to-date: /home/avinaash/doozy_robotics/doozy_ws_2/install/cv_bridge/share/cv_bridge/environment/path.sh
[0.952s] -- Up-to-date: /home/avinaash/doozy_robotics/doozy_ws_2/install/cv_bridge/share/cv_bridge/environment/path.dsv
[0.952s] -- Up-to-date: /home/avinaash/doozy_robotics/doozy_ws_2/install/cv_bridge/share/cv_bridge/local_setup.bash
[0.953s] -- Up-to-date: /home/avinaash/doozy_robotics/doozy_ws_2/install/cv_bridge/share/cv_bridge/local_setup.sh
[0.953s] -- Up-to-date: /home/avinaash/doozy_robotics/doozy_ws_2/install/cv_bridge/share/cv_bridge/local_setup.zsh
[0.953s] -- Up-to-date: /home/avinaash/doozy_robotics/doozy_ws_2/install/cv_bridge/share/cv_bridge/local_setup.dsv
[0.953s] -- Installing: /home/avinaash/doozy_robotics/doozy_ws_2/install/cv_bridge/share/cv_bridge/package.dsv
[0.953s] -- Up-to-date: /home/avinaash/doozy_robotics/doozy_ws_2/install/cv_bridge/share/ament_index/resource_index/packages/cv_bridge
[0.953s] -- Up-to-date: /home/avinaash/doozy_robotics/doozy_ws_2/install/cv_bridge/share/cv_bridge/cmake/cv_bridge-extras.cmake
[0.953s] -- Up-to-date: /home/avinaash/doozy_robotics/doozy_ws_2/install/cv_bridge/share/cv_bridge/cmake/ament_cmake_export_dependencies-extras.cmake
[0.953s] -- Up-to-date: /home/avinaash/doozy_robotics/doozy_ws_2/install/cv_bridge/share/cv_bridge/cmake/ament_cmake_export_include_directories-extras.cmake
[0.953s] -- Up-to-date: /home/avinaash/doozy_robotics/doozy_ws_2/install/cv_bridge/share/cv_bridge/cmake/ament_cmake_export_libraries-extras.cmake
[0.954s] -- Up-to-date: /home/avinaash/doozy_robotics/doozy_ws_2/install/cv_bridge/share/cv_bridge/cmake/cv_bridgeConfig.cmake
[0.954s] -- Up-to-date: /home/avinaash/doozy_robotics/doozy_ws_2/install/cv_bridge/share/cv_bridge/cmake/cv_bridgeConfig-version.cmake
[0.954s] -- Up-to-date: /home/avinaash/doozy_robotics/doozy_ws_2/install/cv_bridge/share/cv_bridge/package.xml
[0.954s] -- Up-to-date: /home/avinaash/doozy_robotics/doozy_ws_2/install/cv_bridge/lib/libcv_bridge.so
[0.954s] -- Up-to-date: /home/avinaash/doozy_robotics/doozy_ws_2/install/cv_bridge/include/cv_bridge/cv_bridge_export.h
[0.954s] -- Up-to-date: /home/avinaash/doozy_robotics/doozy_ws_2/install/cv_bridge/lib/python3.8/site-packages/cv_bridge/boost/cv_bridge_boost.so
[1.022s] Invoked command in '/home/avinaash/doozy_robotics/doozy_ws_2/build/cv_bridge' returned '0': CMAKE_PREFIX_PATH=${CMAKE_PREFIX_PATH}:/home/avinaash/doozy_robotics/doozy_ws_2/install/turtlebot3_teleop:/home/avinaash/doozy_robotics/doozy_ws_2/install/turtlebot3_example:/home/avinaash/doozy_robotics/doozy_ws_2/install/turtlebot3_automatic_parking:/home/avinaash/doozy_robotics/doozy_ws_2/install/pallet_docker_02:/home/avinaash/doozy_robotics/doozy_ws_2/install/opencv_tests:/home/avinaash/doozy_robotics/doozy_ws_2/install/camera_calibration:/opt/ros/galactic /usr/bin/cmake --install /home/avinaash/doozy_robotics/doozy_ws_2/build/cv_bridge
