[0.737s] Invoking command in '/home/avinaash/doozy_robotics/doozy_ws_2/src/pallet_robot': PYTHONPATH=/home/avinaash/doozy_robotics/doozy_ws_2/build/pallet_robot/prefix_override:/home/avinaash/doozy_robotics/doozy_ws_2/install/pallet_robot/lib/python3.8/site-packages:${PYTHONPATH} /usr/bin/python3 -W ignore:setup.py install is deprecated setup.py egg_info --egg-base ../../build/pallet_robot build --build-base /home/avinaash/doozy_robotics/doozy_ws_2/build/pallet_robot/build install --record /home/avinaash/doozy_robotics/doozy_ws_2/build/pallet_robot/install.log --single-version-externally-managed install_data
[0.887s] running egg_info
[0.887s] creating ../../build/pallet_robot/pallet_robot.egg-info
[0.888s] writing ../../build/pallet_robot/pallet_robot.egg-info/PKG-INFO
[0.888s] writing dependency_links to ../../build/pallet_robot/pallet_robot.egg-info/dependency_links.txt
[0.888s] writing entry points to ../../build/pallet_robot/pallet_robot.egg-info/entry_points.txt
[0.888s] writing requirements to ../../build/pallet_robot/pallet_robot.egg-info/requires.txt
[0.888s] writing top-level names to ../../build/pallet_robot/pallet_robot.egg-info/top_level.txt
[0.888s] writing manifest file '../../build/pallet_robot/pallet_robot.egg-info/SOURCES.txt'
[0.911s] reading manifest file '../../build/pallet_robot/pallet_robot.egg-info/SOURCES.txt'
[0.911s] writing manifest file '../../build/pallet_robot/pallet_robot.egg-info/SOURCES.txt'
[0.912s] running build
[0.912s] running build_py
[0.912s] creating /home/avinaash/doozy_robotics/doozy_ws_2/build/pallet_robot/build
[0.912s] creating /home/avinaash/doozy_robotics/doozy_ws_2/build/pallet_robot/build/lib
[0.912s] creating /home/avinaash/doozy_robotics/doozy_ws_2/build/pallet_robot/build/lib/pallet_robot
[0.912s] copying pallet_robot/__init__.py -> /home/avinaash/doozy_robotics/doozy_ws_2/build/pallet_robot/build/lib/pallet_robot
[0.912s] running install
[0.912s] running install_lib
[0.913s] creating /home/avinaash/doozy_robotics/doozy_ws_2/install/pallet_robot/lib/python3.8/site-packages/pallet_robot
[0.913s] copying /home/avinaash/doozy_robotics/doozy_ws_2/build/pallet_robot/build/lib/pallet_robot/__init__.py -> /home/avinaash/doozy_robotics/doozy_ws_2/install/pallet_robot/lib/python3.8/site-packages/pallet_robot
[0.913s] byte-compiling /home/avinaash/doozy_robotics/doozy_ws_2/install/pallet_robot/lib/python3.8/site-packages/pallet_robot/__init__.py to __init__.cpython-38.pyc
[0.914s] running install_data
[0.914s] creating /home/avinaash/doozy_robotics/doozy_ws_2/install/pallet_robot/share/ament_index
[0.914s] creating /home/avinaash/doozy_robotics/doozy_ws_2/install/pallet_robot/share/ament_index/resource_index
[0.914s] creating /home/avinaash/doozy_robotics/doozy_ws_2/install/pallet_robot/share/ament_index/resource_index/packages
[0.914s] copying resource/pallet_robot -> /home/avinaash/doozy_robotics/doozy_ws_2/install/pallet_robot/share/ament_index/resource_index/packages
[0.914s] copying package.xml -> /home/avinaash/doozy_robotics/doozy_ws_2/install/pallet_robot/share/pallet_robot
[0.914s] copying launch/pallet_bot.launch.py -> /home/avinaash/doozy_robotics/doozy_ws_2/install/pallet_robot/share/pallet_robot
[0.915s] running install_egg_info
[0.915s] Copying ../../build/pallet_robot/pallet_robot.egg-info to /home/avinaash/doozy_robotics/doozy_ws_2/install/pallet_robot/lib/python3.8/site-packages/pallet_robot-0.0.0-py3.8.egg-info
[0.916s] running install_scripts
[0.930s] writing list of installed files to '/home/avinaash/doozy_robotics/doozy_ws_2/build/pallet_robot/install.log'
[0.966s] Invoked command in '/home/avinaash/doozy_robotics/doozy_ws_2/src/pallet_robot' returned '0': PYTHONPATH=/home/avinaash/doozy_robotics/doozy_ws_2/build/pallet_robot/prefix_override:/home/avinaash/doozy_robotics/doozy_ws_2/install/pallet_robot/lib/python3.8/site-packages:${PYTHONPATH} /usr/bin/python3 -W ignore:setup.py install is deprecated setup.py egg_info --egg-base ../../build/pallet_robot build --build-base /home/avinaash/doozy_robotics/doozy_ws_2/build/pallet_robot/build install --record /home/avinaash/doozy_robotics/doozy_ws_2/build/pallet_robot/install.log --single-version-externally-managed install_data
