[0.198s] Invoking command in '/home/avinaash/doozy_robotics/doozy_ws_2/build/turtlebot3_bringup': CMAKE_PREFIX_PATH=/home/avinaash/doozy_robotics/doozy_ws_2/install/turtlebot3_node:/home/avinaash/doozy_robotics/doozy_ws_2/install/turtlebot3_description:/home/avinaash/doozy_robotics/doozy_ws_2/install/turtlebot3:/home/avinaash/doozy_robotics/doozy_ws_2/install/turtlebot3_simulations:/home/avinaash/doozy_robotics/doozy_ws_2/install/turtlebot3_bringup:/home/avinaash/doozy_robotics/doozy_ws_2/install/turtlebot3_navigation2:/home/avinaash/doozy_robotics/doozy_ws_2/install/turtlebot3_gazebo:/home/avinaash/doozy_robotics/doozy_ws_2/install/turtlebot3_fake_node:/home/avinaash/doozy_robotics/doozy_ws_2/install/turtlebot3_cartographer:/home/avinaash/doozy_robotics/doozy_ws_2/install/turtlebot3_teleop:/home/avinaash/doozy_robotics/doozy_ws_2/install/turtlebot3_example:/home/avinaash/doozy_robotics/doozy_ws_2/install/pallet_docker_02:/opt/ros/galactic /usr/bin/cmake --build /home/avinaash/doozy_robotics/doozy_ws_2/build/turtlebot3_bringup -- -j12 -l12
[0.579s] Invoked command in '/home/avinaash/doozy_robotics/doozy_ws_2/build/turtlebot3_bringup' returned '0': CMAKE_PREFIX_PATH=/home/avinaash/doozy_robotics/doozy_ws_2/install/turtlebot3_node:/home/avinaash/doozy_robotics/doozy_ws_2/install/turtlebot3_description:/home/avinaash/doozy_robotics/doozy_ws_2/install/turtlebot3:/home/avinaash/doozy_robotics/doozy_ws_2/install/turtlebot3_simulations:/home/avinaash/doozy_robotics/doozy_ws_2/install/turtlebot3_bringup:/home/avinaash/doozy_robotics/doozy_ws_2/install/turtlebot3_navigation2:/home/avinaash/doozy_robotics/doozy_ws_2/install/turtlebot3_gazebo:/home/avinaash/doozy_robotics/doozy_ws_2/install/turtlebot3_fake_node:/home/avinaash/doozy_robotics/doozy_ws_2/install/turtlebot3_cartographer:/home/avinaash/doozy_robotics/doozy_ws_2/install/turtlebot3_teleop:/home/avinaash/doozy_robotics/doozy_ws_2/install/turtlebot3_example:/home/avinaash/doozy_robotics/doozy_ws_2/install/pallet_docker_02:/opt/ros/galactic /usr/bin/cmake --build /home/avinaash/doozy_robotics/doozy_ws_2/build/turtlebot3_bringup -- -j12 -l12
[0.846s] Invoking command in '/home/avinaash/doozy_robotics/doozy_ws_2/build/turtlebot3_bringup': CMAKE_PREFIX_PATH=/home/avinaash/doozy_robotics/doozy_ws_2/install/turtlebot3_node:/home/avinaash/doozy_robotics/doozy_ws_2/install/turtlebot3_description:/home/avinaash/doozy_robotics/doozy_ws_2/install/turtlebot3:/home/avinaash/doozy_robotics/doozy_ws_2/install/turtlebot3_simulations:/home/avinaash/doozy_robotics/doozy_ws_2/install/turtlebot3_bringup:/home/avinaash/doozy_robotics/doozy_ws_2/install/turtlebot3_navigation2:/home/avinaash/doozy_robotics/doozy_ws_2/install/turtlebot3_gazebo:/home/avinaash/doozy_robotics/doozy_ws_2/install/turtlebot3_fake_node:/home/avinaash/doozy_robotics/doozy_ws_2/install/turtlebot3_cartographer:/home/avinaash/doozy_robotics/doozy_ws_2/install/turtlebot3_teleop:/home/avinaash/doozy_robotics/doozy_ws_2/install/turtlebot3_example:/home/avinaash/doozy_robotics/doozy_ws_2/install/pallet_docker_02:/opt/ros/galactic /usr/bin/cmake --install /home/avinaash/doozy_robotics/doozy_ws_2/build/turtlebot3_bringup
[0.955s] -- Install configuration: ""
[0.980s] -- Up-to-date: /home/avinaash/doozy_robotics/doozy_ws_2/install/turtlebot3_bringup/share/turtlebot3_bringup/launch
[0.981s] -- Up-to-date: /home/avinaash/doozy_robotics/doozy_ws_2/install/turtlebot3_bringup/share/turtlebot3_bringup/launch/turtlebot3_state_publisher.launch.py
[0.981s] -- Up-to-date: /home/avinaash/doozy_robotics/doozy_ws_2/install/turtlebot3_bringup/share/turtlebot3_bringup/launch/robot.launch.py
[0.981s] -- Up-to-date: /home/avinaash/doozy_robotics/doozy_ws_2/install/turtlebot3_bringup/share/turtlebot3_bringup/launch/rviz2.launch.py
[0.981s] -- Up-to-date: /home/avinaash/doozy_robotics/doozy_ws_2/install/turtlebot3_bringup/share/turtlebot3_bringup/param
[0.982s] -- Up-to-date: /home/avinaash/doozy_robotics/doozy_ws_2/install/turtlebot3_bringup/share/turtlebot3_bringup/param/waffle_pi.yaml
[0.982s] -- Up-to-date: /home/avinaash/doozy_robotics/doozy_ws_2/install/turtlebot3_bringup/share/turtlebot3_bringup/param/waffle.yaml
[0.982s] -- Up-to-date: /home/avinaash/doozy_robotics/doozy_ws_2/install/turtlebot3_bringup/share/turtlebot3_bringup/param/burger.yaml
[0.982s] -- Up-to-date: /home/avinaash/doozy_robotics/doozy_ws_2/install/turtlebot3_bringup/share/ament_index/resource_index/package_run_dependencies/turtlebot3_bringup
[0.983s] -- Up-to-date: /home/avinaash/doozy_robotics/doozy_ws_2/install/turtlebot3_bringup/share/ament_index/resource_index/parent_prefix_path/turtlebot3_bringup
[0.984s] -- Up-to-date: /home/avinaash/doozy_robotics/doozy_ws_2/install/turtlebot3_bringup/share/turtlebot3_bringup/environment/ament_prefix_path.sh
[0.986s] -- Up-to-date: /home/avinaash/doozy_robotics/doozy_ws_2/install/turtlebot3_bringup/share/turtlebot3_bringup/environment/ament_prefix_path.dsv
[0.988s] -- Up-to-date: /home/avinaash/doozy_robotics/doozy_ws_2/install/turtlebot3_bringup/share/turtlebot3_bringup/environment/path.sh
[0.989s] -- Up-to-date: /home/avinaash/doozy_robotics/doozy_ws_2/install/turtlebot3_bringup/share/turtlebot3_bringup/environment/path.dsv
[0.991s] -- Up-to-date: /home/avinaash/doozy_robotics/doozy_ws_2/install/turtlebot3_bringup/share/turtlebot3_bringup/local_setup.bash
[0.991s] -- Up-to-date: /home/avinaash/doozy_robotics/doozy_ws_2/install/turtlebot3_bringup/share/turtlebot3_bringup/local_setup.sh
[0.992s] -- Up-to-date: /home/avinaash/doozy_robotics/doozy_ws_2/install/turtlebot3_bringup/share/turtlebot3_bringup/local_setup.zsh
[0.992s] -- Up-to-date: /home/avinaash/doozy_robotics/doozy_ws_2/install/turtlebot3_bringup/share/turtlebot3_bringup/local_setup.dsv
[1.012s] -- Installing: /home/avinaash/doozy_robotics/doozy_ws_2/install/turtlebot3_bringup/share/turtlebot3_bringup/package.dsv
[1.015s] -- Up-to-date: /home/avinaash/doozy_robotics/doozy_ws_2/install/turtlebot3_bringup/share/ament_index/resource_index/packages/turtlebot3_bringup
[1.022s] -- Up-to-date: /home/avinaash/doozy_robotics/doozy_ws_2/install/turtlebot3_bringup/share/turtlebot3_bringup/cmake/turtlebot3_bringupConfig.cmake
[1.022s] -- Up-to-date: /home/avinaash/doozy_robotics/doozy_ws_2/install/turtlebot3_bringup/share/turtlebot3_bringup/cmake/turtlebot3_bringupConfig-version.cmake
[1.023s] -- Up-to-date: /home/avinaash/doozy_robotics/doozy_ws_2/install/turtlebot3_bringup/share/turtlebot3_bringup/package.xml
[1.024s] Invoked command in '/home/avinaash/doozy_robotics/doozy_ws_2/build/turtlebot3_bringup' returned '0': CMAKE_PREFIX_PATH=/home/avinaash/doozy_robotics/doozy_ws_2/install/turtlebot3_node:/home/avinaash/doozy_robotics/doozy_ws_2/install/turtlebot3_description:/home/avinaash/doozy_robotics/doozy_ws_2/install/turtlebot3:/home/avinaash/doozy_robotics/doozy_ws_2/install/turtlebot3_simulations:/home/avinaash/doozy_robotics/doozy_ws_2/install/turtlebot3_bringup:/home/avinaash/doozy_robotics/doozy_ws_2/install/turtlebot3_navigation2:/home/avinaash/doozy_robotics/doozy_ws_2/install/turtlebot3_gazebo:/home/avinaash/doozy_robotics/doozy_ws_2/install/turtlebot3_fake_node:/home/avinaash/doozy_robotics/doozy_ws_2/install/turtlebot3_cartographer:/home/avinaash/doozy_robotics/doozy_ws_2/install/turtlebot3_teleop:/home/avinaash/doozy_robotics/doozy_ws_2/install/turtlebot3_example:/home/avinaash/doozy_robotics/doozy_ws_2/install/pallet_docker_02:/opt/ros/galactic /usr/bin/cmake --install /home/avinaash/doozy_robotics/doozy_ws_2/build/turtlebot3_bringup
