Symlinking /home/avinaash/doozy_robotics/doozy_ws/devel/share/hector_gazebo_thermal_camera/cmake/hector_gazebo_thermal_cameraConfig.cmake
Symlinking /home/avinaash/doozy_robotics/doozy_ws/devel/share/hector_gazebo_thermal_camera/cmake/hector_gazebo_thermal_cameraConfig-version.cmake
Symlinking /home/avinaash/doozy_robotics/doozy_ws/devel/lib/libgazebo_ros_thermal_depth_camera.so
Symlinking /home/avinaash/doozy_robotics/doozy_ws/devel/lib/libgazebo_ros_thermal_camera.so
Symlinking /home/avinaash/doozy_robotics/doozy_ws/devel/lib/pkgconfig/hector_gazebo_thermal_camera.pc
Cleaning: (/home/avinaash/doozy_ws/devel/.private/hector_gazebo_thermal_camera/cmake.lock, /home/avinaash/doozy_ws/devel/./cmake.lock)
Cleaning: (/home/avinaash/doozy_ws/devel/.private/hector_gazebo_thermal_camera/share/hector_gazebo_thermal_camera/cmake/hector_gazebo_thermal_cameraConfig.cmake, /home/avinaash/doozy_ws/devel/share/hector_gazebo_thermal_camera/cmake/hector_gazebo_thermal_cameraConfig.cmake)
Cleaning: (/home/avinaash/doozy_ws/devel/.private/hector_gazebo_thermal_camera/share/hector_gazebo_thermal_camera/cmake/hector_gazebo_thermal_cameraConfig-version.cmake, /home/avinaash/doozy_ws/devel/share/hector_gazebo_thermal_camera/cmake/hector_gazebo_thermal_cameraConfig-version.cmake)
Cleaning: (/home/avinaash/doozy_ws/devel/.private/hector_gazebo_thermal_camera/lib/libgazebo_ros_thermal_depth_camera.so, /home/avinaash/doozy_ws/devel/lib/libgazebo_ros_thermal_depth_camera.so)
Cleaning: (/home/avinaash/doozy_ws/devel/.private/hector_gazebo_thermal_camera/lib/libgazebo_ros_thermal_camera.so, /home/avinaash/doozy_ws/devel/lib/libgazebo_ros_thermal_camera.so)
Cleaning: (/home/avinaash/doozy_ws/devel/.private/hector_gazebo_thermal_camera/lib/pkgconfig/hector_gazebo_thermal_camera.pc, /home/avinaash/doozy_ws/devel/lib/pkgconfig/hector_gazebo_thermal_camera.pc)
Unlinking: /home/avinaash/doozy_ws/devel/share/hector_gazebo_thermal_camera/cmake/hector_gazebo_thermal_cameraConfig.cmake
Already unlinked: {}
Unlinking: /home/avinaash/doozy_ws/devel/share/hector_gazebo_thermal_camera/cmake/hector_gazebo_thermal_cameraConfig-version.cmake
Already unlinked: {}
Unlinking: /home/avinaash/doozy_ws/devel/lib/libgazebo_ros_thermal_depth_camera.so
Already unlinked: {}
Unlinking: /home/avinaash/doozy_ws/devel/lib/libgazebo_ros_thermal_camera.so
Already unlinked: {}
Unlinking: /home/avinaash/doozy_ws/devel/lib/pkgconfig/hector_gazebo_thermal_camera.pc
Already unlinked: {}
