[1.067s] Invoking command in '/home/doozy/doozy_robotics/doozy_ws_2/src/pallet_docker_02': PYTHONPATH=/home/doozy/doozy_robotics/doozy_ws_2/build/pallet_docker_02/prefix_override:/home/doozy/doozy_robotics/doozy_ws_2/install/pallet_docker_02/lib/python3.10/site-packages:${PYTHONPATH} /usr/bin/python3 -W ignore:setup.py install is deprecated setup.py egg_info --egg-base ../../build/pallet_docker_02 build --build-base /home/doozy/doozy_robotics/doozy_ws_2/build/pallet_docker_02/build install --record /home/doozy/doozy_robotics/doozy_ws_2/build/pallet_docker_02/install.log --single-version-externally-managed install_data
[1.321s] running egg_info
[1.339s] writing ../../build/pallet_docker_02/pallet_docker_02.egg-info/PKG-INFO
[1.340s] writing dependency_links to ../../build/pallet_docker_02/pallet_docker_02.egg-info/dependency_links.txt
[1.340s] writing entry points to ../../build/pallet_docker_02/pallet_docker_02.egg-info/entry_points.txt
[1.340s] writing requirements to ../../build/pallet_docker_02/pallet_docker_02.egg-info/requires.txt
[1.340s] writing top-level names to ../../build/pallet_docker_02/pallet_docker_02.egg-info/top_level.txt
[1.379s] reading manifest file '../../build/pallet_docker_02/pallet_docker_02.egg-info/SOURCES.txt'
[1.380s] writing manifest file '../../build/pallet_docker_02/pallet_docker_02.egg-info/SOURCES.txt'
[1.380s] running build
[1.380s] running build_py
[1.381s] copying pallet_docker_02/pallet_navi_dock_01.py -> /home/doozy/doozy_robotics/doozy_ws_2/build/pallet_docker_02/build/lib/pallet_docker_02
[1.381s] running install
[1.386s] running install_lib
[1.407s] running install_data
[1.407s] running install_egg_info
[1.426s] removing '/home/doozy/doozy_robotics/doozy_ws_2/install/pallet_docker_02/lib/python3.10/site-packages/pallet_docker_02-0.0.0-py3.10.egg-info' (and everything under it)
[1.426s] Copying ../../build/pallet_docker_02/pallet_docker_02.egg-info to /home/doozy/doozy_robotics/doozy_ws_2/install/pallet_docker_02/lib/python3.10/site-packages/pallet_docker_02-0.0.0-py3.10.egg-info
[1.427s] running install_scripts
[1.596s] Installing CLIENT script to /home/doozy/doozy_robotics/doozy_ws_2/install/pallet_docker_02/lib/pallet_docker_02
[1.596s] Installing DOCK_to_DOLLY script to /home/doozy/doozy_robotics/doozy_ws_2/install/pallet_docker_02/lib/pallet_docker_02
[1.596s] Installing NAV_to_POSITION script to /home/doozy/doozy_robotics/doozy_ws_2/install/pallet_docker_02/lib/pallet_docker_02
[1.596s] Installing SERVER script to /home/doozy/doozy_robotics/doozy_ws_2/install/pallet_docker_02/lib/pallet_docker_02
[1.596s] Installing client_01 script to /home/doozy/doozy_robotics/doozy_ws_2/install/pallet_docker_02/lib/pallet_docker_02
[1.596s] Installing dock_to_dolly script to /home/doozy/doozy_robotics/doozy_ws_2/install/pallet_docker_02/lib/pallet_docker_02
[1.596s] Installing dock_to_dolly2 script to /home/doozy/doozy_robotics/doozy_ws_2/install/pallet_docker_02/lib/pallet_docker_02
[1.597s] Installing get_pallet_tf script to /home/doozy/doozy_robotics/doozy_ws_2/install/pallet_docker_02/lib/pallet_docker_02
[1.597s] Installing pallet_navi script to /home/doozy/doozy_robotics/doozy_ws_2/install/pallet_docker_02/lib/pallet_docker_02
[1.597s] Installing pallet_navi_01 script to /home/doozy/doozy_robotics/doozy_ws_2/install/pallet_docker_02/lib/pallet_docker_02
[1.597s] Installing pallet_navi_02 script to /home/doozy/doozy_robotics/doozy_ws_2/install/pallet_docker_02/lib/pallet_docker_02
[1.597s] Installing pallet_navi_03 script to /home/doozy/doozy_robotics/doozy_ws_2/install/pallet_docker_02/lib/pallet_docker_02
[1.597s] Installing pallet_navi_04 script to /home/doozy/doozy_robotics/doozy_ws_2/install/pallet_docker_02/lib/pallet_docker_02
[1.597s] Installing server_01 script to /home/doozy/doozy_robotics/doozy_ws_2/install/pallet_docker_02/lib/pallet_docker_02
[1.597s] Installing sick_visionary_t_mini script to /home/doozy/doozy_robotics/doozy_ws_2/install/pallet_docker_02/lib/pallet_docker_02
[1.598s] Installing tb3_cam_node script to /home/doozy/doozy_robotics/doozy_ws_2/install/pallet_docker_02/lib/pallet_docker_02
[1.598s] Installing tf_broadcaster script to /home/doozy/doozy_robotics/doozy_ws_2/install/pallet_docker_02/lib/pallet_docker_02
[1.598s] writing list of installed files to '/home/doozy/doozy_robotics/doozy_ws_2/build/pallet_docker_02/install.log'
[1.617s] Invoked command in '/home/doozy/doozy_robotics/doozy_ws_2/src/pallet_docker_02' returned '0': PYTHONPATH=/home/doozy/doozy_robotics/doozy_ws_2/build/pallet_docker_02/prefix_override:/home/doozy/doozy_robotics/doozy_ws_2/install/pallet_docker_02/lib/python3.10/site-packages:${PYTHONPATH} /usr/bin/python3 -W ignore:setup.py install is deprecated setup.py egg_info --egg-base ../../build/pallet_docker_02 build --build-base /home/doozy/doozy_robotics/doozy_ws_2/build/pallet_docker_02/build install --record /home/doozy/doozy_robotics/doozy_ws_2/build/pallet_docker_02/install.log --single-version-externally-managed install_data
