[2.264s] Invoking command in '/home/avinaash/doozy_robotics/doozy_ws_2/build/sick_visionary_t_mini': CMAKE_PREFIX_PATH=${CMAKE_PREFIX_PATH}:/home/avinaash/doozy_robotics/doozy_ws_2/install/turtlebot3_teleop:/home/avinaash/doozy_robotics/doozy_ws_2/install/turtlebot3_example:/home/avinaash/doozy_robotics/doozy_ws_2/install/pallet_docker_02:/opt/ros/galactic /usr/bin/cmake --build /home/avinaash/doozy_robotics/doozy_ws_2/build/sick_visionary_t_mini -- -j12 -l12
[2.474s] [  3%] Built target sick_visionary_t_mini__cpp
[2.492s] [ 12%] Built target sick_visionary_t_mini__rosidl_generator_c
[2.629s] [ 22%] Built target sick_visionary_t_mini__rosidl_typesupport_cpp
[2.630s] [ 32%] Built target sick_visionary_t_mini__rosidl_typesupport_c
[2.667s] [ 41%] Built target sick_visionary_t_mini__rosidl_typesupport_introspection_cpp
[2.667s] [ 51%] Built target sick_visionary_t_mini__rosidl_typesupport_fastrtps_cpp
[2.673s] [ 61%] Built target sick_visionary_t_mini__rosidl_typesupport_introspection_c
[2.753s] [ 70%] Built target sick_visionary_t_mini__rosidl_typesupport_fastrtps_c
[2.919s] [ 70%] Built target sick_visionary_t_mini
[2.960s] [ 74%] Built target sick_visionary_t_mini__py
[3.019s] [ 80%] Built target sick_visionary_t_mini__python
[3.136s] [ 87%] Built target sick_visionary_t_mini__rosidl_typesupport_introspection_c__pyext
[3.136s] [100%] Built target sick_visionary_t_mini__rosidl_typesupport_c__pyext
[3.136s] [100%] Built target sick_visionary_t_mini__rosidl_typesupport_fastrtps_c__pyext
[3.326s] Invoked command in '/home/avinaash/doozy_robotics/doozy_ws_2/build/sick_visionary_t_mini' returned '0': CMAKE_PREFIX_PATH=${CMAKE_PREFIX_PATH}:/home/avinaash/doozy_robotics/doozy_ws_2/install/turtlebot3_teleop:/home/avinaash/doozy_robotics/doozy_ws_2/install/turtlebot3_example:/home/avinaash/doozy_robotics/doozy_ws_2/install/pallet_docker_02:/opt/ros/galactic /usr/bin/cmake --build /home/avinaash/doozy_robotics/doozy_ws_2/build/sick_visionary_t_mini -- -j12 -l12
[3.567s] Invoking command in '/home/avinaash/doozy_robotics/doozy_ws_2/build/sick_visionary_t_mini': CMAKE_PREFIX_PATH=${CMAKE_PREFIX_PATH}:/home/avinaash/doozy_robotics/doozy_ws_2/install/turtlebot3_teleop:/home/avinaash/doozy_robotics/doozy_ws_2/install/turtlebot3_example:/home/avinaash/doozy_robotics/doozy_ws_2/install/pallet_docker_02:/opt/ros/galactic /usr/bin/cmake --install /home/avinaash/doozy_robotics/doozy_ws_2/build/sick_visionary_t_mini
[3.625s] -- Install configuration: ""
[3.636s] -- Up-to-date: /home/avinaash/doozy_robotics/doozy_ws_2/install/sick_visionary_t_mini/share/ament_index/resource_index/rosidl_interfaces/sick_visionary_t_mini
[3.637s] -- Up-to-date: /home/avinaash/doozy_robotics/doozy_ws_2/install/sick_visionary_t_mini/include/sick_visionary_t_mini
[3.649s] -- Up-to-date: /home/avinaash/doozy_robotics/doozy_ws_2/install/sick_visionary_t_mini/include/sick_visionary_t_mini/msg
[3.650s] -- Up-to-date: /home/avinaash/doozy_robotics/doozy_ws_2/install/sick_visionary_t_mini/include/sick_visionary_t_mini/msg/rosidl_generator_c__visibility_control.h
[3.651s] -- Up-to-date: /home/avinaash/doozy_robotics/doozy_ws_2/install/sick_visionary_t_mini/include/sick_visionary_t_mini/msg/detail
[3.654s] -- Up-to-date: /home/avinaash/doozy_robotics/doozy_ws_2/install/sick_visionary_t_mini/include/sick_visionary_t_mini/msg/detail/sick_t_mini__type_support.h
[3.659s] -- Up-to-date: /home/avinaash/doozy_robotics/doozy_ws_2/install/sick_visionary_t_mini/include/sick_visionary_t_mini/msg/detail/sick_t_mini__struct.h
[3.660s] -- Up-to-date: /home/avinaash/doozy_robotics/doozy_ws_2/install/sick_visionary_t_mini/include/sick_visionary_t_mini/msg/detail/sick_t_mini__functions.c
[3.661s] -- Up-to-date: /home/avinaash/doozy_robotics/doozy_ws_2/install/sick_visionary_t_mini/include/sick_visionary_t_mini/msg/detail/sick_t_mini__functions.h
[3.661s] -- Up-to-date: /home/avinaash/doozy_robotics/doozy_ws_2/install/sick_visionary_t_mini/include/sick_visionary_t_mini/msg/sick_t_mini.h
[3.661s] -- Up-to-date: /home/avinaash/doozy_robotics/doozy_ws_2/install/sick_visionary_t_mini/share/sick_visionary_t_mini/environment/library_path.sh
[3.661s] -- Up-to-date: /home/avinaash/doozy_robotics/doozy_ws_2/install/sick_visionary_t_mini/share/sick_visionary_t_mini/environment/library_path.dsv
[3.661s] -- Up-to-date: /home/avinaash/doozy_robotics/doozy_ws_2/install/sick_visionary_t_mini/lib/libsick_visionary_t_mini__rosidl_generator_c.so
[3.662s] -- Up-to-date: /home/avinaash/doozy_robotics/doozy_ws_2/install/sick_visionary_t_mini/include/sick_visionary_t_mini
[3.662s] -- Up-to-date: /home/avinaash/doozy_robotics/doozy_ws_2/install/sick_visionary_t_mini/include/sick_visionary_t_mini/msg
[3.662s] -- Up-to-date: /home/avinaash/doozy_robotics/doozy_ws_2/install/sick_visionary_t_mini/include/sick_visionary_t_mini/msg/detail
[3.662s] -- Up-to-date: /home/avinaash/doozy_robotics/doozy_ws_2/install/sick_visionary_t_mini/include/sick_visionary_t_mini/msg/detail/sick_t_mini__rosidl_typesupport_fastrtps_c.h
[3.663s] -- Up-to-date: /home/avinaash/doozy_robotics/doozy_ws_2/install/sick_visionary_t_mini/include/sick_visionary_t_mini/msg/rosidl_typesupport_fastrtps_c__visibility_control.h
[3.663s] -- Up-to-date: /home/avinaash/doozy_robotics/doozy_ws_2/install/sick_visionary_t_mini/lib/libsick_visionary_t_mini__rosidl_typesupport_fastrtps_c.so
[3.663s] -- Up-to-date: /home/avinaash/doozy_robotics/doozy_ws_2/install/sick_visionary_t_mini/include/sick_visionary_t_mini
[3.663s] -- Up-to-date: /home/avinaash/doozy_robotics/doozy_ws_2/install/sick_visionary_t_mini/include/sick_visionary_t_mini/msg
[3.663s] -- Up-to-date: /home/avinaash/doozy_robotics/doozy_ws_2/install/sick_visionary_t_mini/include/sick_visionary_t_mini/msg/rosidl_typesupport_fastrtps_cpp__visibility_control.h
[3.664s] -- Up-to-date: /home/avinaash/doozy_robotics/doozy_ws_2/install/sick_visionary_t_mini/include/sick_visionary_t_mini/msg/detail
[3.664s] -- Up-to-date: /home/avinaash/doozy_robotics/doozy_ws_2/install/sick_visionary_t_mini/include/sick_visionary_t_mini/msg/detail/sick_t_mini__rosidl_typesupport_fastrtps_cpp.hpp
[3.664s] -- Up-to-date: /home/avinaash/doozy_robotics/doozy_ws_2/install/sick_visionary_t_mini/include/sick_visionary_t_mini/msg/detail/dds_fastrtps
[3.664s] -- Up-to-date: /home/avinaash/doozy_robotics/doozy_ws_2/install/sick_visionary_t_mini/lib/libsick_visionary_t_mini__rosidl_typesupport_fastrtps_cpp.so
[3.664s] -- Up-to-date: /home/avinaash/doozy_robotics/doozy_ws_2/install/sick_visionary_t_mini/include/sick_visionary_t_mini
[3.665s] -- Up-to-date: /home/avinaash/doozy_robotics/doozy_ws_2/install/sick_visionary_t_mini/include/sick_visionary_t_mini/msg
[3.665s] -- Up-to-date: /home/avinaash/doozy_robotics/doozy_ws_2/install/sick_visionary_t_mini/include/sick_visionary_t_mini/msg/rosidl_typesupport_introspection_c__visibility_control.h
[3.665s] -- Up-to-date: /home/avinaash/doozy_robotics/doozy_ws_2/install/sick_visionary_t_mini/include/sick_visionary_t_mini/msg/detail
[3.665s] -- Up-to-date: /home/avinaash/doozy_robotics/doozy_ws_2/install/sick_visionary_t_mini/include/sick_visionary_t_mini/msg/detail/sick_t_mini__type_support.c
[3.665s] -- Up-to-date: /home/avinaash/doozy_robotics/doozy_ws_2/install/sick_visionary_t_mini/include/sick_visionary_t_mini/msg/detail/sick_t_mini__rosidl_typesupport_introspection_c.h
[3.666s] -- Up-to-date: /home/avinaash/doozy_robotics/doozy_ws_2/install/sick_visionary_t_mini/lib/libsick_visionary_t_mini__rosidl_typesupport_introspection_c.so
[3.667s] -- Up-to-date: /home/avinaash/doozy_robotics/doozy_ws_2/install/sick_visionary_t_mini/lib/libsick_visionary_t_mini__rosidl_typesupport_c.so
[3.667s] -- Up-to-date: /home/avinaash/doozy_robotics/doozy_ws_2/install/sick_visionary_t_mini/include/sick_visionary_t_mini
[3.667s] -- Up-to-date: /home/avinaash/doozy_robotics/doozy_ws_2/install/sick_visionary_t_mini/include/sick_visionary_t_mini/msg
[3.667s] -- Up-to-date: /home/avinaash/doozy_robotics/doozy_ws_2/install/sick_visionary_t_mini/include/sick_visionary_t_mini/msg/detail
[3.668s] -- Up-to-date: /home/avinaash/doozy_robotics/doozy_ws_2/install/sick_visionary_t_mini/include/sick_visionary_t_mini/msg/detail/sick_t_mini__builder.hpp
[3.668s] -- Up-to-date: /home/avinaash/doozy_robotics/doozy_ws_2/install/sick_visionary_t_mini/include/sick_visionary_t_mini/msg/detail/sick_t_mini__struct.hpp
[3.668s] -- Up-to-date: /home/avinaash/doozy_robotics/doozy_ws_2/install/sick_visionary_t_mini/include/sick_visionary_t_mini/msg/detail/sick_t_mini__traits.hpp
[3.668s] -- Up-to-date: /home/avinaash/doozy_robotics/doozy_ws_2/install/sick_visionary_t_mini/include/sick_visionary_t_mini/msg/sick_t_mini.hpp
[3.670s] -- Up-to-date: /home/avinaash/doozy_robotics/doozy_ws_2/install/sick_visionary_t_mini/include/sick_visionary_t_mini
[3.671s] -- Up-to-date: /home/avinaash/doozy_robotics/doozy_ws_2/install/sick_visionary_t_mini/include/sick_visionary_t_mini/msg
[3.671s] -- Up-to-date: /home/avinaash/doozy_robotics/doozy_ws_2/install/sick_visionary_t_mini/include/sick_visionary_t_mini/msg/detail
[3.672s] -- Up-to-date: /home/avinaash/doozy_robotics/doozy_ws_2/install/sick_visionary_t_mini/include/sick_visionary_t_mini/msg/detail/sick_t_mini__type_support.cpp
[3.672s] -- Up-to-date: /home/avinaash/doozy_robotics/doozy_ws_2/install/sick_visionary_t_mini/include/sick_visionary_t_mini/msg/detail/sick_t_mini__rosidl_typesupport_introspection_cpp.hpp
[3.672s] -- Up-to-date: /home/avinaash/doozy_robotics/doozy_ws_2/install/sick_visionary_t_mini/lib/libsick_visionary_t_mini__rosidl_typesupport_introspection_cpp.so
[3.675s] -- Up-to-date: /home/avinaash/doozy_robotics/doozy_ws_2/install/sick_visionary_t_mini/lib/libsick_visionary_t_mini__rosidl_typesupport_cpp.so
[3.675s] -- Up-to-date: /home/avinaash/doozy_robotics/doozy_ws_2/install/sick_visionary_t_mini/share/sick_visionary_t_mini/environment/pythonpath.sh
[3.675s] -- Up-to-date: /home/avinaash/doozy_robotics/doozy_ws_2/install/sick_visionary_t_mini/share/sick_visionary_t_mini/environment/pythonpath.dsv
[3.675s] -- Up-to-date: /home/avinaash/doozy_robotics/doozy_ws_2/install/sick_visionary_t_mini/lib/python3.8/site-packages/sick_visionary_t_mini/__init__.py
[3.758s] -- Up-to-date: /home/avinaash/doozy_robotics/doozy_ws_2/install/sick_visionary_t_mini/lib/python3.8/site-packages/sick_visionary_t_mini/msg
[3.759s] -- Up-to-date: /home/avinaash/doozy_robotics/doozy_ws_2/install/sick_visionary_t_mini/lib/python3.8/site-packages/sick_visionary_t_mini/msg/_sick_t_mini.py
[3.759s] -- Up-to-date: /home/avinaash/doozy_robotics/doozy_ws_2/install/sick_visionary_t_mini/lib/python3.8/site-packages/sick_visionary_t_mini/msg/_sick_t_mini_s.c
[3.759s] -- Up-to-date: /home/avinaash/doozy_robotics/doozy_ws_2/install/sick_visionary_t_mini/lib/python3.8/site-packages/sick_visionary_t_mini/msg/__init__.py
[3.759s] -- Up-to-date: /home/avinaash/doozy_robotics/doozy_ws_2/install/sick_visionary_t_mini/lib/python3.8/site-packages/sick_visionary_t_mini/sick_visionary_t_mini_s__rosidl_typesupport_fastrtps_c.cpython-38-x86_64-linux-gnu.so
[3.760s] -- Up-to-date: /home/avinaash/doozy_robotics/doozy_ws_2/install/sick_visionary_t_mini/lib/python3.8/site-packages/sick_visionary_t_mini/sick_visionary_t_mini_s__rosidl_typesupport_introspection_c.cpython-38-x86_64-linux-gnu.so
[3.762s] -- Up-to-date: /home/avinaash/doozy_robotics/doozy_ws_2/install/sick_visionary_t_mini/lib/python3.8/site-packages/sick_visionary_t_mini/sick_visionary_t_mini_s__rosidl_typesupport_c.cpython-38-x86_64-linux-gnu.so
[3.768s] -- Up-to-date: /home/avinaash/doozy_robotics/doozy_ws_2/install/sick_visionary_t_mini/lib/libsick_visionary_t_mini__python.so
[3.771s] -- Up-to-date: /home/avinaash/doozy_robotics/doozy_ws_2/install/sick_visionary_t_mini/share/sick_visionary_t_mini/msg/SickTMini.idl
[3.771s] -- Up-to-date: /home/avinaash/doozy_robotics/doozy_ws_2/install/sick_visionary_t_mini/share/sick_visionary_t_mini/msg/SickTMini.msg
[3.771s] -- Up-to-date: /home/avinaash/doozy_robotics/doozy_ws_2/install/sick_visionary_t_mini/share/ament_index/resource_index/package_run_dependencies/sick_visionary_t_mini
[3.772s] -- Up-to-date: /home/avinaash/doozy_robotics/doozy_ws_2/install/sick_visionary_t_mini/share/ament_index/resource_index/parent_prefix_path/sick_visionary_t_mini
[3.772s] -- Up-to-date: /home/avinaash/doozy_robotics/doozy_ws_2/install/sick_visionary_t_mini/share/sick_visionary_t_mini/environment/ament_prefix_path.sh
[3.772s] -- Up-to-date: /home/avinaash/doozy_robotics/doozy_ws_2/install/sick_visionary_t_mini/share/sick_visionary_t_mini/environment/ament_prefix_path.dsv
[3.772s] -- Up-to-date: /home/avinaash/doozy_robotics/doozy_ws_2/install/sick_visionary_t_mini/share/sick_visionary_t_mini/environment/path.sh
[3.773s] -- Up-to-date: /home/avinaash/doozy_robotics/doozy_ws_2/install/sick_visionary_t_mini/share/sick_visionary_t_mini/environment/path.dsv
[3.773s] -- Up-to-date: /home/avinaash/doozy_robotics/doozy_ws_2/install/sick_visionary_t_mini/share/sick_visionary_t_mini/local_setup.bash
[3.773s] -- Up-to-date: /home/avinaash/doozy_robotics/doozy_ws_2/install/sick_visionary_t_mini/share/sick_visionary_t_mini/local_setup.sh
[3.775s] -- Up-to-date: /home/avinaash/doozy_robotics/doozy_ws_2/install/sick_visionary_t_mini/share/sick_visionary_t_mini/local_setup.zsh
[3.775s] -- Up-to-date: /home/avinaash/doozy_robotics/doozy_ws_2/install/sick_visionary_t_mini/share/sick_visionary_t_mini/local_setup.dsv
[3.776s] -- Installing: /home/avinaash/doozy_robotics/doozy_ws_2/install/sick_visionary_t_mini/share/sick_visionary_t_mini/package.dsv
[3.776s] -- Up-to-date: /home/avinaash/doozy_robotics/doozy_ws_2/install/sick_visionary_t_mini/share/ament_index/resource_index/packages/sick_visionary_t_mini
[3.777s] -- Up-to-date: /home/avinaash/doozy_robotics/doozy_ws_2/install/sick_visionary_t_mini/share/sick_visionary_t_mini/cmake/sick_visionary_t_mini__rosidl_generator_cExport.cmake
[3.777s] -- Up-to-date: /home/avinaash/doozy_robotics/doozy_ws_2/install/sick_visionary_t_mini/share/sick_visionary_t_mini/cmake/sick_visionary_t_mini__rosidl_generator_cExport-noconfig.cmake
[3.777s] -- Up-to-date: /home/avinaash/doozy_robotics/doozy_ws_2/install/sick_visionary_t_mini/share/sick_visionary_t_mini/cmake/sick_visionary_t_mini__rosidl_typesupport_introspection_cExport.cmake
[3.778s] -- Up-to-date: /home/avinaash/doozy_robotics/doozy_ws_2/install/sick_visionary_t_mini/share/sick_visionary_t_mini/cmake/sick_visionary_t_mini__rosidl_typesupport_introspection_cExport-noconfig.cmake
[3.778s] -- Up-to-date: /home/avinaash/doozy_robotics/doozy_ws_2/install/sick_visionary_t_mini/share/sick_visionary_t_mini/cmake/sick_visionary_t_mini__rosidl_typesupport_cExport.cmake
[3.778s] -- Up-to-date: /home/avinaash/doozy_robotics/doozy_ws_2/install/sick_visionary_t_mini/share/sick_visionary_t_mini/cmake/sick_visionary_t_mini__rosidl_typesupport_cExport-noconfig.cmake
[3.778s] -- Up-to-date: /home/avinaash/doozy_robotics/doozy_ws_2/install/sick_visionary_t_mini/share/sick_visionary_t_mini/cmake/sick_visionary_t_mini__rosidl_generator_cppExport.cmake
[3.779s] -- Up-to-date: /home/avinaash/doozy_robotics/doozy_ws_2/install/sick_visionary_t_mini/share/sick_visionary_t_mini/cmake/sick_visionary_t_mini__rosidl_typesupport_introspection_cppExport.cmake
[3.779s] -- Up-to-date: /home/avinaash/doozy_robotics/doozy_ws_2/install/sick_visionary_t_mini/share/sick_visionary_t_mini/cmake/sick_visionary_t_mini__rosidl_typesupport_introspection_cppExport-noconfig.cmake
[3.779s] -- Up-to-date: /home/avinaash/doozy_robotics/doozy_ws_2/install/sick_visionary_t_mini/share/sick_visionary_t_mini/cmake/sick_visionary_t_mini__rosidl_typesupport_cppExport.cmake
[3.779s] -- Up-to-date: /home/avinaash/doozy_robotics/doozy_ws_2/install/sick_visionary_t_mini/share/sick_visionary_t_mini/cmake/sick_visionary_t_mini__rosidl_typesupport_cppExport-noconfig.cmake
[3.779s] -- Up-to-date: /home/avinaash/doozy_robotics/doozy_ws_2/install/sick_visionary_t_mini/share/sick_visionary_t_mini/cmake/rosidl_cmake-extras.cmake
[3.779s] -- Up-to-date: /home/avinaash/doozy_robotics/doozy_ws_2/install/sick_visionary_t_mini/share/sick_visionary_t_mini/cmake/ament_cmake_export_dependencies-extras.cmake
[3.783s] -- Up-to-date: /home/avinaash/doozy_robotics/doozy_ws_2/install/sick_visionary_t_mini/share/sick_visionary_t_mini/cmake/ament_cmake_export_libraries-extras.cmake
[3.785s] -- Up-to-date: /home/avinaash/doozy_robotics/doozy_ws_2/install/sick_visionary_t_mini/share/sick_visionary_t_mini/cmake/ament_cmake_export_targets-extras.cmake
[3.807s] -- Up-to-date: /home/avinaash/doozy_robotics/doozy_ws_2/install/sick_visionary_t_mini/share/sick_visionary_t_mini/cmake/ament_cmake_export_include_directories-extras.cmake
[3.808s] -- Up-to-date: /home/avinaash/doozy_robotics/doozy_ws_2/install/sick_visionary_t_mini/share/sick_visionary_t_mini/cmake/rosidl_cmake_export_typesupport_libraries-extras.cmake
[3.808s] -- Up-to-date: /home/avinaash/doozy_robotics/doozy_ws_2/install/sick_visionary_t_mini/share/sick_visionary_t_mini/cmake/rosidl_cmake_export_typesupport_targets-extras.cmake
[3.808s] -- Up-to-date: /home/avinaash/doozy_robotics/doozy_ws_2/install/sick_visionary_t_mini/share/sick_visionary_t_mini/cmake/sick_visionary_t_miniConfig.cmake
[3.809s] -- Up-to-date: /home/avinaash/doozy_robotics/doozy_ws_2/install/sick_visionary_t_mini/share/sick_visionary_t_mini/cmake/sick_visionary_t_miniConfig-version.cmake
[3.809s] -- Up-to-date: /home/avinaash/doozy_robotics/doozy_ws_2/install/sick_visionary_t_mini/share/sick_visionary_t_mini/package.xml
[3.809s] Invoked command in '/home/avinaash/doozy_robotics/doozy_ws_2/build/sick_visionary_t_mini' returned '0': CMAKE_PREFIX_PATH=${CMAKE_PREFIX_PATH}:/home/avinaash/doozy_robotics/doozy_ws_2/install/turtlebot3_teleop:/home/avinaash/doozy_robotics/doozy_ws_2/install/turtlebot3_example:/home/avinaash/doozy_robotics/doozy_ws_2/install/pallet_docker_02:/opt/ros/galactic /usr/bin/cmake --install /home/avinaash/doozy_robotics/doozy_ws_2/build/sick_visionary_t_mini
