[0.147s] DEBUG:colcon:Command line arguments: ['/home/avinaash/.local/bin/colcon', 'build']
[0.147s] DEBUG:colcon:Parsed command line arguments: Namespace(allow_overriding=[], ament_cmake_args=None, base_paths=['.'], build_base='build', catkin_cmake_args=None, catkin_skip_building_tests=False, cmake_args=None, cmake_clean_cache=False, cmake_clean_first=False, cmake_force_configure=False, cmake_target=None, cmake_target_skip_unavailable=False, continue_on_error=False, event_handlers=None, executor='parallel', ignore_user_meta=False, install_base='install', log_base=None, log_level=None, main=<bound method BuildVerb.main of <colcon_core.verb.build.BuildVerb object at 0x7f5f5a414340>>, merge_install=False, metas=['./colcon.meta'], packages_above=None, packages_above_and_dependencies=None, packages_above_depth=None, packages_end=None, packages_ignore=None, packages_ignore_regex=None, packages_select=None, packages_select_build_failed=False, packages_select_by_dep=None, packages_select_regex=None, packages_select_test_failures=False, packages_skip=None, packages_skip_build_finished=False, packages_skip_by_dep=None, packages_skip_regex=None, packages_skip_test_passed=False, packages_skip_up_to=None, packages_start=None, packages_up_to=None, packages_up_to_regex=None, parallel_workers=16, paths=None, symlink_install=False, test_result_base=None, verb_extension=<colcon_core.verb.build.BuildVerb object at 0x7f5f5a414340>, verb_name='build', verb_parser=<colcon_defaults.argument_parser.defaults.DefaultArgumentsDecorator object at 0x7f5f5a414820>)
[0.249s] Level 1:colcon.colcon_core.package_discovery:discover_packages(colcon_meta) check parameters
[0.249s] Level 1:colcon.colcon_core.package_discovery:discover_packages(recursive) check parameters
[0.249s] Level 1:colcon.colcon_core.package_discovery:discover_packages(ignore) check parameters
[0.249s] Level 1:colcon.colcon_core.package_discovery:discover_packages(path) check parameters
[0.249s] Level 1:colcon.colcon_core.package_discovery:discover_packages(colcon_meta) discover
[0.250s] Level 1:colcon.colcon_core.package_discovery:discover_packages(recursive) discover
[0.250s] INFO:colcon.colcon_core.package_discovery:Crawling recursively for packages in '/home/avinaash/doozy_robotics/doozy_ws_2'
[0.250s] Level 1:colcon.colcon_core.package_identification:_identify(.) by extensions ['ignore', 'ignore_ament_install']
[0.250s] Level 1:colcon.colcon_core.package_identification:_identify(.) by extension 'ignore'
[0.250s] Level 1:colcon.colcon_core.package_identification:_identify(.) by extension 'ignore_ament_install'
[0.250s] Level 1:colcon.colcon_core.package_identification:_identify(.) by extensions ['colcon_pkg']
[0.250s] Level 1:colcon.colcon_core.package_identification:_identify(.) by extension 'colcon_pkg'
[0.250s] Level 1:colcon.colcon_core.package_identification:_identify(.) by extensions ['colcon_meta']
[0.250s] Level 1:colcon.colcon_core.package_identification:_identify(.) by extension 'colcon_meta'
[0.250s] Level 1:colcon.colcon_core.package_identification:_identify(.) by extensions ['ros']
[0.250s] Level 1:colcon.colcon_core.package_identification:_identify(.) by extension 'ros'
[0.257s] Level 1:colcon.colcon_core.package_identification:_identify(.) by extensions ['cmake', 'python']
[0.257s] Level 1:colcon.colcon_core.package_identification:_identify(.) by extension 'cmake'
[0.257s] Level 1:colcon.colcon_core.package_identification:_identify(.) by extension 'python'
[0.257s] Level 1:colcon.colcon_core.package_identification:_identify(.) by extensions ['python_setup_py']
[0.257s] Level 1:colcon.colcon_core.package_identification:_identify(.) by extension 'python_setup_py'
[0.257s] Level 1:colcon.colcon_core.package_identification:_identify(Arduino) by extensions ['ignore', 'ignore_ament_install']
[0.258s] Level 1:colcon.colcon_core.package_identification:_identify(Arduino) by extension 'ignore'
[0.258s] Level 1:colcon.colcon_core.package_identification:_identify(Arduino) by extension 'ignore_ament_install'
[0.258s] Level 1:colcon.colcon_core.package_identification:_identify(Arduino) by extensions ['colcon_pkg']
[0.258s] Level 1:colcon.colcon_core.package_identification:_identify(Arduino) by extension 'colcon_pkg'
[0.258s] Level 1:colcon.colcon_core.package_identification:_identify(Arduino) by extensions ['colcon_meta']
[0.258s] Level 1:colcon.colcon_core.package_identification:_identify(Arduino) by extension 'colcon_meta'
[0.258s] Level 1:colcon.colcon_core.package_identification:_identify(Arduino) by extensions ['ros']
[0.258s] Level 1:colcon.colcon_core.package_identification:_identify(Arduino) by extension 'ros'
[0.258s] Level 1:colcon.colcon_core.package_identification:_identify(Arduino) by extensions ['cmake', 'python']
[0.258s] Level 1:colcon.colcon_core.package_identification:_identify(Arduino) by extension 'cmake'
[0.258s] Level 1:colcon.colcon_core.package_identification:_identify(Arduino) by extension 'python'
[0.258s] Level 1:colcon.colcon_core.package_identification:_identify(Arduino) by extensions ['python_setup_py']
[0.258s] Level 1:colcon.colcon_core.package_identification:_identify(Arduino) by extension 'python_setup_py'
[0.258s] Level 1:colcon.colcon_core.package_identification:_identify(Arduino/libraries) by extensions ['ignore', 'ignore_ament_install']
[0.258s] Level 1:colcon.colcon_core.package_identification:_identify(Arduino/libraries) by extension 'ignore'
[0.258s] Level 1:colcon.colcon_core.package_identification:_identify(Arduino/libraries) by extension 'ignore_ament_install'
[0.258s] Level 1:colcon.colcon_core.package_identification:_identify(Arduino/libraries) by extensions ['colcon_pkg']
[0.258s] Level 1:colcon.colcon_core.package_identification:_identify(Arduino/libraries) by extension 'colcon_pkg'
[0.258s] Level 1:colcon.colcon_core.package_identification:_identify(Arduino/libraries) by extensions ['colcon_meta']
[0.258s] Level 1:colcon.colcon_core.package_identification:_identify(Arduino/libraries) by extension 'colcon_meta'
[0.258s] Level 1:colcon.colcon_core.package_identification:_identify(Arduino/libraries) by extensions ['ros']
[0.258s] Level 1:colcon.colcon_core.package_identification:_identify(Arduino/libraries) by extension 'ros'
[0.258s] Level 1:colcon.colcon_core.package_identification:_identify(Arduino/libraries) by extensions ['cmake', 'python']
[0.258s] Level 1:colcon.colcon_core.package_identification:_identify(Arduino/libraries) by extension 'cmake'
[0.258s] Level 1:colcon.colcon_core.package_identification:_identify(Arduino/libraries) by extension 'python'
[0.258s] Level 1:colcon.colcon_core.package_identification:_identify(Arduino/libraries) by extensions ['python_setup_py']
[0.258s] Level 1:colcon.colcon_core.package_identification:_identify(Arduino/libraries) by extension 'python_setup_py'
[0.258s] Level 1:colcon.colcon_core.package_identification:_identify(build) by extensions ['ignore', 'ignore_ament_install']
[0.259s] Level 1:colcon.colcon_core.package_identification:_identify(build) by extension 'ignore'
[0.259s] Level 1:colcon.colcon_core.package_identification:_identify(build) ignored
[0.259s] Level 1:colcon.colcon_core.package_identification:_identify(install) by extensions ['ignore', 'ignore_ament_install']
[0.259s] Level 1:colcon.colcon_core.package_identification:_identify(install) by extension 'ignore'
[0.259s] Level 1:colcon.colcon_core.package_identification:_identify(install) ignored
[0.259s] Level 1:colcon.colcon_core.package_identification:_identify(log) by extensions ['ignore', 'ignore_ament_install']
[0.259s] Level 1:colcon.colcon_core.package_identification:_identify(log) by extension 'ignore'
[0.259s] Level 1:colcon.colcon_core.package_identification:_identify(log) ignored
[0.259s] Level 1:colcon.colcon_core.package_identification:_identify(src) by extensions ['ignore', 'ignore_ament_install']
[0.259s] Level 1:colcon.colcon_core.package_identification:_identify(src) by extension 'ignore'
[0.259s] Level 1:colcon.colcon_core.package_identification:_identify(src) by extension 'ignore_ament_install'
[0.259s] Level 1:colcon.colcon_core.package_identification:_identify(src) by extensions ['colcon_pkg']
[0.259s] Level 1:colcon.colcon_core.package_identification:_identify(src) by extension 'colcon_pkg'
[0.259s] Level 1:colcon.colcon_core.package_identification:_identify(src) by extensions ['colcon_meta']
[0.260s] Level 1:colcon.colcon_core.package_identification:_identify(src) by extension 'colcon_meta'
[0.260s] Level 1:colcon.colcon_core.package_identification:_identify(src) by extensions ['ros']
[0.260s] Level 1:colcon.colcon_core.package_identification:_identify(src) by extension 'ros'
[0.260s] Level 1:colcon.colcon_core.package_identification:_identify(src) by extensions ['cmake', 'python']
[0.260s] Level 1:colcon.colcon_core.package_identification:_identify(src) by extension 'cmake'
[0.260s] Level 1:colcon.colcon_core.package_identification:_identify(src) by extension 'python'
[0.260s] Level 1:colcon.colcon_core.package_identification:_identify(src) by extensions ['python_setup_py']
[0.260s] Level 1:colcon.colcon_core.package_identification:_identify(src) by extension 'python_setup_py'
[0.260s] Level 1:colcon.colcon_core.package_identification:_identify(src/2_t_dolly_logistics_driver) by extensions ['ignore', 'ignore_ament_install']
[0.260s] Level 1:colcon.colcon_core.package_identification:_identify(src/2_t_dolly_logistics_driver) by extension 'ignore'
[0.260s] Level 1:colcon.colcon_core.package_identification:_identify(src/2_t_dolly_logistics_driver) by extension 'ignore_ament_install'
[0.260s] Level 1:colcon.colcon_core.package_identification:_identify(src/2_t_dolly_logistics_driver) by extensions ['colcon_pkg']
[0.260s] Level 1:colcon.colcon_core.package_identification:_identify(src/2_t_dolly_logistics_driver) by extension 'colcon_pkg'
[0.260s] Level 1:colcon.colcon_core.package_identification:_identify(src/2_t_dolly_logistics_driver) by extensions ['colcon_meta']
[0.260s] Level 1:colcon.colcon_core.package_identification:_identify(src/2_t_dolly_logistics_driver) by extension 'colcon_meta'
[0.260s] Level 1:colcon.colcon_core.package_identification:_identify(src/2_t_dolly_logistics_driver) by extensions ['ros']
[0.260s] Level 1:colcon.colcon_core.package_identification:_identify(src/2_t_dolly_logistics_driver) by extension 'ros'
[0.262s] DEBUG:colcon.colcon_core.package_identification:Package 'src/2_t_dolly_logistics_driver' with type 'ros.ament_python' and name '2_t_dolly_logistics_driver'
[0.262s] Level 1:colcon.colcon_core.package_identification:_identify(src/doozy_actions) by extensions ['ignore', 'ignore_ament_install']
[0.262s] Level 1:colcon.colcon_core.package_identification:_identify(src/doozy_actions) by extension 'ignore'
[0.262s] Level 1:colcon.colcon_core.package_identification:_identify(src/doozy_actions) by extension 'ignore_ament_install'
[0.262s] Level 1:colcon.colcon_core.package_identification:_identify(src/doozy_actions) by extensions ['colcon_pkg']
[0.262s] Level 1:colcon.colcon_core.package_identification:_identify(src/doozy_actions) by extension 'colcon_pkg'
[0.262s] Level 1:colcon.colcon_core.package_identification:_identify(src/doozy_actions) by extensions ['colcon_meta']
[0.262s] Level 1:colcon.colcon_core.package_identification:_identify(src/doozy_actions) by extension 'colcon_meta'
[0.262s] Level 1:colcon.colcon_core.package_identification:_identify(src/doozy_actions) by extensions ['ros']
[0.262s] Level 1:colcon.colcon_core.package_identification:_identify(src/doozy_actions) by extension 'ros'
[0.263s] DEBUG:colcon.colcon_core.package_identification:Package 'src/doozy_actions' with type 'ros.ament_cmake' and name 'doozy_actions'
[0.263s] Level 1:colcon.colcon_core.package_identification:_identify(src/pallet_docker_02) by extensions ['ignore', 'ignore_ament_install']
[0.263s] Level 1:colcon.colcon_core.package_identification:_identify(src/pallet_docker_02) by extension 'ignore'
[0.263s] Level 1:colcon.colcon_core.package_identification:_identify(src/pallet_docker_02) by extension 'ignore_ament_install'
[0.263s] Level 1:colcon.colcon_core.package_identification:_identify(src/pallet_docker_02) by extensions ['colcon_pkg']
[0.263s] Level 1:colcon.colcon_core.package_identification:_identify(src/pallet_docker_02) by extension 'colcon_pkg'
[0.263s] Level 1:colcon.colcon_core.package_identification:_identify(src/pallet_docker_02) by extensions ['colcon_meta']
[0.263s] Level 1:colcon.colcon_core.package_identification:_identify(src/pallet_docker_02) by extension 'colcon_meta'
[0.263s] Level 1:colcon.colcon_core.package_identification:_identify(src/pallet_docker_02) by extensions ['ros']
[0.263s] Level 1:colcon.colcon_core.package_identification:_identify(src/pallet_docker_02) by extension 'ros'
[0.263s] DEBUG:colcon.colcon_core.package_identification:Package 'src/pallet_docker_02' with type 'ros.ament_python' and name 'pallet_docker_02'
[0.263s] Level 1:colcon.colcon_core.package_identification:_identify(src/sick_visionary_t_mini) by extensions ['ignore', 'ignore_ament_install']
[0.263s] Level 1:colcon.colcon_core.package_identification:_identify(src/sick_visionary_t_mini) by extension 'ignore'
[0.263s] Level 1:colcon.colcon_core.package_identification:_identify(src/sick_visionary_t_mini) by extension 'ignore_ament_install'
[0.263s] Level 1:colcon.colcon_core.package_identification:_identify(src/sick_visionary_t_mini) by extensions ['colcon_pkg']
[0.263s] Level 1:colcon.colcon_core.package_identification:_identify(src/sick_visionary_t_mini) by extension 'colcon_pkg'
[0.263s] Level 1:colcon.colcon_core.package_identification:_identify(src/sick_visionary_t_mini) by extensions ['colcon_meta']
[0.263s] Level 1:colcon.colcon_core.package_identification:_identify(src/sick_visionary_t_mini) by extension 'colcon_meta'
[0.263s] Level 1:colcon.colcon_core.package_identification:_identify(src/sick_visionary_t_mini) by extensions ['ros']
[0.263s] Level 1:colcon.colcon_core.package_identification:_identify(src/sick_visionary_t_mini) by extension 'ros'
[0.264s] DEBUG:colcon.colcon_core.package_identification:Package 'src/sick_visionary_t_mini' with type 'ros.ament_cmake' and name 'sick_visionary_t_mini'
[0.264s] Level 1:colcon.colcon_core.package_identification:_identify(src/test_scripts) by extensions ['ignore', 'ignore_ament_install']
[0.264s] Level 1:colcon.colcon_core.package_identification:_identify(src/test_scripts) by extension 'ignore'
[0.264s] Level 1:colcon.colcon_core.package_identification:_identify(src/test_scripts) by extension 'ignore_ament_install'
[0.264s] Level 1:colcon.colcon_core.package_identification:_identify(src/test_scripts) by extensions ['colcon_pkg']
[0.264s] Level 1:colcon.colcon_core.package_identification:_identify(src/test_scripts) by extension 'colcon_pkg'
[0.264s] Level 1:colcon.colcon_core.package_identification:_identify(src/test_scripts) by extensions ['colcon_meta']
[0.264s] Level 1:colcon.colcon_core.package_identification:_identify(src/test_scripts) by extension 'colcon_meta'
[0.264s] Level 1:colcon.colcon_core.package_identification:_identify(src/test_scripts) by extensions ['ros']
[0.264s] Level 1:colcon.colcon_core.package_identification:_identify(src/test_scripts) by extension 'ros'
[0.264s] Level 1:colcon.colcon_core.package_identification:_identify(src/test_scripts) by extensions ['cmake', 'python']
[0.264s] Level 1:colcon.colcon_core.package_identification:_identify(src/test_scripts) by extension 'cmake'
[0.264s] Level 1:colcon.colcon_core.package_identification:_identify(src/test_scripts) by extension 'python'
[0.264s] Level 1:colcon.colcon_core.package_identification:_identify(src/test_scripts) by extensions ['python_setup_py']
[0.264s] Level 1:colcon.colcon_core.package_identification:_identify(src/test_scripts) by extension 'python_setup_py'
[0.265s] Level 1:colcon.colcon_core.package_identification:_identify(src/turtlebot3) by extensions ['ignore', 'ignore_ament_install']
[0.265s] Level 1:colcon.colcon_core.package_identification:_identify(src/turtlebot3) by extension 'ignore'
[0.265s] Level 1:colcon.colcon_core.package_identification:_identify(src/turtlebot3) by extension 'ignore_ament_install'
[0.265s] Level 1:colcon.colcon_core.package_identification:_identify(src/turtlebot3) by extensions ['colcon_pkg']
[0.265s] Level 1:colcon.colcon_core.package_identification:_identify(src/turtlebot3) by extension 'colcon_pkg'
[0.265s] Level 1:colcon.colcon_core.package_identification:_identify(src/turtlebot3) by extensions ['colcon_meta']
[0.265s] Level 1:colcon.colcon_core.package_identification:_identify(src/turtlebot3) by extension 'colcon_meta'
[0.265s] Level 1:colcon.colcon_core.package_identification:_identify(src/turtlebot3) by extensions ['ros']
[0.265s] Level 1:colcon.colcon_core.package_identification:_identify(src/turtlebot3) by extension 'ros'
[0.265s] Level 1:colcon.colcon_core.package_identification:_identify(src/turtlebot3) by extensions ['cmake', 'python']
[0.265s] Level 1:colcon.colcon_core.package_identification:_identify(src/turtlebot3) by extension 'cmake'
[0.265s] Level 1:colcon.colcon_core.package_identification:_identify(src/turtlebot3) by extension 'python'
[0.265s] Level 1:colcon.colcon_core.package_identification:_identify(src/turtlebot3) by extensions ['python_setup_py']
[0.265s] Level 1:colcon.colcon_core.package_identification:_identify(src/turtlebot3) by extension 'python_setup_py'
[0.265s] Level 1:colcon.colcon_core.package_identification:_identify(src/turtlebot3_simulations) by extensions ['ignore', 'ignore_ament_install']
[0.265s] Level 1:colcon.colcon_core.package_identification:_identify(src/turtlebot3_simulations) by extension 'ignore'
[0.265s] Level 1:colcon.colcon_core.package_identification:_identify(src/turtlebot3_simulations) by extension 'ignore_ament_install'
[0.265s] Level 1:colcon.colcon_core.package_identification:_identify(src/turtlebot3_simulations) by extensions ['colcon_pkg']
[0.265s] Level 1:colcon.colcon_core.package_identification:_identify(src/turtlebot3_simulations) by extension 'colcon_pkg'
[0.265s] Level 1:colcon.colcon_core.package_identification:_identify(src/turtlebot3_simulations) by extensions ['colcon_meta']
[0.265s] Level 1:colcon.colcon_core.package_identification:_identify(src/turtlebot3_simulations) by extension 'colcon_meta'
[0.265s] Level 1:colcon.colcon_core.package_identification:_identify(src/turtlebot3_simulations) by extensions ['ros']
[0.265s] Level 1:colcon.colcon_core.package_identification:_identify(src/turtlebot3_simulations) by extension 'ros'
[0.265s] Level 1:colcon.colcon_core.package_identification:_identify(src/turtlebot3_simulations) by extensions ['cmake', 'python']
[0.265s] Level 1:colcon.colcon_core.package_identification:_identify(src/turtlebot3_simulations) by extension 'cmake'
[0.265s] Level 1:colcon.colcon_core.package_identification:_identify(src/turtlebot3_simulations) by extension 'python'
[0.265s] Level 1:colcon.colcon_core.package_identification:_identify(src/turtlebot3_simulations) by extensions ['python_setup_py']
[0.265s] Level 1:colcon.colcon_core.package_identification:_identify(src/turtlebot3_simulations) by extension 'python_setup_py'
[0.265s] Level 1:colcon.colcon_core.package_identification:_identify(worlds ) by extensions ['ignore', 'ignore_ament_install']
[0.265s] Level 1:colcon.colcon_core.package_identification:_identify(worlds ) by extension 'ignore'
[0.265s] Level 1:colcon.colcon_core.package_identification:_identify(worlds ) by extension 'ignore_ament_install'
[0.266s] Level 1:colcon.colcon_core.package_identification:_identify(worlds ) by extensions ['colcon_pkg']
[0.266s] Level 1:colcon.colcon_core.package_identification:_identify(worlds ) by extension 'colcon_pkg'
[0.266s] Level 1:colcon.colcon_core.package_identification:_identify(worlds ) by extensions ['colcon_meta']
[0.266s] Level 1:colcon.colcon_core.package_identification:_identify(worlds ) by extension 'colcon_meta'
[0.266s] Level 1:colcon.colcon_core.package_identification:_identify(worlds ) by extensions ['ros']
[0.266s] Level 1:colcon.colcon_core.package_identification:_identify(worlds ) by extension 'ros'
[0.266s] Level 1:colcon.colcon_core.package_identification:_identify(worlds ) by extensions ['cmake', 'python']
[0.266s] Level 1:colcon.colcon_core.package_identification:_identify(worlds ) by extension 'cmake'
[0.266s] Level 1:colcon.colcon_core.package_identification:_identify(worlds ) by extension 'python'
[0.266s] Level 1:colcon.colcon_core.package_identification:_identify(worlds ) by extensions ['python_setup_py']
[0.266s] Level 1:colcon.colcon_core.package_identification:_identify(worlds ) by extension 'python_setup_py'
[0.266s] Level 1:colcon.colcon_core.package_discovery:discover_packages(recursive) using defaults
[0.266s] Level 1:colcon.colcon_core.package_discovery:discover_packages(ignore) discover
[0.266s] Level 1:colcon.colcon_core.package_discovery:discover_packages(ignore) using defaults
[0.266s] Level 1:colcon.colcon_core.package_discovery:discover_packages(path) discover
[0.266s] Level 1:colcon.colcon_core.package_discovery:discover_packages(path) using defaults
[0.278s] Level 1:colcon.colcon_core.package_discovery:discover_packages(prefix_path) check parameters
[0.278s] Level 1:colcon.colcon_core.package_discovery:discover_packages(prefix_path) discover
[0.280s] DEBUG:colcon.colcon_installed_package_information.package_discovery:Found 17 installed packages in /home/avinaash/doozy_robotics/doozy_ws_2/install
[0.281s] DEBUG:colcon.colcon_installed_package_information.package_discovery:Found 384 installed packages in /opt/ros/galactic
[0.283s] Level 1:colcon.colcon_core.package_discovery:discover_packages(prefix_path) using defaults
[0.354s] Level 5:colcon.colcon_core.verb:set package '2_t_dolly_logistics_driver' build argument 'cmake_args' from command line to 'None'
[0.354s] Level 5:colcon.colcon_core.verb:set package '2_t_dolly_logistics_driver' build argument 'cmake_target' from command line to 'None'
[0.354s] Level 5:colcon.colcon_core.verb:set package '2_t_dolly_logistics_driver' build argument 'cmake_target_skip_unavailable' from command line to 'False'
[0.354s] Level 5:colcon.colcon_core.verb:set package '2_t_dolly_logistics_driver' build argument 'cmake_clean_cache' from command line to 'False'
[0.354s] Level 5:colcon.colcon_core.verb:set package '2_t_dolly_logistics_driver' build argument 'cmake_clean_first' from command line to 'False'
[0.354s] Level 5:colcon.colcon_core.verb:set package '2_t_dolly_logistics_driver' build argument 'cmake_force_configure' from command line to 'False'
[0.354s] Level 5:colcon.colcon_core.verb:set package '2_t_dolly_logistics_driver' build argument 'ament_cmake_args' from command line to 'None'
[0.354s] Level 5:colcon.colcon_core.verb:set package '2_t_dolly_logistics_driver' build argument 'catkin_cmake_args' from command line to 'None'
[0.354s] Level 5:colcon.colcon_core.verb:set package '2_t_dolly_logistics_driver' build argument 'catkin_skip_building_tests' from command line to 'False'
[0.354s] DEBUG:colcon.colcon_core.verb:Building package '2_t_dolly_logistics_driver' with the following arguments: {'ament_cmake_args': None, 'build_base': '/home/avinaash/doozy_robotics/doozy_ws_2/build/2_t_dolly_logistics_driver', 'catkin_cmake_args': None, 'catkin_skip_building_tests': False, 'cmake_args': None, 'cmake_clean_cache': False, 'cmake_clean_first': False, 'cmake_force_configure': False, 'cmake_target': None, 'cmake_target_skip_unavailable': False, 'install_base': '/home/avinaash/doozy_robotics/doozy_ws_2/install/2_t_dolly_logistics_driver', 'merge_install': False, 'path': '/home/avinaash/doozy_robotics/doozy_ws_2/src/2_t_dolly_logistics_driver', 'symlink_install': False, 'test_result_base': None}
[0.355s] Level 5:colcon.colcon_core.verb:set package 'doozy_actions' build argument 'cmake_args' from command line to 'None'
[0.355s] Level 5:colcon.colcon_core.verb:set package 'doozy_actions' build argument 'cmake_target' from command line to 'None'
[0.355s] Level 5:colcon.colcon_core.verb:set package 'doozy_actions' build argument 'cmake_target_skip_unavailable' from command line to 'False'
[0.355s] Level 5:colcon.colcon_core.verb:set package 'doozy_actions' build argument 'cmake_clean_cache' from command line to 'False'
[0.355s] Level 5:colcon.colcon_core.verb:set package 'doozy_actions' build argument 'cmake_clean_first' from command line to 'False'
[0.355s] Level 5:colcon.colcon_core.verb:set package 'doozy_actions' build argument 'cmake_force_configure' from command line to 'False'
[0.355s] Level 5:colcon.colcon_core.verb:set package 'doozy_actions' build argument 'ament_cmake_args' from command line to 'None'
[0.355s] Level 5:colcon.colcon_core.verb:set package 'doozy_actions' build argument 'catkin_cmake_args' from command line to 'None'
[0.355s] Level 5:colcon.colcon_core.verb:set package 'doozy_actions' build argument 'catkin_skip_building_tests' from command line to 'False'
[0.355s] DEBUG:colcon.colcon_core.verb:Building package 'doozy_actions' with the following arguments: {'ament_cmake_args': None, 'build_base': '/home/avinaash/doozy_robotics/doozy_ws_2/build/doozy_actions', 'catkin_cmake_args': None, 'catkin_skip_building_tests': False, 'cmake_args': None, 'cmake_clean_cache': False, 'cmake_clean_first': False, 'cmake_force_configure': False, 'cmake_target': None, 'cmake_target_skip_unavailable': False, 'install_base': '/home/avinaash/doozy_robotics/doozy_ws_2/install/doozy_actions', 'merge_install': False, 'path': '/home/avinaash/doozy_robotics/doozy_ws_2/src/doozy_actions', 'symlink_install': False, 'test_result_base': None}
[0.355s] Level 5:colcon.colcon_core.verb:set package 'pallet_docker_02' build argument 'cmake_args' from command line to 'None'
[0.355s] Level 5:colcon.colcon_core.verb:set package 'pallet_docker_02' build argument 'cmake_target' from command line to 'None'
[0.355s] Level 5:colcon.colcon_core.verb:set package 'pallet_docker_02' build argument 'cmake_target_skip_unavailable' from command line to 'False'
[0.355s] Level 5:colcon.colcon_core.verb:set package 'pallet_docker_02' build argument 'cmake_clean_cache' from command line to 'False'
[0.355s] Level 5:colcon.colcon_core.verb:set package 'pallet_docker_02' build argument 'cmake_clean_first' from command line to 'False'
[0.355s] Level 5:colcon.colcon_core.verb:set package 'pallet_docker_02' build argument 'cmake_force_configure' from command line to 'False'
[0.355s] Level 5:colcon.colcon_core.verb:set package 'pallet_docker_02' build argument 'ament_cmake_args' from command line to 'None'
[0.355s] Level 5:colcon.colcon_core.verb:set package 'pallet_docker_02' build argument 'catkin_cmake_args' from command line to 'None'
[0.355s] Level 5:colcon.colcon_core.verb:set package 'pallet_docker_02' build argument 'catkin_skip_building_tests' from command line to 'False'
[0.355s] DEBUG:colcon.colcon_core.verb:Building package 'pallet_docker_02' with the following arguments: {'ament_cmake_args': None, 'build_base': '/home/avinaash/doozy_robotics/doozy_ws_2/build/pallet_docker_02', 'catkin_cmake_args': None, 'catkin_skip_building_tests': False, 'cmake_args': None, 'cmake_clean_cache': False, 'cmake_clean_first': False, 'cmake_force_configure': False, 'cmake_target': None, 'cmake_target_skip_unavailable': False, 'install_base': '/home/avinaash/doozy_robotics/doozy_ws_2/install/pallet_docker_02', 'merge_install': False, 'path': '/home/avinaash/doozy_robotics/doozy_ws_2/src/pallet_docker_02', 'symlink_install': False, 'test_result_base': None}
[0.356s] Level 5:colcon.colcon_core.verb:set package 'sick_visionary_t_mini' build argument 'cmake_args' from command line to 'None'
[0.356s] Level 5:colcon.colcon_core.verb:set package 'sick_visionary_t_mini' build argument 'cmake_target' from command line to 'None'
[0.356s] Level 5:colcon.colcon_core.verb:set package 'sick_visionary_t_mini' build argument 'cmake_target_skip_unavailable' from command line to 'False'
[0.356s] Level 5:colcon.colcon_core.verb:set package 'sick_visionary_t_mini' build argument 'cmake_clean_cache' from command line to 'False'
[0.356s] Level 5:colcon.colcon_core.verb:set package 'sick_visionary_t_mini' build argument 'cmake_clean_first' from command line to 'False'
[0.356s] Level 5:colcon.colcon_core.verb:set package 'sick_visionary_t_mini' build argument 'cmake_force_configure' from command line to 'False'
[0.356s] Level 5:colcon.colcon_core.verb:set package 'sick_visionary_t_mini' build argument 'ament_cmake_args' from command line to 'None'
[0.356s] Level 5:colcon.colcon_core.verb:set package 'sick_visionary_t_mini' build argument 'catkin_cmake_args' from command line to 'None'
[0.356s] Level 5:colcon.colcon_core.verb:set package 'sick_visionary_t_mini' build argument 'catkin_skip_building_tests' from command line to 'False'
[0.356s] DEBUG:colcon.colcon_core.verb:Building package 'sick_visionary_t_mini' with the following arguments: {'ament_cmake_args': None, 'build_base': '/home/avinaash/doozy_robotics/doozy_ws_2/build/sick_visionary_t_mini', 'catkin_cmake_args': None, 'catkin_skip_building_tests': False, 'cmake_args': None, 'cmake_clean_cache': False, 'cmake_clean_first': False, 'cmake_force_configure': False, 'cmake_target': None, 'cmake_target_skip_unavailable': False, 'install_base': '/home/avinaash/doozy_robotics/doozy_ws_2/install/sick_visionary_t_mini', 'merge_install': False, 'path': '/home/avinaash/doozy_robotics/doozy_ws_2/src/sick_visionary_t_mini', 'symlink_install': False, 'test_result_base': None}
[0.356s] INFO:colcon.colcon_core.executor:Executing jobs using 'parallel' executor
[0.357s] DEBUG:colcon.colcon_parallel_executor.executor.parallel:run_until_complete
[0.357s] INFO:colcon.colcon_ros.task.ament_python.build:Building ROS package in '/home/avinaash/doozy_robotics/doozy_ws_2/src/2_t_dolly_logistics_driver' with build type 'ament_python'
[0.357s] Level 1:colcon.colcon_core.shell:create_environment_hook('2_t_dolly_logistics_driver', 'ament_prefix_path')
[0.358s] INFO:colcon.colcon_core.plugin_system:Skipping extension 'colcon_core.shell.bat': Not used on non-Windows systems
[0.359s] INFO:colcon.colcon_core.shell:Creating environment hook '/home/avinaash/doozy_robotics/doozy_ws_2/install/2_t_dolly_logistics_driver/share/2_t_dolly_logistics_driver/hook/ament_prefix_path.ps1'
[0.359s] INFO:colcon.colcon_core.shell:Creating environment descriptor '/home/avinaash/doozy_robotics/doozy_ws_2/install/2_t_dolly_logistics_driver/share/2_t_dolly_logistics_driver/hook/ament_prefix_path.dsv'
[0.359s] INFO:colcon.colcon_core.shell:Creating environment hook '/home/avinaash/doozy_robotics/doozy_ws_2/install/2_t_dolly_logistics_driver/share/2_t_dolly_logistics_driver/hook/ament_prefix_path.sh'
[0.360s] INFO:colcon.colcon_core.shell:Skip shell extension 'powershell' for command environment: Not usable outside of PowerShell
[0.360s] DEBUG:colcon.colcon_core.shell:Skip shell extension 'dsv' for command environment
[0.364s] INFO:colcon.colcon_ros.task.ament_cmake.build:Building ROS package in '/home/avinaash/doozy_robotics/doozy_ws_2/src/doozy_actions' with build type 'ament_cmake'
[0.364s] INFO:colcon.colcon_cmake.task.cmake.build:Building CMake package in '/home/avinaash/doozy_robotics/doozy_ws_2/src/doozy_actions'
[0.364s] INFO:colcon.colcon_core.shell:Skip shell extension 'powershell' for command environment: Not usable outside of PowerShell
[0.364s] DEBUG:colcon.colcon_core.shell:Skip shell extension 'dsv' for command environment
[0.373s] INFO:colcon.colcon_ros.task.ament_python.build:Building ROS package in '/home/avinaash/doozy_robotics/doozy_ws_2/src/pallet_docker_02' with build type 'ament_python'
[0.374s] Level 1:colcon.colcon_core.shell:create_environment_hook('pallet_docker_02', 'ament_prefix_path')
[0.374s] INFO:colcon.colcon_core.shell:Creating environment hook '/home/avinaash/doozy_robotics/doozy_ws_2/install/pallet_docker_02/share/pallet_docker_02/hook/ament_prefix_path.ps1'
[0.375s] INFO:colcon.colcon_core.shell:Creating environment descriptor '/home/avinaash/doozy_robotics/doozy_ws_2/install/pallet_docker_02/share/pallet_docker_02/hook/ament_prefix_path.dsv'
[0.375s] INFO:colcon.colcon_core.shell:Creating environment hook '/home/avinaash/doozy_robotics/doozy_ws_2/install/pallet_docker_02/share/pallet_docker_02/hook/ament_prefix_path.sh'
[0.375s] INFO:colcon.colcon_core.shell:Skip shell extension 'powershell' for command environment: Not usable outside of PowerShell
[0.376s] DEBUG:colcon.colcon_core.shell:Skip shell extension 'dsv' for command environment
[0.380s] INFO:colcon.colcon_ros.task.ament_cmake.build:Building ROS package in '/home/avinaash/doozy_robotics/doozy_ws_2/src/sick_visionary_t_mini' with build type 'ament_cmake'
[0.380s] INFO:colcon.colcon_cmake.task.cmake.build:Building CMake package in '/home/avinaash/doozy_robotics/doozy_ws_2/src/sick_visionary_t_mini'
[0.380s] INFO:colcon.colcon_core.shell:Skip shell extension 'powershell' for command environment: Not usable outside of PowerShell
[0.380s] DEBUG:colcon.colcon_core.shell:Skip shell extension 'dsv' for command environment
[0.548s] INFO:colcon.colcon_core.task.python.build:Building Python package in '/home/avinaash/doozy_robotics/doozy_ws_2/src/2_t_dolly_logistics_driver'
[0.548s] INFO:colcon.colcon_core.shell:Skip shell extension 'powershell' for command environment: Not usable outside of PowerShell
[0.548s] DEBUG:colcon.colcon_core.shell:Skip shell extension 'dsv' for command environment
[0.561s] DEBUG:colcon.colcon_core.event_handler.log_command:Invoking command in '/home/avinaash/doozy_robotics/doozy_ws_2/build/doozy_actions': CMAKE_PREFIX_PATH=${CMAKE_PREFIX_PATH}:/opt/ros/galactic:/home/avinaash/doozy_robotics/doozy_ws_2/install/turtlebot3_teleop:/home/avinaash/doozy_robotics/doozy_ws_2/install/turtlebot3_example:/home/avinaash/doozy_robotics/doozy_ws_2/install/pallet_docker_02:/home/avinaash/doozy_robotics/doozy_ws_2/install/2_t_dolly_logistics_driver /usr/bin/cmake --build /home/avinaash/doozy_robotics/doozy_ws_2/build/doozy_actions -- -j16 -l16
[0.733s] INFO:colcon.colcon_core.task.python.build:Building Python package in '/home/avinaash/doozy_robotics/doozy_ws_2/src/pallet_docker_02'
[0.734s] INFO:colcon.colcon_core.shell:Skip shell extension 'powershell' for command environment: Not usable outside of PowerShell
[0.734s] DEBUG:colcon.colcon_core.shell:Skip shell extension 'dsv' for command environment
[0.749s] DEBUG:colcon.colcon_core.event_handler.log_command:Invoking command in '/home/avinaash/doozy_robotics/doozy_ws_2/build/sick_visionary_t_mini': CMAKE_PREFIX_PATH=${CMAKE_PREFIX_PATH}:/opt/ros/galactic:/home/avinaash/doozy_robotics/doozy_ws_2/install/turtlebot3_teleop:/home/avinaash/doozy_robotics/doozy_ws_2/install/turtlebot3_example:/home/avinaash/doozy_robotics/doozy_ws_2/install/pallet_docker_02:/home/avinaash/doozy_robotics/doozy_ws_2/install/2_t_dolly_logistics_driver /usr/bin/cmake --build /home/avinaash/doozy_robotics/doozy_ws_2/build/sick_visionary_t_mini -- -j16 -l16
[0.774s] DEBUG:colcon.colcon_core.event_handler.log_command:Invoked command in '/home/avinaash/doozy_robotics/doozy_ws_2/build/doozy_actions' returned '0': CMAKE_PREFIX_PATH=${CMAKE_PREFIX_PATH}:/opt/ros/galactic:/home/avinaash/doozy_robotics/doozy_ws_2/install/turtlebot3_teleop:/home/avinaash/doozy_robotics/doozy_ws_2/install/turtlebot3_example:/home/avinaash/doozy_robotics/doozy_ws_2/install/pallet_docker_02:/home/avinaash/doozy_robotics/doozy_ws_2/install/2_t_dolly_logistics_driver /usr/bin/cmake --build /home/avinaash/doozy_robotics/doozy_ws_2/build/doozy_actions -- -j16 -l16
[0.840s] DEBUG:colcon.colcon_core.event_handler.log_command:Invoking command in '/home/avinaash/doozy_robotics/doozy_ws_2/build/doozy_actions': CMAKE_PREFIX_PATH=${CMAKE_PREFIX_PATH}:/opt/ros/galactic:/home/avinaash/doozy_robotics/doozy_ws_2/install/turtlebot3_teleop:/home/avinaash/doozy_robotics/doozy_ws_2/install/turtlebot3_example:/home/avinaash/doozy_robotics/doozy_ws_2/install/pallet_docker_02:/home/avinaash/doozy_robotics/doozy_ws_2/install/2_t_dolly_logistics_driver /usr/bin/cmake --install /home/avinaash/doozy_robotics/doozy_ws_2/build/doozy_actions
[0.879s] Level 1:colcon.colcon_core.environment:create_environment_scripts_only(doozy_actions)
[0.882s] DEBUG:colcon.colcon_core.event_handler.log_command:Invoked command in '/home/avinaash/doozy_robotics/doozy_ws_2/build/doozy_actions' returned '0': CMAKE_PREFIX_PATH=${CMAKE_PREFIX_PATH}:/opt/ros/galactic:/home/avinaash/doozy_robotics/doozy_ws_2/install/turtlebot3_teleop:/home/avinaash/doozy_robotics/doozy_ws_2/install/turtlebot3_example:/home/avinaash/doozy_robotics/doozy_ws_2/install/pallet_docker_02:/home/avinaash/doozy_robotics/doozy_ws_2/install/2_t_dolly_logistics_driver /usr/bin/cmake --install /home/avinaash/doozy_robotics/doozy_ws_2/build/doozy_actions
[0.883s] Level 1:colcon.colcon_core.environment:checking '/home/avinaash/doozy_robotics/doozy_ws_2/install/doozy_actions' for CMake module files
[0.883s] Level 1:colcon.colcon_core.environment:checking '/home/avinaash/doozy_robotics/doozy_ws_2/install/doozy_actions' for CMake config files
[0.883s] Level 1:colcon.colcon_core.shell:create_environment_hook('doozy_actions', 'cmake_prefix_path')
[0.884s] INFO:colcon.colcon_core.shell:Creating environment hook '/home/avinaash/doozy_robotics/doozy_ws_2/install/doozy_actions/share/doozy_actions/hook/cmake_prefix_path.ps1'
[0.884s] INFO:colcon.colcon_core.shell:Creating environment descriptor '/home/avinaash/doozy_robotics/doozy_ws_2/install/doozy_actions/share/doozy_actions/hook/cmake_prefix_path.dsv'
[0.884s] INFO:colcon.colcon_core.shell:Creating environment hook '/home/avinaash/doozy_robotics/doozy_ws_2/install/doozy_actions/share/doozy_actions/hook/cmake_prefix_path.sh'
[0.885s] Level 1:colcon.colcon_core.environment:checking '/home/avinaash/doozy_robotics/doozy_ws_2/install/doozy_actions/lib'
[0.885s] Level 1:colcon.colcon_core.shell:create_environment_hook('doozy_actions', 'ld_library_path_lib')
[0.885s] INFO:colcon.colcon_core.shell:Creating environment hook '/home/avinaash/doozy_robotics/doozy_ws_2/install/doozy_actions/share/doozy_actions/hook/ld_library_path_lib.ps1'
[0.885s] INFO:colcon.colcon_core.shell:Creating environment descriptor '/home/avinaash/doozy_robotics/doozy_ws_2/install/doozy_actions/share/doozy_actions/hook/ld_library_path_lib.dsv'
[0.886s] INFO:colcon.colcon_core.shell:Creating environment hook '/home/avinaash/doozy_robotics/doozy_ws_2/install/doozy_actions/share/doozy_actions/hook/ld_library_path_lib.sh'
[0.886s] Level 1:colcon.colcon_core.environment:checking '/home/avinaash/doozy_robotics/doozy_ws_2/install/doozy_actions/bin'
[0.886s] Level 1:colcon.colcon_core.environment:checking '/home/avinaash/doozy_robotics/doozy_ws_2/install/doozy_actions/lib/pkgconfig/doozy_actions.pc'
[0.886s] Level 1:colcon.colcon_core.environment:checking '/home/avinaash/doozy_robotics/doozy_ws_2/install/doozy_actions/lib/python3.8/site-packages'
[0.886s] Level 1:colcon.colcon_core.shell:create_environment_hook('doozy_actions', 'pythonpath')
[0.886s] INFO:colcon.colcon_core.shell:Creating environment hook '/home/avinaash/doozy_robotics/doozy_ws_2/install/doozy_actions/share/doozy_actions/hook/pythonpath.ps1'
[0.886s] INFO:colcon.colcon_core.shell:Creating environment descriptor '/home/avinaash/doozy_robotics/doozy_ws_2/install/doozy_actions/share/doozy_actions/hook/pythonpath.dsv'
[0.887s] INFO:colcon.colcon_core.shell:Creating environment hook '/home/avinaash/doozy_robotics/doozy_ws_2/install/doozy_actions/share/doozy_actions/hook/pythonpath.sh'
[0.887s] Level 1:colcon.colcon_core.environment:checking '/home/avinaash/doozy_robotics/doozy_ws_2/install/doozy_actions/bin'
[0.887s] INFO:colcon.colcon_core.shell:Creating package script '/home/avinaash/doozy_robotics/doozy_ws_2/install/doozy_actions/share/doozy_actions/package.ps1'
[0.888s] INFO:colcon.colcon_core.shell:Creating package descriptor '/home/avinaash/doozy_robotics/doozy_ws_2/install/doozy_actions/share/doozy_actions/package.dsv'
[0.888s] INFO:colcon.colcon_core.shell:Creating package script '/home/avinaash/doozy_robotics/doozy_ws_2/install/doozy_actions/share/doozy_actions/package.sh'
[0.889s] INFO:colcon.colcon_core.shell:Creating package script '/home/avinaash/doozy_robotics/doozy_ws_2/install/doozy_actions/share/doozy_actions/package.bash'
[0.889s] INFO:colcon.colcon_core.shell:Creating package script '/home/avinaash/doozy_robotics/doozy_ws_2/install/doozy_actions/share/doozy_actions/package.zsh'
[0.890s] Level 1:colcon.colcon_core.environment:create_file_with_runtime_dependencies(/home/avinaash/doozy_robotics/doozy_ws_2/install/doozy_actions/share/colcon-core/packages/doozy_actions)
[0.940s] DEBUG:colcon.colcon_core.event_handler.log_command:Invoked command in '/home/avinaash/doozy_robotics/doozy_ws_2/build/sick_visionary_t_mini' returned '0': CMAKE_PREFIX_PATH=${CMAKE_PREFIX_PATH}:/opt/ros/galactic:/home/avinaash/doozy_robotics/doozy_ws_2/install/turtlebot3_teleop:/home/avinaash/doozy_robotics/doozy_ws_2/install/turtlebot3_example:/home/avinaash/doozy_robotics/doozy_ws_2/install/pallet_docker_02:/home/avinaash/doozy_robotics/doozy_ws_2/install/2_t_dolly_logistics_driver /usr/bin/cmake --build /home/avinaash/doozy_robotics/doozy_ws_2/build/sick_visionary_t_mini -- -j16 -l16
[0.954s] Level 1:colcon.colcon_core.environment:create_environment_scripts_only(doozy_actions)
[0.954s] Level 1:colcon.colcon_core.environment:checking '/home/avinaash/doozy_robotics/doozy_ws_2/install/doozy_actions' for CMake module files
[0.955s] Level 1:colcon.colcon_core.environment:checking '/home/avinaash/doozy_robotics/doozy_ws_2/install/doozy_actions' for CMake config files
[0.955s] Level 1:colcon.colcon_core.shell:create_environment_hook('doozy_actions', 'cmake_prefix_path')
[0.955s] INFO:colcon.colcon_core.shell:Creating environment hook '/home/avinaash/doozy_robotics/doozy_ws_2/install/doozy_actions/share/doozy_actions/hook/cmake_prefix_path.ps1'
[0.955s] INFO:colcon.colcon_core.shell:Creating environment descriptor '/home/avinaash/doozy_robotics/doozy_ws_2/install/doozy_actions/share/doozy_actions/hook/cmake_prefix_path.dsv'
[0.956s] INFO:colcon.colcon_core.shell:Creating environment hook '/home/avinaash/doozy_robotics/doozy_ws_2/install/doozy_actions/share/doozy_actions/hook/cmake_prefix_path.sh'
[0.956s] Level 1:colcon.colcon_core.environment:checking '/home/avinaash/doozy_robotics/doozy_ws_2/install/doozy_actions/lib'
[0.956s] Level 1:colcon.colcon_core.shell:create_environment_hook('doozy_actions', 'ld_library_path_lib')
[0.956s] INFO:colcon.colcon_core.shell:Creating environment hook '/home/avinaash/doozy_robotics/doozy_ws_2/install/doozy_actions/share/doozy_actions/hook/ld_library_path_lib.ps1'
[0.957s] INFO:colcon.colcon_core.shell:Creating environment descriptor '/home/avinaash/doozy_robotics/doozy_ws_2/install/doozy_actions/share/doozy_actions/hook/ld_library_path_lib.dsv'
[0.957s] INFO:colcon.colcon_core.shell:Creating environment hook '/home/avinaash/doozy_robotics/doozy_ws_2/install/doozy_actions/share/doozy_actions/hook/ld_library_path_lib.sh'
[0.957s] Level 1:colcon.colcon_core.environment:checking '/home/avinaash/doozy_robotics/doozy_ws_2/install/doozy_actions/bin'
[0.957s] Level 1:colcon.colcon_core.environment:checking '/home/avinaash/doozy_robotics/doozy_ws_2/install/doozy_actions/lib/pkgconfig/doozy_actions.pc'
[0.957s] Level 1:colcon.colcon_core.environment:checking '/home/avinaash/doozy_robotics/doozy_ws_2/install/doozy_actions/lib/python3.8/site-packages'
[0.957s] Level 1:colcon.colcon_core.shell:create_environment_hook('doozy_actions', 'pythonpath')
[0.957s] INFO:colcon.colcon_core.shell:Creating environment hook '/home/avinaash/doozy_robotics/doozy_ws_2/install/doozy_actions/share/doozy_actions/hook/pythonpath.ps1'
[0.958s] INFO:colcon.colcon_core.shell:Creating environment descriptor '/home/avinaash/doozy_robotics/doozy_ws_2/install/doozy_actions/share/doozy_actions/hook/pythonpath.dsv'
[0.958s] INFO:colcon.colcon_core.shell:Creating environment hook '/home/avinaash/doozy_robotics/doozy_ws_2/install/doozy_actions/share/doozy_actions/hook/pythonpath.sh'
[0.959s] Level 1:colcon.colcon_core.environment:checking '/home/avinaash/doozy_robotics/doozy_ws_2/install/doozy_actions/bin'
[0.959s] INFO:colcon.colcon_core.shell:Creating package script '/home/avinaash/doozy_robotics/doozy_ws_2/install/doozy_actions/share/doozy_actions/package.ps1'
[0.959s] INFO:colcon.colcon_core.shell:Creating package descriptor '/home/avinaash/doozy_robotics/doozy_ws_2/install/doozy_actions/share/doozy_actions/package.dsv'
[0.960s] INFO:colcon.colcon_core.shell:Creating package script '/home/avinaash/doozy_robotics/doozy_ws_2/install/doozy_actions/share/doozy_actions/package.sh'
[0.960s] INFO:colcon.colcon_core.shell:Creating package script '/home/avinaash/doozy_robotics/doozy_ws_2/install/doozy_actions/share/doozy_actions/package.bash'
[0.960s] INFO:colcon.colcon_core.shell:Creating package script '/home/avinaash/doozy_robotics/doozy_ws_2/install/doozy_actions/share/doozy_actions/package.zsh'
[0.960s] Level 1:colcon.colcon_core.environment:create_file_with_runtime_dependencies(/home/avinaash/doozy_robotics/doozy_ws_2/install/doozy_actions/share/colcon-core/packages/doozy_actions)
[0.976s] DEBUG:colcon.colcon_core.event_handler.log_command:Invoking command in '/home/avinaash/doozy_robotics/doozy_ws_2/build/sick_visionary_t_mini': CMAKE_PREFIX_PATH=${CMAKE_PREFIX_PATH}:/opt/ros/galactic:/home/avinaash/doozy_robotics/doozy_ws_2/install/turtlebot3_teleop:/home/avinaash/doozy_robotics/doozy_ws_2/install/turtlebot3_example:/home/avinaash/doozy_robotics/doozy_ws_2/install/pallet_docker_02:/home/avinaash/doozy_robotics/doozy_ws_2/install/2_t_dolly_logistics_driver /usr/bin/cmake --install /home/avinaash/doozy_robotics/doozy_ws_2/build/sick_visionary_t_mini
[1.024s] Level 1:colcon.colcon_core.environment:create_environment_scripts_only(sick_visionary_t_mini)
[1.024s] Level 1:colcon.colcon_core.environment:checking '/home/avinaash/doozy_robotics/doozy_ws_2/install/sick_visionary_t_mini' for CMake module files
[1.025s] DEBUG:colcon.colcon_core.event_handler.log_command:Invoked command in '/home/avinaash/doozy_robotics/doozy_ws_2/build/sick_visionary_t_mini' returned '0': CMAKE_PREFIX_PATH=${CMAKE_PREFIX_PATH}:/opt/ros/galactic:/home/avinaash/doozy_robotics/doozy_ws_2/install/turtlebot3_teleop:/home/avinaash/doozy_robotics/doozy_ws_2/install/turtlebot3_example:/home/avinaash/doozy_robotics/doozy_ws_2/install/pallet_docker_02:/home/avinaash/doozy_robotics/doozy_ws_2/install/2_t_dolly_logistics_driver /usr/bin/cmake --install /home/avinaash/doozy_robotics/doozy_ws_2/build/sick_visionary_t_mini
[1.025s] Level 1:colcon.colcon_core.environment:checking '/home/avinaash/doozy_robotics/doozy_ws_2/install/sick_visionary_t_mini' for CMake config files
[1.026s] Level 1:colcon.colcon_core.shell:create_environment_hook('sick_visionary_t_mini', 'cmake_prefix_path')
[1.026s] INFO:colcon.colcon_core.shell:Creating environment hook '/home/avinaash/doozy_robotics/doozy_ws_2/install/sick_visionary_t_mini/share/sick_visionary_t_mini/hook/cmake_prefix_path.ps1'
[1.026s] INFO:colcon.colcon_core.shell:Creating environment descriptor '/home/avinaash/doozy_robotics/doozy_ws_2/install/sick_visionary_t_mini/share/sick_visionary_t_mini/hook/cmake_prefix_path.dsv'
[1.026s] INFO:colcon.colcon_core.shell:Creating environment hook '/home/avinaash/doozy_robotics/doozy_ws_2/install/sick_visionary_t_mini/share/sick_visionary_t_mini/hook/cmake_prefix_path.sh'
[1.027s] Level 1:colcon.colcon_core.environment:checking '/home/avinaash/doozy_robotics/doozy_ws_2/install/sick_visionary_t_mini/lib'
[1.027s] Level 1:colcon.colcon_core.shell:create_environment_hook('sick_visionary_t_mini', 'ld_library_path_lib')
[1.027s] INFO:colcon.colcon_core.shell:Creating environment hook '/home/avinaash/doozy_robotics/doozy_ws_2/install/sick_visionary_t_mini/share/sick_visionary_t_mini/hook/ld_library_path_lib.ps1'
[1.027s] INFO:colcon.colcon_core.shell:Creating environment descriptor '/home/avinaash/doozy_robotics/doozy_ws_2/install/sick_visionary_t_mini/share/sick_visionary_t_mini/hook/ld_library_path_lib.dsv'
[1.027s] INFO:colcon.colcon_core.shell:Creating environment hook '/home/avinaash/doozy_robotics/doozy_ws_2/install/sick_visionary_t_mini/share/sick_visionary_t_mini/hook/ld_library_path_lib.sh'
[1.027s] Level 1:colcon.colcon_core.environment:checking '/home/avinaash/doozy_robotics/doozy_ws_2/install/sick_visionary_t_mini/bin'
[1.027s] Level 1:colcon.colcon_core.environment:checking '/home/avinaash/doozy_robotics/doozy_ws_2/install/sick_visionary_t_mini/lib/pkgconfig/sick_visionary_t_mini.pc'
[1.028s] Level 1:colcon.colcon_core.environment:checking '/home/avinaash/doozy_robotics/doozy_ws_2/install/sick_visionary_t_mini/lib/python3.8/site-packages'
[1.028s] Level 1:colcon.colcon_core.shell:create_environment_hook('sick_visionary_t_mini', 'pythonpath')
[1.028s] INFO:colcon.colcon_core.shell:Creating environment hook '/home/avinaash/doozy_robotics/doozy_ws_2/install/sick_visionary_t_mini/share/sick_visionary_t_mini/hook/pythonpath.ps1'
[1.028s] INFO:colcon.colcon_core.shell:Creating environment descriptor '/home/avinaash/doozy_robotics/doozy_ws_2/install/sick_visionary_t_mini/share/sick_visionary_t_mini/hook/pythonpath.dsv'
[1.028s] INFO:colcon.colcon_core.shell:Creating environment hook '/home/avinaash/doozy_robotics/doozy_ws_2/install/sick_visionary_t_mini/share/sick_visionary_t_mini/hook/pythonpath.sh'
[1.029s] Level 1:colcon.colcon_core.environment:checking '/home/avinaash/doozy_robotics/doozy_ws_2/install/sick_visionary_t_mini/bin'
[1.029s] INFO:colcon.colcon_core.shell:Creating package script '/home/avinaash/doozy_robotics/doozy_ws_2/install/sick_visionary_t_mini/share/sick_visionary_t_mini/package.ps1'
[1.029s] INFO:colcon.colcon_core.shell:Creating package descriptor '/home/avinaash/doozy_robotics/doozy_ws_2/install/sick_visionary_t_mini/share/sick_visionary_t_mini/package.dsv'
[1.029s] INFO:colcon.colcon_core.shell:Creating package script '/home/avinaash/doozy_robotics/doozy_ws_2/install/sick_visionary_t_mini/share/sick_visionary_t_mini/package.sh'
[1.030s] INFO:colcon.colcon_core.shell:Creating package script '/home/avinaash/doozy_robotics/doozy_ws_2/install/sick_visionary_t_mini/share/sick_visionary_t_mini/package.bash'
[1.030s] INFO:colcon.colcon_core.shell:Creating package script '/home/avinaash/doozy_robotics/doozy_ws_2/install/sick_visionary_t_mini/share/sick_visionary_t_mini/package.zsh'
[1.030s] Level 1:colcon.colcon_core.environment:create_file_with_runtime_dependencies(/home/avinaash/doozy_robotics/doozy_ws_2/install/sick_visionary_t_mini/share/colcon-core/packages/sick_visionary_t_mini)
[1.077s] Level 1:colcon.colcon_core.environment:create_environment_scripts_only(sick_visionary_t_mini)
[1.077s] Level 1:colcon.colcon_core.environment:checking '/home/avinaash/doozy_robotics/doozy_ws_2/install/sick_visionary_t_mini' for CMake module files
[1.078s] Level 1:colcon.colcon_core.environment:checking '/home/avinaash/doozy_robotics/doozy_ws_2/install/sick_visionary_t_mini' for CMake config files
[1.078s] Level 1:colcon.colcon_core.shell:create_environment_hook('sick_visionary_t_mini', 'cmake_prefix_path')
[1.079s] INFO:colcon.colcon_core.shell:Creating environment hook '/home/avinaash/doozy_robotics/doozy_ws_2/install/sick_visionary_t_mini/share/sick_visionary_t_mini/hook/cmake_prefix_path.ps1'
[1.079s] INFO:colcon.colcon_core.shell:Creating environment descriptor '/home/avinaash/doozy_robotics/doozy_ws_2/install/sick_visionary_t_mini/share/sick_visionary_t_mini/hook/cmake_prefix_path.dsv'
[1.080s] INFO:colcon.colcon_core.shell:Creating environment hook '/home/avinaash/doozy_robotics/doozy_ws_2/install/sick_visionary_t_mini/share/sick_visionary_t_mini/hook/cmake_prefix_path.sh'
[1.080s] Level 1:colcon.colcon_core.environment:checking '/home/avinaash/doozy_robotics/doozy_ws_2/install/sick_visionary_t_mini/lib'
[1.081s] Level 1:colcon.colcon_core.shell:create_environment_hook('sick_visionary_t_mini', 'ld_library_path_lib')
[1.081s] INFO:colcon.colcon_core.shell:Creating environment hook '/home/avinaash/doozy_robotics/doozy_ws_2/install/sick_visionary_t_mini/share/sick_visionary_t_mini/hook/ld_library_path_lib.ps1'
[1.081s] INFO:colcon.colcon_core.shell:Creating environment descriptor '/home/avinaash/doozy_robotics/doozy_ws_2/install/sick_visionary_t_mini/share/sick_visionary_t_mini/hook/ld_library_path_lib.dsv'
[1.081s] INFO:colcon.colcon_core.shell:Creating environment hook '/home/avinaash/doozy_robotics/doozy_ws_2/install/sick_visionary_t_mini/share/sick_visionary_t_mini/hook/ld_library_path_lib.sh'
[1.081s] Level 1:colcon.colcon_core.environment:checking '/home/avinaash/doozy_robotics/doozy_ws_2/install/sick_visionary_t_mini/bin'
[1.082s] Level 1:colcon.colcon_core.environment:checking '/home/avinaash/doozy_robotics/doozy_ws_2/install/sick_visionary_t_mini/lib/pkgconfig/sick_visionary_t_mini.pc'
[1.082s] Level 1:colcon.colcon_core.environment:checking '/home/avinaash/doozy_robotics/doozy_ws_2/install/sick_visionary_t_mini/lib/python3.8/site-packages'
[1.082s] Level 1:colcon.colcon_core.shell:create_environment_hook('sick_visionary_t_mini', 'pythonpath')
[1.082s] INFO:colcon.colcon_core.shell:Creating environment hook '/home/avinaash/doozy_robotics/doozy_ws_2/install/sick_visionary_t_mini/share/sick_visionary_t_mini/hook/pythonpath.ps1'
[1.082s] INFO:colcon.colcon_core.shell:Creating environment descriptor '/home/avinaash/doozy_robotics/doozy_ws_2/install/sick_visionary_t_mini/share/sick_visionary_t_mini/hook/pythonpath.dsv'
[1.082s] INFO:colcon.colcon_core.shell:Creating environment hook '/home/avinaash/doozy_robotics/doozy_ws_2/install/sick_visionary_t_mini/share/sick_visionary_t_mini/hook/pythonpath.sh'
[1.083s] Level 1:colcon.colcon_core.environment:checking '/home/avinaash/doozy_robotics/doozy_ws_2/install/sick_visionary_t_mini/bin'
[1.083s] INFO:colcon.colcon_core.shell:Creating package script '/home/avinaash/doozy_robotics/doozy_ws_2/install/sick_visionary_t_mini/share/sick_visionary_t_mini/package.ps1'
[1.083s] INFO:colcon.colcon_core.shell:Creating package descriptor '/home/avinaash/doozy_robotics/doozy_ws_2/install/sick_visionary_t_mini/share/sick_visionary_t_mini/package.dsv'
[1.083s] INFO:colcon.colcon_core.shell:Creating package script '/home/avinaash/doozy_robotics/doozy_ws_2/install/sick_visionary_t_mini/share/sick_visionary_t_mini/package.sh'
[1.084s] INFO:colcon.colcon_core.shell:Creating package script '/home/avinaash/doozy_robotics/doozy_ws_2/install/sick_visionary_t_mini/share/sick_visionary_t_mini/package.bash'
[1.084s] INFO:colcon.colcon_core.shell:Creating package script '/home/avinaash/doozy_robotics/doozy_ws_2/install/sick_visionary_t_mini/share/sick_visionary_t_mini/package.zsh'
[1.084s] Level 1:colcon.colcon_core.environment:create_file_with_runtime_dependencies(/home/avinaash/doozy_robotics/doozy_ws_2/install/sick_visionary_t_mini/share/colcon-core/packages/sick_visionary_t_mini)
[1.131s] DEBUG:colcon.colcon_core.event_handler.log_command:Invoking command in '/home/avinaash/doozy_robotics/doozy_ws_2/src/pallet_docker_02': PYTHONPATH=/home/avinaash/doozy_robotics/doozy_ws_2/build/pallet_docker_02/prefix_override:/home/avinaash/doozy_robotics/doozy_ws_2/install/pallet_docker_02/lib/python3.8/site-packages:${PYTHONPATH} /usr/bin/python3 -W ignore:setup.py install is deprecated setup.py egg_info --egg-base ../../build/pallet_docker_02 build --build-base /home/avinaash/doozy_robotics/doozy_ws_2/build/pallet_docker_02/build install --record /home/avinaash/doozy_robotics/doozy_ws_2/build/pallet_docker_02/install.log --single-version-externally-managed install_data
[1.139s] DEBUG:colcon.colcon_core.event_handler.log_command:Invoking command in '/home/avinaash/doozy_robotics/doozy_ws_2/src/2_t_dolly_logistics_driver': PYTHONPATH=/home/avinaash/doozy_robotics/doozy_ws_2/build/2_t_dolly_logistics_driver/prefix_override:/home/avinaash/doozy_robotics/doozy_ws_2/install/2_t_dolly_logistics_driver/lib/python3.8/site-packages:${PYTHONPATH} /usr/bin/python3 -W ignore:setup.py install is deprecated setup.py egg_info --egg-base ../../build/2_t_dolly_logistics_driver build --build-base /home/avinaash/doozy_robotics/doozy_ws_2/build/2_t_dolly_logistics_driver/build install --record /home/avinaash/doozy_robotics/doozy_ws_2/build/2_t_dolly_logistics_driver/install.log --single-version-externally-managed install_data
[1.348s] Level 1:colcon.colcon_core.environment:checking '/home/avinaash/doozy_robotics/doozy_ws_2/install/pallet_docker_02' for CMake module files
[1.349s] DEBUG:colcon.colcon_core.event_handler.log_command:Invoked command in '/home/avinaash/doozy_robotics/doozy_ws_2/src/pallet_docker_02' returned '0': PYTHONPATH=/home/avinaash/doozy_robotics/doozy_ws_2/build/pallet_docker_02/prefix_override:/home/avinaash/doozy_robotics/doozy_ws_2/install/pallet_docker_02/lib/python3.8/site-packages:${PYTHONPATH} /usr/bin/python3 -W ignore:setup.py install is deprecated setup.py egg_info --egg-base ../../build/pallet_docker_02 build --build-base /home/avinaash/doozy_robotics/doozy_ws_2/build/pallet_docker_02/build install --record /home/avinaash/doozy_robotics/doozy_ws_2/build/pallet_docker_02/install.log --single-version-externally-managed install_data
[1.349s] Level 1:colcon.colcon_core.environment:checking '/home/avinaash/doozy_robotics/doozy_ws_2/install/pallet_docker_02' for CMake config files
[1.350s] Level 1:colcon.colcon_core.environment:checking '/home/avinaash/doozy_robotics/doozy_ws_2/install/pallet_docker_02/lib'
[1.350s] Level 1:colcon.colcon_core.environment:checking '/home/avinaash/doozy_robotics/doozy_ws_2/install/pallet_docker_02/bin'
[1.351s] Level 1:colcon.colcon_core.environment:checking '/home/avinaash/doozy_robotics/doozy_ws_2/install/pallet_docker_02/lib/pkgconfig/pallet_docker_02.pc'
[1.351s] Level 1:colcon.colcon_core.environment:checking '/home/avinaash/doozy_robotics/doozy_ws_2/install/pallet_docker_02/lib/python3.8/site-packages'
[1.351s] Level 1:colcon.colcon_core.shell:create_environment_hook('pallet_docker_02', 'pythonpath')
[1.351s] INFO:colcon.colcon_core.shell:Creating environment hook '/home/avinaash/doozy_robotics/doozy_ws_2/install/pallet_docker_02/share/pallet_docker_02/hook/pythonpath.ps1'
[1.352s] INFO:colcon.colcon_core.shell:Creating environment descriptor '/home/avinaash/doozy_robotics/doozy_ws_2/install/pallet_docker_02/share/pallet_docker_02/hook/pythonpath.dsv'
[1.352s] INFO:colcon.colcon_core.shell:Creating environment hook '/home/avinaash/doozy_robotics/doozy_ws_2/install/pallet_docker_02/share/pallet_docker_02/hook/pythonpath.sh'
[1.353s] Level 1:colcon.colcon_core.environment:checking '/home/avinaash/doozy_robotics/doozy_ws_2/install/pallet_docker_02/bin'
[1.353s] Level 1:colcon.colcon_core.environment:create_environment_scripts_only(pallet_docker_02)
[1.354s] INFO:colcon.colcon_core.shell:Creating package script '/home/avinaash/doozy_robotics/doozy_ws_2/install/pallet_docker_02/share/pallet_docker_02/package.ps1'
[1.354s] INFO:colcon.colcon_core.shell:Creating package descriptor '/home/avinaash/doozy_robotics/doozy_ws_2/install/pallet_docker_02/share/pallet_docker_02/package.dsv'
[1.355s] INFO:colcon.colcon_core.shell:Creating package script '/home/avinaash/doozy_robotics/doozy_ws_2/install/pallet_docker_02/share/pallet_docker_02/package.sh'
[1.355s] INFO:colcon.colcon_core.shell:Creating package script '/home/avinaash/doozy_robotics/doozy_ws_2/install/pallet_docker_02/share/pallet_docker_02/package.bash'
[1.356s] INFO:colcon.colcon_core.shell:Creating package script '/home/avinaash/doozy_robotics/doozy_ws_2/install/pallet_docker_02/share/pallet_docker_02/package.zsh'
[1.356s] Level 1:colcon.colcon_core.environment:create_file_with_runtime_dependencies(/home/avinaash/doozy_robotics/doozy_ws_2/install/pallet_docker_02/share/colcon-core/packages/pallet_docker_02)
[1.357s] Level 1:colcon.colcon_core.environment:checking '/home/avinaash/doozy_robotics/doozy_ws_2/install/2_t_dolly_logistics_driver' for CMake module files
[1.358s] DEBUG:colcon.colcon_core.event_handler.log_command:Invoked command in '/home/avinaash/doozy_robotics/doozy_ws_2/src/2_t_dolly_logistics_driver' returned '0': PYTHONPATH=/home/avinaash/doozy_robotics/doozy_ws_2/build/2_t_dolly_logistics_driver/prefix_override:/home/avinaash/doozy_robotics/doozy_ws_2/install/2_t_dolly_logistics_driver/lib/python3.8/site-packages:${PYTHONPATH} /usr/bin/python3 -W ignore:setup.py install is deprecated setup.py egg_info --egg-base ../../build/2_t_dolly_logistics_driver build --build-base /home/avinaash/doozy_robotics/doozy_ws_2/build/2_t_dolly_logistics_driver/build install --record /home/avinaash/doozy_robotics/doozy_ws_2/build/2_t_dolly_logistics_driver/install.log --single-version-externally-managed install_data
[1.358s] Level 1:colcon.colcon_core.environment:checking '/home/avinaash/doozy_robotics/doozy_ws_2/install/2_t_dolly_logistics_driver' for CMake config files
[1.359s] Level 1:colcon.colcon_core.environment:checking '/home/avinaash/doozy_robotics/doozy_ws_2/install/2_t_dolly_logistics_driver/lib'
[1.359s] Level 1:colcon.colcon_core.environment:checking '/home/avinaash/doozy_robotics/doozy_ws_2/install/2_t_dolly_logistics_driver/bin'
[1.359s] Level 1:colcon.colcon_core.environment:checking '/home/avinaash/doozy_robotics/doozy_ws_2/install/2_t_dolly_logistics_driver/lib/pkgconfig/2_t_dolly_logistics_driver.pc'
[1.359s] Level 1:colcon.colcon_core.environment:checking '/home/avinaash/doozy_robotics/doozy_ws_2/install/2_t_dolly_logistics_driver/lib/python3.8/site-packages'
[1.359s] Level 1:colcon.colcon_core.shell:create_environment_hook('2_t_dolly_logistics_driver', 'pythonpath')
[1.359s] INFO:colcon.colcon_core.shell:Creating environment hook '/home/avinaash/doozy_robotics/doozy_ws_2/install/2_t_dolly_logistics_driver/share/2_t_dolly_logistics_driver/hook/pythonpath.ps1'
[1.359s] INFO:colcon.colcon_core.shell:Creating environment descriptor '/home/avinaash/doozy_robotics/doozy_ws_2/install/2_t_dolly_logistics_driver/share/2_t_dolly_logistics_driver/hook/pythonpath.dsv'
[1.360s] INFO:colcon.colcon_core.shell:Creating environment hook '/home/avinaash/doozy_robotics/doozy_ws_2/install/2_t_dolly_logistics_driver/share/2_t_dolly_logistics_driver/hook/pythonpath.sh'
[1.360s] Level 1:colcon.colcon_core.environment:checking '/home/avinaash/doozy_robotics/doozy_ws_2/install/2_t_dolly_logistics_driver/bin'
[1.360s] Level 1:colcon.colcon_core.environment:create_environment_scripts_only(2_t_dolly_logistics_driver)
[1.360s] INFO:colcon.colcon_core.shell:Creating package script '/home/avinaash/doozy_robotics/doozy_ws_2/install/2_t_dolly_logistics_driver/share/2_t_dolly_logistics_driver/package.ps1'
[1.360s] INFO:colcon.colcon_core.shell:Creating package descriptor '/home/avinaash/doozy_robotics/doozy_ws_2/install/2_t_dolly_logistics_driver/share/2_t_dolly_logistics_driver/package.dsv'
[1.361s] INFO:colcon.colcon_core.shell:Creating package script '/home/avinaash/doozy_robotics/doozy_ws_2/install/2_t_dolly_logistics_driver/share/2_t_dolly_logistics_driver/package.sh'
[1.361s] INFO:colcon.colcon_core.shell:Creating package script '/home/avinaash/doozy_robotics/doozy_ws_2/install/2_t_dolly_logistics_driver/share/2_t_dolly_logistics_driver/package.bash'
[1.361s] INFO:colcon.colcon_core.shell:Creating package script '/home/avinaash/doozy_robotics/doozy_ws_2/install/2_t_dolly_logistics_driver/share/2_t_dolly_logistics_driver/package.zsh'
[1.361s] Level 1:colcon.colcon_core.environment:create_file_with_runtime_dependencies(/home/avinaash/doozy_robotics/doozy_ws_2/install/2_t_dolly_logistics_driver/share/colcon-core/packages/2_t_dolly_logistics_driver)
[1.361s] DEBUG:colcon.colcon_parallel_executor.executor.parallel:closing loop
[1.362s] DEBUG:colcon.colcon_parallel_executor.executor.parallel:loop closed
[1.362s] DEBUG:colcon.colcon_parallel_executor.executor.parallel:run_until_complete finished with '0'
[1.362s] DEBUG:colcon.colcon_core.event_reactor:joining thread
[1.370s] INFO:colcon.colcon_core.plugin_system:Skipping extension 'colcon_notification.desktop_notification.terminal_notifier': Not used on non-Darwin systems
[1.370s] INFO:colcon.colcon_core.plugin_system:Skipping extension 'colcon_notification.desktop_notification.win32': Not used on non-Windows systems
[1.370s] INFO:colcon.colcon_notification.desktop_notification:Sending desktop notification using 'notify2'
[1.383s] DEBUG:colcon.colcon_core.event_reactor:joined thread
[1.383s] INFO:colcon.colcon_core.shell:Creating prefix script '/home/avinaash/doozy_robotics/doozy_ws_2/install/local_setup.ps1'
[1.385s] INFO:colcon.colcon_core.shell:Creating prefix util module '/home/avinaash/doozy_robotics/doozy_ws_2/install/_local_setup_util_ps1.py'
[1.386s] INFO:colcon.colcon_core.shell:Creating prefix chain script '/home/avinaash/doozy_robotics/doozy_ws_2/install/setup.ps1'
[1.389s] INFO:colcon.colcon_core.shell:Creating prefix script '/home/avinaash/doozy_robotics/doozy_ws_2/install/local_setup.sh'
[1.389s] INFO:colcon.colcon_core.shell:Creating prefix util module '/home/avinaash/doozy_robotics/doozy_ws_2/install/_local_setup_util_sh.py'
[1.390s] INFO:colcon.colcon_core.shell:Creating prefix chain script '/home/avinaash/doozy_robotics/doozy_ws_2/install/setup.sh'
[1.392s] INFO:colcon.colcon_core.shell:Creating prefix script '/home/avinaash/doozy_robotics/doozy_ws_2/install/local_setup.bash'
[1.393s] INFO:colcon.colcon_core.shell:Creating prefix chain script '/home/avinaash/doozy_robotics/doozy_ws_2/install/setup.bash'
[1.394s] INFO:colcon.colcon_core.shell:Creating prefix script '/home/avinaash/doozy_robotics/doozy_ws_2/install/local_setup.zsh'
[1.394s] INFO:colcon.colcon_core.shell:Creating prefix chain script '/home/avinaash/doozy_robotics/doozy_ws_2/install/setup.zsh'
