[0.095s] Invoking command in '/home/avinaash/doozy_robotics/doozy_ws_2/build/apriltag_msgs': CMAKE_PREFIX_PATH=${CMAKE_PREFIX_PATH}:/home/avinaash/doozy_robotics/doozy_ws_2/install/turtlebot3_teleop:/home/avinaash/doozy_robotics/doozy_ws_2/install/turtlebot3_example:/home/avinaash/doozy_robotics/doozy_ws_2/install/turtlebot3_automatic_parking:/home/avinaash/doozy_robotics/doozy_ws_2/install/pallet_docker_02:/home/avinaash/doozy_robotics/doozy_ws_2/install/opencv_tests:/home/avinaash/doozy_robotics/doozy_ws_2/install/camera_calibration:/opt/ros/galactic /usr/bin/cmake --build /home/avinaash/doozy_robotics/doozy_ws_2/build/apriltag_msgs -- -j12 -l12
[0.722s] [  2%] Built target apriltag_msgs__cpp
[0.723s] [ 12%] Built target apriltag_msgs__rosidl_generator_c
[0.723s] [ 23%] Built target apriltag_msgs__rosidl_typesupport_cpp
[0.723s] [ 34%] Built target apriltag_msgs__rosidl_typesupport_introspection_c
[0.723s] [ 44%] Built target apriltag_msgs__rosidl_typesupport_c
[0.723s] [ 55%] Built target apriltag_msgs__rosidl_typesupport_fastrtps_cpp
[0.724s] [ 65%] Built target apriltag_msgs__rosidl_typesupport_introspection_cpp
[0.724s] [ 76%] Built target apriltag_msgs__rosidl_typesupport_fastrtps_c
[0.726s] [ 76%] Built target apriltag_msgs
[0.727s] [ 78%] Built target apriltag_msgs__py
[0.727s] [ 87%] Built target apriltag_msgs__python
[0.728s] [100%] Built target apriltag_msgs__rosidl_typesupport_introspection_c__pyext
[0.729s] [100%] Built target apriltag_msgs__rosidl_typesupport_c__pyext
[0.731s] [100%] Built target apriltag_msgs__rosidl_typesupport_fastrtps_c__pyext
[0.737s] Invoked command in '/home/avinaash/doozy_robotics/doozy_ws_2/build/apriltag_msgs' returned '0': CMAKE_PREFIX_PATH=${CMAKE_PREFIX_PATH}:/home/avinaash/doozy_robotics/doozy_ws_2/install/turtlebot3_teleop:/home/avinaash/doozy_robotics/doozy_ws_2/install/turtlebot3_example:/home/avinaash/doozy_robotics/doozy_ws_2/install/turtlebot3_automatic_parking:/home/avinaash/doozy_robotics/doozy_ws_2/install/pallet_docker_02:/home/avinaash/doozy_robotics/doozy_ws_2/install/opencv_tests:/home/avinaash/doozy_robotics/doozy_ws_2/install/camera_calibration:/opt/ros/galactic /usr/bin/cmake --build /home/avinaash/doozy_robotics/doozy_ws_2/build/apriltag_msgs -- -j12 -l12
[1.004s] Invoking command in '/home/avinaash/doozy_robotics/doozy_ws_2/build/apriltag_msgs': CMAKE_PREFIX_PATH=${CMAKE_PREFIX_PATH}:/home/avinaash/doozy_robotics/doozy_ws_2/install/turtlebot3_teleop:/home/avinaash/doozy_robotics/doozy_ws_2/install/turtlebot3_example:/home/avinaash/doozy_robotics/doozy_ws_2/install/turtlebot3_automatic_parking:/home/avinaash/doozy_robotics/doozy_ws_2/install/pallet_docker_02:/home/avinaash/doozy_robotics/doozy_ws_2/install/opencv_tests:/home/avinaash/doozy_robotics/doozy_ws_2/install/camera_calibration:/opt/ros/galactic /usr/bin/cmake --install /home/avinaash/doozy_robotics/doozy_ws_2/build/apriltag_msgs
[1.035s] -- Install configuration: ""
[1.036s] -- Up-to-date: /home/avinaash/doozy_robotics/doozy_ws_2/install/apriltag_msgs/share/ament_index/resource_index/rosidl_interfaces/apriltag_msgs
[1.036s] -- Up-to-date: /home/avinaash/doozy_robotics/doozy_ws_2/install/apriltag_msgs/include/apriltag_msgs
[1.038s] -- Up-to-date: /home/avinaash/doozy_robotics/doozy_ws_2/install/apriltag_msgs/include/apriltag_msgs/msg
[1.038s] -- Up-to-date: /home/avinaash/doozy_robotics/doozy_ws_2/install/apriltag_msgs/include/apriltag_msgs/msg/point.h
[1.038s] -- Up-to-date: /home/avinaash/doozy_robotics/doozy_ws_2/install/apriltag_msgs/include/apriltag_msgs/msg/april_tag_detection.h
[1.039s] -- Up-to-date: /home/avinaash/doozy_robotics/doozy_ws_2/install/apriltag_msgs/include/apriltag_msgs/msg/rosidl_generator_c__visibility_control.h
[1.039s] -- Up-to-date: /home/avinaash/doozy_robotics/doozy_ws_2/install/apriltag_msgs/include/apriltag_msgs/msg/detail
[1.039s] -- Up-to-date: /home/avinaash/doozy_robotics/doozy_ws_2/install/apriltag_msgs/include/apriltag_msgs/msg/detail/april_tag_detection_array__type_support.h
[1.039s] -- Up-to-date: /home/avinaash/doozy_robotics/doozy_ws_2/install/apriltag_msgs/include/apriltag_msgs/msg/detail/april_tag_detection_array__struct.h
[1.039s] -- Up-to-date: /home/avinaash/doozy_robotics/doozy_ws_2/install/apriltag_msgs/include/apriltag_msgs/msg/detail/april_tag_detection_array__functions.h
[1.040s] -- Up-to-date: /home/avinaash/doozy_robotics/doozy_ws_2/install/apriltag_msgs/include/apriltag_msgs/msg/detail/april_tag_detection__type_support.h
[1.040s] -- Up-to-date: /home/avinaash/doozy_robotics/doozy_ws_2/install/apriltag_msgs/include/apriltag_msgs/msg/detail/point__functions.c
[1.040s] -- Up-to-date: /home/avinaash/doozy_robotics/doozy_ws_2/install/apriltag_msgs/include/apriltag_msgs/msg/detail/point__type_support.h
[1.040s] -- Up-to-date: /home/avinaash/doozy_robotics/doozy_ws_2/install/apriltag_msgs/include/apriltag_msgs/msg/detail/april_tag_detection__functions.h
[1.040s] -- Up-to-date: /home/avinaash/doozy_robotics/doozy_ws_2/install/apriltag_msgs/include/apriltag_msgs/msg/detail/april_tag_detection_array__functions.c
[1.040s] -- Up-to-date: /home/avinaash/doozy_robotics/doozy_ws_2/install/apriltag_msgs/include/apriltag_msgs/msg/detail/point__struct.h
[1.041s] -- Up-to-date: /home/avinaash/doozy_robotics/doozy_ws_2/install/apriltag_msgs/include/apriltag_msgs/msg/detail/april_tag_detection__struct.h
[1.041s] -- Up-to-date: /home/avinaash/doozy_robotics/doozy_ws_2/install/apriltag_msgs/include/apriltag_msgs/msg/detail/point__functions.h
[1.041s] -- Up-to-date: /home/avinaash/doozy_robotics/doozy_ws_2/install/apriltag_msgs/include/apriltag_msgs/msg/detail/april_tag_detection__functions.c
[1.041s] -- Up-to-date: /home/avinaash/doozy_robotics/doozy_ws_2/install/apriltag_msgs/include/apriltag_msgs/msg/april_tag_detection_array.h
[1.041s] -- Up-to-date: /home/avinaash/doozy_robotics/doozy_ws_2/install/apriltag_msgs/share/apriltag_msgs/environment/library_path.sh
[1.041s] -- Up-to-date: /home/avinaash/doozy_robotics/doozy_ws_2/install/apriltag_msgs/share/apriltag_msgs/environment/library_path.dsv
[1.041s] -- Up-to-date: /home/avinaash/doozy_robotics/doozy_ws_2/install/apriltag_msgs/lib/libapriltag_msgs__rosidl_generator_c.so
[1.042s] -- Up-to-date: /home/avinaash/doozy_robotics/doozy_ws_2/install/apriltag_msgs/include/apriltag_msgs
[1.042s] -- Up-to-date: /home/avinaash/doozy_robotics/doozy_ws_2/install/apriltag_msgs/include/apriltag_msgs/msg
[1.042s] -- Up-to-date: /home/avinaash/doozy_robotics/doozy_ws_2/install/apriltag_msgs/include/apriltag_msgs/msg/detail
[1.042s] -- Up-to-date: /home/avinaash/doozy_robotics/doozy_ws_2/install/apriltag_msgs/include/apriltag_msgs/msg/detail/april_tag_detection__rosidl_typesupport_fastrtps_c.h
[1.042s] -- Up-to-date: /home/avinaash/doozy_robotics/doozy_ws_2/install/apriltag_msgs/include/apriltag_msgs/msg/detail/april_tag_detection_array__rosidl_typesupport_fastrtps_c.h
[1.042s] -- Up-to-date: /home/avinaash/doozy_robotics/doozy_ws_2/install/apriltag_msgs/include/apriltag_msgs/msg/detail/point__rosidl_typesupport_fastrtps_c.h
[1.042s] -- Up-to-date: /home/avinaash/doozy_robotics/doozy_ws_2/install/apriltag_msgs/include/apriltag_msgs/msg/rosidl_typesupport_fastrtps_c__visibility_control.h
[1.047s] -- Up-to-date: /home/avinaash/doozy_robotics/doozy_ws_2/install/apriltag_msgs/lib/libapriltag_msgs__rosidl_typesupport_fastrtps_c.so
[1.047s] -- Up-to-date: /home/avinaash/doozy_robotics/doozy_ws_2/install/apriltag_msgs/include/apriltag_msgs
[1.047s] -- Up-to-date: /home/avinaash/doozy_robotics/doozy_ws_2/install/apriltag_msgs/include/apriltag_msgs/msg
[1.047s] -- Up-to-date: /home/avinaash/doozy_robotics/doozy_ws_2/install/apriltag_msgs/include/apriltag_msgs/msg/rosidl_typesupport_fastrtps_cpp__visibility_control.h
[1.047s] -- Up-to-date: /home/avinaash/doozy_robotics/doozy_ws_2/install/apriltag_msgs/include/apriltag_msgs/msg/detail
[1.048s] -- Up-to-date: /home/avinaash/doozy_robotics/doozy_ws_2/install/apriltag_msgs/include/apriltag_msgs/msg/detail/point__rosidl_typesupport_fastrtps_cpp.hpp
[1.048s] -- Up-to-date: /home/avinaash/doozy_robotics/doozy_ws_2/install/apriltag_msgs/include/apriltag_msgs/msg/detail/april_tag_detection__rosidl_typesupport_fastrtps_cpp.hpp
[1.048s] -- Up-to-date: /home/avinaash/doozy_robotics/doozy_ws_2/install/apriltag_msgs/include/apriltag_msgs/msg/detail/dds_fastrtps
[1.048s] -- Up-to-date: /home/avinaash/doozy_robotics/doozy_ws_2/install/apriltag_msgs/include/apriltag_msgs/msg/detail/april_tag_detection_array__rosidl_typesupport_fastrtps_cpp.hpp
[1.048s] -- Up-to-date: /home/avinaash/doozy_robotics/doozy_ws_2/install/apriltag_msgs/lib/libapriltag_msgs__rosidl_typesupport_fastrtps_cpp.so
[1.048s] -- Up-to-date: /home/avinaash/doozy_robotics/doozy_ws_2/install/apriltag_msgs/include/apriltag_msgs
[1.048s] -- Up-to-date: /home/avinaash/doozy_robotics/doozy_ws_2/install/apriltag_msgs/include/apriltag_msgs/msg
[1.048s] -- Up-to-date: /home/avinaash/doozy_robotics/doozy_ws_2/install/apriltag_msgs/include/apriltag_msgs/msg/rosidl_typesupport_introspection_c__visibility_control.h
[1.048s] -- Up-to-date: /home/avinaash/doozy_robotics/doozy_ws_2/install/apriltag_msgs/include/apriltag_msgs/msg/detail
[1.048s] -- Up-to-date: /home/avinaash/doozy_robotics/doozy_ws_2/install/apriltag_msgs/include/apriltag_msgs/msg/detail/april_tag_detection__type_support.c
[1.049s] -- Up-to-date: /home/avinaash/doozy_robotics/doozy_ws_2/install/apriltag_msgs/include/apriltag_msgs/msg/detail/point__type_support.c
[1.049s] -- Up-to-date: /home/avinaash/doozy_robotics/doozy_ws_2/install/apriltag_msgs/include/apriltag_msgs/msg/detail/april_tag_detection__rosidl_typesupport_introspection_c.h
[1.049s] -- Up-to-date: /home/avinaash/doozy_robotics/doozy_ws_2/install/apriltag_msgs/include/apriltag_msgs/msg/detail/point__rosidl_typesupport_introspection_c.h
[1.049s] -- Up-to-date: /home/avinaash/doozy_robotics/doozy_ws_2/install/apriltag_msgs/include/apriltag_msgs/msg/detail/april_tag_detection_array__type_support.c
[1.049s] -- Up-to-date: /home/avinaash/doozy_robotics/doozy_ws_2/install/apriltag_msgs/include/apriltag_msgs/msg/detail/april_tag_detection_array__rosidl_typesupport_introspection_c.h
[1.049s] -- Up-to-date: /home/avinaash/doozy_robotics/doozy_ws_2/install/apriltag_msgs/lib/libapriltag_msgs__rosidl_typesupport_introspection_c.so
[1.050s] -- Up-to-date: /home/avinaash/doozy_robotics/doozy_ws_2/install/apriltag_msgs/lib/libapriltag_msgs__rosidl_typesupport_c.so
[1.050s] -- Up-to-date: /home/avinaash/doozy_robotics/doozy_ws_2/install/apriltag_msgs/include/apriltag_msgs
[1.050s] -- Up-to-date: /home/avinaash/doozy_robotics/doozy_ws_2/install/apriltag_msgs/include/apriltag_msgs/msg
[1.050s] -- Up-to-date: /home/avinaash/doozy_robotics/doozy_ws_2/install/apriltag_msgs/include/apriltag_msgs/msg/point.hpp
[1.050s] -- Up-to-date: /home/avinaash/doozy_robotics/doozy_ws_2/install/apriltag_msgs/include/apriltag_msgs/msg/detail
[1.050s] -- Up-to-date: /home/avinaash/doozy_robotics/doozy_ws_2/install/apriltag_msgs/include/apriltag_msgs/msg/detail/point__struct.hpp
[1.050s] -- Up-to-date: /home/avinaash/doozy_robotics/doozy_ws_2/install/apriltag_msgs/include/apriltag_msgs/msg/detail/april_tag_detection_array__struct.hpp
[1.051s] -- Up-to-date: /home/avinaash/doozy_robotics/doozy_ws_2/install/apriltag_msgs/include/apriltag_msgs/msg/detail/april_tag_detection__traits.hpp
[1.052s] -- Up-to-date: /home/avinaash/doozy_robotics/doozy_ws_2/install/apriltag_msgs/include/apriltag_msgs/msg/detail/april_tag_detection__builder.hpp
[1.052s] -- Up-to-date: /home/avinaash/doozy_robotics/doozy_ws_2/install/apriltag_msgs/include/apriltag_msgs/msg/detail/april_tag_detection_array__builder.hpp
[1.053s] -- Up-to-date: /home/avinaash/doozy_robotics/doozy_ws_2/install/apriltag_msgs/include/apriltag_msgs/msg/detail/april_tag_detection__struct.hpp
[1.053s] -- Up-to-date: /home/avinaash/doozy_robotics/doozy_ws_2/install/apriltag_msgs/include/apriltag_msgs/msg/detail/point__builder.hpp
[1.054s] -- Up-to-date: /home/avinaash/doozy_robotics/doozy_ws_2/install/apriltag_msgs/include/apriltag_msgs/msg/detail/point__traits.hpp
[1.054s] -- Up-to-date: /home/avinaash/doozy_robotics/doozy_ws_2/install/apriltag_msgs/include/apriltag_msgs/msg/detail/april_tag_detection_array__traits.hpp
[1.054s] -- Up-to-date: /home/avinaash/doozy_robotics/doozy_ws_2/install/apriltag_msgs/include/apriltag_msgs/msg/april_tag_detection_array.hpp
[1.054s] -- Up-to-date: /home/avinaash/doozy_robotics/doozy_ws_2/install/apriltag_msgs/include/apriltag_msgs/msg/april_tag_detection.hpp
[1.054s] -- Up-to-date: /home/avinaash/doozy_robotics/doozy_ws_2/install/apriltag_msgs/include/apriltag_msgs
[1.054s] -- Up-to-date: /home/avinaash/doozy_robotics/doozy_ws_2/install/apriltag_msgs/include/apriltag_msgs/msg
[1.055s] -- Up-to-date: /home/avinaash/doozy_robotics/doozy_ws_2/install/apriltag_msgs/include/apriltag_msgs/msg/detail
[1.056s] -- Up-to-date: /home/avinaash/doozy_robotics/doozy_ws_2/install/apriltag_msgs/include/apriltag_msgs/msg/detail/point__type_support.cpp
[1.056s] -- Up-to-date: /home/avinaash/doozy_robotics/doozy_ws_2/install/apriltag_msgs/include/apriltag_msgs/msg/detail/point__rosidl_typesupport_introspection_cpp.hpp
[1.056s] -- Up-to-date: /home/avinaash/doozy_robotics/doozy_ws_2/install/apriltag_msgs/include/apriltag_msgs/msg/detail/april_tag_detection__type_support.cpp
[1.057s] -- Up-to-date: /home/avinaash/doozy_robotics/doozy_ws_2/install/apriltag_msgs/include/apriltag_msgs/msg/detail/april_tag_detection_array__type_support.cpp
[1.058s] -- Up-to-date: /home/avinaash/doozy_robotics/doozy_ws_2/install/apriltag_msgs/include/apriltag_msgs/msg/detail/april_tag_detection_array__rosidl_typesupport_introspection_cpp.hpp
[1.058s] -- Up-to-date: /home/avinaash/doozy_robotics/doozy_ws_2/install/apriltag_msgs/include/apriltag_msgs/msg/detail/april_tag_detection__rosidl_typesupport_introspection_cpp.hpp
[1.058s] -- Up-to-date: /home/avinaash/doozy_robotics/doozy_ws_2/install/apriltag_msgs/lib/libapriltag_msgs__rosidl_typesupport_introspection_cpp.so
[1.059s] -- Up-to-date: /home/avinaash/doozy_robotics/doozy_ws_2/install/apriltag_msgs/lib/libapriltag_msgs__rosidl_typesupport_cpp.so
[1.059s] -- Up-to-date: /home/avinaash/doozy_robotics/doozy_ws_2/install/apriltag_msgs/share/apriltag_msgs/environment/pythonpath.sh
[1.059s] -- Up-to-date: /home/avinaash/doozy_robotics/doozy_ws_2/install/apriltag_msgs/share/apriltag_msgs/environment/pythonpath.dsv
[1.059s] -- Up-to-date: /home/avinaash/doozy_robotics/doozy_ws_2/install/apriltag_msgs/lib/python3.8/site-packages/apriltag_msgs/__init__.py
[1.087s] -- Up-to-date: /home/avinaash/doozy_robotics/doozy_ws_2/install/apriltag_msgs/lib/python3.8/site-packages/apriltag_msgs/msg
[1.087s] -- Up-to-date: /home/avinaash/doozy_robotics/doozy_ws_2/install/apriltag_msgs/lib/python3.8/site-packages/apriltag_msgs/msg/_april_tag_detection_s.c
[1.087s] -- Up-to-date: /home/avinaash/doozy_robotics/doozy_ws_2/install/apriltag_msgs/lib/python3.8/site-packages/apriltag_msgs/msg/_april_tag_detection.py
[1.088s] -- Up-to-date: /home/avinaash/doozy_robotics/doozy_ws_2/install/apriltag_msgs/lib/python3.8/site-packages/apriltag_msgs/msg/_point_s.c
[1.088s] -- Up-to-date: /home/avinaash/doozy_robotics/doozy_ws_2/install/apriltag_msgs/lib/python3.8/site-packages/apriltag_msgs/msg/__init__.py
[1.089s] -- Up-to-date: /home/avinaash/doozy_robotics/doozy_ws_2/install/apriltag_msgs/lib/python3.8/site-packages/apriltag_msgs/msg/_april_tag_detection_array_s.c
[1.090s] -- Up-to-date: /home/avinaash/doozy_robotics/doozy_ws_2/install/apriltag_msgs/lib/python3.8/site-packages/apriltag_msgs/msg/_april_tag_detection_array.py
[1.090s] -- Up-to-date: /home/avinaash/doozy_robotics/doozy_ws_2/install/apriltag_msgs/lib/python3.8/site-packages/apriltag_msgs/msg/_point.py
[1.090s] -- Up-to-date: /home/avinaash/doozy_robotics/doozy_ws_2/install/apriltag_msgs/lib/python3.8/site-packages/apriltag_msgs/apriltag_msgs_s__rosidl_typesupport_fastrtps_c.cpython-38-x86_64-linux-gnu.so
[1.090s] -- Up-to-date: /home/avinaash/doozy_robotics/doozy_ws_2/install/apriltag_msgs/lib/python3.8/site-packages/apriltag_msgs/apriltag_msgs_s__rosidl_typesupport_introspection_c.cpython-38-x86_64-linux-gnu.so
[1.090s] -- Up-to-date: /home/avinaash/doozy_robotics/doozy_ws_2/install/apriltag_msgs/lib/python3.8/site-packages/apriltag_msgs/apriltag_msgs_s__rosidl_typesupport_c.cpython-38-x86_64-linux-gnu.so
[1.091s] -- Up-to-date: /home/avinaash/doozy_robotics/doozy_ws_2/install/apriltag_msgs/lib/libapriltag_msgs__python.so
[1.091s] -- Up-to-date: /home/avinaash/doozy_robotics/doozy_ws_2/install/apriltag_msgs/share/apriltag_msgs/msg/Point.idl
[1.092s] -- Up-to-date: /home/avinaash/doozy_robotics/doozy_ws_2/install/apriltag_msgs/share/apriltag_msgs/msg/AprilTagDetection.idl
[1.092s] -- Up-to-date: /home/avinaash/doozy_robotics/doozy_ws_2/install/apriltag_msgs/share/apriltag_msgs/msg/AprilTagDetectionArray.idl
[1.093s] -- Up-to-date: /home/avinaash/doozy_robotics/doozy_ws_2/install/apriltag_msgs/share/apriltag_msgs/msg/Point.msg
[1.094s] -- Up-to-date: /home/avinaash/doozy_robotics/doozy_ws_2/install/apriltag_msgs/share/apriltag_msgs/msg/AprilTagDetection.msg
[1.095s] -- Up-to-date: /home/avinaash/doozy_robotics/doozy_ws_2/install/apriltag_msgs/share/apriltag_msgs/msg/AprilTagDetectionArray.msg
[1.095s] -- Up-to-date: /home/avinaash/doozy_robotics/doozy_ws_2/install/apriltag_msgs/share/ament_index/resource_index/package_run_dependencies/apriltag_msgs
[1.096s] -- Up-to-date: /home/avinaash/doozy_robotics/doozy_ws_2/install/apriltag_msgs/share/ament_index/resource_index/parent_prefix_path/apriltag_msgs
[1.096s] -- Up-to-date: /home/avinaash/doozy_robotics/doozy_ws_2/install/apriltag_msgs/share/apriltag_msgs/environment/ament_prefix_path.sh
[1.096s] -- Up-to-date: /home/avinaash/doozy_robotics/doozy_ws_2/install/apriltag_msgs/share/apriltag_msgs/environment/ament_prefix_path.dsv
[1.097s] -- Up-to-date: /home/avinaash/doozy_robotics/doozy_ws_2/install/apriltag_msgs/share/apriltag_msgs/environment/path.sh
[1.097s] -- Up-to-date: /home/avinaash/doozy_robotics/doozy_ws_2/install/apriltag_msgs/share/apriltag_msgs/environment/path.dsv
[1.097s] -- Up-to-date: /home/avinaash/doozy_robotics/doozy_ws_2/install/apriltag_msgs/share/apriltag_msgs/local_setup.bash
[1.098s] -- Up-to-date: /home/avinaash/doozy_robotics/doozy_ws_2/install/apriltag_msgs/share/apriltag_msgs/local_setup.sh
[1.098s] -- Up-to-date: /home/avinaash/doozy_robotics/doozy_ws_2/install/apriltag_msgs/share/apriltag_msgs/local_setup.zsh
[1.099s] -- Up-to-date: /home/avinaash/doozy_robotics/doozy_ws_2/install/apriltag_msgs/share/apriltag_msgs/local_setup.dsv
[1.099s] -- Installing: /home/avinaash/doozy_robotics/doozy_ws_2/install/apriltag_msgs/share/apriltag_msgs/package.dsv
[1.100s] -- Up-to-date: /home/avinaash/doozy_robotics/doozy_ws_2/install/apriltag_msgs/share/ament_index/resource_index/packages/apriltag_msgs
[1.100s] -- Up-to-date: /home/avinaash/doozy_robotics/doozy_ws_2/install/apriltag_msgs/share/apriltag_msgs/cmake/apriltag_msgs__rosidl_generator_cExport.cmake
[1.100s] -- Up-to-date: /home/avinaash/doozy_robotics/doozy_ws_2/install/apriltag_msgs/share/apriltag_msgs/cmake/apriltag_msgs__rosidl_generator_cExport-noconfig.cmake
[1.101s] -- Up-to-date: /home/avinaash/doozy_robotics/doozy_ws_2/install/apriltag_msgs/share/apriltag_msgs/cmake/apriltag_msgs__rosidl_typesupport_introspection_cExport.cmake
[1.101s] -- Up-to-date: /home/avinaash/doozy_robotics/doozy_ws_2/install/apriltag_msgs/share/apriltag_msgs/cmake/apriltag_msgs__rosidl_typesupport_introspection_cExport-noconfig.cmake
[1.102s] -- Up-to-date: /home/avinaash/doozy_robotics/doozy_ws_2/install/apriltag_msgs/share/apriltag_msgs/cmake/apriltag_msgs__rosidl_typesupport_cExport.cmake
[1.102s] -- Up-to-date: /home/avinaash/doozy_robotics/doozy_ws_2/install/apriltag_msgs/share/apriltag_msgs/cmake/apriltag_msgs__rosidl_typesupport_cExport-noconfig.cmake
[1.103s] -- Up-to-date: /home/avinaash/doozy_robotics/doozy_ws_2/install/apriltag_msgs/share/apriltag_msgs/cmake/apriltag_msgs__rosidl_generator_cppExport.cmake
[1.103s] -- Up-to-date: /home/avinaash/doozy_robotics/doozy_ws_2/install/apriltag_msgs/share/apriltag_msgs/cmake/apriltag_msgs__rosidl_typesupport_introspection_cppExport.cmake
[1.103s] -- Up-to-date: /home/avinaash/doozy_robotics/doozy_ws_2/install/apriltag_msgs/share/apriltag_msgs/cmake/apriltag_msgs__rosidl_typesupport_introspection_cppExport-noconfig.cmake
[1.103s] -- Up-to-date: /home/avinaash/doozy_robotics/doozy_ws_2/install/apriltag_msgs/share/apriltag_msgs/cmake/apriltag_msgs__rosidl_typesupport_cppExport.cmake
[1.103s] -- Up-to-date: /home/avinaash/doozy_robotics/doozy_ws_2/install/apriltag_msgs/share/apriltag_msgs/cmake/apriltag_msgs__rosidl_typesupport_cppExport-noconfig.cmake
[1.104s] -- Up-to-date: /home/avinaash/doozy_robotics/doozy_ws_2/install/apriltag_msgs/share/apriltag_msgs/cmake/rosidl_cmake-extras.cmake
[1.104s] -- Up-to-date: /home/avinaash/doozy_robotics/doozy_ws_2/install/apriltag_msgs/share/apriltag_msgs/cmake/ament_cmake_export_dependencies-extras.cmake
[1.104s] -- Up-to-date: /home/avinaash/doozy_robotics/doozy_ws_2/install/apriltag_msgs/share/apriltag_msgs/cmake/ament_cmake_export_libraries-extras.cmake
[1.105s] -- Up-to-date: /home/avinaash/doozy_robotics/doozy_ws_2/install/apriltag_msgs/share/apriltag_msgs/cmake/ament_cmake_export_targets-extras.cmake
[1.105s] -- Up-to-date: /home/avinaash/doozy_robotics/doozy_ws_2/install/apriltag_msgs/share/apriltag_msgs/cmake/ament_cmake_export_include_directories-extras.cmake
[1.105s] -- Up-to-date: /home/avinaash/doozy_robotics/doozy_ws_2/install/apriltag_msgs/share/apriltag_msgs/cmake/rosidl_cmake_export_typesupport_libraries-extras.cmake
[1.105s] -- Up-to-date: /home/avinaash/doozy_robotics/doozy_ws_2/install/apriltag_msgs/share/apriltag_msgs/cmake/rosidl_cmake_export_typesupport_targets-extras.cmake
[1.105s] -- Up-to-date: /home/avinaash/doozy_robotics/doozy_ws_2/install/apriltag_msgs/share/apriltag_msgs/cmake/apriltag_msgsConfig.cmake
[1.105s] -- Up-to-date: /home/avinaash/doozy_robotics/doozy_ws_2/install/apriltag_msgs/share/apriltag_msgs/cmake/apriltag_msgsConfig-version.cmake
[1.106s] -- Up-to-date: /home/avinaash/doozy_robotics/doozy_ws_2/install/apriltag_msgs/share/apriltag_msgs/package.xml
[1.218s] Invoked command in '/home/avinaash/doozy_robotics/doozy_ws_2/build/apriltag_msgs' returned '0': CMAKE_PREFIX_PATH=${CMAKE_PREFIX_PATH}:/home/avinaash/doozy_robotics/doozy_ws_2/install/turtlebot3_teleop:/home/avinaash/doozy_robotics/doozy_ws_2/install/turtlebot3_example:/home/avinaash/doozy_robotics/doozy_ws_2/install/turtlebot3_automatic_parking:/home/avinaash/doozy_robotics/doozy_ws_2/install/pallet_docker_02:/home/avinaash/doozy_robotics/doozy_ws_2/install/opencv_tests:/home/avinaash/doozy_robotics/doozy_ws_2/install/camera_calibration:/opt/ros/galactic /usr/bin/cmake --install /home/avinaash/doozy_robotics/doozy_ws_2/build/apriltag_msgs
