[0.611s] Invoking command in '/home/avinaash/doozy_robotics/doozy_ws_2/build/turtlebot3_description': CMAKE_PREFIX_PATH=${CMAKE_PREFIX_PATH}:/home/avinaash/doozy_robotics/doozy_ws_2/install/turtlebot3_teleop:/home/avinaash/doozy_robotics/doozy_ws_2/install/turtlebot3_example:/home/avinaash/doozy_robotics/doozy_ws_2/install/pallet_docker_02:/opt/ros/galactic /usr/bin/cmake --build /home/avinaash/doozy_robotics/doozy_ws_2/build/turtlebot3_description -- -j12 -l12
[7.350s] Invoked command in '/home/avinaash/doozy_robotics/doozy_ws_2/build/turtlebot3_description' returned '0': CMAKE_PREFIX_PATH=${CMAKE_PREFIX_PATH}:/home/avinaash/doozy_robotics/doozy_ws_2/install/turtlebot3_teleop:/home/avinaash/doozy_robotics/doozy_ws_2/install/turtlebot3_example:/home/avinaash/doozy_robotics/doozy_ws_2/install/pallet_docker_02:/opt/ros/galactic /usr/bin/cmake --build /home/avinaash/doozy_robotics/doozy_ws_2/build/turtlebot3_description -- -j12 -l12
[7.842s] Invoking command in '/home/avinaash/doozy_robotics/doozy_ws_2/build/turtlebot3_description': CMAKE_PREFIX_PATH=${CMAKE_PREFIX_PATH}:/home/avinaash/doozy_robotics/doozy_ws_2/install/turtlebot3_teleop:/home/avinaash/doozy_robotics/doozy_ws_2/install/turtlebot3_example:/home/avinaash/doozy_robotics/doozy_ws_2/install/pallet_docker_02:/opt/ros/galactic /usr/bin/cmake --install /home/avinaash/doozy_robotics/doozy_ws_2/build/turtlebot3_description
[7.954s] -- Install configuration: ""
[7.955s] -- Up-to-date: /home/avinaash/doozy_robotics/doozy_ws_2/install/turtlebot3_description/share/turtlebot3_description/meshes
[7.955s] -- Up-to-date: /home/avinaash/doozy_robotics/doozy_ws_2/install/turtlebot3_description/share/turtlebot3_description/meshes/wheels
[7.956s] -- Up-to-date: /home/avinaash/doozy_robotics/doozy_ws_2/install/turtlebot3_description/share/turtlebot3_description/meshes/wheels/left_tire.stl
[7.957s] -- Up-to-date: /home/avinaash/doozy_robotics/doozy_ws_2/install/turtlebot3_description/share/turtlebot3_description/meshes/wheels/right_tire.stl
[7.957s] -- Up-to-date: /home/avinaash/doozy_robotics/doozy_ws_2/install/turtlebot3_description/share/turtlebot3_description/meshes/bases
[7.958s] -- Up-to-date: /home/avinaash/doozy_robotics/doozy_ws_2/install/turtlebot3_description/share/turtlebot3_description/meshes/bases/waffle_base.stl
[7.958s] -- Up-to-date: /home/avinaash/doozy_robotics/doozy_ws_2/install/turtlebot3_description/share/turtlebot3_description/meshes/bases/burger_base.stl
[7.958s] -- Up-to-date: /home/avinaash/doozy_robotics/doozy_ws_2/install/turtlebot3_description/share/turtlebot3_description/meshes/bases/waffle_pi_base.stl
[7.958s] -- Up-to-date: /home/avinaash/doozy_robotics/doozy_ws_2/install/turtlebot3_description/share/turtlebot3_description/meshes/sensors
[7.958s] -- Up-to-date: /home/avinaash/doozy_robotics/doozy_ws_2/install/turtlebot3_description/share/turtlebot3_description/meshes/sensors/astra.jpg
[7.959s] -- Up-to-date: /home/avinaash/doozy_robotics/doozy_ws_2/install/turtlebot3_description/share/turtlebot3_description/meshes/sensors/r200.dae
[7.959s] -- Up-to-date: /home/avinaash/doozy_robotics/doozy_ws_2/install/turtlebot3_description/share/turtlebot3_description/meshes/sensors/astra.dae
[7.961s] -- Up-to-date: /home/avinaash/doozy_robotics/doozy_ws_2/install/turtlebot3_description/share/turtlebot3_description/meshes/sensors/lds.stl
[7.963s] -- Up-to-date: /home/avinaash/doozy_robotics/doozy_ws_2/install/turtlebot3_description/share/turtlebot3_description/meshes/sensors/r200.jpg
[7.965s] -- Up-to-date: /home/avinaash/doozy_robotics/doozy_ws_2/install/turtlebot3_description/share/turtlebot3_description/rviz
[8.003s] -- Up-to-date: /home/avinaash/doozy_robotics/doozy_ws_2/install/turtlebot3_description/share/turtlebot3_description/rviz/model.rviz
[8.006s] -- Up-to-date: /home/avinaash/doozy_robotics/doozy_ws_2/install/turtlebot3_description/share/turtlebot3_description/urdf
[8.026s] -- Up-to-date: /home/avinaash/doozy_robotics/doozy_ws_2/install/turtlebot3_description/share/turtlebot3_description/urdf/turtlebot3_waffle.urdf
[8.030s] -- Up-to-date: /home/avinaash/doozy_robotics/doozy_ws_2/install/turtlebot3_description/share/turtlebot3_description/urdf/turtlebot3_burger.urdf
[8.038s] -- Up-to-date: /home/avinaash/doozy_robotics/doozy_ws_2/install/turtlebot3_description/share/turtlebot3_description/urdf/common_properties.urdf
[8.054s] -- Up-to-date: /home/avinaash/doozy_robotics/doozy_ws_2/install/turtlebot3_description/share/turtlebot3_description/urdf/turtlebot3_waffle_pi.urdf
[8.054s] -- Up-to-date: /home/avinaash/doozy_robotics/doozy_ws_2/install/turtlebot3_description/share/ament_index/resource_index/package_run_dependencies/turtlebot3_description
[8.055s] -- Up-to-date: /home/avinaash/doozy_robotics/doozy_ws_2/install/turtlebot3_description/share/ament_index/resource_index/parent_prefix_path/turtlebot3_description
[8.055s] -- Up-to-date: /home/avinaash/doozy_robotics/doozy_ws_2/install/turtlebot3_description/share/turtlebot3_description/environment/ament_prefix_path.sh
[8.055s] -- Up-to-date: /home/avinaash/doozy_robotics/doozy_ws_2/install/turtlebot3_description/share/turtlebot3_description/environment/ament_prefix_path.dsv
[8.055s] -- Up-to-date: /home/avinaash/doozy_robotics/doozy_ws_2/install/turtlebot3_description/share/turtlebot3_description/environment/path.sh
[8.055s] -- Up-to-date: /home/avinaash/doozy_robotics/doozy_ws_2/install/turtlebot3_description/share/turtlebot3_description/environment/path.dsv
[8.055s] -- Up-to-date: /home/avinaash/doozy_robotics/doozy_ws_2/install/turtlebot3_description/share/turtlebot3_description/local_setup.bash
[8.056s] -- Up-to-date: /home/avinaash/doozy_robotics/doozy_ws_2/install/turtlebot3_description/share/turtlebot3_description/local_setup.sh
[8.056s] -- Up-to-date: /home/avinaash/doozy_robotics/doozy_ws_2/install/turtlebot3_description/share/turtlebot3_description/local_setup.zsh
[8.057s] -- Up-to-date: /home/avinaash/doozy_robotics/doozy_ws_2/install/turtlebot3_description/share/turtlebot3_description/local_setup.dsv
[8.058s] -- Installing: /home/avinaash/doozy_robotics/doozy_ws_2/install/turtlebot3_description/share/turtlebot3_description/package.dsv
[8.059s] -- Up-to-date: /home/avinaash/doozy_robotics/doozy_ws_2/install/turtlebot3_description/share/ament_index/resource_index/packages/turtlebot3_description
[8.060s] -- Up-to-date: /home/avinaash/doozy_robotics/doozy_ws_2/install/turtlebot3_description/share/turtlebot3_description/cmake/turtlebot3_descriptionConfig.cmake
[8.061s] -- Up-to-date: /home/avinaash/doozy_robotics/doozy_ws_2/install/turtlebot3_description/share/turtlebot3_description/cmake/turtlebot3_descriptionConfig-version.cmake
[8.062s] -- Up-to-date: /home/avinaash/doozy_robotics/doozy_ws_2/install/turtlebot3_description/share/turtlebot3_description/package.xml
[8.302s] Invoked command in '/home/avinaash/doozy_robotics/doozy_ws_2/build/turtlebot3_description' returned '0': CMAKE_PREFIX_PATH=${CMAKE_PREFIX_PATH}:/home/avinaash/doozy_robotics/doozy_ws_2/install/turtlebot3_teleop:/home/avinaash/doozy_robotics/doozy_ws_2/install/turtlebot3_example:/home/avinaash/doozy_robotics/doozy_ws_2/install/pallet_docker_02:/opt/ros/galactic /usr/bin/cmake --install /home/avinaash/doozy_robotics/doozy_ws_2/build/turtlebot3_description
