[0.105s] Invoking command in '/home/avinaash/doozy_robotics/doozy_ws_2/build/turtlebot3_bringup': CMAKE_PREFIX_PATH=/home/avinaash/doozy_robotics/doozy_ws_2/install/turtlebot3_node:/home/avinaash/doozy_robotics/doozy_ws_2/install/turtlebot3_description:/home/avinaash/doozy_robotics/doozy_ws_2/install/turtlebot3:/home/avinaash/doozy_robotics/doozy_ws_2/install/turtlebot3_simulations:/home/avinaash/doozy_robotics/doozy_ws_2/install/turtlebot3_bringup:/home/avinaash/doozy_robotics/doozy_ws_2/install/turtlebot3_navigation2:/home/avinaash/doozy_robotics/doozy_ws_2/install/turtlebot3_gazebo:/home/avinaash/doozy_robotics/doozy_ws_2/install/turtlebot3_fake_node:/home/avinaash/doozy_robotics/doozy_ws_2/install/turtlebot3_cartographer:/home/avinaash/doozy_robotics/doozy_ws_2/install/sick_visionary_t_mini:/home/avinaash/doozy_robotics/doozy_ws_2/install/doozy_actions:/home/avinaash/doozy_robotics/doozy_ws_2/install/turtlebot3_teleop:/home/avinaash/doozy_robotics/doozy_ws_2/install/turtlebot3_example:/home/avinaash/doozy_robotics/doozy_ws_2/install/pallet_docker_02:/opt/ros/galactic /usr/bin/cmake --build /home/avinaash/doozy_robotics/doozy_ws_2/build/turtlebot3_bringup -- -j12 -l12
[0.224s] Invoked command in '/home/avinaash/doozy_robotics/doozy_ws_2/build/turtlebot3_bringup' returned '0': CMAKE_PREFIX_PATH=/home/avinaash/doozy_robotics/doozy_ws_2/install/turtlebot3_node:/home/avinaash/doozy_robotics/doozy_ws_2/install/turtlebot3_description:/home/avinaash/doozy_robotics/doozy_ws_2/install/turtlebot3:/home/avinaash/doozy_robotics/doozy_ws_2/install/turtlebot3_simulations:/home/avinaash/doozy_robotics/doozy_ws_2/install/turtlebot3_bringup:/home/avinaash/doozy_robotics/doozy_ws_2/install/turtlebot3_navigation2:/home/avinaash/doozy_robotics/doozy_ws_2/install/turtlebot3_gazebo:/home/avinaash/doozy_robotics/doozy_ws_2/install/turtlebot3_fake_node:/home/avinaash/doozy_robotics/doozy_ws_2/install/turtlebot3_cartographer:/home/avinaash/doozy_robotics/doozy_ws_2/install/sick_visionary_t_mini:/home/avinaash/doozy_robotics/doozy_ws_2/install/doozy_actions:/home/avinaash/doozy_robotics/doozy_ws_2/install/turtlebot3_teleop:/home/avinaash/doozy_robotics/doozy_ws_2/install/turtlebot3_example:/home/avinaash/doozy_robotics/doozy_ws_2/install/pallet_docker_02:/opt/ros/galactic /usr/bin/cmake --build /home/avinaash/doozy_robotics/doozy_ws_2/build/turtlebot3_bringup -- -j12 -l12
[0.307s] Invoking command in '/home/avinaash/doozy_robotics/doozy_ws_2/build/turtlebot3_bringup': CMAKE_PREFIX_PATH=/home/avinaash/doozy_robotics/doozy_ws_2/install/turtlebot3_node:/home/avinaash/doozy_robotics/doozy_ws_2/install/turtlebot3_description:/home/avinaash/doozy_robotics/doozy_ws_2/install/turtlebot3:/home/avinaash/doozy_robotics/doozy_ws_2/install/turtlebot3_simulations:/home/avinaash/doozy_robotics/doozy_ws_2/install/turtlebot3_bringup:/home/avinaash/doozy_robotics/doozy_ws_2/install/turtlebot3_navigation2:/home/avinaash/doozy_robotics/doozy_ws_2/install/turtlebot3_gazebo:/home/avinaash/doozy_robotics/doozy_ws_2/install/turtlebot3_fake_node:/home/avinaash/doozy_robotics/doozy_ws_2/install/turtlebot3_cartographer:/home/avinaash/doozy_robotics/doozy_ws_2/install/sick_visionary_t_mini:/home/avinaash/doozy_robotics/doozy_ws_2/install/doozy_actions:/home/avinaash/doozy_robotics/doozy_ws_2/install/turtlebot3_teleop:/home/avinaash/doozy_robotics/doozy_ws_2/install/turtlebot3_example:/home/avinaash/doozy_robotics/doozy_ws_2/install/pallet_docker_02:/opt/ros/galactic /usr/bin/cmake --install /home/avinaash/doozy_robotics/doozy_ws_2/build/turtlebot3_bringup
[0.328s] -- Install configuration: ""
[0.331s] -- Up-to-date: /home/avinaash/doozy_robotics/doozy_ws_2/install/turtlebot3_bringup/share/turtlebot3_bringup/launch
[0.333s] -- Up-to-date: /home/avinaash/doozy_robotics/doozy_ws_2/install/turtlebot3_bringup/share/turtlebot3_bringup/launch/turtlebot3_state_publisher.launch.py
[0.333s] -- Up-to-date: /home/avinaash/doozy_robotics/doozy_ws_2/install/turtlebot3_bringup/share/turtlebot3_bringup/launch/robot.launch.py
[0.334s] -- Up-to-date: /home/avinaash/doozy_robotics/doozy_ws_2/install/turtlebot3_bringup/share/turtlebot3_bringup/launch/rviz2.launch.py
[0.334s] -- Up-to-date: /home/avinaash/doozy_robotics/doozy_ws_2/install/turtlebot3_bringup/share/turtlebot3_bringup/param
[0.335s] -- Up-to-date: /home/avinaash/doozy_robotics/doozy_ws_2/install/turtlebot3_bringup/share/turtlebot3_bringup/param/waffle_pi.yaml
[0.335s] -- Up-to-date: /home/avinaash/doozy_robotics/doozy_ws_2/install/turtlebot3_bringup/share/turtlebot3_bringup/param/waffle.yaml
[0.337s] -- Up-to-date: /home/avinaash/doozy_robotics/doozy_ws_2/install/turtlebot3_bringup/share/turtlebot3_bringup/param/burger.yaml
[0.338s] -- Up-to-date: /home/avinaash/doozy_robotics/doozy_ws_2/install/turtlebot3_bringup/share/ament_index/resource_index/package_run_dependencies/turtlebot3_bringup
[0.338s] -- Up-to-date: /home/avinaash/doozy_robotics/doozy_ws_2/install/turtlebot3_bringup/share/ament_index/resource_index/parent_prefix_path/turtlebot3_bringup
[0.338s] -- Up-to-date: /home/avinaash/doozy_robotics/doozy_ws_2/install/turtlebot3_bringup/share/turtlebot3_bringup/environment/ament_prefix_path.sh
[0.339s] -- Up-to-date: /home/avinaash/doozy_robotics/doozy_ws_2/install/turtlebot3_bringup/share/turtlebot3_bringup/environment/ament_prefix_path.dsv
[0.340s] -- Up-to-date: /home/avinaash/doozy_robotics/doozy_ws_2/install/turtlebot3_bringup/share/turtlebot3_bringup/environment/path.sh
[0.341s] -- Up-to-date: /home/avinaash/doozy_robotics/doozy_ws_2/install/turtlebot3_bringup/share/turtlebot3_bringup/environment/path.dsv
[0.341s] -- Up-to-date: /home/avinaash/doozy_robotics/doozy_ws_2/install/turtlebot3_bringup/share/turtlebot3_bringup/local_setup.bash
[0.342s] -- Up-to-date: /home/avinaash/doozy_robotics/doozy_ws_2/install/turtlebot3_bringup/share/turtlebot3_bringup/local_setup.sh
[0.342s] -- Up-to-date: /home/avinaash/doozy_robotics/doozy_ws_2/install/turtlebot3_bringup/share/turtlebot3_bringup/local_setup.zsh
[0.344s] -- Up-to-date: /home/avinaash/doozy_robotics/doozy_ws_2/install/turtlebot3_bringup/share/turtlebot3_bringup/local_setup.dsv
[0.344s] -- Installing: /home/avinaash/doozy_robotics/doozy_ws_2/install/turtlebot3_bringup/share/turtlebot3_bringup/package.dsv
[0.345s] -- Up-to-date: /home/avinaash/doozy_robotics/doozy_ws_2/install/turtlebot3_bringup/share/ament_index/resource_index/packages/turtlebot3_bringup
[0.345s] -- Up-to-date: /home/avinaash/doozy_robotics/doozy_ws_2/install/turtlebot3_bringup/share/turtlebot3_bringup/cmake/turtlebot3_bringupConfig.cmake
[0.346s] -- Up-to-date: /home/avinaash/doozy_robotics/doozy_ws_2/install/turtlebot3_bringup/share/turtlebot3_bringup/cmake/turtlebot3_bringupConfig-version.cmake
[0.346s] -- Up-to-date: /home/avinaash/doozy_robotics/doozy_ws_2/install/turtlebot3_bringup/share/turtlebot3_bringup/package.xml
[0.382s] Invoked command in '/home/avinaash/doozy_robotics/doozy_ws_2/build/turtlebot3_bringup' returned '0': CMAKE_PREFIX_PATH=/home/avinaash/doozy_robotics/doozy_ws_2/install/turtlebot3_node:/home/avinaash/doozy_robotics/doozy_ws_2/install/turtlebot3_description:/home/avinaash/doozy_robotics/doozy_ws_2/install/turtlebot3:/home/avinaash/doozy_robotics/doozy_ws_2/install/turtlebot3_simulations:/home/avinaash/doozy_robotics/doozy_ws_2/install/turtlebot3_bringup:/home/avinaash/doozy_robotics/doozy_ws_2/install/turtlebot3_navigation2:/home/avinaash/doozy_robotics/doozy_ws_2/install/turtlebot3_gazebo:/home/avinaash/doozy_robotics/doozy_ws_2/install/turtlebot3_fake_node:/home/avinaash/doozy_robotics/doozy_ws_2/install/turtlebot3_cartographer:/home/avinaash/doozy_robotics/doozy_ws_2/install/sick_visionary_t_mini:/home/avinaash/doozy_robotics/doozy_ws_2/install/doozy_actions:/home/avinaash/doozy_robotics/doozy_ws_2/install/turtlebot3_teleop:/home/avinaash/doozy_robotics/doozy_ws_2/install/turtlebot3_example:/home/avinaash/doozy_robotics/doozy_ws_2/install/pallet_docker_02:/opt/ros/galactic /usr/bin/cmake --install /home/avinaash/doozy_robotics/doozy_ws_2/build/turtlebot3_bringup
