[0.165s] Invoking command in '/home/avinaash/doozy_robotics/doozy_ws_2/build/cv_bridge': CMAKE_PREFIX_PATH=${CMAKE_PREFIX_PATH}:/home/avinaash/doozy_robotics/doozy_ws_2/install/turtlebot3_teleop:/home/avinaash/doozy_robotics/doozy_ws_2/install/turtlebot3_example:/home/avinaash/doozy_robotics/doozy_ws_2/install/turtlebot3_automatic_parking:/home/avinaash/doozy_robotics/doozy_ws_2/install/pallet_robot:/home/avinaash/doozy_robotics/doozy_ws_2/install/pallet_docker_02:/home/avinaash/doozy_robotics/doozy_ws_2/install/opencv_tests:/home/avinaash/doozy_robotics/doozy_ws_2/install/camera_calibration:/opt/ros/galactic /usr/bin/cmake --build /home/avinaash/doozy_robotics/doozy_ws_2/build/cv_bridge -- -j12 -l12
[1.202s] [ 18%] Built target cv_bridge
[1.202s] [ 31%] Built target gtest
[1.203s] [ 43%] Built target gtest_main
[1.205s] [ 43%] Built target ament_cmake_python_copy_cv_bridge
[1.207s] [ 62%] Built target cv_bridge_boost
[1.207s] [100%] Built target cv_bridge-utest
[1.208s] running egg_info
[1.208s] writing cv_bridge.egg-info/PKG-INFO
[1.209s] writing dependency_links to cv_bridge.egg-info/dependency_links.txt
[1.210s] writing top-level names to cv_bridge.egg-info/top_level.txt
[1.210s] reading manifest file 'cv_bridge.egg-info/SOURCES.txt'
[1.211s] writing manifest file 'cv_bridge.egg-info/SOURCES.txt'
[1.211s] [100%] Built target ament_cmake_python_build_cv_bridge_egg
[1.239s] Invoked command in '/home/avinaash/doozy_robotics/doozy_ws_2/build/cv_bridge' returned '0': CMAKE_PREFIX_PATH=${CMAKE_PREFIX_PATH}:/home/avinaash/doozy_robotics/doozy_ws_2/install/turtlebot3_teleop:/home/avinaash/doozy_robotics/doozy_ws_2/install/turtlebot3_example:/home/avinaash/doozy_robotics/doozy_ws_2/install/turtlebot3_automatic_parking:/home/avinaash/doozy_robotics/doozy_ws_2/install/pallet_robot:/home/avinaash/doozy_robotics/doozy_ws_2/install/pallet_docker_02:/home/avinaash/doozy_robotics/doozy_ws_2/install/opencv_tests:/home/avinaash/doozy_robotics/doozy_ws_2/install/camera_calibration:/opt/ros/galactic /usr/bin/cmake --build /home/avinaash/doozy_robotics/doozy_ws_2/build/cv_bridge -- -j12 -l12
[1.334s] Invoking command in '/home/avinaash/doozy_robotics/doozy_ws_2/build/cv_bridge': CMAKE_PREFIX_PATH=${CMAKE_PREFIX_PATH}:/home/avinaash/doozy_robotics/doozy_ws_2/install/turtlebot3_teleop:/home/avinaash/doozy_robotics/doozy_ws_2/install/turtlebot3_example:/home/avinaash/doozy_robotics/doozy_ws_2/install/turtlebot3_automatic_parking:/home/avinaash/doozy_robotics/doozy_ws_2/install/pallet_robot:/home/avinaash/doozy_robotics/doozy_ws_2/install/pallet_docker_02:/home/avinaash/doozy_robotics/doozy_ws_2/install/opencv_tests:/home/avinaash/doozy_robotics/doozy_ws_2/install/camera_calibration:/opt/ros/galactic /usr/bin/cmake --install /home/avinaash/doozy_robotics/doozy_ws_2/build/cv_bridge
[1.370s] -- Install configuration: ""
[1.371s] -- Up-to-date: /home/avinaash/doozy_robotics/doozy_ws_2/install/cv_bridge/share/cv_bridge/environment/pythonpath.sh
[1.372s] -- Up-to-date: /home/avinaash/doozy_robotics/doozy_ws_2/install/cv_bridge/share/cv_bridge/environment/pythonpath.dsv
[1.374s] -- Up-to-date: /home/avinaash/doozy_robotics/doozy_ws_2/install/cv_bridge/lib/python3.8/site-packages//cv_bridge.egg-info
[1.374s] -- Installing: /home/avinaash/doozy_robotics/doozy_ws_2/install/cv_bridge/lib/python3.8/site-packages//cv_bridge.egg-info/SOURCES.txt
[1.374s] -- Installing: /home/avinaash/doozy_robotics/doozy_ws_2/install/cv_bridge/lib/python3.8/site-packages//cv_bridge.egg-info/top_level.txt
[1.374s] -- Installing: /home/avinaash/doozy_robotics/doozy_ws_2/install/cv_bridge/lib/python3.8/site-packages//cv_bridge.egg-info/dependency_links.txt
[1.378s] -- Installing: /home/avinaash/doozy_robotics/doozy_ws_2/install/cv_bridge/lib/python3.8/site-packages//cv_bridge.egg-info/PKG-INFO
[1.379s] -- Up-to-date: /home/avinaash/doozy_robotics/doozy_ws_2/install/cv_bridge/lib/python3.8/site-packages/cv_bridge
[1.379s] -- Up-to-date: /home/avinaash/doozy_robotics/doozy_ws_2/install/cv_bridge/lib/python3.8/site-packages/cv_bridge/__init__.py
[1.380s] -- Up-to-date: /home/avinaash/doozy_robotics/doozy_ws_2/install/cv_bridge/lib/python3.8/site-packages/cv_bridge/core.py
[1.444s] Listing '/home/avinaash/doozy_robotics/doozy_ws_2/install/cv_bridge/lib/python3.8/site-packages/cv_bridge'...
[1.445s] Listing '/home/avinaash/doozy_robotics/doozy_ws_2/install/cv_bridge/lib/python3.8/site-packages/cv_bridge/boost'...
[1.448s] -- Up-to-date: /home/avinaash/doozy_robotics/doozy_ws_2/install/cv_bridge/share/cv_bridge/environment/library_path.sh
[1.448s] -- Up-to-date: /home/avinaash/doozy_robotics/doozy_ws_2/install/cv_bridge/share/cv_bridge/environment/library_path.dsv
[1.449s] -- Up-to-date: /home/avinaash/doozy_robotics/doozy_ws_2/install/cv_bridge/include/cv_bridge
[1.450s] -- Up-to-date: /home/avinaash/doozy_robotics/doozy_ws_2/install/cv_bridge/include/cv_bridge/rgb_colors.h
[1.450s] -- Up-to-date: /home/avinaash/doozy_robotics/doozy_ws_2/install/cv_bridge/include/cv_bridge/cv_bridge.h
[1.451s] -- Up-to-date: /home/avinaash/doozy_robotics/doozy_ws_2/install/cv_bridge/lib/libcv_bridge.so
[1.452s] -- Up-to-date: /home/avinaash/doozy_robotics/doozy_ws_2/install/cv_bridge/share/ament_index/resource_index/package_run_dependencies/cv_bridge
[1.452s] -- Up-to-date: /home/avinaash/doozy_robotics/doozy_ws_2/install/cv_bridge/share/ament_index/resource_index/parent_prefix_path/cv_bridge
[1.453s] -- Up-to-date: /home/avinaash/doozy_robotics/doozy_ws_2/install/cv_bridge/share/cv_bridge/environment/ament_prefix_path.sh
[1.453s] -- Up-to-date: /home/avinaash/doozy_robotics/doozy_ws_2/install/cv_bridge/share/cv_bridge/environment/ament_prefix_path.dsv
[1.454s] -- Up-to-date: /home/avinaash/doozy_robotics/doozy_ws_2/install/cv_bridge/share/cv_bridge/environment/path.sh
[1.455s] -- Up-to-date: /home/avinaash/doozy_robotics/doozy_ws_2/install/cv_bridge/share/cv_bridge/environment/path.dsv
[1.457s] -- Up-to-date: /home/avinaash/doozy_robotics/doozy_ws_2/install/cv_bridge/share/cv_bridge/local_setup.bash
[1.457s] -- Up-to-date: /home/avinaash/doozy_robotics/doozy_ws_2/install/cv_bridge/share/cv_bridge/local_setup.sh
[1.459s] -- Up-to-date: /home/avinaash/doozy_robotics/doozy_ws_2/install/cv_bridge/share/cv_bridge/local_setup.zsh
[1.459s] -- Up-to-date: /home/avinaash/doozy_robotics/doozy_ws_2/install/cv_bridge/share/cv_bridge/local_setup.dsv
[1.460s] -- Installing: /home/avinaash/doozy_robotics/doozy_ws_2/install/cv_bridge/share/cv_bridge/package.dsv
[1.461s] -- Up-to-date: /home/avinaash/doozy_robotics/doozy_ws_2/install/cv_bridge/share/ament_index/resource_index/packages/cv_bridge
[1.461s] -- Up-to-date: /home/avinaash/doozy_robotics/doozy_ws_2/install/cv_bridge/share/cv_bridge/cmake/cv_bridge-extras.cmake
[1.461s] -- Up-to-date: /home/avinaash/doozy_robotics/doozy_ws_2/install/cv_bridge/share/cv_bridge/cmake/ament_cmake_export_dependencies-extras.cmake
[1.462s] -- Up-to-date: /home/avinaash/doozy_robotics/doozy_ws_2/install/cv_bridge/share/cv_bridge/cmake/ament_cmake_export_include_directories-extras.cmake
[1.462s] -- Up-to-date: /home/avinaash/doozy_robotics/doozy_ws_2/install/cv_bridge/share/cv_bridge/cmake/ament_cmake_export_libraries-extras.cmake
[1.464s] -- Up-to-date: /home/avinaash/doozy_robotics/doozy_ws_2/install/cv_bridge/share/cv_bridge/cmake/cv_bridgeConfig.cmake
[1.465s] -- Up-to-date: /home/avinaash/doozy_robotics/doozy_ws_2/install/cv_bridge/share/cv_bridge/cmake/cv_bridgeConfig-version.cmake
[1.465s] -- Up-to-date: /home/avinaash/doozy_robotics/doozy_ws_2/install/cv_bridge/share/cv_bridge/package.xml
[1.466s] -- Up-to-date: /home/avinaash/doozy_robotics/doozy_ws_2/install/cv_bridge/lib/libcv_bridge.so
[1.467s] -- Up-to-date: /home/avinaash/doozy_robotics/doozy_ws_2/install/cv_bridge/include/cv_bridge/cv_bridge_export.h
[1.469s] -- Up-to-date: /home/avinaash/doozy_robotics/doozy_ws_2/install/cv_bridge/lib/python3.8/site-packages/cv_bridge/boost/cv_bridge_boost.so
[1.539s] Invoked command in '/home/avinaash/doozy_robotics/doozy_ws_2/build/cv_bridge' returned '0': CMAKE_PREFIX_PATH=${CMAKE_PREFIX_PATH}:/home/avinaash/doozy_robotics/doozy_ws_2/install/turtlebot3_teleop:/home/avinaash/doozy_robotics/doozy_ws_2/install/turtlebot3_example:/home/avinaash/doozy_robotics/doozy_ws_2/install/turtlebot3_automatic_parking:/home/avinaash/doozy_robotics/doozy_ws_2/install/pallet_robot:/home/avinaash/doozy_robotics/doozy_ws_2/install/pallet_docker_02:/home/avinaash/doozy_robotics/doozy_ws_2/install/opencv_tests:/home/avinaash/doozy_robotics/doozy_ws_2/install/camera_calibration:/opt/ros/galactic /usr/bin/cmake --install /home/avinaash/doozy_robotics/doozy_ws_2/build/cv_bridge
