[13.150s] Invoking command in '/home/avinaash/doozy_robotics/doozy_ws_2/src/turtlebot3/turtlebot3_example': PYTHONPATH=/home/avinaash/doozy_robotics/doozy_ws_2/build/turtlebot3_example/prefix_override:/home/avinaash/doozy_robotics/doozy_ws_2/install/turtlebot3_example/lib/python3.8/site-packages:${PYTHONPATH} /usr/bin/python3 -W ignore:setup.py install is deprecated setup.py egg_info --egg-base ../../../build/turtlebot3_example build --build-base /home/avinaash/doozy_robotics/doozy_ws_2/build/turtlebot3_example/build install --record /home/avinaash/doozy_robotics/doozy_ws_2/build/turtlebot3_example/install.log --single-version-externally-managed install_data
[14.987s] running egg_info
[14.993s] writing ../../../build/turtlebot3_example/turtlebot3_example.egg-info/PKG-INFO
[14.995s] writing dependency_links to ../../../build/turtlebot3_example/turtlebot3_example.egg-info/dependency_links.txt
[14.997s] writing entry points to ../../../build/turtlebot3_example/turtlebot3_example.egg-info/entry_points.txt
[15.002s] writing requirements to ../../../build/turtlebot3_example/turtlebot3_example.egg-info/requires.txt
[15.005s] writing top-level names to ../../../build/turtlebot3_example/turtlebot3_example.egg-info/top_level.txt
[15.236s] reading manifest file '../../../build/turtlebot3_example/turtlebot3_example.egg-info/SOURCES.txt'
[15.241s] writing manifest file '../../../build/turtlebot3_example/turtlebot3_example.egg-info/SOURCES.txt'
[15.244s] running build
[15.245s] running build_py
[15.267s] running install
[15.268s] running install_lib
[15.269s] running install_data
[15.270s] running install_egg_info
[15.289s] removing '/home/avinaash/doozy_robotics/doozy_ws_2/install/turtlebot3_example/lib/python3.8/site-packages/turtlebot3_example-2.1.4-py3.8.egg-info' (and everything under it)
[15.308s] Copying ../../../build/turtlebot3_example/turtlebot3_example.egg-info to /home/avinaash/doozy_robotics/doozy_ws_2/install/turtlebot3_example/lib/python3.8/site-packages/turtlebot3_example-2.1.4-py3.8.egg-info
[15.309s] running install_scripts
[15.430s] Installing turtlebot3_obstacle_detection script to /home/avinaash/doozy_robotics/doozy_ws_2/install/turtlebot3_example/lib/turtlebot3_example
[15.437s] Installing turtlebot3_patrol_client script to /home/avinaash/doozy_robotics/doozy_ws_2/install/turtlebot3_example/lib/turtlebot3_example
[15.447s] Installing turtlebot3_patrol_server script to /home/avinaash/doozy_robotics/doozy_ws_2/install/turtlebot3_example/lib/turtlebot3_example
[15.448s] Installing turtlebot3_position_control script to /home/avinaash/doozy_robotics/doozy_ws_2/install/turtlebot3_example/lib/turtlebot3_example
[15.448s] writing list of installed files to '/home/avinaash/doozy_robotics/doozy_ws_2/build/turtlebot3_example/install.log'
[15.826s] Invoked command in '/home/avinaash/doozy_robotics/doozy_ws_2/src/turtlebot3/turtlebot3_example' returned '0': PYTHONPATH=/home/avinaash/doozy_robotics/doozy_ws_2/build/turtlebot3_example/prefix_override:/home/avinaash/doozy_robotics/doozy_ws_2/install/turtlebot3_example/lib/python3.8/site-packages:${PYTHONPATH} /usr/bin/python3 -W ignore:setup.py install is deprecated setup.py egg_info --egg-base ../../../build/turtlebot3_example build --build-base /home/avinaash/doozy_robotics/doozy_ws_2/build/turtlebot3_example/build install --record /home/avinaash/doozy_robotics/doozy_ws_2/build/turtlebot3_example/install.log --single-version-externally-managed install_data
