[4.457s] Invoking command in '/home/avinaash/doozy_robotics/doozy_ws_2/src/turtlebot3/turtlebot3_example': PYTHONPATH=/home/avinaash/doozy_robotics/doozy_ws_2/build/turtlebot3_example/prefix_override:/home/avinaash/doozy_robotics/doozy_ws_2/install/turtlebot3_example/lib/python3.8/site-packages:${PYTHONPATH} /usr/bin/python3 -W ignore:setup.py install is deprecated setup.py egg_info --egg-base ../../../build/turtlebot3_example build --build-base /home/avinaash/doozy_robotics/doozy_ws_2/build/turtlebot3_example/build install --record /home/avinaash/doozy_robotics/doozy_ws_2/build/turtlebot3_example/install.log --single-version-externally-managed install_data
[5.104s] running egg_info
[5.105s] writing ../../../build/turtlebot3_example/turtlebot3_example.egg-info/PKG-INFO
[5.106s] writing dependency_links to ../../../build/turtlebot3_example/turtlebot3_example.egg-info/dependency_links.txt
[5.106s] writing entry points to ../../../build/turtlebot3_example/turtlebot3_example.egg-info/entry_points.txt
[5.107s] writing requirements to ../../../build/turtlebot3_example/turtlebot3_example.egg-info/requires.txt
[5.107s] writing top-level names to ../../../build/turtlebot3_example/turtlebot3_example.egg-info/top_level.txt
[5.222s] reading manifest file '../../../build/turtlebot3_example/turtlebot3_example.egg-info/SOURCES.txt'
[5.225s] writing manifest file '../../../build/turtlebot3_example/turtlebot3_example.egg-info/SOURCES.txt'
[5.226s] running build
[5.226s] running build_py
[5.228s] running install
[5.229s] running install_lib
[5.234s] running install_data
[5.234s] running install_egg_info
[5.242s] removing '/home/avinaash/doozy_robotics/doozy_ws_2/install/turtlebot3_example/lib/python3.8/site-packages/turtlebot3_example-2.1.4-py3.8.egg-info' (and everything under it)
[5.242s] Copying ../../../build/turtlebot3_example/turtlebot3_example.egg-info to /home/avinaash/doozy_robotics/doozy_ws_2/install/turtlebot3_example/lib/python3.8/site-packages/turtlebot3_example-2.1.4-py3.8.egg-info
[5.246s] running install_scripts
[5.291s] Installing turtlebot3_obstacle_detection script to /home/avinaash/doozy_robotics/doozy_ws_2/install/turtlebot3_example/lib/turtlebot3_example
[5.291s] Installing turtlebot3_patrol_client script to /home/avinaash/doozy_robotics/doozy_ws_2/install/turtlebot3_example/lib/turtlebot3_example
[5.291s] Installing turtlebot3_patrol_server script to /home/avinaash/doozy_robotics/doozy_ws_2/install/turtlebot3_example/lib/turtlebot3_example
[5.292s] Installing turtlebot3_position_control script to /home/avinaash/doozy_robotics/doozy_ws_2/install/turtlebot3_example/lib/turtlebot3_example
[5.293s] writing list of installed files to '/home/avinaash/doozy_robotics/doozy_ws_2/build/turtlebot3_example/install.log'
[5.388s] Invoked command in '/home/avinaash/doozy_robotics/doozy_ws_2/src/turtlebot3/turtlebot3_example' returned '0': PYTHONPATH=/home/avinaash/doozy_robotics/doozy_ws_2/build/turtlebot3_example/prefix_override:/home/avinaash/doozy_robotics/doozy_ws_2/install/turtlebot3_example/lib/python3.8/site-packages:${PYTHONPATH} /usr/bin/python3 -W ignore:setup.py install is deprecated setup.py egg_info --egg-base ../../../build/turtlebot3_example build --build-base /home/avinaash/doozy_robotics/doozy_ws_2/build/turtlebot3_example/build install --record /home/avinaash/doozy_robotics/doozy_ws_2/build/turtlebot3_example/install.log --single-version-externally-managed install_data
