[1.720s] Invoking command in '/home/avinaash/doozy_robotics/doozy_ws_2/src/pallet_robot': PYTHONPATH=/home/avinaash/doozy_robotics/doozy_ws_2/build/pallet_robot/prefix_override:/home/avinaash/doozy_robotics/doozy_ws_2/install/pallet_robot/lib/python3.8/site-packages:${PYTHONPATH} /usr/bin/python3 -W ignore:setup.py install is deprecated setup.py egg_info --egg-base ../../build/pallet_robot build --build-base /home/avinaash/doozy_robotics/doozy_ws_2/build/pallet_robot/build install --record /home/avinaash/doozy_robotics/doozy_ws_2/build/pallet_robot/install.log --single-version-externally-managed install_data
[2.215s] running egg_info
[2.216s] writing ../../build/pallet_robot/pallet_robot.egg-info/PKG-INFO
[2.216s] writing dependency_links to ../../build/pallet_robot/pallet_robot.egg-info/dependency_links.txt
[2.216s] writing entry points to ../../build/pallet_robot/pallet_robot.egg-info/entry_points.txt
[2.216s] writing requirements to ../../build/pallet_robot/pallet_robot.egg-info/requires.txt
[2.216s] writing top-level names to ../../build/pallet_robot/pallet_robot.egg-info/top_level.txt
[2.273s] reading manifest file '../../build/pallet_robot/pallet_robot.egg-info/SOURCES.txt'
[2.274s] writing manifest file '../../build/pallet_robot/pallet_robot.egg-info/SOURCES.txt'
[2.274s] running build
[2.274s] running build_py
[2.275s] running install
[2.275s] running install_lib
[2.277s] running install_data
[2.277s] running install_egg_info
[2.280s] removing '/home/avinaash/doozy_robotics/doozy_ws_2/install/pallet_robot/lib/python3.8/site-packages/pallet_robot-0.0.0-py3.8.egg-info' (and everything under it)
[2.280s] Copying ../../build/pallet_robot/pallet_robot.egg-info to /home/avinaash/doozy_robotics/doozy_ws_2/install/pallet_robot/lib/python3.8/site-packages/pallet_robot-0.0.0-py3.8.egg-info
[2.281s] running install_scripts
[2.310s] writing list of installed files to '/home/avinaash/doozy_robotics/doozy_ws_2/build/pallet_robot/install.log'
[2.345s] Invoked command in '/home/avinaash/doozy_robotics/doozy_ws_2/src/pallet_robot' returned '0': PYTHONPATH=/home/avinaash/doozy_robotics/doozy_ws_2/build/pallet_robot/prefix_override:/home/avinaash/doozy_robotics/doozy_ws_2/install/pallet_robot/lib/python3.8/site-packages:${PYTHONPATH} /usr/bin/python3 -W ignore:setup.py install is deprecated setup.py egg_info --egg-base ../../build/pallet_robot build --build-base /home/avinaash/doozy_robotics/doozy_ws_2/build/pallet_robot/build install --record /home/avinaash/doozy_robotics/doozy_ws_2/build/pallet_robot/install.log --single-version-externally-managed install_data
