[0.098s] DEBUG:colcon:Command line arguments: ['/usr/bin/colcon', 'build']
[0.098s] DEBUG:colcon:Parsed command line arguments: Namespace(log_base=None, log_level=None, verb_name='build', build_base='build', install_base='install', merge_install=False, symlink_install=False, test_result_base=None, continue_on_error=False, executor='parallel', parallel_workers=16, event_handlers=None, ignore_user_meta=False, metas=['./colcon.meta'], base_paths=['.'], packages_ignore=None, packages_ignore_regex=None, paths=None, packages_up_to=None, packages_up_to_regex=None, packages_above=None, packages_above_and_dependencies=None, packages_above_depth=None, packages_select_by_dep=None, packages_skip_by_dep=None, packages_skip_up_to=None, packages_select_build_failed=False, packages_skip_build_finished=False, packages_select_test_failures=False, packages_skip_test_passed=False, packages_select=None, packages_skip=None, packages_select_regex=None, packages_skip_regex=None, packages_start=None, packages_end=None, allow_overriding=[], cmake_args=None, cmake_target=None, cmake_target_skip_unavailable=False, cmake_clean_cache=False, cmake_clean_first=False, cmake_force_configure=False, ament_cmake_args=None, catkin_cmake_args=None, catkin_skip_building_tests=False, mixin_files=None, mixin=None, verb_parser=<colcon_mixin.mixin.mixin_argument.MixinArgumentDecorator object at 0x71caab55ead0>, verb_extension=<colcon_core.verb.build.BuildVerb object at 0x71caab6dffd0>, main=<bound method BuildVerb.main of <colcon_core.verb.build.BuildVerb object at 0x71caab6dffd0>>, mixin_verb=('build',))
[0.127s] Level 1:colcon.colcon_core.package_discovery:discover_packages(colcon_meta) check parameters
[0.127s] Level 1:colcon.colcon_core.package_discovery:discover_packages(recursive) check parameters
[0.127s] Level 1:colcon.colcon_core.package_discovery:discover_packages(ignore) check parameters
[0.127s] Level 1:colcon.colcon_core.package_discovery:discover_packages(path) check parameters
[0.127s] Level 1:colcon.colcon_core.package_discovery:discover_packages(colcon_meta) discover
[0.127s] Level 1:colcon.colcon_core.package_discovery:discover_packages(recursive) discover
[0.127s] INFO:colcon.colcon_core.package_discovery:Crawling recursively for packages in '/home/doozy/doozy_robotics/doozy_ws_2'
[0.127s] Level 1:colcon.colcon_core.package_identification:_identify(.) by extensions ['ignore', 'ignore_ament_install']
[0.127s] Level 1:colcon.colcon_core.package_identification:_identify(.) by extension 'ignore'
[0.127s] Level 1:colcon.colcon_core.package_identification:_identify(.) by extension 'ignore_ament_install'
[0.127s] Level 1:colcon.colcon_core.package_identification:_identify(.) by extensions ['colcon_pkg']
[0.127s] Level 1:colcon.colcon_core.package_identification:_identify(.) by extension 'colcon_pkg'
[0.127s] Level 1:colcon.colcon_core.package_identification:_identify(.) by extensions ['colcon_meta']
[0.127s] Level 1:colcon.colcon_core.package_identification:_identify(.) by extension 'colcon_meta'
[0.127s] Level 1:colcon.colcon_core.package_identification:_identify(.) by extensions ['ros']
[0.127s] Level 1:colcon.colcon_core.package_identification:_identify(.) by extension 'ros'
[0.138s] Level 1:colcon.colcon_core.package_identification:_identify(.) by extensions ['cmake', 'python']
[0.138s] Level 1:colcon.colcon_core.package_identification:_identify(.) by extension 'cmake'
[0.138s] Level 1:colcon.colcon_core.package_identification:_identify(.) by extension 'python'
[0.138s] Level 1:colcon.colcon_core.package_identification:_identify(.) by extensions ['python_setup_py']
[0.138s] Level 1:colcon.colcon_core.package_identification:_identify(.) by extension 'python_setup_py'
[0.138s] Level 1:colcon.colcon_core.package_identification:_identify(Arduino) by extensions ['ignore', 'ignore_ament_install']
[0.138s] Level 1:colcon.colcon_core.package_identification:_identify(Arduino) by extension 'ignore'
[0.139s] Level 1:colcon.colcon_core.package_identification:_identify(Arduino) by extension 'ignore_ament_install'
[0.139s] Level 1:colcon.colcon_core.package_identification:_identify(Arduino) by extensions ['colcon_pkg']
[0.139s] Level 1:colcon.colcon_core.package_identification:_identify(Arduino) by extension 'colcon_pkg'
[0.139s] Level 1:colcon.colcon_core.package_identification:_identify(Arduino) by extensions ['colcon_meta']
[0.139s] Level 1:colcon.colcon_core.package_identification:_identify(Arduino) by extension 'colcon_meta'
[0.139s] Level 1:colcon.colcon_core.package_identification:_identify(Arduino) by extensions ['ros']
[0.139s] Level 1:colcon.colcon_core.package_identification:_identify(Arduino) by extension 'ros'
[0.139s] Level 1:colcon.colcon_core.package_identification:_identify(Arduino) by extensions ['cmake', 'python']
[0.139s] Level 1:colcon.colcon_core.package_identification:_identify(Arduino) by extension 'cmake'
[0.139s] Level 1:colcon.colcon_core.package_identification:_identify(Arduino) by extension 'python'
[0.139s] Level 1:colcon.colcon_core.package_identification:_identify(Arduino) by extensions ['python_setup_py']
[0.139s] Level 1:colcon.colcon_core.package_identification:_identify(Arduino) by extension 'python_setup_py'
[0.139s] Level 1:colcon.colcon_core.package_identification:_identify(Arduino/libraries) by extensions ['ignore', 'ignore_ament_install']
[0.139s] Level 1:colcon.colcon_core.package_identification:_identify(Arduino/libraries) by extension 'ignore'
[0.139s] Level 1:colcon.colcon_core.package_identification:_identify(Arduino/libraries) by extension 'ignore_ament_install'
[0.139s] Level 1:colcon.colcon_core.package_identification:_identify(Arduino/libraries) by extensions ['colcon_pkg']
[0.139s] Level 1:colcon.colcon_core.package_identification:_identify(Arduino/libraries) by extension 'colcon_pkg'
[0.139s] Level 1:colcon.colcon_core.package_identification:_identify(Arduino/libraries) by extensions ['colcon_meta']
[0.139s] Level 1:colcon.colcon_core.package_identification:_identify(Arduino/libraries) by extension 'colcon_meta'
[0.139s] Level 1:colcon.colcon_core.package_identification:_identify(Arduino/libraries) by extensions ['ros']
[0.139s] Level 1:colcon.colcon_core.package_identification:_identify(Arduino/libraries) by extension 'ros'
[0.139s] Level 1:colcon.colcon_core.package_identification:_identify(Arduino/libraries) by extensions ['cmake', 'python']
[0.139s] Level 1:colcon.colcon_core.package_identification:_identify(Arduino/libraries) by extension 'cmake'
[0.139s] Level 1:colcon.colcon_core.package_identification:_identify(Arduino/libraries) by extension 'python'
[0.140s] Level 1:colcon.colcon_core.package_identification:_identify(Arduino/libraries) by extensions ['python_setup_py']
[0.140s] Level 1:colcon.colcon_core.package_identification:_identify(Arduino/libraries) by extension 'python_setup_py'
[0.140s] Level 1:colcon.colcon_core.package_identification:_identify(build) by extensions ['ignore', 'ignore_ament_install']
[0.140s] Level 1:colcon.colcon_core.package_identification:_identify(build) by extension 'ignore'
[0.140s] Level 1:colcon.colcon_core.package_identification:_identify(build) ignored
[0.140s] Level 1:colcon.colcon_core.package_identification:_identify(install) by extensions ['ignore', 'ignore_ament_install']
[0.140s] Level 1:colcon.colcon_core.package_identification:_identify(install) by extension 'ignore'
[0.140s] Level 1:colcon.colcon_core.package_identification:_identify(install) ignored
[0.140s] Level 1:colcon.colcon_core.package_identification:_identify(log) by extensions ['ignore', 'ignore_ament_install']
[0.140s] Level 1:colcon.colcon_core.package_identification:_identify(log) by extension 'ignore'
[0.140s] Level 1:colcon.colcon_core.package_identification:_identify(log) ignored
[0.140s] Level 1:colcon.colcon_core.package_identification:_identify(src) by extensions ['ignore', 'ignore_ament_install']
[0.140s] Level 1:colcon.colcon_core.package_identification:_identify(src) by extension 'ignore'
[0.140s] Level 1:colcon.colcon_core.package_identification:_identify(src) by extension 'ignore_ament_install'
[0.140s] Level 1:colcon.colcon_core.package_identification:_identify(src) by extensions ['colcon_pkg']
[0.140s] Level 1:colcon.colcon_core.package_identification:_identify(src) by extension 'colcon_pkg'
[0.140s] Level 1:colcon.colcon_core.package_identification:_identify(src) by extensions ['colcon_meta']
[0.140s] Level 1:colcon.colcon_core.package_identification:_identify(src) by extension 'colcon_meta'
[0.140s] Level 1:colcon.colcon_core.package_identification:_identify(src) by extensions ['ros']
[0.140s] Level 1:colcon.colcon_core.package_identification:_identify(src) by extension 'ros'
[0.141s] Level 1:colcon.colcon_core.package_identification:_identify(src) by extensions ['cmake', 'python']
[0.141s] Level 1:colcon.colcon_core.package_identification:_identify(src) by extension 'cmake'
[0.141s] Level 1:colcon.colcon_core.package_identification:_identify(src) by extension 'python'
[0.141s] Level 1:colcon.colcon_core.package_identification:_identify(src) by extensions ['python_setup_py']
[0.141s] Level 1:colcon.colcon_core.package_identification:_identify(src) by extension 'python_setup_py'
[0.141s] Level 1:colcon.colcon_core.package_identification:_identify(src/2_t_dolly_logistics_driver) by extensions ['ignore', 'ignore_ament_install']
[0.141s] Level 1:colcon.colcon_core.package_identification:_identify(src/2_t_dolly_logistics_driver) by extension 'ignore'
[0.141s] Level 1:colcon.colcon_core.package_identification:_identify(src/2_t_dolly_logistics_driver) by extension 'ignore_ament_install'
[0.141s] Level 1:colcon.colcon_core.package_identification:_identify(src/2_t_dolly_logistics_driver) by extensions ['colcon_pkg']
[0.141s] Level 1:colcon.colcon_core.package_identification:_identify(src/2_t_dolly_logistics_driver) by extension 'colcon_pkg'
[0.141s] Level 1:colcon.colcon_core.package_identification:_identify(src/2_t_dolly_logistics_driver) by extensions ['colcon_meta']
[0.141s] Level 1:colcon.colcon_core.package_identification:_identify(src/2_t_dolly_logistics_driver) by extension 'colcon_meta'
[0.141s] Level 1:colcon.colcon_core.package_identification:_identify(src/2_t_dolly_logistics_driver) by extensions ['ros']
[0.141s] Level 1:colcon.colcon_core.package_identification:_identify(src/2_t_dolly_logistics_driver) by extension 'ros'
[0.143s] DEBUG:colcon.colcon_core.package_identification:Package 'src/2_t_dolly_logistics_driver' with type 'ros.ament_python' and name '2_t_dolly_logistics_driver'
[0.143s] Level 1:colcon.colcon_core.package_identification:_identify(src/Arduino) by extensions ['ignore', 'ignore_ament_install']
[0.143s] Level 1:colcon.colcon_core.package_identification:_identify(src/Arduino) by extension 'ignore'
[0.143s] Level 1:colcon.colcon_core.package_identification:_identify(src/Arduino) by extension 'ignore_ament_install'
[0.143s] Level 1:colcon.colcon_core.package_identification:_identify(src/Arduino) by extensions ['colcon_pkg']
[0.143s] Level 1:colcon.colcon_core.package_identification:_identify(src/Arduino) by extension 'colcon_pkg'
[0.143s] Level 1:colcon.colcon_core.package_identification:_identify(src/Arduino) by extensions ['colcon_meta']
[0.143s] Level 1:colcon.colcon_core.package_identification:_identify(src/Arduino) by extension 'colcon_meta'
[0.143s] Level 1:colcon.colcon_core.package_identification:_identify(src/Arduino) by extensions ['ros']
[0.143s] Level 1:colcon.colcon_core.package_identification:_identify(src/Arduino) by extension 'ros'
[0.143s] Level 1:colcon.colcon_core.package_identification:_identify(src/Arduino) by extensions ['cmake', 'python']
[0.143s] Level 1:colcon.colcon_core.package_identification:_identify(src/Arduino) by extension 'cmake'
[0.143s] Level 1:colcon.colcon_core.package_identification:_identify(src/Arduino) by extension 'python'
[0.144s] Level 1:colcon.colcon_core.package_identification:_identify(src/Arduino) by extensions ['python_setup_py']
[0.144s] Level 1:colcon.colcon_core.package_identification:_identify(src/Arduino) by extension 'python_setup_py'
[0.144s] Level 1:colcon.colcon_core.package_identification:_identify(src/Arduino/blank) by extensions ['ignore', 'ignore_ament_install']
[0.144s] Level 1:colcon.colcon_core.package_identification:_identify(src/Arduino/blank) by extension 'ignore'
[0.144s] Level 1:colcon.colcon_core.package_identification:_identify(src/Arduino/blank) by extension 'ignore_ament_install'
[0.144s] Level 1:colcon.colcon_core.package_identification:_identify(src/Arduino/blank) by extensions ['colcon_pkg']
[0.144s] Level 1:colcon.colcon_core.package_identification:_identify(src/Arduino/blank) by extension 'colcon_pkg'
[0.144s] Level 1:colcon.colcon_core.package_identification:_identify(src/Arduino/blank) by extensions ['colcon_meta']
[0.144s] Level 1:colcon.colcon_core.package_identification:_identify(src/Arduino/blank) by extension 'colcon_meta'
[0.144s] Level 1:colcon.colcon_core.package_identification:_identify(src/Arduino/blank) by extensions ['ros']
[0.144s] Level 1:colcon.colcon_core.package_identification:_identify(src/Arduino/blank) by extension 'ros'
[0.144s] Level 1:colcon.colcon_core.package_identification:_identify(src/Arduino/blank) by extensions ['cmake', 'python']
[0.144s] Level 1:colcon.colcon_core.package_identification:_identify(src/Arduino/blank) by extension 'cmake'
[0.144s] Level 1:colcon.colcon_core.package_identification:_identify(src/Arduino/blank) by extension 'python'
[0.144s] Level 1:colcon.colcon_core.package_identification:_identify(src/Arduino/blank) by extensions ['python_setup_py']
[0.144s] Level 1:colcon.colcon_core.package_identification:_identify(src/Arduino/blank) by extension 'python_setup_py'
[0.144s] Level 1:colcon.colcon_core.package_identification:_identify(src/Arduino/forklift_align_01) by extensions ['ignore', 'ignore_ament_install']
[0.144s] Level 1:colcon.colcon_core.package_identification:_identify(src/Arduino/forklift_align_01) by extension 'ignore'
[0.144s] Level 1:colcon.colcon_core.package_identification:_identify(src/Arduino/forklift_align_01) by extension 'ignore_ament_install'
[0.144s] Level 1:colcon.colcon_core.package_identification:_identify(src/Arduino/forklift_align_01) by extensions ['colcon_pkg']
[0.144s] Level 1:colcon.colcon_core.package_identification:_identify(src/Arduino/forklift_align_01) by extension 'colcon_pkg'
[0.144s] Level 1:colcon.colcon_core.package_identification:_identify(src/Arduino/forklift_align_01) by extensions ['colcon_meta']
[0.144s] Level 1:colcon.colcon_core.package_identification:_identify(src/Arduino/forklift_align_01) by extension 'colcon_meta'
[0.144s] Level 1:colcon.colcon_core.package_identification:_identify(src/Arduino/forklift_align_01) by extensions ['ros']
[0.144s] Level 1:colcon.colcon_core.package_identification:_identify(src/Arduino/forklift_align_01) by extension 'ros'
[0.145s] Level 1:colcon.colcon_core.package_identification:_identify(src/Arduino/forklift_align_01) by extensions ['cmake', 'python']
[0.145s] Level 1:colcon.colcon_core.package_identification:_identify(src/Arduino/forklift_align_01) by extension 'cmake'
[0.145s] Level 1:colcon.colcon_core.package_identification:_identify(src/Arduino/forklift_align_01) by extension 'python'
[0.145s] Level 1:colcon.colcon_core.package_identification:_identify(src/Arduino/forklift_align_01) by extensions ['python_setup_py']
[0.145s] Level 1:colcon.colcon_core.package_identification:_identify(src/Arduino/forklift_align_01) by extension 'python_setup_py'
[0.145s] Level 1:colcon.colcon_core.package_identification:_identify(src/Arduino/latch_arm1_01) by extensions ['ignore', 'ignore_ament_install']
[0.145s] Level 1:colcon.colcon_core.package_identification:_identify(src/Arduino/latch_arm1_01) by extension 'ignore'
[0.145s] Level 1:colcon.colcon_core.package_identification:_identify(src/Arduino/latch_arm1_01) by extension 'ignore_ament_install'
[0.145s] Level 1:colcon.colcon_core.package_identification:_identify(src/Arduino/latch_arm1_01) by extensions ['colcon_pkg']
[0.145s] Level 1:colcon.colcon_core.package_identification:_identify(src/Arduino/latch_arm1_01) by extension 'colcon_pkg'
[0.145s] Level 1:colcon.colcon_core.package_identification:_identify(src/Arduino/latch_arm1_01) by extensions ['colcon_meta']
[0.145s] Level 1:colcon.colcon_core.package_identification:_identify(src/Arduino/latch_arm1_01) by extension 'colcon_meta'
[0.145s] Level 1:colcon.colcon_core.package_identification:_identify(src/Arduino/latch_arm1_01) by extensions ['ros']
[0.145s] Level 1:colcon.colcon_core.package_identification:_identify(src/Arduino/latch_arm1_01) by extension 'ros'
[0.145s] Level 1:colcon.colcon_core.package_identification:_identify(src/Arduino/latch_arm1_01) by extensions ['cmake', 'python']
[0.145s] Level 1:colcon.colcon_core.package_identification:_identify(src/Arduino/latch_arm1_01) by extension 'cmake'
[0.145s] Level 1:colcon.colcon_core.package_identification:_identify(src/Arduino/latch_arm1_01) by extension 'python'
[0.145s] Level 1:colcon.colcon_core.package_identification:_identify(src/Arduino/latch_arm1_01) by extensions ['python_setup_py']
[0.145s] Level 1:colcon.colcon_core.package_identification:_identify(src/Arduino/latch_arm1_01) by extension 'python_setup_py'
[0.145s] Level 1:colcon.colcon_core.package_identification:_identify(src/Arduino/latch_arm2_01) by extensions ['ignore', 'ignore_ament_install']
[0.145s] Level 1:colcon.colcon_core.package_identification:_identify(src/Arduino/latch_arm2_01) by extension 'ignore'
[0.145s] Level 1:colcon.colcon_core.package_identification:_identify(src/Arduino/latch_arm2_01) by extension 'ignore_ament_install'
[0.145s] Level 1:colcon.colcon_core.package_identification:_identify(src/Arduino/latch_arm2_01) by extensions ['colcon_pkg']
[0.145s] Level 1:colcon.colcon_core.package_identification:_identify(src/Arduino/latch_arm2_01) by extension 'colcon_pkg'
[0.146s] Level 1:colcon.colcon_core.package_identification:_identify(src/Arduino/latch_arm2_01) by extensions ['colcon_meta']
[0.146s] Level 1:colcon.colcon_core.package_identification:_identify(src/Arduino/latch_arm2_01) by extension 'colcon_meta'
[0.146s] Level 1:colcon.colcon_core.package_identification:_identify(src/Arduino/latch_arm2_01) by extensions ['ros']
[0.146s] Level 1:colcon.colcon_core.package_identification:_identify(src/Arduino/latch_arm2_01) by extension 'ros'
[0.146s] Level 1:colcon.colcon_core.package_identification:_identify(src/Arduino/latch_arm2_01) by extensions ['cmake', 'python']
[0.146s] Level 1:colcon.colcon_core.package_identification:_identify(src/Arduino/latch_arm2_01) by extension 'cmake'
[0.146s] Level 1:colcon.colcon_core.package_identification:_identify(src/Arduino/latch_arm2_01) by extension 'python'
[0.146s] Level 1:colcon.colcon_core.package_identification:_identify(src/Arduino/latch_arm2_01) by extensions ['python_setup_py']
[0.146s] Level 1:colcon.colcon_core.package_identification:_identify(src/Arduino/latch_arm2_01) by extension 'python_setup_py'
[0.146s] Level 1:colcon.colcon_core.package_identification:_identify(src/Arduino/libraries) by extensions ['ignore', 'ignore_ament_install']
[0.146s] Level 1:colcon.colcon_core.package_identification:_identify(src/Arduino/libraries) by extension 'ignore'
[0.146s] Level 1:colcon.colcon_core.package_identification:_identify(src/Arduino/libraries) by extension 'ignore_ament_install'
[0.146s] Level 1:colcon.colcon_core.package_identification:_identify(src/Arduino/libraries) by extensions ['colcon_pkg']
[0.146s] Level 1:colcon.colcon_core.package_identification:_identify(src/Arduino/libraries) by extension 'colcon_pkg'
[0.146s] Level 1:colcon.colcon_core.package_identification:_identify(src/Arduino/libraries) by extensions ['colcon_meta']
[0.146s] Level 1:colcon.colcon_core.package_identification:_identify(src/Arduino/libraries) by extension 'colcon_meta'
[0.146s] Level 1:colcon.colcon_core.package_identification:_identify(src/Arduino/libraries) by extensions ['ros']
[0.146s] Level 1:colcon.colcon_core.package_identification:_identify(src/Arduino/libraries) by extension 'ros'
[0.146s] Level 1:colcon.colcon_core.package_identification:_identify(src/Arduino/libraries) by extensions ['cmake', 'python']
[0.146s] Level 1:colcon.colcon_core.package_identification:_identify(src/Arduino/libraries) by extension 'cmake'
[0.146s] Level 1:colcon.colcon_core.package_identification:_identify(src/Arduino/libraries) by extension 'python'
[0.146s] Level 1:colcon.colcon_core.package_identification:_identify(src/Arduino/libraries) by extensions ['python_setup_py']
[0.146s] Level 1:colcon.colcon_core.package_identification:_identify(src/Arduino/libraries) by extension 'python_setup_py'
[0.146s] Level 1:colcon.colcon_core.package_identification:_identify(src/Arduino/linear_actuator_test_01) by extensions ['ignore', 'ignore_ament_install']
[0.147s] Level 1:colcon.colcon_core.package_identification:_identify(src/Arduino/linear_actuator_test_01) by extension 'ignore'
[0.147s] Level 1:colcon.colcon_core.package_identification:_identify(src/Arduino/linear_actuator_test_01) by extension 'ignore_ament_install'
[0.147s] Level 1:colcon.colcon_core.package_identification:_identify(src/Arduino/linear_actuator_test_01) by extensions ['colcon_pkg']
[0.147s] Level 1:colcon.colcon_core.package_identification:_identify(src/Arduino/linear_actuator_test_01) by extension 'colcon_pkg'
[0.147s] Level 1:colcon.colcon_core.package_identification:_identify(src/Arduino/linear_actuator_test_01) by extensions ['colcon_meta']
[0.147s] Level 1:colcon.colcon_core.package_identification:_identify(src/Arduino/linear_actuator_test_01) by extension 'colcon_meta'
[0.147s] Level 1:colcon.colcon_core.package_identification:_identify(src/Arduino/linear_actuator_test_01) by extensions ['ros']
[0.147s] Level 1:colcon.colcon_core.package_identification:_identify(src/Arduino/linear_actuator_test_01) by extension 'ros'
[0.147s] Level 1:colcon.colcon_core.package_identification:_identify(src/Arduino/linear_actuator_test_01) by extensions ['cmake', 'python']
[0.147s] Level 1:colcon.colcon_core.package_identification:_identify(src/Arduino/linear_actuator_test_01) by extension 'cmake'
[0.147s] Level 1:colcon.colcon_core.package_identification:_identify(src/Arduino/linear_actuator_test_01) by extension 'python'
[0.147s] Level 1:colcon.colcon_core.package_identification:_identify(src/Arduino/linear_actuator_test_01) by extensions ['python_setup_py']
[0.147s] Level 1:colcon.colcon_core.package_identification:_identify(src/Arduino/linear_actuator_test_01) by extension 'python_setup_py'
[0.147s] Level 1:colcon.colcon_core.package_identification:_identify(src/Arduino/max_sonar_aligner_01) by extensions ['ignore', 'ignore_ament_install']
[0.147s] Level 1:colcon.colcon_core.package_identification:_identify(src/Arduino/max_sonar_aligner_01) by extension 'ignore'
[0.147s] Level 1:colcon.colcon_core.package_identification:_identify(src/Arduino/max_sonar_aligner_01) by extension 'ignore_ament_install'
[0.147s] Level 1:colcon.colcon_core.package_identification:_identify(src/Arduino/max_sonar_aligner_01) by extensions ['colcon_pkg']
[0.147s] Level 1:colcon.colcon_core.package_identification:_identify(src/Arduino/max_sonar_aligner_01) by extension 'colcon_pkg'
[0.147s] Level 1:colcon.colcon_core.package_identification:_identify(src/Arduino/max_sonar_aligner_01) by extensions ['colcon_meta']
[0.147s] Level 1:colcon.colcon_core.package_identification:_identify(src/Arduino/max_sonar_aligner_01) by extension 'colcon_meta'
[0.147s] Level 1:colcon.colcon_core.package_identification:_identify(src/Arduino/max_sonar_aligner_01) by extensions ['ros']
[0.147s] Level 1:colcon.colcon_core.package_identification:_identify(src/Arduino/max_sonar_aligner_01) by extension 'ros'
[0.147s] Level 1:colcon.colcon_core.package_identification:_identify(src/Arduino/max_sonar_aligner_01) by extensions ['cmake', 'python']
[0.147s] Level 1:colcon.colcon_core.package_identification:_identify(src/Arduino/max_sonar_aligner_01) by extension 'cmake'
[0.147s] Level 1:colcon.colcon_core.package_identification:_identify(src/Arduino/max_sonar_aligner_01) by extension 'python'
[0.147s] Level 1:colcon.colcon_core.package_identification:_identify(src/Arduino/max_sonar_aligner_01) by extensions ['python_setup_py']
[0.147s] Level 1:colcon.colcon_core.package_identification:_identify(src/Arduino/max_sonar_aligner_01) by extension 'python_setup_py'
[0.148s] Level 1:colcon.colcon_core.package_identification:_identify(src/Arduino/tug_arm_centering_01) by extensions ['ignore', 'ignore_ament_install']
[0.148s] Level 1:colcon.colcon_core.package_identification:_identify(src/Arduino/tug_arm_centering_01) by extension 'ignore'
[0.148s] Level 1:colcon.colcon_core.package_identification:_identify(src/Arduino/tug_arm_centering_01) by extension 'ignore_ament_install'
[0.148s] Level 1:colcon.colcon_core.package_identification:_identify(src/Arduino/tug_arm_centering_01) by extensions ['colcon_pkg']
[0.148s] Level 1:colcon.colcon_core.package_identification:_identify(src/Arduino/tug_arm_centering_01) by extension 'colcon_pkg'
[0.148s] Level 1:colcon.colcon_core.package_identification:_identify(src/Arduino/tug_arm_centering_01) by extensions ['colcon_meta']
[0.148s] Level 1:colcon.colcon_core.package_identification:_identify(src/Arduino/tug_arm_centering_01) by extension 'colcon_meta'
[0.148s] Level 1:colcon.colcon_core.package_identification:_identify(src/Arduino/tug_arm_centering_01) by extensions ['ros']
[0.148s] Level 1:colcon.colcon_core.package_identification:_identify(src/Arduino/tug_arm_centering_01) by extension 'ros'
[0.148s] Level 1:colcon.colcon_core.package_identification:_identify(src/Arduino/tug_arm_centering_01) by extensions ['cmake', 'python']
[0.148s] Level 1:colcon.colcon_core.package_identification:_identify(src/Arduino/tug_arm_centering_01) by extension 'cmake'
[0.148s] Level 1:colcon.colcon_core.package_identification:_identify(src/Arduino/tug_arm_centering_01) by extension 'python'
[0.148s] Level 1:colcon.colcon_core.package_identification:_identify(src/Arduino/tug_arm_centering_01) by extensions ['python_setup_py']
[0.148s] Level 1:colcon.colcon_core.package_identification:_identify(src/Arduino/tug_arm_centering_01) by extension 'python_setup_py'
[0.148s] Level 1:colcon.colcon_core.package_identification:_identify(src/Arduino/tug_arm_centering_02) by extensions ['ignore', 'ignore_ament_install']
[0.148s] Level 1:colcon.colcon_core.package_identification:_identify(src/Arduino/tug_arm_centering_02) by extension 'ignore'
[0.148s] Level 1:colcon.colcon_core.package_identification:_identify(src/Arduino/tug_arm_centering_02) by extension 'ignore_ament_install'
[0.148s] Level 1:colcon.colcon_core.package_identification:_identify(src/Arduino/tug_arm_centering_02) by extensions ['colcon_pkg']
[0.148s] Level 1:colcon.colcon_core.package_identification:_identify(src/Arduino/tug_arm_centering_02) by extension 'colcon_pkg'
[0.148s] Level 1:colcon.colcon_core.package_identification:_identify(src/Arduino/tug_arm_centering_02) by extensions ['colcon_meta']
[0.148s] Level 1:colcon.colcon_core.package_identification:_identify(src/Arduino/tug_arm_centering_02) by extension 'colcon_meta'
[0.148s] Level 1:colcon.colcon_core.package_identification:_identify(src/Arduino/tug_arm_centering_02) by extensions ['ros']
[0.148s] Level 1:colcon.colcon_core.package_identification:_identify(src/Arduino/tug_arm_centering_02) by extension 'ros'
[0.148s] Level 1:colcon.colcon_core.package_identification:_identify(src/Arduino/tug_arm_centering_02) by extensions ['cmake', 'python']
[0.149s] Level 1:colcon.colcon_core.package_identification:_identify(src/Arduino/tug_arm_centering_02) by extension 'cmake'
[0.149s] Level 1:colcon.colcon_core.package_identification:_identify(src/Arduino/tug_arm_centering_02) by extension 'python'
[0.149s] Level 1:colcon.colcon_core.package_identification:_identify(src/Arduino/tug_arm_centering_02) by extensions ['python_setup_py']
[0.149s] Level 1:colcon.colcon_core.package_identification:_identify(src/Arduino/tug_arm_centering_02) by extension 'python_setup_py'
[0.149s] Level 1:colcon.colcon_core.package_identification:_identify(src/Arduino/tug_bot_test_sketch_01) by extensions ['ignore', 'ignore_ament_install']
[0.149s] Level 1:colcon.colcon_core.package_identification:_identify(src/Arduino/tug_bot_test_sketch_01) by extension 'ignore'
[0.149s] Level 1:colcon.colcon_core.package_identification:_identify(src/Arduino/tug_bot_test_sketch_01) by extension 'ignore_ament_install'
[0.149s] Level 1:colcon.colcon_core.package_identification:_identify(src/Arduino/tug_bot_test_sketch_01) by extensions ['colcon_pkg']
[0.149s] Level 1:colcon.colcon_core.package_identification:_identify(src/Arduino/tug_bot_test_sketch_01) by extension 'colcon_pkg'
[0.149s] Level 1:colcon.colcon_core.package_identification:_identify(src/Arduino/tug_bot_test_sketch_01) by extensions ['colcon_meta']
[0.149s] Level 1:colcon.colcon_core.package_identification:_identify(src/Arduino/tug_bot_test_sketch_01) by extension 'colcon_meta'
[0.149s] Level 1:colcon.colcon_core.package_identification:_identify(src/Arduino/tug_bot_test_sketch_01) by extensions ['ros']
[0.149s] Level 1:colcon.colcon_core.package_identification:_identify(src/Arduino/tug_bot_test_sketch_01) by extension 'ros'
[0.149s] Level 1:colcon.colcon_core.package_identification:_identify(src/Arduino/tug_bot_test_sketch_01) by extensions ['cmake', 'python']
[0.149s] Level 1:colcon.colcon_core.package_identification:_identify(src/Arduino/tug_bot_test_sketch_01) by extension 'cmake'
[0.149s] Level 1:colcon.colcon_core.package_identification:_identify(src/Arduino/tug_bot_test_sketch_01) by extension 'python'
[0.149s] Level 1:colcon.colcon_core.package_identification:_identify(src/Arduino/tug_bot_test_sketch_01) by extensions ['python_setup_py']
[0.149s] Level 1:colcon.colcon_core.package_identification:_identify(src/Arduino/tug_bot_test_sketch_01) by extension 'python_setup_py'
[0.149s] Level 1:colcon.colcon_core.package_identification:_identify(src/Arduino/tug_bot_test_sketch_02) by extensions ['ignore', 'ignore_ament_install']
[0.149s] Level 1:colcon.colcon_core.package_identification:_identify(src/Arduino/tug_bot_test_sketch_02) by extension 'ignore'
[0.149s] Level 1:colcon.colcon_core.package_identification:_identify(src/Arduino/tug_bot_test_sketch_02) by extension 'ignore_ament_install'
[0.149s] Level 1:colcon.colcon_core.package_identification:_identify(src/Arduino/tug_bot_test_sketch_02) by extensions ['colcon_pkg']
[0.149s] Level 1:colcon.colcon_core.package_identification:_identify(src/Arduino/tug_bot_test_sketch_02) by extension 'colcon_pkg'
[0.149s] Level 1:colcon.colcon_core.package_identification:_identify(src/Arduino/tug_bot_test_sketch_02) by extensions ['colcon_meta']
[0.149s] Level 1:colcon.colcon_core.package_identification:_identify(src/Arduino/tug_bot_test_sketch_02) by extension 'colcon_meta'
[0.150s] Level 1:colcon.colcon_core.package_identification:_identify(src/Arduino/tug_bot_test_sketch_02) by extensions ['ros']
[0.150s] Level 1:colcon.colcon_core.package_identification:_identify(src/Arduino/tug_bot_test_sketch_02) by extension 'ros'
[0.150s] Level 1:colcon.colcon_core.package_identification:_identify(src/Arduino/tug_bot_test_sketch_02) by extensions ['cmake', 'python']
[0.150s] Level 1:colcon.colcon_core.package_identification:_identify(src/Arduino/tug_bot_test_sketch_02) by extension 'cmake'
[0.150s] Level 1:colcon.colcon_core.package_identification:_identify(src/Arduino/tug_bot_test_sketch_02) by extension 'python'
[0.150s] Level 1:colcon.colcon_core.package_identification:_identify(src/Arduino/tug_bot_test_sketch_02) by extensions ['python_setup_py']
[0.150s] Level 1:colcon.colcon_core.package_identification:_identify(src/Arduino/tug_bot_test_sketch_02) by extension 'python_setup_py'
[0.150s] Level 1:colcon.colcon_core.package_identification:_identify(src/Arduino/tug_robot_latch_actuator_01) by extensions ['ignore', 'ignore_ament_install']
[0.150s] Level 1:colcon.colcon_core.package_identification:_identify(src/Arduino/tug_robot_latch_actuator_01) by extension 'ignore'
[0.150s] Level 1:colcon.colcon_core.package_identification:_identify(src/Arduino/tug_robot_latch_actuator_01) by extension 'ignore_ament_install'
[0.150s] Level 1:colcon.colcon_core.package_identification:_identify(src/Arduino/tug_robot_latch_actuator_01) by extensions ['colcon_pkg']
[0.150s] Level 1:colcon.colcon_core.package_identification:_identify(src/Arduino/tug_robot_latch_actuator_01) by extension 'colcon_pkg'
[0.150s] Level 1:colcon.colcon_core.package_identification:_identify(src/Arduino/tug_robot_latch_actuator_01) by extensions ['colcon_meta']
[0.150s] Level 1:colcon.colcon_core.package_identification:_identify(src/Arduino/tug_robot_latch_actuator_01) by extension 'colcon_meta'
[0.150s] Level 1:colcon.colcon_core.package_identification:_identify(src/Arduino/tug_robot_latch_actuator_01) by extensions ['ros']
[0.150s] Level 1:colcon.colcon_core.package_identification:_identify(src/Arduino/tug_robot_latch_actuator_01) by extension 'ros'
[0.150s] Level 1:colcon.colcon_core.package_identification:_identify(src/Arduino/tug_robot_latch_actuator_01) by extensions ['cmake', 'python']
[0.150s] Level 1:colcon.colcon_core.package_identification:_identify(src/Arduino/tug_robot_latch_actuator_01) by extension 'cmake'
[0.150s] Level 1:colcon.colcon_core.package_identification:_identify(src/Arduino/tug_robot_latch_actuator_01) by extension 'python'
[0.150s] Level 1:colcon.colcon_core.package_identification:_identify(src/Arduino/tug_robot_latch_actuator_01) by extensions ['python_setup_py']
[0.150s] Level 1:colcon.colcon_core.package_identification:_identify(src/Arduino/tug_robot_latch_actuator_01) by extension 'python_setup_py'
[0.150s] Level 1:colcon.colcon_core.package_identification:_identify(src/doozy_actions) by extensions ['ignore', 'ignore_ament_install']
[0.150s] Level 1:colcon.colcon_core.package_identification:_identify(src/doozy_actions) by extension 'ignore'
[0.150s] Level 1:colcon.colcon_core.package_identification:_identify(src/doozy_actions) by extension 'ignore_ament_install'
[0.150s] Level 1:colcon.colcon_core.package_identification:_identify(src/doozy_actions) by extensions ['colcon_pkg']
[0.151s] Level 1:colcon.colcon_core.package_identification:_identify(src/doozy_actions) by extension 'colcon_pkg'
[0.151s] Level 1:colcon.colcon_core.package_identification:_identify(src/doozy_actions) by extensions ['colcon_meta']
[0.151s] Level 1:colcon.colcon_core.package_identification:_identify(src/doozy_actions) by extension 'colcon_meta'
[0.151s] Level 1:colcon.colcon_core.package_identification:_identify(src/doozy_actions) by extensions ['ros']
[0.151s] Level 1:colcon.colcon_core.package_identification:_identify(src/doozy_actions) by extension 'ros'
[0.151s] DEBUG:colcon.colcon_core.package_identification:Package 'src/doozy_actions' with type 'ros.ament_cmake' and name 'doozy_actions'
[0.151s] Level 1:colcon.colcon_core.package_identification:_identify(src/pallet_docker_02) by extensions ['ignore', 'ignore_ament_install']
[0.151s] Level 1:colcon.colcon_core.package_identification:_identify(src/pallet_docker_02) by extension 'ignore'
[0.151s] Level 1:colcon.colcon_core.package_identification:_identify(src/pallet_docker_02) by extension 'ignore_ament_install'
[0.151s] Level 1:colcon.colcon_core.package_identification:_identify(src/pallet_docker_02) by extensions ['colcon_pkg']
[0.151s] Level 1:colcon.colcon_core.package_identification:_identify(src/pallet_docker_02) by extension 'colcon_pkg'
[0.151s] Level 1:colcon.colcon_core.package_identification:_identify(src/pallet_docker_02) by extensions ['colcon_meta']
[0.151s] Level 1:colcon.colcon_core.package_identification:_identify(src/pallet_docker_02) by extension 'colcon_meta'
[0.151s] Level 1:colcon.colcon_core.package_identification:_identify(src/pallet_docker_02) by extensions ['ros']
[0.151s] Level 1:colcon.colcon_core.package_identification:_identify(src/pallet_docker_02) by extension 'ros'
[0.152s] DEBUG:colcon.colcon_core.package_identification:Package 'src/pallet_docker_02' with type 'ros.ament_python' and name 'pallet_docker_02'
[0.152s] Level 1:colcon.colcon_core.package_identification:_identify(src/sick_visionary_t_mini) by extensions ['ignore', 'ignore_ament_install']
[0.152s] Level 1:colcon.colcon_core.package_identification:_identify(src/sick_visionary_t_mini) by extension 'ignore'
[0.152s] Level 1:colcon.colcon_core.package_identification:_identify(src/sick_visionary_t_mini) by extension 'ignore_ament_install'
[0.152s] Level 1:colcon.colcon_core.package_identification:_identify(src/sick_visionary_t_mini) by extensions ['colcon_pkg']
[0.152s] Level 1:colcon.colcon_core.package_identification:_identify(src/sick_visionary_t_mini) by extension 'colcon_pkg'
[0.152s] Level 1:colcon.colcon_core.package_identification:_identify(src/sick_visionary_t_mini) by extensions ['colcon_meta']
[0.152s] Level 1:colcon.colcon_core.package_identification:_identify(src/sick_visionary_t_mini) by extension 'colcon_meta'
[0.152s] Level 1:colcon.colcon_core.package_identification:_identify(src/sick_visionary_t_mini) by extensions ['ros']
[0.152s] Level 1:colcon.colcon_core.package_identification:_identify(src/sick_visionary_t_mini) by extension 'ros'
[0.153s] DEBUG:colcon.colcon_core.package_identification:Package 'src/sick_visionary_t_mini' with type 'ros.ament_cmake' and name 'sick_visionary_t_mini'
[0.153s] Level 1:colcon.colcon_core.package_identification:_identify(src/test_scripts) by extensions ['ignore', 'ignore_ament_install']
[0.153s] Level 1:colcon.colcon_core.package_identification:_identify(src/test_scripts) by extension 'ignore'
[0.153s] Level 1:colcon.colcon_core.package_identification:_identify(src/test_scripts) by extension 'ignore_ament_install'
[0.153s] Level 1:colcon.colcon_core.package_identification:_identify(src/test_scripts) by extensions ['colcon_pkg']
[0.153s] Level 1:colcon.colcon_core.package_identification:_identify(src/test_scripts) by extension 'colcon_pkg'
[0.153s] Level 1:colcon.colcon_core.package_identification:_identify(src/test_scripts) by extensions ['colcon_meta']
[0.153s] Level 1:colcon.colcon_core.package_identification:_identify(src/test_scripts) by extension 'colcon_meta'
[0.153s] Level 1:colcon.colcon_core.package_identification:_identify(src/test_scripts) by extensions ['ros']
[0.153s] Level 1:colcon.colcon_core.package_identification:_identify(src/test_scripts) by extension 'ros'
[0.153s] Level 1:colcon.colcon_core.package_identification:_identify(src/test_scripts) by extensions ['cmake', 'python']
[0.153s] Level 1:colcon.colcon_core.package_identification:_identify(src/test_scripts) by extension 'cmake'
[0.153s] Level 1:colcon.colcon_core.package_identification:_identify(src/test_scripts) by extension 'python'
[0.153s] Level 1:colcon.colcon_core.package_identification:_identify(src/test_scripts) by extensions ['python_setup_py']
[0.153s] Level 1:colcon.colcon_core.package_identification:_identify(src/test_scripts) by extension 'python_setup_py'
[0.153s] Level 1:colcon.colcon_core.package_identification:_identify(src/turtlebot3) by extensions ['ignore', 'ignore_ament_install']
[0.153s] Level 1:colcon.colcon_core.package_identification:_identify(src/turtlebot3) by extension 'ignore'
[0.153s] Level 1:colcon.colcon_core.package_identification:_identify(src/turtlebot3) by extension 'ignore_ament_install'
[0.153s] Level 1:colcon.colcon_core.package_identification:_identify(src/turtlebot3) by extensions ['colcon_pkg']
[0.153s] Level 1:colcon.colcon_core.package_identification:_identify(src/turtlebot3) by extension 'colcon_pkg'
[0.153s] Level 1:colcon.colcon_core.package_identification:_identify(src/turtlebot3) by extensions ['colcon_meta']
[0.154s] Level 1:colcon.colcon_core.package_identification:_identify(src/turtlebot3) by extension 'colcon_meta'
[0.154s] Level 1:colcon.colcon_core.package_identification:_identify(src/turtlebot3) by extensions ['ros']
[0.154s] Level 1:colcon.colcon_core.package_identification:_identify(src/turtlebot3) by extension 'ros'
[0.154s] Level 1:colcon.colcon_core.package_identification:_identify(src/turtlebot3) by extensions ['cmake', 'python']
[0.154s] Level 1:colcon.colcon_core.package_identification:_identify(src/turtlebot3) by extension 'cmake'
[0.154s] Level 1:colcon.colcon_core.package_identification:_identify(src/turtlebot3) by extension 'python'
[0.154s] Level 1:colcon.colcon_core.package_identification:_identify(src/turtlebot3) by extensions ['python_setup_py']
[0.154s] Level 1:colcon.colcon_core.package_identification:_identify(src/turtlebot3) by extension 'python_setup_py'
[0.154s] Level 1:colcon.colcon_core.package_identification:_identify(src/turtlebot3_simulations) by extensions ['ignore', 'ignore_ament_install']
[0.154s] Level 1:colcon.colcon_core.package_identification:_identify(src/turtlebot3_simulations) by extension 'ignore'
[0.154s] Level 1:colcon.colcon_core.package_identification:_identify(src/turtlebot3_simulations) by extension 'ignore_ament_install'
[0.154s] Level 1:colcon.colcon_core.package_identification:_identify(src/turtlebot3_simulations) by extensions ['colcon_pkg']
[0.154s] Level 1:colcon.colcon_core.package_identification:_identify(src/turtlebot3_simulations) by extension 'colcon_pkg'
[0.154s] Level 1:colcon.colcon_core.package_identification:_identify(src/turtlebot3_simulations) by extensions ['colcon_meta']
[0.154s] Level 1:colcon.colcon_core.package_identification:_identify(src/turtlebot3_simulations) by extension 'colcon_meta'
[0.154s] Level 1:colcon.colcon_core.package_identification:_identify(src/turtlebot3_simulations) by extensions ['ros']
[0.154s] Level 1:colcon.colcon_core.package_identification:_identify(src/turtlebot3_simulations) by extension 'ros'
[0.154s] Level 1:colcon.colcon_core.package_identification:_identify(src/turtlebot3_simulations) by extensions ['cmake', 'python']
[0.154s] Level 1:colcon.colcon_core.package_identification:_identify(src/turtlebot3_simulations) by extension 'cmake'
[0.154s] Level 1:colcon.colcon_core.package_identification:_identify(src/turtlebot3_simulations) by extension 'python'
[0.154s] Level 1:colcon.colcon_core.package_identification:_identify(src/turtlebot3_simulations) by extensions ['python_setup_py']
[0.154s] Level 1:colcon.colcon_core.package_identification:_identify(src/turtlebot3_simulations) by extension 'python_setup_py'
[0.154s] Level 1:colcon.colcon_core.package_identification:_identify(worlds ) by extensions ['ignore', 'ignore_ament_install']
[0.154s] Level 1:colcon.colcon_core.package_identification:_identify(worlds ) by extension 'ignore'
[0.154s] Level 1:colcon.colcon_core.package_identification:_identify(worlds ) by extension 'ignore_ament_install'
[0.155s] Level 1:colcon.colcon_core.package_identification:_identify(worlds ) by extensions ['colcon_pkg']
[0.155s] Level 1:colcon.colcon_core.package_identification:_identify(worlds ) by extension 'colcon_pkg'
[0.155s] Level 1:colcon.colcon_core.package_identification:_identify(worlds ) by extensions ['colcon_meta']
[0.155s] Level 1:colcon.colcon_core.package_identification:_identify(worlds ) by extension 'colcon_meta'
[0.155s] Level 1:colcon.colcon_core.package_identification:_identify(worlds ) by extensions ['ros']
[0.155s] Level 1:colcon.colcon_core.package_identification:_identify(worlds ) by extension 'ros'
[0.155s] Level 1:colcon.colcon_core.package_identification:_identify(worlds ) by extensions ['cmake', 'python']
[0.155s] Level 1:colcon.colcon_core.package_identification:_identify(worlds ) by extension 'cmake'
[0.155s] Level 1:colcon.colcon_core.package_identification:_identify(worlds ) by extension 'python'
[0.155s] Level 1:colcon.colcon_core.package_identification:_identify(worlds ) by extensions ['python_setup_py']
[0.155s] Level 1:colcon.colcon_core.package_identification:_identify(worlds ) by extension 'python_setup_py'
[0.155s] Level 1:colcon.colcon_core.package_discovery:discover_packages(recursive) using defaults
[0.155s] Level 1:colcon.colcon_core.package_discovery:discover_packages(ignore) discover
[0.155s] Level 1:colcon.colcon_core.package_discovery:discover_packages(ignore) using defaults
[0.155s] Level 1:colcon.colcon_core.package_discovery:discover_packages(path) discover
[0.155s] Level 1:colcon.colcon_core.package_discovery:discover_packages(path) using defaults
[0.171s] Level 1:colcon.colcon_core.package_discovery:discover_packages(prefix_path) check parameters
[0.171s] Level 1:colcon.colcon_core.package_discovery:discover_packages(prefix_path) discover
[0.173s] DEBUG:colcon.colcon_installed_package_information.package_discovery:Found 4 installed packages in /home/doozy/doozy_robotics/doozy_ws_2/install
[0.173s] DEBUG:colcon.colcon_installed_package_information.package_discovery:Found 9 installed packages in /home/doozy/do_ws/install
[0.174s] DEBUG:colcon.colcon_installed_package_information.package_discovery:Found 22 installed packages in /home/doozy/ros2_ws/install
[0.175s] DEBUG:colcon.colcon_installed_package_information.package_discovery:Found 10 installed packages in /home/doozy/neuronbot2_ros2_ws/install
[0.176s] DEBUG:colcon.colcon_installed_package_information.package_discovery:Found 5 installed packages in /home/doozy/doozy_ws/install
[0.177s] DEBUG:colcon.colcon_installed_package_information.package_discovery:Found 449 installed packages in /opt/ros/humble
[0.179s] Level 1:colcon.colcon_core.package_discovery:discover_packages(prefix_path) using defaults
[0.227s] Level 5:colcon.colcon_core.verb:set package '2_t_dolly_logistics_driver' build argument 'cmake_args' from command line to 'None'
[0.227s] Level 5:colcon.colcon_core.verb:set package '2_t_dolly_logistics_driver' build argument 'cmake_target' from command line to 'None'
[0.227s] Level 5:colcon.colcon_core.verb:set package '2_t_dolly_logistics_driver' build argument 'cmake_target_skip_unavailable' from command line to 'False'
[0.227s] Level 5:colcon.colcon_core.verb:set package '2_t_dolly_logistics_driver' build argument 'cmake_clean_cache' from command line to 'False'
[0.227s] Level 5:colcon.colcon_core.verb:set package '2_t_dolly_logistics_driver' build argument 'cmake_clean_first' from command line to 'False'
[0.227s] Level 5:colcon.colcon_core.verb:set package '2_t_dolly_logistics_driver' build argument 'cmake_force_configure' from command line to 'False'
[0.227s] Level 5:colcon.colcon_core.verb:set package '2_t_dolly_logistics_driver' build argument 'ament_cmake_args' from command line to 'None'
[0.227s] Level 5:colcon.colcon_core.verb:set package '2_t_dolly_logistics_driver' build argument 'catkin_cmake_args' from command line to 'None'
[0.227s] Level 5:colcon.colcon_core.verb:set package '2_t_dolly_logistics_driver' build argument 'catkin_skip_building_tests' from command line to 'False'
[0.227s] DEBUG:colcon.colcon_core.verb:Building package '2_t_dolly_logistics_driver' with the following arguments: {'ament_cmake_args': None, 'build_base': '/home/doozy/doozy_robotics/doozy_ws_2/build/2_t_dolly_logistics_driver', 'catkin_cmake_args': None, 'catkin_skip_building_tests': False, 'cmake_args': None, 'cmake_clean_cache': False, 'cmake_clean_first': False, 'cmake_force_configure': False, 'cmake_target': None, 'cmake_target_skip_unavailable': False, 'install_base': '/home/doozy/doozy_robotics/doozy_ws_2/install/2_t_dolly_logistics_driver', 'merge_install': False, 'path': '/home/doozy/doozy_robotics/doozy_ws_2/src/2_t_dolly_logistics_driver', 'symlink_install': False, 'test_result_base': None}
[0.228s] Level 5:colcon.colcon_core.verb:set package 'doozy_actions' build argument 'cmake_args' from command line to 'None'
[0.228s] Level 5:colcon.colcon_core.verb:set package 'doozy_actions' build argument 'cmake_target' from command line to 'None'
[0.228s] Level 5:colcon.colcon_core.verb:set package 'doozy_actions' build argument 'cmake_target_skip_unavailable' from command line to 'False'
[0.228s] Level 5:colcon.colcon_core.verb:set package 'doozy_actions' build argument 'cmake_clean_cache' from command line to 'False'
[0.228s] Level 5:colcon.colcon_core.verb:set package 'doozy_actions' build argument 'cmake_clean_first' from command line to 'False'
[0.228s] Level 5:colcon.colcon_core.verb:set package 'doozy_actions' build argument 'cmake_force_configure' from command line to 'False'
[0.228s] Level 5:colcon.colcon_core.verb:set package 'doozy_actions' build argument 'ament_cmake_args' from command line to 'None'
[0.228s] Level 5:colcon.colcon_core.verb:set package 'doozy_actions' build argument 'catkin_cmake_args' from command line to 'None'
[0.228s] Level 5:colcon.colcon_core.verb:set package 'doozy_actions' build argument 'catkin_skip_building_tests' from command line to 'False'
[0.228s] DEBUG:colcon.colcon_core.verb:Building package 'doozy_actions' with the following arguments: {'ament_cmake_args': None, 'build_base': '/home/doozy/doozy_robotics/doozy_ws_2/build/doozy_actions', 'catkin_cmake_args': None, 'catkin_skip_building_tests': False, 'cmake_args': None, 'cmake_clean_cache': False, 'cmake_clean_first': False, 'cmake_force_configure': False, 'cmake_target': None, 'cmake_target_skip_unavailable': False, 'install_base': '/home/doozy/doozy_robotics/doozy_ws_2/install/doozy_actions', 'merge_install': False, 'path': '/home/doozy/doozy_robotics/doozy_ws_2/src/doozy_actions', 'symlink_install': False, 'test_result_base': None}
[0.228s] Level 5:colcon.colcon_core.verb:set package 'pallet_docker_02' build argument 'cmake_args' from command line to 'None'
[0.228s] Level 5:colcon.colcon_core.verb:set package 'pallet_docker_02' build argument 'cmake_target' from command line to 'None'
[0.228s] Level 5:colcon.colcon_core.verb:set package 'pallet_docker_02' build argument 'cmake_target_skip_unavailable' from command line to 'False'
[0.228s] Level 5:colcon.colcon_core.verb:set package 'pallet_docker_02' build argument 'cmake_clean_cache' from command line to 'False'
[0.228s] Level 5:colcon.colcon_core.verb:set package 'pallet_docker_02' build argument 'cmake_clean_first' from command line to 'False'
[0.228s] Level 5:colcon.colcon_core.verb:set package 'pallet_docker_02' build argument 'cmake_force_configure' from command line to 'False'
[0.228s] Level 5:colcon.colcon_core.verb:set package 'pallet_docker_02' build argument 'ament_cmake_args' from command line to 'None'
[0.228s] Level 5:colcon.colcon_core.verb:set package 'pallet_docker_02' build argument 'catkin_cmake_args' from command line to 'None'
[0.228s] Level 5:colcon.colcon_core.verb:set package 'pallet_docker_02' build argument 'catkin_skip_building_tests' from command line to 'False'
[0.228s] DEBUG:colcon.colcon_core.verb:Building package 'pallet_docker_02' with the following arguments: {'ament_cmake_args': None, 'build_base': '/home/doozy/doozy_robotics/doozy_ws_2/build/pallet_docker_02', 'catkin_cmake_args': None, 'catkin_skip_building_tests': False, 'cmake_args': None, 'cmake_clean_cache': False, 'cmake_clean_first': False, 'cmake_force_configure': False, 'cmake_target': None, 'cmake_target_skip_unavailable': False, 'install_base': '/home/doozy/doozy_robotics/doozy_ws_2/install/pallet_docker_02', 'merge_install': False, 'path': '/home/doozy/doozy_robotics/doozy_ws_2/src/pallet_docker_02', 'symlink_install': False, 'test_result_base': None}
[0.229s] Level 5:colcon.colcon_core.verb:set package 'sick_visionary_t_mini' build argument 'cmake_args' from command line to 'None'
[0.229s] Level 5:colcon.colcon_core.verb:set package 'sick_visionary_t_mini' build argument 'cmake_target' from command line to 'None'
[0.229s] Level 5:colcon.colcon_core.verb:set package 'sick_visionary_t_mini' build argument 'cmake_target_skip_unavailable' from command line to 'False'
[0.229s] Level 5:colcon.colcon_core.verb:set package 'sick_visionary_t_mini' build argument 'cmake_clean_cache' from command line to 'False'
[0.229s] Level 5:colcon.colcon_core.verb:set package 'sick_visionary_t_mini' build argument 'cmake_clean_first' from command line to 'False'
[0.229s] Level 5:colcon.colcon_core.verb:set package 'sick_visionary_t_mini' build argument 'cmake_force_configure' from command line to 'False'
[0.229s] Level 5:colcon.colcon_core.verb:set package 'sick_visionary_t_mini' build argument 'ament_cmake_args' from command line to 'None'
[0.229s] Level 5:colcon.colcon_core.verb:set package 'sick_visionary_t_mini' build argument 'catkin_cmake_args' from command line to 'None'
[0.229s] Level 5:colcon.colcon_core.verb:set package 'sick_visionary_t_mini' build argument 'catkin_skip_building_tests' from command line to 'False'
[0.229s] DEBUG:colcon.colcon_core.verb:Building package 'sick_visionary_t_mini' with the following arguments: {'ament_cmake_args': None, 'build_base': '/home/doozy/doozy_robotics/doozy_ws_2/build/sick_visionary_t_mini', 'catkin_cmake_args': None, 'catkin_skip_building_tests': False, 'cmake_args': None, 'cmake_clean_cache': False, 'cmake_clean_first': False, 'cmake_force_configure': False, 'cmake_target': None, 'cmake_target_skip_unavailable': False, 'install_base': '/home/doozy/doozy_robotics/doozy_ws_2/install/sick_visionary_t_mini', 'merge_install': False, 'path': '/home/doozy/doozy_robotics/doozy_ws_2/src/sick_visionary_t_mini', 'symlink_install': False, 'test_result_base': None}
[0.229s] INFO:colcon.colcon_core.executor:Executing jobs using 'parallel' executor
[0.230s] DEBUG:colcon.colcon_parallel_executor.executor.parallel:run_until_complete
[0.230s] INFO:colcon.colcon_ros.task.ament_python.build:Building ROS package in '/home/doozy/doozy_robotics/doozy_ws_2/src/2_t_dolly_logistics_driver' with build type 'ament_python'
[0.230s] Level 1:colcon.colcon_core.shell:create_environment_hook('2_t_dolly_logistics_driver', 'ament_prefix_path')
[0.232s] INFO:colcon.colcon_core.plugin_system:Skipping extension 'colcon_core.shell.bat': Not used on non-Windows systems
[0.232s] INFO:colcon.colcon_core.shell:Creating environment hook '/home/doozy/doozy_robotics/doozy_ws_2/install/2_t_dolly_logistics_driver/share/2_t_dolly_logistics_driver/hook/ament_prefix_path.ps1'
[0.232s] INFO:colcon.colcon_core.shell:Creating environment descriptor '/home/doozy/doozy_robotics/doozy_ws_2/install/2_t_dolly_logistics_driver/share/2_t_dolly_logistics_driver/hook/ament_prefix_path.dsv'
[0.233s] INFO:colcon.colcon_core.shell:Creating environment hook '/home/doozy/doozy_robotics/doozy_ws_2/install/2_t_dolly_logistics_driver/share/2_t_dolly_logistics_driver/hook/ament_prefix_path.sh'
[0.233s] INFO:colcon.colcon_core.shell:Skip shell extension 'powershell' for command environment: Not usable outside of PowerShell
[0.233s] DEBUG:colcon.colcon_core.shell:Skip shell extension 'dsv' for command environment
[0.239s] INFO:colcon.colcon_ros.task.ament_cmake.build:Building ROS package in '/home/doozy/doozy_robotics/doozy_ws_2/src/doozy_actions' with build type 'ament_cmake'
[0.239s] INFO:colcon.colcon_cmake.task.cmake.build:Building CMake package in '/home/doozy/doozy_robotics/doozy_ws_2/src/doozy_actions'
[0.239s] INFO:colcon.colcon_core.shell:Skip shell extension 'powershell' for command environment: Not usable outside of PowerShell
[0.239s] DEBUG:colcon.colcon_core.shell:Skip shell extension 'dsv' for command environment
[0.244s] INFO:colcon.colcon_ros.task.ament_python.build:Building ROS package in '/home/doozy/doozy_robotics/doozy_ws_2/src/pallet_docker_02' with build type 'ament_python'
[0.245s] Level 1:colcon.colcon_core.shell:create_environment_hook('pallet_docker_02', 'ament_prefix_path')
[0.245s] INFO:colcon.colcon_core.shell:Creating environment hook '/home/doozy/doozy_robotics/doozy_ws_2/install/pallet_docker_02/share/pallet_docker_02/hook/ament_prefix_path.ps1'
[0.245s] INFO:colcon.colcon_core.shell:Creating environment descriptor '/home/doozy/doozy_robotics/doozy_ws_2/install/pallet_docker_02/share/pallet_docker_02/hook/ament_prefix_path.dsv'
[0.246s] INFO:colcon.colcon_core.shell:Creating environment hook '/home/doozy/doozy_robotics/doozy_ws_2/install/pallet_docker_02/share/pallet_docker_02/hook/ament_prefix_path.sh'
[0.246s] INFO:colcon.colcon_core.shell:Skip shell extension 'powershell' for command environment: Not usable outside of PowerShell
[0.246s] DEBUG:colcon.colcon_core.shell:Skip shell extension 'dsv' for command environment
[0.251s] INFO:colcon.colcon_ros.task.ament_cmake.build:Building ROS package in '/home/doozy/doozy_robotics/doozy_ws_2/src/sick_visionary_t_mini' with build type 'ament_cmake'
[0.251s] INFO:colcon.colcon_cmake.task.cmake.build:Building CMake package in '/home/doozy/doozy_robotics/doozy_ws_2/src/sick_visionary_t_mini'
[0.252s] INFO:colcon.colcon_core.shell:Skip shell extension 'powershell' for command environment: Not usable outside of PowerShell
[0.252s] DEBUG:colcon.colcon_core.shell:Skip shell extension 'dsv' for command environment
[0.436s] INFO:colcon.colcon_core.task.python.build:Building Python package in '/home/doozy/doozy_robotics/doozy_ws_2/src/2_t_dolly_logistics_driver'
[0.437s] INFO:colcon.colcon_core.shell:Skip shell extension 'powershell' for command environment: Not usable outside of PowerShell
[0.437s] DEBUG:colcon.colcon_core.shell:Skip shell extension 'dsv' for command environment
[0.445s] DEBUG:colcon.colcon_core.event_handler.log_command:Invoking command in '/home/doozy/doozy_robotics/doozy_ws_2/build/doozy_actions': CMAKE_PREFIX_PATH=${CMAKE_PREFIX_PATH}:/home/doozy/doozy_ws/install/task_py:/home/doozy/doozy_robotics/doozy_ws_2/install/pallet_docker_02:/home/doozy/doozy_robotics/doozy_ws_2/install/2_t_dolly_logistics_driver:/home/doozy/ros2_ws/install/hotel_package:/home/doozy/ros2_ws/install/deffy:/home/doozy/do_ws/install/task_py:/home/doozy/neuronbot2_ros2_ws/install/neuronbot2_led:/opt/ros/humble /usr/bin/cmake --build /home/doozy/doozy_robotics/doozy_ws_2/build/doozy_actions -- -j16 -l16
[0.632s] INFO:colcon.colcon_core.task.python.build:Building Python package in '/home/doozy/doozy_robotics/doozy_ws_2/src/pallet_docker_02'
[0.632s] INFO:colcon.colcon_core.shell:Skip shell extension 'powershell' for command environment: Not usable outside of PowerShell
[0.632s] DEBUG:colcon.colcon_core.shell:Skip shell extension 'dsv' for command environment
[0.649s] DEBUG:colcon.colcon_core.event_handler.log_command:Invoking command in '/home/doozy/doozy_robotics/doozy_ws_2/build/sick_visionary_t_mini': CMAKE_PREFIX_PATH=${CMAKE_PREFIX_PATH}:/home/doozy/doozy_ws/install/task_py:/home/doozy/doozy_robotics/doozy_ws_2/install/pallet_docker_02:/home/doozy/doozy_robotics/doozy_ws_2/install/2_t_dolly_logistics_driver:/home/doozy/ros2_ws/install/hotel_package:/home/doozy/ros2_ws/install/deffy:/home/doozy/do_ws/install/task_py:/home/doozy/neuronbot2_ros2_ws/install/neuronbot2_led:/opt/ros/humble /usr/bin/cmake --build /home/doozy/doozy_robotics/doozy_ws_2/build/sick_visionary_t_mini -- -j16 -l16
[0.809s] DEBUG:colcon.colcon_core.event_handler.log_command:Invoked command in '/home/doozy/doozy_robotics/doozy_ws_2/build/doozy_actions' returned '0': CMAKE_PREFIX_PATH=${CMAKE_PREFIX_PATH}:/home/doozy/doozy_ws/install/task_py:/home/doozy/doozy_robotics/doozy_ws_2/install/pallet_docker_02:/home/doozy/doozy_robotics/doozy_ws_2/install/2_t_dolly_logistics_driver:/home/doozy/ros2_ws/install/hotel_package:/home/doozy/ros2_ws/install/deffy:/home/doozy/do_ws/install/task_py:/home/doozy/neuronbot2_ros2_ws/install/neuronbot2_led:/opt/ros/humble /usr/bin/cmake --build /home/doozy/doozy_robotics/doozy_ws_2/build/doozy_actions -- -j16 -l16
[0.916s] DEBUG:colcon.colcon_core.event_handler.log_command:Invoking command in '/home/doozy/doozy_robotics/doozy_ws_2/build/doozy_actions': CMAKE_PREFIX_PATH=${CMAKE_PREFIX_PATH}:/home/doozy/doozy_ws/install/task_py:/home/doozy/doozy_robotics/doozy_ws_2/install/pallet_docker_02:/home/doozy/doozy_robotics/doozy_ws_2/install/2_t_dolly_logistics_driver:/home/doozy/ros2_ws/install/hotel_package:/home/doozy/ros2_ws/install/deffy:/home/doozy/do_ws/install/task_py:/home/doozy/neuronbot2_ros2_ws/install/neuronbot2_led:/opt/ros/humble /usr/bin/cmake --install /home/doozy/doozy_robotics/doozy_ws_2/build/doozy_actions
[0.966s] Level 1:colcon.colcon_core.environment:create_environment_scripts_only(doozy_actions)
[0.966s] DEBUG:colcon.colcon_core.event_handler.log_command:Invoked command in '/home/doozy/doozy_robotics/doozy_ws_2/build/doozy_actions' returned '0': CMAKE_PREFIX_PATH=${CMAKE_PREFIX_PATH}:/home/doozy/doozy_ws/install/task_py:/home/doozy/doozy_robotics/doozy_ws_2/install/pallet_docker_02:/home/doozy/doozy_robotics/doozy_ws_2/install/2_t_dolly_logistics_driver:/home/doozy/ros2_ws/install/hotel_package:/home/doozy/ros2_ws/install/deffy:/home/doozy/do_ws/install/task_py:/home/doozy/neuronbot2_ros2_ws/install/neuronbot2_led:/opt/ros/humble /usr/bin/cmake --install /home/doozy/doozy_robotics/doozy_ws_2/build/doozy_actions
[0.969s] Level 1:colcon.colcon_core.environment:checking '/home/doozy/doozy_robotics/doozy_ws_2/install/doozy_actions' for CMake module files
[0.970s] Level 1:colcon.colcon_core.environment:checking '/home/doozy/doozy_robotics/doozy_ws_2/install/doozy_actions' for CMake config files
[0.970s] Level 1:colcon.colcon_core.shell:create_environment_hook('doozy_actions', 'cmake_prefix_path')
[0.971s] INFO:colcon.colcon_core.shell:Creating environment hook '/home/doozy/doozy_robotics/doozy_ws_2/install/doozy_actions/share/doozy_actions/hook/cmake_prefix_path.ps1'
[0.971s] INFO:colcon.colcon_core.shell:Creating environment descriptor '/home/doozy/doozy_robotics/doozy_ws_2/install/doozy_actions/share/doozy_actions/hook/cmake_prefix_path.dsv'
[0.971s] INFO:colcon.colcon_core.shell:Creating environment hook '/home/doozy/doozy_robotics/doozy_ws_2/install/doozy_actions/share/doozy_actions/hook/cmake_prefix_path.sh'
[0.972s] Level 1:colcon.colcon_core.environment:checking '/home/doozy/doozy_robotics/doozy_ws_2/install/doozy_actions/lib'
[0.972s] Level 1:colcon.colcon_core.shell:create_environment_hook('doozy_actions', 'ld_library_path_lib')
[0.972s] INFO:colcon.colcon_core.shell:Creating environment hook '/home/doozy/doozy_robotics/doozy_ws_2/install/doozy_actions/share/doozy_actions/hook/ld_library_path_lib.ps1'
[0.973s] INFO:colcon.colcon_core.shell:Creating environment descriptor '/home/doozy/doozy_robotics/doozy_ws_2/install/doozy_actions/share/doozy_actions/hook/ld_library_path_lib.dsv'
[0.973s] INFO:colcon.colcon_core.shell:Creating environment hook '/home/doozy/doozy_robotics/doozy_ws_2/install/doozy_actions/share/doozy_actions/hook/ld_library_path_lib.sh'
[0.973s] Level 1:colcon.colcon_core.environment:checking '/home/doozy/doozy_robotics/doozy_ws_2/install/doozy_actions/bin'
[0.973s] Level 1:colcon.colcon_core.environment:checking '/home/doozy/doozy_robotics/doozy_ws_2/install/doozy_actions/lib/pkgconfig/doozy_actions.pc'
[0.974s] Level 1:colcon.colcon_core.environment:checking '/home/doozy/doozy_robotics/doozy_ws_2/install/doozy_actions/lib/python3.10/site-packages'
[0.974s] Level 1:colcon.colcon_core.environment:checking '/home/doozy/doozy_robotics/doozy_ws_2/install/doozy_actions/bin'
[0.974s] INFO:colcon.colcon_core.shell:Creating package script '/home/doozy/doozy_robotics/doozy_ws_2/install/doozy_actions/share/doozy_actions/package.ps1'
[0.975s] INFO:colcon.colcon_core.shell:Creating package descriptor '/home/doozy/doozy_robotics/doozy_ws_2/install/doozy_actions/share/doozy_actions/package.dsv'
[0.976s] INFO:colcon.colcon_core.shell:Creating package script '/home/doozy/doozy_robotics/doozy_ws_2/install/doozy_actions/share/doozy_actions/package.sh'
[0.977s] INFO:colcon.colcon_core.shell:Creating package script '/home/doozy/doozy_robotics/doozy_ws_2/install/doozy_actions/share/doozy_actions/package.bash'
[0.978s] INFO:colcon.colcon_core.shell:Creating package script '/home/doozy/doozy_robotics/doozy_ws_2/install/doozy_actions/share/doozy_actions/package.zsh'
[0.979s] Level 1:colcon.colcon_core.environment:create_file_with_runtime_dependencies(/home/doozy/doozy_robotics/doozy_ws_2/install/doozy_actions/share/colcon-core/packages/doozy_actions)
[1.010s] DEBUG:colcon.colcon_core.event_handler.log_command:Invoked command in '/home/doozy/doozy_robotics/doozy_ws_2/build/sick_visionary_t_mini' returned '0': CMAKE_PREFIX_PATH=${CMAKE_PREFIX_PATH}:/home/doozy/doozy_ws/install/task_py:/home/doozy/doozy_robotics/doozy_ws_2/install/pallet_docker_02:/home/doozy/doozy_robotics/doozy_ws_2/install/2_t_dolly_logistics_driver:/home/doozy/ros2_ws/install/hotel_package:/home/doozy/ros2_ws/install/deffy:/home/doozy/do_ws/install/task_py:/home/doozy/neuronbot2_ros2_ws/install/neuronbot2_led:/opt/ros/humble /usr/bin/cmake --build /home/doozy/doozy_robotics/doozy_ws_2/build/sick_visionary_t_mini -- -j16 -l16
[1.065s] DEBUG:colcon.colcon_core.event_handler.log_command:Invoking command in '/home/doozy/doozy_robotics/doozy_ws_2/build/sick_visionary_t_mini': CMAKE_PREFIX_PATH=${CMAKE_PREFIX_PATH}:/home/doozy/doozy_ws/install/task_py:/home/doozy/doozy_robotics/doozy_ws_2/install/pallet_docker_02:/home/doozy/doozy_robotics/doozy_ws_2/install/2_t_dolly_logistics_driver:/home/doozy/ros2_ws/install/hotel_package:/home/doozy/ros2_ws/install/deffy:/home/doozy/do_ws/install/task_py:/home/doozy/neuronbot2_ros2_ws/install/neuronbot2_led:/opt/ros/humble /usr/bin/cmake --install /home/doozy/doozy_robotics/doozy_ws_2/build/sick_visionary_t_mini
[1.084s] Level 1:colcon.colcon_core.environment:create_environment_scripts_only(doozy_actions)
[1.085s] Level 1:colcon.colcon_core.environment:checking '/home/doozy/doozy_robotics/doozy_ws_2/install/doozy_actions' for CMake module files
[1.085s] Level 1:colcon.colcon_core.environment:checking '/home/doozy/doozy_robotics/doozy_ws_2/install/doozy_actions' for CMake config files
[1.086s] Level 1:colcon.colcon_core.shell:create_environment_hook('doozy_actions', 'cmake_prefix_path')
[1.087s] INFO:colcon.colcon_core.shell:Creating environment hook '/home/doozy/doozy_robotics/doozy_ws_2/install/doozy_actions/share/doozy_actions/hook/cmake_prefix_path.ps1'
[1.087s] INFO:colcon.colcon_core.shell:Creating environment descriptor '/home/doozy/doozy_robotics/doozy_ws_2/install/doozy_actions/share/doozy_actions/hook/cmake_prefix_path.dsv'
[1.087s] INFO:colcon.colcon_core.shell:Creating environment hook '/home/doozy/doozy_robotics/doozy_ws_2/install/doozy_actions/share/doozy_actions/hook/cmake_prefix_path.sh'
[1.088s] Level 1:colcon.colcon_core.environment:checking '/home/doozy/doozy_robotics/doozy_ws_2/install/doozy_actions/lib'
[1.088s] Level 1:colcon.colcon_core.shell:create_environment_hook('doozy_actions', 'ld_library_path_lib')
[1.088s] INFO:colcon.colcon_core.shell:Creating environment hook '/home/doozy/doozy_robotics/doozy_ws_2/install/doozy_actions/share/doozy_actions/hook/ld_library_path_lib.ps1'
[1.089s] INFO:colcon.colcon_core.shell:Creating environment descriptor '/home/doozy/doozy_robotics/doozy_ws_2/install/doozy_actions/share/doozy_actions/hook/ld_library_path_lib.dsv'
[1.089s] INFO:colcon.colcon_core.shell:Creating environment hook '/home/doozy/doozy_robotics/doozy_ws_2/install/doozy_actions/share/doozy_actions/hook/ld_library_path_lib.sh'
[1.089s] Level 1:colcon.colcon_core.environment:checking '/home/doozy/doozy_robotics/doozy_ws_2/install/doozy_actions/bin'
[1.089s] Level 1:colcon.colcon_core.environment:checking '/home/doozy/doozy_robotics/doozy_ws_2/install/doozy_actions/lib/pkgconfig/doozy_actions.pc'
[1.090s] Level 1:colcon.colcon_core.environment:checking '/home/doozy/doozy_robotics/doozy_ws_2/install/doozy_actions/lib/python3.10/site-packages'
[1.090s] Level 1:colcon.colcon_core.environment:checking '/home/doozy/doozy_robotics/doozy_ws_2/install/doozy_actions/bin'
[1.090s] INFO:colcon.colcon_core.shell:Creating package script '/home/doozy/doozy_robotics/doozy_ws_2/install/doozy_actions/share/doozy_actions/package.ps1'
[1.091s] INFO:colcon.colcon_core.shell:Creating package descriptor '/home/doozy/doozy_robotics/doozy_ws_2/install/doozy_actions/share/doozy_actions/package.dsv'
[1.092s] INFO:colcon.colcon_core.shell:Creating package script '/home/doozy/doozy_robotics/doozy_ws_2/install/doozy_actions/share/doozy_actions/package.sh'
[1.092s] INFO:colcon.colcon_core.shell:Creating package script '/home/doozy/doozy_robotics/doozy_ws_2/install/doozy_actions/share/doozy_actions/package.bash'
[1.092s] INFO:colcon.colcon_core.shell:Creating package script '/home/doozy/doozy_robotics/doozy_ws_2/install/doozy_actions/share/doozy_actions/package.zsh'
[1.093s] Level 1:colcon.colcon_core.environment:create_file_with_runtime_dependencies(/home/doozy/doozy_robotics/doozy_ws_2/install/doozy_actions/share/colcon-core/packages/doozy_actions)
[1.117s] Level 1:colcon.colcon_core.environment:create_environment_scripts_only(sick_visionary_t_mini)
[1.117s] Level 1:colcon.colcon_core.environment:checking '/home/doozy/doozy_robotics/doozy_ws_2/install/sick_visionary_t_mini' for CMake module files
[1.118s] DEBUG:colcon.colcon_core.event_handler.log_command:Invoked command in '/home/doozy/doozy_robotics/doozy_ws_2/build/sick_visionary_t_mini' returned '0': CMAKE_PREFIX_PATH=${CMAKE_PREFIX_PATH}:/home/doozy/doozy_ws/install/task_py:/home/doozy/doozy_robotics/doozy_ws_2/install/pallet_docker_02:/home/doozy/doozy_robotics/doozy_ws_2/install/2_t_dolly_logistics_driver:/home/doozy/ros2_ws/install/hotel_package:/home/doozy/ros2_ws/install/deffy:/home/doozy/do_ws/install/task_py:/home/doozy/neuronbot2_ros2_ws/install/neuronbot2_led:/opt/ros/humble /usr/bin/cmake --install /home/doozy/doozy_robotics/doozy_ws_2/build/sick_visionary_t_mini
[1.118s] Level 1:colcon.colcon_core.environment:checking '/home/doozy/doozy_robotics/doozy_ws_2/install/sick_visionary_t_mini' for CMake config files
[1.119s] Level 1:colcon.colcon_core.shell:create_environment_hook('sick_visionary_t_mini', 'cmake_prefix_path')
[1.119s] INFO:colcon.colcon_core.shell:Creating environment hook '/home/doozy/doozy_robotics/doozy_ws_2/install/sick_visionary_t_mini/share/sick_visionary_t_mini/hook/cmake_prefix_path.ps1'
[1.120s] INFO:colcon.colcon_core.shell:Creating environment descriptor '/home/doozy/doozy_robotics/doozy_ws_2/install/sick_visionary_t_mini/share/sick_visionary_t_mini/hook/cmake_prefix_path.dsv'
[1.120s] INFO:colcon.colcon_core.shell:Creating environment hook '/home/doozy/doozy_robotics/doozy_ws_2/install/sick_visionary_t_mini/share/sick_visionary_t_mini/hook/cmake_prefix_path.sh'
[1.120s] Level 1:colcon.colcon_core.environment:checking '/home/doozy/doozy_robotics/doozy_ws_2/install/sick_visionary_t_mini/lib'
[1.121s] Level 1:colcon.colcon_core.shell:create_environment_hook('sick_visionary_t_mini', 'ld_library_path_lib')
[1.121s] INFO:colcon.colcon_core.shell:Creating environment hook '/home/doozy/doozy_robotics/doozy_ws_2/install/sick_visionary_t_mini/share/sick_visionary_t_mini/hook/ld_library_path_lib.ps1'
[1.121s] INFO:colcon.colcon_core.shell:Creating environment descriptor '/home/doozy/doozy_robotics/doozy_ws_2/install/sick_visionary_t_mini/share/sick_visionary_t_mini/hook/ld_library_path_lib.dsv'
[1.121s] INFO:colcon.colcon_core.shell:Creating environment hook '/home/doozy/doozy_robotics/doozy_ws_2/install/sick_visionary_t_mini/share/sick_visionary_t_mini/hook/ld_library_path_lib.sh'
[1.122s] Level 1:colcon.colcon_core.environment:checking '/home/doozy/doozy_robotics/doozy_ws_2/install/sick_visionary_t_mini/bin'
[1.122s] Level 1:colcon.colcon_core.environment:checking '/home/doozy/doozy_robotics/doozy_ws_2/install/sick_visionary_t_mini/lib/pkgconfig/sick_visionary_t_mini.pc'
[1.122s] Level 1:colcon.colcon_core.environment:checking '/home/doozy/doozy_robotics/doozy_ws_2/install/sick_visionary_t_mini/lib/python3.10/site-packages'
[1.122s] Level 1:colcon.colcon_core.environment:checking '/home/doozy/doozy_robotics/doozy_ws_2/install/sick_visionary_t_mini/bin'
[1.123s] INFO:colcon.colcon_core.shell:Creating package script '/home/doozy/doozy_robotics/doozy_ws_2/install/sick_visionary_t_mini/share/sick_visionary_t_mini/package.ps1'
[1.123s] INFO:colcon.colcon_core.shell:Creating package descriptor '/home/doozy/doozy_robotics/doozy_ws_2/install/sick_visionary_t_mini/share/sick_visionary_t_mini/package.dsv'
[1.124s] INFO:colcon.colcon_core.shell:Creating package script '/home/doozy/doozy_robotics/doozy_ws_2/install/sick_visionary_t_mini/share/sick_visionary_t_mini/package.sh'
[1.124s] INFO:colcon.colcon_core.shell:Creating package script '/home/doozy/doozy_robotics/doozy_ws_2/install/sick_visionary_t_mini/share/sick_visionary_t_mini/package.bash'
[1.125s] INFO:colcon.colcon_core.shell:Creating package script '/home/doozy/doozy_robotics/doozy_ws_2/install/sick_visionary_t_mini/share/sick_visionary_t_mini/package.zsh'
[1.125s] Level 1:colcon.colcon_core.environment:create_file_with_runtime_dependencies(/home/doozy/doozy_robotics/doozy_ws_2/install/sick_visionary_t_mini/share/colcon-core/packages/sick_visionary_t_mini)
[1.177s] Level 1:colcon.colcon_core.environment:create_environment_scripts_only(sick_visionary_t_mini)
[1.178s] Level 1:colcon.colcon_core.environment:checking '/home/doozy/doozy_robotics/doozy_ws_2/install/sick_visionary_t_mini' for CMake module files
[1.178s] Level 1:colcon.colcon_core.environment:checking '/home/doozy/doozy_robotics/doozy_ws_2/install/sick_visionary_t_mini' for CMake config files
[1.178s] Level 1:colcon.colcon_core.shell:create_environment_hook('sick_visionary_t_mini', 'cmake_prefix_path')
[1.179s] INFO:colcon.colcon_core.shell:Creating environment hook '/home/doozy/doozy_robotics/doozy_ws_2/install/sick_visionary_t_mini/share/sick_visionary_t_mini/hook/cmake_prefix_path.ps1'
[1.179s] INFO:colcon.colcon_core.shell:Creating environment descriptor '/home/doozy/doozy_robotics/doozy_ws_2/install/sick_visionary_t_mini/share/sick_visionary_t_mini/hook/cmake_prefix_path.dsv'
[1.179s] INFO:colcon.colcon_core.shell:Creating environment hook '/home/doozy/doozy_robotics/doozy_ws_2/install/sick_visionary_t_mini/share/sick_visionary_t_mini/hook/cmake_prefix_path.sh'
[1.180s] Level 1:colcon.colcon_core.environment:checking '/home/doozy/doozy_robotics/doozy_ws_2/install/sick_visionary_t_mini/lib'
[1.180s] Level 1:colcon.colcon_core.shell:create_environment_hook('sick_visionary_t_mini', 'ld_library_path_lib')
[1.180s] INFO:colcon.colcon_core.shell:Creating environment hook '/home/doozy/doozy_robotics/doozy_ws_2/install/sick_visionary_t_mini/share/sick_visionary_t_mini/hook/ld_library_path_lib.ps1'
[1.180s] INFO:colcon.colcon_core.shell:Creating environment descriptor '/home/doozy/doozy_robotics/doozy_ws_2/install/sick_visionary_t_mini/share/sick_visionary_t_mini/hook/ld_library_path_lib.dsv'
[1.180s] INFO:colcon.colcon_core.shell:Creating environment hook '/home/doozy/doozy_robotics/doozy_ws_2/install/sick_visionary_t_mini/share/sick_visionary_t_mini/hook/ld_library_path_lib.sh'
[1.181s] Level 1:colcon.colcon_core.environment:checking '/home/doozy/doozy_robotics/doozy_ws_2/install/sick_visionary_t_mini/bin'
[1.181s] Level 1:colcon.colcon_core.environment:checking '/home/doozy/doozy_robotics/doozy_ws_2/install/sick_visionary_t_mini/lib/pkgconfig/sick_visionary_t_mini.pc'
[1.181s] Level 1:colcon.colcon_core.environment:checking '/home/doozy/doozy_robotics/doozy_ws_2/install/sick_visionary_t_mini/lib/python3.10/site-packages'
[1.181s] Level 1:colcon.colcon_core.environment:checking '/home/doozy/doozy_robotics/doozy_ws_2/install/sick_visionary_t_mini/bin'
[1.181s] INFO:colcon.colcon_core.shell:Creating package script '/home/doozy/doozy_robotics/doozy_ws_2/install/sick_visionary_t_mini/share/sick_visionary_t_mini/package.ps1'
[1.182s] INFO:colcon.colcon_core.shell:Creating package descriptor '/home/doozy/doozy_robotics/doozy_ws_2/install/sick_visionary_t_mini/share/sick_visionary_t_mini/package.dsv'
[1.182s] INFO:colcon.colcon_core.shell:Creating package script '/home/doozy/doozy_robotics/doozy_ws_2/install/sick_visionary_t_mini/share/sick_visionary_t_mini/package.sh'
[1.182s] INFO:colcon.colcon_core.shell:Creating package script '/home/doozy/doozy_robotics/doozy_ws_2/install/sick_visionary_t_mini/share/sick_visionary_t_mini/package.bash'
[1.183s] INFO:colcon.colcon_core.shell:Creating package script '/home/doozy/doozy_robotics/doozy_ws_2/install/sick_visionary_t_mini/share/sick_visionary_t_mini/package.zsh'
[1.183s] Level 1:colcon.colcon_core.environment:create_file_with_runtime_dependencies(/home/doozy/doozy_robotics/doozy_ws_2/install/sick_visionary_t_mini/share/colcon-core/packages/sick_visionary_t_mini)
[1.258s] DEBUG:colcon.colcon_core.event_handler.log_command:Invoking command in '/home/doozy/doozy_robotics/doozy_ws_2/src/pallet_docker_02': PYTHONPATH=/home/doozy/doozy_robotics/doozy_ws_2/build/pallet_docker_02/prefix_override:/home/doozy/doozy_robotics/doozy_ws_2/install/pallet_docker_02/lib/python3.10/site-packages:${PYTHONPATH} /usr/bin/python3 -W ignore:setup.py install is deprecated setup.py egg_info --egg-base ../../build/pallet_docker_02 build --build-base /home/doozy/doozy_robotics/doozy_ws_2/build/pallet_docker_02/build install --record /home/doozy/doozy_robotics/doozy_ws_2/build/pallet_docker_02/install.log --single-version-externally-managed install_data
[1.259s] DEBUG:colcon.colcon_core.event_handler.log_command:Invoking command in '/home/doozy/doozy_robotics/doozy_ws_2/src/2_t_dolly_logistics_driver': PYTHONPATH=/home/doozy/doozy_robotics/doozy_ws_2/build/2_t_dolly_logistics_driver/prefix_override:/home/doozy/doozy_robotics/doozy_ws_2/install/2_t_dolly_logistics_driver/lib/python3.10/site-packages:${PYTHONPATH} /usr/bin/python3 -W ignore:setup.py install is deprecated setup.py egg_info --egg-base ../../build/2_t_dolly_logistics_driver build --build-base /home/doozy/doozy_robotics/doozy_ws_2/build/2_t_dolly_logistics_driver/build install --record /home/doozy/doozy_robotics/doozy_ws_2/build/2_t_dolly_logistics_driver/install.log --single-version-externally-managed install_data
[1.764s] Level 1:colcon.colcon_core.environment:checking '/home/doozy/doozy_robotics/doozy_ws_2/install/pallet_docker_02' for CMake module files
[1.765s] DEBUG:colcon.colcon_core.event_handler.log_command:Invoked command in '/home/doozy/doozy_robotics/doozy_ws_2/src/pallet_docker_02' returned '0': PYTHONPATH=/home/doozy/doozy_robotics/doozy_ws_2/build/pallet_docker_02/prefix_override:/home/doozy/doozy_robotics/doozy_ws_2/install/pallet_docker_02/lib/python3.10/site-packages:${PYTHONPATH} /usr/bin/python3 -W ignore:setup.py install is deprecated setup.py egg_info --egg-base ../../build/pallet_docker_02 build --build-base /home/doozy/doozy_robotics/doozy_ws_2/build/pallet_docker_02/build install --record /home/doozy/doozy_robotics/doozy_ws_2/build/pallet_docker_02/install.log --single-version-externally-managed install_data
[1.765s] Level 1:colcon.colcon_core.environment:checking '/home/doozy/doozy_robotics/doozy_ws_2/install/pallet_docker_02' for CMake config files
[1.766s] Level 1:colcon.colcon_core.environment:checking '/home/doozy/doozy_robotics/doozy_ws_2/install/pallet_docker_02/lib'
[1.766s] Level 1:colcon.colcon_core.environment:checking '/home/doozy/doozy_robotics/doozy_ws_2/install/pallet_docker_02/bin'
[1.766s] Level 1:colcon.colcon_core.environment:checking '/home/doozy/doozy_robotics/doozy_ws_2/install/pallet_docker_02/lib/pkgconfig/pallet_docker_02.pc'
[1.766s] Level 1:colcon.colcon_core.environment:checking '/home/doozy/doozy_robotics/doozy_ws_2/install/pallet_docker_02/lib/python3.10/site-packages'
[1.766s] Level 1:colcon.colcon_core.shell:create_environment_hook('pallet_docker_02', 'pythonpath')
[1.767s] INFO:colcon.colcon_core.shell:Creating environment hook '/home/doozy/doozy_robotics/doozy_ws_2/install/pallet_docker_02/share/pallet_docker_02/hook/pythonpath.ps1'
[1.767s] INFO:colcon.colcon_core.shell:Creating environment descriptor '/home/doozy/doozy_robotics/doozy_ws_2/install/pallet_docker_02/share/pallet_docker_02/hook/pythonpath.dsv'
[1.767s] INFO:colcon.colcon_core.shell:Creating environment hook '/home/doozy/doozy_robotics/doozy_ws_2/install/pallet_docker_02/share/pallet_docker_02/hook/pythonpath.sh'
[1.768s] Level 1:colcon.colcon_core.environment:checking '/home/doozy/doozy_robotics/doozy_ws_2/install/pallet_docker_02/bin'
[1.768s] Level 1:colcon.colcon_core.environment:create_environment_scripts_only(pallet_docker_02)
[1.768s] INFO:colcon.colcon_core.shell:Creating package script '/home/doozy/doozy_robotics/doozy_ws_2/install/pallet_docker_02/share/pallet_docker_02/package.ps1'
[1.768s] INFO:colcon.colcon_core.shell:Creating package descriptor '/home/doozy/doozy_robotics/doozy_ws_2/install/pallet_docker_02/share/pallet_docker_02/package.dsv'
[1.769s] INFO:colcon.colcon_core.shell:Creating package script '/home/doozy/doozy_robotics/doozy_ws_2/install/pallet_docker_02/share/pallet_docker_02/package.sh'
[1.769s] INFO:colcon.colcon_core.shell:Creating package script '/home/doozy/doozy_robotics/doozy_ws_2/install/pallet_docker_02/share/pallet_docker_02/package.bash'
[1.770s] INFO:colcon.colcon_core.shell:Creating package script '/home/doozy/doozy_robotics/doozy_ws_2/install/pallet_docker_02/share/pallet_docker_02/package.zsh'
[1.770s] Level 1:colcon.colcon_core.environment:create_file_with_runtime_dependencies(/home/doozy/doozy_robotics/doozy_ws_2/install/pallet_docker_02/share/colcon-core/packages/pallet_docker_02)
[1.779s] Level 1:colcon.colcon_core.environment:checking '/home/doozy/doozy_robotics/doozy_ws_2/install/2_t_dolly_logistics_driver' for CMake module files
[1.780s] DEBUG:colcon.colcon_core.event_handler.log_command:Invoked command in '/home/doozy/doozy_robotics/doozy_ws_2/src/2_t_dolly_logistics_driver' returned '0': PYTHONPATH=/home/doozy/doozy_robotics/doozy_ws_2/build/2_t_dolly_logistics_driver/prefix_override:/home/doozy/doozy_robotics/doozy_ws_2/install/2_t_dolly_logistics_driver/lib/python3.10/site-packages:${PYTHONPATH} /usr/bin/python3 -W ignore:setup.py install is deprecated setup.py egg_info --egg-base ../../build/2_t_dolly_logistics_driver build --build-base /home/doozy/doozy_robotics/doozy_ws_2/build/2_t_dolly_logistics_driver/build install --record /home/doozy/doozy_robotics/doozy_ws_2/build/2_t_dolly_logistics_driver/install.log --single-version-externally-managed install_data
[1.780s] Level 1:colcon.colcon_core.environment:checking '/home/doozy/doozy_robotics/doozy_ws_2/install/2_t_dolly_logistics_driver' for CMake config files
[1.781s] Level 1:colcon.colcon_core.environment:checking '/home/doozy/doozy_robotics/doozy_ws_2/install/2_t_dolly_logistics_driver/lib'
[1.781s] Level 1:colcon.colcon_core.environment:checking '/home/doozy/doozy_robotics/doozy_ws_2/install/2_t_dolly_logistics_driver/bin'
[1.781s] Level 1:colcon.colcon_core.environment:checking '/home/doozy/doozy_robotics/doozy_ws_2/install/2_t_dolly_logistics_driver/lib/pkgconfig/2_t_dolly_logistics_driver.pc'
[1.781s] Level 1:colcon.colcon_core.environment:checking '/home/doozy/doozy_robotics/doozy_ws_2/install/2_t_dolly_logistics_driver/lib/python3.10/site-packages'
[1.781s] Level 1:colcon.colcon_core.shell:create_environment_hook('2_t_dolly_logistics_driver', 'pythonpath')
[1.781s] INFO:colcon.colcon_core.shell:Creating environment hook '/home/doozy/doozy_robotics/doozy_ws_2/install/2_t_dolly_logistics_driver/share/2_t_dolly_logistics_driver/hook/pythonpath.ps1'
[1.782s] INFO:colcon.colcon_core.shell:Creating environment descriptor '/home/doozy/doozy_robotics/doozy_ws_2/install/2_t_dolly_logistics_driver/share/2_t_dolly_logistics_driver/hook/pythonpath.dsv'
[1.782s] INFO:colcon.colcon_core.shell:Creating environment hook '/home/doozy/doozy_robotics/doozy_ws_2/install/2_t_dolly_logistics_driver/share/2_t_dolly_logistics_driver/hook/pythonpath.sh'
[1.783s] Level 1:colcon.colcon_core.environment:checking '/home/doozy/doozy_robotics/doozy_ws_2/install/2_t_dolly_logistics_driver/bin'
[1.783s] Level 1:colcon.colcon_core.environment:create_environment_scripts_only(2_t_dolly_logistics_driver)
[1.783s] INFO:colcon.colcon_core.shell:Creating package script '/home/doozy/doozy_robotics/doozy_ws_2/install/2_t_dolly_logistics_driver/share/2_t_dolly_logistics_driver/package.ps1'
[1.783s] INFO:colcon.colcon_core.shell:Creating package descriptor '/home/doozy/doozy_robotics/doozy_ws_2/install/2_t_dolly_logistics_driver/share/2_t_dolly_logistics_driver/package.dsv'
[1.784s] INFO:colcon.colcon_core.shell:Creating package script '/home/doozy/doozy_robotics/doozy_ws_2/install/2_t_dolly_logistics_driver/share/2_t_dolly_logistics_driver/package.sh'
[1.784s] INFO:colcon.colcon_core.shell:Creating package script '/home/doozy/doozy_robotics/doozy_ws_2/install/2_t_dolly_logistics_driver/share/2_t_dolly_logistics_driver/package.bash'
[1.784s] INFO:colcon.colcon_core.shell:Creating package script '/home/doozy/doozy_robotics/doozy_ws_2/install/2_t_dolly_logistics_driver/share/2_t_dolly_logistics_driver/package.zsh'
[1.784s] Level 1:colcon.colcon_core.environment:create_file_with_runtime_dependencies(/home/doozy/doozy_robotics/doozy_ws_2/install/2_t_dolly_logistics_driver/share/colcon-core/packages/2_t_dolly_logistics_driver)
[1.784s] DEBUG:colcon.colcon_parallel_executor.executor.parallel:closing loop
[1.785s] DEBUG:colcon.colcon_parallel_executor.executor.parallel:loop closed
[1.785s] DEBUG:colcon.colcon_parallel_executor.executor.parallel:run_until_complete finished with '0'
[1.785s] DEBUG:colcon.colcon_core.event_reactor:joining thread
[1.789s] INFO:colcon.colcon_core.plugin_system:Skipping extension 'colcon_notification.desktop_notification.terminal_notifier': Not used on non-Darwin systems
[1.789s] INFO:colcon.colcon_core.plugin_system:Skipping extension 'colcon_notification.desktop_notification.win32': Not used on non-Windows systems
[1.789s] INFO:colcon.colcon_notification.desktop_notification:Sending desktop notification using 'notify2'
[1.797s] DEBUG:colcon.colcon_core.event_reactor:joined thread
[1.797s] INFO:colcon.colcon_core.shell:Creating prefix script '/home/doozy/doozy_robotics/doozy_ws_2/install/local_setup.ps1'
[1.798s] INFO:colcon.colcon_core.shell:Creating prefix util module '/home/doozy/doozy_robotics/doozy_ws_2/install/_local_setup_util_ps1.py'
[1.799s] INFO:colcon.colcon_core.shell:Creating prefix chain script '/home/doozy/doozy_robotics/doozy_ws_2/install/setup.ps1'
[1.801s] INFO:colcon.colcon_core.shell:Creating prefix script '/home/doozy/doozy_robotics/doozy_ws_2/install/local_setup.sh'
[1.801s] INFO:colcon.colcon_core.shell:Creating prefix util module '/home/doozy/doozy_robotics/doozy_ws_2/install/_local_setup_util_sh.py'
[1.802s] INFO:colcon.colcon_core.shell:Creating prefix chain script '/home/doozy/doozy_robotics/doozy_ws_2/install/setup.sh'
[1.804s] INFO:colcon.colcon_core.shell:Creating prefix script '/home/doozy/doozy_robotics/doozy_ws_2/install/local_setup.bash'
[1.804s] INFO:colcon.colcon_core.shell:Creating prefix chain script '/home/doozy/doozy_robotics/doozy_ws_2/install/setup.bash'
[1.806s] INFO:colcon.colcon_core.shell:Creating prefix script '/home/doozy/doozy_robotics/doozy_ws_2/install/local_setup.zsh'
[1.806s] INFO:colcon.colcon_core.shell:Creating prefix chain script '/home/doozy/doozy_robotics/doozy_ws_2/install/setup.zsh'
