[0.153s] Invoking command in '/home/avinaash/doozy_robotics/doozy_ws_2/build/cv_bridge': CMAKE_PREFIX_PATH=/home/avinaash/doozy_robotics/doozy_ws_2/install/vision_opencv:/home/avinaash/doozy_robotics/doozy_ws_2/install/turtlebot3:/home/avinaash/doozy_robotics/doozy_ws_2/install/turtlebot3_simulations:/home/avinaash/doozy_robotics/doozy_ws_2/install/turtlebot3_bringup:/home/avinaash/doozy_robotics/doozy_ws_2/install/turtlebot3_node:/home/avinaash/doozy_robotics/doozy_ws_2/install/turtlebot3_navigation2:/home/avinaash/doozy_robotics/doozy_ws_2/install/turtlebot3_gazebo:/home/avinaash/doozy_robotics/doozy_ws_2/install/turtlebot3_fake_node:/home/avinaash/doozy_robotics/doozy_ws_2/install/turtlebot3_description:/home/avinaash/doozy_robotics/doozy_ws_2/install/turtlebot3_cartographer:/home/avinaash/doozy_robotics/doozy_ws_2/install/turtlebot3_applications:/home/avinaash/doozy_robotics/doozy_ws_2/install/image_pipeline:/home/avinaash/doozy_robotics/doozy_ws_2/install/stereo_image_proc:/home/avinaash/doozy_robotics/doozy_ws_2/install/image_proc:/home/avinaash/doozy_robotics/doozy_ws_2/install/tracetools_image_pipeline:/home/avinaash/doozy_robotics/doozy_ws_2/install/image_view:/home/avinaash/doozy_robotics/doozy_ws_2/install/image_rotate:/home/avinaash/doozy_robotics/doozy_ws_2/install/image_publisher:/home/avinaash/doozy_robotics/doozy_ws_2/install/depth_image_proc:/home/avinaash/doozy_robotics/doozy_ws_2/install/image_geometry:/home/avinaash/doozy_robotics/doozy_ws_2/install/apriltag_ros:/home/avinaash/doozy_robotics/doozy_ws_2/install/cv_bridge:/home/avinaash/doozy_robotics/doozy_ws_2/install/apriltag_msgs:/home/avinaash/doozy_robotics/doozy_ws_2/install/apriltag:/home/avinaash/doozy_robotics/doozy_ws_2/install/turtlebot3_teleop:/home/avinaash/doozy_robotics/doozy_ws_2/install/turtlebot3_example:/home/avinaash/doozy_robotics/doozy_ws_2/install/turtlebot3_automatic_parking:/home/avinaash/doozy_robotics/doozy_ws_2/install/pallet_robot:/home/avinaash/doozy_robotics/doozy_ws_2/install/pallet_docker_02:/home/avinaash/doozy_robotics/doozy_ws_2/install/opencv_tests:/home/avinaash/doozy_robotics/doozy_ws_2/install/camera_calibration:/opt/ros/galactic:/home/avinaash/doozy_robotics/doozy_ws/devel:/opt/ros/noetic /usr/bin/cmake --build /home/avinaash/doozy_robotics/doozy_ws_2/build/cv_bridge -- -j12 -l12
[1.172s] [ 12%] Built target gtest_main
[1.173s] [ 12%] Built target ament_cmake_python_copy_cv_bridge
[1.173s] [ 25%] Built target gtest
[1.176s] [ 43%] Built target cv_bridge
[1.178s] [ 62%] Built target cv_bridge_boost
[1.178s] [100%] Built target cv_bridge-utest
[1.179s] running egg_info
[1.182s] writing cv_bridge.egg-info/PKG-INFO
[1.184s] writing dependency_links to cv_bridge.egg-info/dependency_links.txt
[1.185s] writing top-level names to cv_bridge.egg-info/top_level.txt
[1.185s] reading manifest file 'cv_bridge.egg-info/SOURCES.txt'
[1.188s] writing manifest file 'cv_bridge.egg-info/SOURCES.txt'
[1.188s] [100%] Built target ament_cmake_python_build_cv_bridge_egg
[1.207s] Invoked command in '/home/avinaash/doozy_robotics/doozy_ws_2/build/cv_bridge' returned '0': CMAKE_PREFIX_PATH=/home/avinaash/doozy_robotics/doozy_ws_2/install/vision_opencv:/home/avinaash/doozy_robotics/doozy_ws_2/install/turtlebot3:/home/avinaash/doozy_robotics/doozy_ws_2/install/turtlebot3_simulations:/home/avinaash/doozy_robotics/doozy_ws_2/install/turtlebot3_bringup:/home/avinaash/doozy_robotics/doozy_ws_2/install/turtlebot3_node:/home/avinaash/doozy_robotics/doozy_ws_2/install/turtlebot3_navigation2:/home/avinaash/doozy_robotics/doozy_ws_2/install/turtlebot3_gazebo:/home/avinaash/doozy_robotics/doozy_ws_2/install/turtlebot3_fake_node:/home/avinaash/doozy_robotics/doozy_ws_2/install/turtlebot3_description:/home/avinaash/doozy_robotics/doozy_ws_2/install/turtlebot3_cartographer:/home/avinaash/doozy_robotics/doozy_ws_2/install/turtlebot3_applications:/home/avinaash/doozy_robotics/doozy_ws_2/install/image_pipeline:/home/avinaash/doozy_robotics/doozy_ws_2/install/stereo_image_proc:/home/avinaash/doozy_robotics/doozy_ws_2/install/image_proc:/home/avinaash/doozy_robotics/doozy_ws_2/install/tracetools_image_pipeline:/home/avinaash/doozy_robotics/doozy_ws_2/install/image_view:/home/avinaash/doozy_robotics/doozy_ws_2/install/image_rotate:/home/avinaash/doozy_robotics/doozy_ws_2/install/image_publisher:/home/avinaash/doozy_robotics/doozy_ws_2/install/depth_image_proc:/home/avinaash/doozy_robotics/doozy_ws_2/install/image_geometry:/home/avinaash/doozy_robotics/doozy_ws_2/install/apriltag_ros:/home/avinaash/doozy_robotics/doozy_ws_2/install/cv_bridge:/home/avinaash/doozy_robotics/doozy_ws_2/install/apriltag_msgs:/home/avinaash/doozy_robotics/doozy_ws_2/install/apriltag:/home/avinaash/doozy_robotics/doozy_ws_2/install/turtlebot3_teleop:/home/avinaash/doozy_robotics/doozy_ws_2/install/turtlebot3_example:/home/avinaash/doozy_robotics/doozy_ws_2/install/turtlebot3_automatic_parking:/home/avinaash/doozy_robotics/doozy_ws_2/install/pallet_robot:/home/avinaash/doozy_robotics/doozy_ws_2/install/pallet_docker_02:/home/avinaash/doozy_robotics/doozy_ws_2/install/opencv_tests:/home/avinaash/doozy_robotics/doozy_ws_2/install/camera_calibration:/opt/ros/galactic:/home/avinaash/doozy_robotics/doozy_ws/devel:/opt/ros/noetic /usr/bin/cmake --build /home/avinaash/doozy_robotics/doozy_ws_2/build/cv_bridge -- -j12 -l12
[1.265s] Invoking command in '/home/avinaash/doozy_robotics/doozy_ws_2/build/cv_bridge': CMAKE_PREFIX_PATH=/home/avinaash/doozy_robotics/doozy_ws_2/install/vision_opencv:/home/avinaash/doozy_robotics/doozy_ws_2/install/turtlebot3:/home/avinaash/doozy_robotics/doozy_ws_2/install/turtlebot3_simulations:/home/avinaash/doozy_robotics/doozy_ws_2/install/turtlebot3_bringup:/home/avinaash/doozy_robotics/doozy_ws_2/install/turtlebot3_node:/home/avinaash/doozy_robotics/doozy_ws_2/install/turtlebot3_navigation2:/home/avinaash/doozy_robotics/doozy_ws_2/install/turtlebot3_gazebo:/home/avinaash/doozy_robotics/doozy_ws_2/install/turtlebot3_fake_node:/home/avinaash/doozy_robotics/doozy_ws_2/install/turtlebot3_description:/home/avinaash/doozy_robotics/doozy_ws_2/install/turtlebot3_cartographer:/home/avinaash/doozy_robotics/doozy_ws_2/install/turtlebot3_applications:/home/avinaash/doozy_robotics/doozy_ws_2/install/image_pipeline:/home/avinaash/doozy_robotics/doozy_ws_2/install/stereo_image_proc:/home/avinaash/doozy_robotics/doozy_ws_2/install/image_proc:/home/avinaash/doozy_robotics/doozy_ws_2/install/tracetools_image_pipeline:/home/avinaash/doozy_robotics/doozy_ws_2/install/image_view:/home/avinaash/doozy_robotics/doozy_ws_2/install/image_rotate:/home/avinaash/doozy_robotics/doozy_ws_2/install/image_publisher:/home/avinaash/doozy_robotics/doozy_ws_2/install/depth_image_proc:/home/avinaash/doozy_robotics/doozy_ws_2/install/image_geometry:/home/avinaash/doozy_robotics/doozy_ws_2/install/apriltag_ros:/home/avinaash/doozy_robotics/doozy_ws_2/install/cv_bridge:/home/avinaash/doozy_robotics/doozy_ws_2/install/apriltag_msgs:/home/avinaash/doozy_robotics/doozy_ws_2/install/apriltag:/home/avinaash/doozy_robotics/doozy_ws_2/install/turtlebot3_teleop:/home/avinaash/doozy_robotics/doozy_ws_2/install/turtlebot3_example:/home/avinaash/doozy_robotics/doozy_ws_2/install/turtlebot3_automatic_parking:/home/avinaash/doozy_robotics/doozy_ws_2/install/pallet_robot:/home/avinaash/doozy_robotics/doozy_ws_2/install/pallet_docker_02:/home/avinaash/doozy_robotics/doozy_ws_2/install/opencv_tests:/home/avinaash/doozy_robotics/doozy_ws_2/install/camera_calibration:/opt/ros/galactic:/home/avinaash/doozy_robotics/doozy_ws/devel:/opt/ros/noetic /usr/bin/cmake --install /home/avinaash/doozy_robotics/doozy_ws_2/build/cv_bridge
[1.310s] -- Install configuration: ""
[1.310s] -- Up-to-date: /home/avinaash/doozy_robotics/doozy_ws_2/install/cv_bridge/share/cv_bridge/environment/pythonpath.sh
[1.310s] -- Up-to-date: /home/avinaash/doozy_robotics/doozy_ws_2/install/cv_bridge/share/cv_bridge/environment/pythonpath.dsv
[1.311s] -- Up-to-date: /home/avinaash/doozy_robotics/doozy_ws_2/install/cv_bridge/lib/python3.8/site-packages//cv_bridge.egg-info
[1.311s] -- Installing: /home/avinaash/doozy_robotics/doozy_ws_2/install/cv_bridge/lib/python3.8/site-packages//cv_bridge.egg-info/SOURCES.txt
[1.311s] -- Installing: /home/avinaash/doozy_robotics/doozy_ws_2/install/cv_bridge/lib/python3.8/site-packages//cv_bridge.egg-info/top_level.txt
[1.311s] -- Installing: /home/avinaash/doozy_robotics/doozy_ws_2/install/cv_bridge/lib/python3.8/site-packages//cv_bridge.egg-info/dependency_links.txt
[1.311s] -- Installing: /home/avinaash/doozy_robotics/doozy_ws_2/install/cv_bridge/lib/python3.8/site-packages//cv_bridge.egg-info/PKG-INFO
[1.312s] -- Up-to-date: /home/avinaash/doozy_robotics/doozy_ws_2/install/cv_bridge/lib/python3.8/site-packages/cv_bridge
[1.312s] -- Up-to-date: /home/avinaash/doozy_robotics/doozy_ws_2/install/cv_bridge/lib/python3.8/site-packages/cv_bridge/__init__.py
[1.312s] -- Up-to-date: /home/avinaash/doozy_robotics/doozy_ws_2/install/cv_bridge/lib/python3.8/site-packages/cv_bridge/core.py
[1.394s] Listing '/home/avinaash/doozy_robotics/doozy_ws_2/install/cv_bridge/lib/python3.8/site-packages/cv_bridge'...
[1.394s] Listing '/home/avinaash/doozy_robotics/doozy_ws_2/install/cv_bridge/lib/python3.8/site-packages/cv_bridge/boost'...
[1.409s] -- Up-to-date: /home/avinaash/doozy_robotics/doozy_ws_2/install/cv_bridge/share/cv_bridge/environment/library_path.sh
[1.411s] -- Up-to-date: /home/avinaash/doozy_robotics/doozy_ws_2/install/cv_bridge/share/cv_bridge/environment/library_path.dsv
[1.411s] -- Up-to-date: /home/avinaash/doozy_robotics/doozy_ws_2/install/cv_bridge/include/cv_bridge
[1.411s] -- Up-to-date: /home/avinaash/doozy_robotics/doozy_ws_2/install/cv_bridge/include/cv_bridge/rgb_colors.h
[1.412s] -- Up-to-date: /home/avinaash/doozy_robotics/doozy_ws_2/install/cv_bridge/include/cv_bridge/cv_bridge.h
[1.413s] -- Up-to-date: /home/avinaash/doozy_robotics/doozy_ws_2/install/cv_bridge/lib/libcv_bridge.so
[1.413s] -- Up-to-date: /home/avinaash/doozy_robotics/doozy_ws_2/install/cv_bridge/share/ament_index/resource_index/package_run_dependencies/cv_bridge
[1.414s] -- Up-to-date: /home/avinaash/doozy_robotics/doozy_ws_2/install/cv_bridge/share/ament_index/resource_index/parent_prefix_path/cv_bridge
[1.415s] -- Up-to-date: /home/avinaash/doozy_robotics/doozy_ws_2/install/cv_bridge/share/cv_bridge/environment/ament_prefix_path.sh
[1.417s] -- Up-to-date: /home/avinaash/doozy_robotics/doozy_ws_2/install/cv_bridge/share/cv_bridge/environment/ament_prefix_path.dsv
[1.417s] -- Up-to-date: /home/avinaash/doozy_robotics/doozy_ws_2/install/cv_bridge/share/cv_bridge/environment/path.sh
[1.419s] -- Up-to-date: /home/avinaash/doozy_robotics/doozy_ws_2/install/cv_bridge/share/cv_bridge/environment/path.dsv
[1.421s] -- Up-to-date: /home/avinaash/doozy_robotics/doozy_ws_2/install/cv_bridge/share/cv_bridge/local_setup.bash
[1.423s] -- Up-to-date: /home/avinaash/doozy_robotics/doozy_ws_2/install/cv_bridge/share/cv_bridge/local_setup.sh
[1.423s] -- Up-to-date: /home/avinaash/doozy_robotics/doozy_ws_2/install/cv_bridge/share/cv_bridge/local_setup.zsh
[1.426s] -- Up-to-date: /home/avinaash/doozy_robotics/doozy_ws_2/install/cv_bridge/share/cv_bridge/local_setup.dsv
[1.429s] -- Installing: /home/avinaash/doozy_robotics/doozy_ws_2/install/cv_bridge/share/cv_bridge/package.dsv
[1.429s] -- Up-to-date: /home/avinaash/doozy_robotics/doozy_ws_2/install/cv_bridge/share/ament_index/resource_index/packages/cv_bridge
[1.430s] -- Up-to-date: /home/avinaash/doozy_robotics/doozy_ws_2/install/cv_bridge/share/cv_bridge/cmake/cv_bridge-extras.cmake
[1.430s] -- Up-to-date: /home/avinaash/doozy_robotics/doozy_ws_2/install/cv_bridge/share/cv_bridge/cmake/ament_cmake_export_dependencies-extras.cmake
[1.430s] -- Up-to-date: /home/avinaash/doozy_robotics/doozy_ws_2/install/cv_bridge/share/cv_bridge/cmake/ament_cmake_export_include_directories-extras.cmake
[1.430s] -- Up-to-date: /home/avinaash/doozy_robotics/doozy_ws_2/install/cv_bridge/share/cv_bridge/cmake/ament_cmake_export_libraries-extras.cmake
[1.430s] -- Up-to-date: /home/avinaash/doozy_robotics/doozy_ws_2/install/cv_bridge/share/cv_bridge/cmake/cv_bridgeConfig.cmake
[1.431s] -- Up-to-date: /home/avinaash/doozy_robotics/doozy_ws_2/install/cv_bridge/share/cv_bridge/cmake/cv_bridgeConfig-version.cmake
[1.431s] -- Up-to-date: /home/avinaash/doozy_robotics/doozy_ws_2/install/cv_bridge/share/cv_bridge/package.xml
[1.435s] -- Up-to-date: /home/avinaash/doozy_robotics/doozy_ws_2/install/cv_bridge/lib/libcv_bridge.so
[1.435s] -- Up-to-date: /home/avinaash/doozy_robotics/doozy_ws_2/install/cv_bridge/include/cv_bridge/cv_bridge_export.h
[1.438s] -- Up-to-date: /home/avinaash/doozy_robotics/doozy_ws_2/install/cv_bridge/lib/python3.8/site-packages/cv_bridge/boost/cv_bridge_boost.so
[1.510s] Invoked command in '/home/avinaash/doozy_robotics/doozy_ws_2/build/cv_bridge' returned '0': CMAKE_PREFIX_PATH=/home/avinaash/doozy_robotics/doozy_ws_2/install/vision_opencv:/home/avinaash/doozy_robotics/doozy_ws_2/install/turtlebot3:/home/avinaash/doozy_robotics/doozy_ws_2/install/turtlebot3_simulations:/home/avinaash/doozy_robotics/doozy_ws_2/install/turtlebot3_bringup:/home/avinaash/doozy_robotics/doozy_ws_2/install/turtlebot3_node:/home/avinaash/doozy_robotics/doozy_ws_2/install/turtlebot3_navigation2:/home/avinaash/doozy_robotics/doozy_ws_2/install/turtlebot3_gazebo:/home/avinaash/doozy_robotics/doozy_ws_2/install/turtlebot3_fake_node:/home/avinaash/doozy_robotics/doozy_ws_2/install/turtlebot3_description:/home/avinaash/doozy_robotics/doozy_ws_2/install/turtlebot3_cartographer:/home/avinaash/doozy_robotics/doozy_ws_2/install/turtlebot3_applications:/home/avinaash/doozy_robotics/doozy_ws_2/install/image_pipeline:/home/avinaash/doozy_robotics/doozy_ws_2/install/stereo_image_proc:/home/avinaash/doozy_robotics/doozy_ws_2/install/image_proc:/home/avinaash/doozy_robotics/doozy_ws_2/install/tracetools_image_pipeline:/home/avinaash/doozy_robotics/doozy_ws_2/install/image_view:/home/avinaash/doozy_robotics/doozy_ws_2/install/image_rotate:/home/avinaash/doozy_robotics/doozy_ws_2/install/image_publisher:/home/avinaash/doozy_robotics/doozy_ws_2/install/depth_image_proc:/home/avinaash/doozy_robotics/doozy_ws_2/install/image_geometry:/home/avinaash/doozy_robotics/doozy_ws_2/install/apriltag_ros:/home/avinaash/doozy_robotics/doozy_ws_2/install/cv_bridge:/home/avinaash/doozy_robotics/doozy_ws_2/install/apriltag_msgs:/home/avinaash/doozy_robotics/doozy_ws_2/install/apriltag:/home/avinaash/doozy_robotics/doozy_ws_2/install/turtlebot3_teleop:/home/avinaash/doozy_robotics/doozy_ws_2/install/turtlebot3_example:/home/avinaash/doozy_robotics/doozy_ws_2/install/turtlebot3_automatic_parking:/home/avinaash/doozy_robotics/doozy_ws_2/install/pallet_robot:/home/avinaash/doozy_robotics/doozy_ws_2/install/pallet_docker_02:/home/avinaash/doozy_robotics/doozy_ws_2/install/opencv_tests:/home/avinaash/doozy_robotics/doozy_ws_2/install/camera_calibration:/opt/ros/galactic:/home/avinaash/doozy_robotics/doozy_ws/devel:/opt/ros/noetic /usr/bin/cmake --install /home/avinaash/doozy_robotics/doozy_ws_2/build/cv_bridge
