[5.292s] Invoking command in '/home/avinaash/doozy_robotics/doozy_ws_2/src/turtlebot3/turtlebot3_teleop': PYTHONPATH=/home/avinaash/doozy_robotics/doozy_ws_2/build/turtlebot3_teleop/prefix_override:/home/avinaash/doozy_robotics/doozy_ws_2/install/turtlebot3_teleop/lib/python3.8/site-packages:${PYTHONPATH} /usr/bin/python3 -W ignore:setup.py install is deprecated setup.py egg_info --egg-base ../../../build/turtlebot3_teleop build --build-base /home/avinaash/doozy_robotics/doozy_ws_2/build/turtlebot3_teleop/build install --record /home/avinaash/doozy_robotics/doozy_ws_2/build/turtlebot3_teleop/install.log --single-version-externally-managed install_data
[5.991s] running egg_info
[5.992s] writing ../../../build/turtlebot3_teleop/turtlebot3_teleop.egg-info/PKG-INFO
[5.993s] writing dependency_links to ../../../build/turtlebot3_teleop/turtlebot3_teleop.egg-info/dependency_links.txt
[5.993s] writing entry points to ../../../build/turtlebot3_teleop/turtlebot3_teleop.egg-info/entry_points.txt
[5.993s] writing requirements to ../../../build/turtlebot3_teleop/turtlebot3_teleop.egg-info/requires.txt
[5.994s] writing top-level names to ../../../build/turtlebot3_teleop/turtlebot3_teleop.egg-info/top_level.txt
[6.094s] reading manifest file '../../../build/turtlebot3_teleop/turtlebot3_teleop.egg-info/SOURCES.txt'
[6.097s] writing manifest file '../../../build/turtlebot3_teleop/turtlebot3_teleop.egg-info/SOURCES.txt'
[6.098s] running build
[6.099s] running build_py
[6.100s] running install
[6.103s] running install_lib
[6.109s] running install_data
[6.109s] running install_egg_info
[6.116s] removing '/home/avinaash/doozy_robotics/doozy_ws_2/install/turtlebot3_teleop/lib/python3.8/site-packages/turtlebot3_teleop-2.1.4-py3.8.egg-info' (and everything under it)
[6.117s] Copying ../../../build/turtlebot3_teleop/turtlebot3_teleop.egg-info to /home/avinaash/doozy_robotics/doozy_ws_2/install/turtlebot3_teleop/lib/python3.8/site-packages/turtlebot3_teleop-2.1.4-py3.8.egg-info
[6.119s] running install_scripts
[6.173s] Installing teleop_keyboard script to /home/avinaash/doozy_robotics/doozy_ws_2/install/turtlebot3_teleop/lib/turtlebot3_teleop
[6.174s] writing list of installed files to '/home/avinaash/doozy_robotics/doozy_ws_2/build/turtlebot3_teleop/install.log'
[6.255s] Invoked command in '/home/avinaash/doozy_robotics/doozy_ws_2/src/turtlebot3/turtlebot3_teleop' returned '0': PYTHONPATH=/home/avinaash/doozy_robotics/doozy_ws_2/build/turtlebot3_teleop/prefix_override:/home/avinaash/doozy_robotics/doozy_ws_2/install/turtlebot3_teleop/lib/python3.8/site-packages:${PYTHONPATH} /usr/bin/python3 -W ignore:setup.py install is deprecated setup.py egg_info --egg-base ../../../build/turtlebot3_teleop build --build-base /home/avinaash/doozy_robotics/doozy_ws_2/build/turtlebot3_teleop/build install --record /home/avinaash/doozy_robotics/doozy_ws_2/build/turtlebot3_teleop/install.log --single-version-externally-managed install_data
