[0.196s] Invoking command in '/home/avinaash/doozy_robotics/doozy_ws_2/build/apriltag_msgs': CMAKE_PREFIX_PATH=${CMAKE_PREFIX_PATH}:/home/avinaash/doozy_robotics/doozy_ws_2/install/turtlebot3_teleop:/home/avinaash/doozy_robotics/doozy_ws_2/install/turtlebot3_example:/home/avinaash/doozy_robotics/doozy_ws_2/install/turtlebot3_automatic_parking:/home/avinaash/doozy_robotics/doozy_ws_2/install/pallet_robot:/home/avinaash/doozy_robotics/doozy_ws_2/install/pallet_docker_02:/home/avinaash/doozy_robotics/doozy_ws_2/install/opencv_tests:/home/avinaash/doozy_robotics/doozy_ws_2/install/camera_calibration:/opt/ros/galactic /usr/bin/cmake --build /home/avinaash/doozy_robotics/doozy_ws_2/build/apriltag_msgs -- -j12 -l12
[1.473s] [  2%] Built target apriltag_msgs__cpp
[1.474s] [ 12%] Built target apriltag_msgs__rosidl_generator_c
[1.474s] [ 23%] Built target apriltag_msgs__rosidl_typesupport_fastrtps_cpp
[1.474s] [ 34%] Built target apriltag_msgs__rosidl_typesupport_introspection_cpp
[1.474s] [ 44%] Built target apriltag_msgs__rosidl_typesupport_c
[1.474s] [ 55%] Built target apriltag_msgs__rosidl_typesupport_cpp
[1.475s] [ 65%] Built target apriltag_msgs__rosidl_typesupport_introspection_c
[1.475s] [ 76%] Built target apriltag_msgs__rosidl_typesupport_fastrtps_c
[1.475s] [ 76%] Built target apriltag_msgs
[1.475s] [ 78%] Built target apriltag_msgs__py
[1.476s] [ 87%] Built target apriltag_msgs__python
[1.476s] [ 91%] Built target apriltag_msgs__rosidl_typesupport_fastrtps_c__pyext
[1.476s] [ 95%] Built target apriltag_msgs__rosidl_typesupport_c__pyext
[1.476s] [100%] Built target apriltag_msgs__rosidl_typesupport_introspection_c__pyext
[1.520s] Invoked command in '/home/avinaash/doozy_robotics/doozy_ws_2/build/apriltag_msgs' returned '0': CMAKE_PREFIX_PATH=${CMAKE_PREFIX_PATH}:/home/avinaash/doozy_robotics/doozy_ws_2/install/turtlebot3_teleop:/home/avinaash/doozy_robotics/doozy_ws_2/install/turtlebot3_example:/home/avinaash/doozy_robotics/doozy_ws_2/install/turtlebot3_automatic_parking:/home/avinaash/doozy_robotics/doozy_ws_2/install/pallet_robot:/home/avinaash/doozy_robotics/doozy_ws_2/install/pallet_docker_02:/home/avinaash/doozy_robotics/doozy_ws_2/install/opencv_tests:/home/avinaash/doozy_robotics/doozy_ws_2/install/camera_calibration:/opt/ros/galactic /usr/bin/cmake --build /home/avinaash/doozy_robotics/doozy_ws_2/build/apriltag_msgs -- -j12 -l12
[2.051s] Invoking command in '/home/avinaash/doozy_robotics/doozy_ws_2/build/apriltag_msgs': CMAKE_PREFIX_PATH=${CMAKE_PREFIX_PATH}:/home/avinaash/doozy_robotics/doozy_ws_2/install/turtlebot3_teleop:/home/avinaash/doozy_robotics/doozy_ws_2/install/turtlebot3_example:/home/avinaash/doozy_robotics/doozy_ws_2/install/turtlebot3_automatic_parking:/home/avinaash/doozy_robotics/doozy_ws_2/install/pallet_robot:/home/avinaash/doozy_robotics/doozy_ws_2/install/pallet_docker_02:/home/avinaash/doozy_robotics/doozy_ws_2/install/opencv_tests:/home/avinaash/doozy_robotics/doozy_ws_2/install/camera_calibration:/opt/ros/galactic /usr/bin/cmake --install /home/avinaash/doozy_robotics/doozy_ws_2/build/apriltag_msgs
[2.143s] -- Install configuration: ""
[2.143s] -- Up-to-date: /home/avinaash/doozy_robotics/doozy_ws_2/install/apriltag_msgs/share/ament_index/resource_index/rosidl_interfaces/apriltag_msgs
[2.144s] -- Up-to-date: /home/avinaash/doozy_robotics/doozy_ws_2/install/apriltag_msgs/include/apriltag_msgs
[2.144s] -- Up-to-date: /home/avinaash/doozy_robotics/doozy_ws_2/install/apriltag_msgs/include/apriltag_msgs/msg
[2.145s] -- Up-to-date: /home/avinaash/doozy_robotics/doozy_ws_2/install/apriltag_msgs/include/apriltag_msgs/msg/point.h
[2.145s] -- Up-to-date: /home/avinaash/doozy_robotics/doozy_ws_2/install/apriltag_msgs/include/apriltag_msgs/msg/april_tag_detection.h
[2.145s] -- Up-to-date: /home/avinaash/doozy_robotics/doozy_ws_2/install/apriltag_msgs/include/apriltag_msgs/msg/rosidl_generator_c__visibility_control.h
[2.146s] -- Up-to-date: /home/avinaash/doozy_robotics/doozy_ws_2/install/apriltag_msgs/include/apriltag_msgs/msg/detail
[2.146s] -- Up-to-date: /home/avinaash/doozy_robotics/doozy_ws_2/install/apriltag_msgs/include/apriltag_msgs/msg/detail/april_tag_detection_array__type_support.h
[2.146s] -- Up-to-date: /home/avinaash/doozy_robotics/doozy_ws_2/install/apriltag_msgs/include/apriltag_msgs/msg/detail/april_tag_detection_array__struct.h
[2.147s] -- Up-to-date: /home/avinaash/doozy_robotics/doozy_ws_2/install/apriltag_msgs/include/apriltag_msgs/msg/detail/april_tag_detection_array__functions.h
[2.147s] -- Up-to-date: /home/avinaash/doozy_robotics/doozy_ws_2/install/apriltag_msgs/include/apriltag_msgs/msg/detail/april_tag_detection__type_support.h
[2.147s] -- Up-to-date: /home/avinaash/doozy_robotics/doozy_ws_2/install/apriltag_msgs/include/apriltag_msgs/msg/detail/point__functions.c
[2.147s] -- Up-to-date: /home/avinaash/doozy_robotics/doozy_ws_2/install/apriltag_msgs/include/apriltag_msgs/msg/detail/point__type_support.h
[2.147s] -- Up-to-date: /home/avinaash/doozy_robotics/doozy_ws_2/install/apriltag_msgs/include/apriltag_msgs/msg/detail/april_tag_detection__functions.h
[2.148s] -- Up-to-date: /home/avinaash/doozy_robotics/doozy_ws_2/install/apriltag_msgs/include/apriltag_msgs/msg/detail/april_tag_detection_array__functions.c
[2.148s] -- Up-to-date: /home/avinaash/doozy_robotics/doozy_ws_2/install/apriltag_msgs/include/apriltag_msgs/msg/detail/point__struct.h
[2.148s] -- Up-to-date: /home/avinaash/doozy_robotics/doozy_ws_2/install/apriltag_msgs/include/apriltag_msgs/msg/detail/april_tag_detection__struct.h
[2.148s] -- Up-to-date: /home/avinaash/doozy_robotics/doozy_ws_2/install/apriltag_msgs/include/apriltag_msgs/msg/detail/point__functions.h
[2.149s] -- Up-to-date: /home/avinaash/doozy_robotics/doozy_ws_2/install/apriltag_msgs/include/apriltag_msgs/msg/detail/april_tag_detection__functions.c
[2.149s] -- Up-to-date: /home/avinaash/doozy_robotics/doozy_ws_2/install/apriltag_msgs/include/apriltag_msgs/msg/april_tag_detection_array.h
[2.149s] -- Up-to-date: /home/avinaash/doozy_robotics/doozy_ws_2/install/apriltag_msgs/share/apriltag_msgs/environment/library_path.sh
[2.149s] -- Up-to-date: /home/avinaash/doozy_robotics/doozy_ws_2/install/apriltag_msgs/share/apriltag_msgs/environment/library_path.dsv
[2.149s] -- Up-to-date: /home/avinaash/doozy_robotics/doozy_ws_2/install/apriltag_msgs/lib/libapriltag_msgs__rosidl_generator_c.so
[2.150s] -- Up-to-date: /home/avinaash/doozy_robotics/doozy_ws_2/install/apriltag_msgs/include/apriltag_msgs
[2.150s] -- Up-to-date: /home/avinaash/doozy_robotics/doozy_ws_2/install/apriltag_msgs/include/apriltag_msgs/msg
[2.150s] -- Up-to-date: /home/avinaash/doozy_robotics/doozy_ws_2/install/apriltag_msgs/include/apriltag_msgs/msg/detail
[2.150s] -- Up-to-date: /home/avinaash/doozy_robotics/doozy_ws_2/install/apriltag_msgs/include/apriltag_msgs/msg/detail/april_tag_detection__rosidl_typesupport_fastrtps_c.h
[2.150s] -- Up-to-date: /home/avinaash/doozy_robotics/doozy_ws_2/install/apriltag_msgs/include/apriltag_msgs/msg/detail/april_tag_detection_array__rosidl_typesupport_fastrtps_c.h
[2.150s] -- Up-to-date: /home/avinaash/doozy_robotics/doozy_ws_2/install/apriltag_msgs/include/apriltag_msgs/msg/detail/point__rosidl_typesupport_fastrtps_c.h
[2.151s] -- Up-to-date: /home/avinaash/doozy_robotics/doozy_ws_2/install/apriltag_msgs/include/apriltag_msgs/msg/rosidl_typesupport_fastrtps_c__visibility_control.h
[2.151s] -- Up-to-date: /home/avinaash/doozy_robotics/doozy_ws_2/install/apriltag_msgs/lib/libapriltag_msgs__rosidl_typesupport_fastrtps_c.so
[2.151s] -- Up-to-date: /home/avinaash/doozy_robotics/doozy_ws_2/install/apriltag_msgs/include/apriltag_msgs
[2.151s] -- Up-to-date: /home/avinaash/doozy_robotics/doozy_ws_2/install/apriltag_msgs/include/apriltag_msgs/msg
[2.151s] -- Up-to-date: /home/avinaash/doozy_robotics/doozy_ws_2/install/apriltag_msgs/include/apriltag_msgs/msg/rosidl_typesupport_fastrtps_cpp__visibility_control.h
[2.151s] -- Up-to-date: /home/avinaash/doozy_robotics/doozy_ws_2/install/apriltag_msgs/include/apriltag_msgs/msg/detail
[2.151s] -- Up-to-date: /home/avinaash/doozy_robotics/doozy_ws_2/install/apriltag_msgs/include/apriltag_msgs/msg/detail/point__rosidl_typesupport_fastrtps_cpp.hpp
[2.152s] -- Up-to-date: /home/avinaash/doozy_robotics/doozy_ws_2/install/apriltag_msgs/include/apriltag_msgs/msg/detail/april_tag_detection__rosidl_typesupport_fastrtps_cpp.hpp
[2.152s] -- Up-to-date: /home/avinaash/doozy_robotics/doozy_ws_2/install/apriltag_msgs/include/apriltag_msgs/msg/detail/dds_fastrtps
[2.152s] -- Up-to-date: /home/avinaash/doozy_robotics/doozy_ws_2/install/apriltag_msgs/include/apriltag_msgs/msg/detail/april_tag_detection_array__rosidl_typesupport_fastrtps_cpp.hpp
[2.152s] -- Up-to-date: /home/avinaash/doozy_robotics/doozy_ws_2/install/apriltag_msgs/lib/libapriltag_msgs__rosidl_typesupport_fastrtps_cpp.so
[2.152s] -- Up-to-date: /home/avinaash/doozy_robotics/doozy_ws_2/install/apriltag_msgs/include/apriltag_msgs
[2.153s] -- Up-to-date: /home/avinaash/doozy_robotics/doozy_ws_2/install/apriltag_msgs/include/apriltag_msgs/msg
[2.153s] -- Up-to-date: /home/avinaash/doozy_robotics/doozy_ws_2/install/apriltag_msgs/include/apriltag_msgs/msg/rosidl_typesupport_introspection_c__visibility_control.h
[2.153s] -- Up-to-date: /home/avinaash/doozy_robotics/doozy_ws_2/install/apriltag_msgs/include/apriltag_msgs/msg/detail
[2.153s] -- Up-to-date: /home/avinaash/doozy_robotics/doozy_ws_2/install/apriltag_msgs/include/apriltag_msgs/msg/detail/april_tag_detection__type_support.c
[2.154s] -- Up-to-date: /home/avinaash/doozy_robotics/doozy_ws_2/install/apriltag_msgs/include/apriltag_msgs/msg/detail/point__type_support.c
[2.154s] -- Up-to-date: /home/avinaash/doozy_robotics/doozy_ws_2/install/apriltag_msgs/include/apriltag_msgs/msg/detail/april_tag_detection__rosidl_typesupport_introspection_c.h
[2.155s] -- Up-to-date: /home/avinaash/doozy_robotics/doozy_ws_2/install/apriltag_msgs/include/apriltag_msgs/msg/detail/point__rosidl_typesupport_introspection_c.h
[2.155s] -- Up-to-date: /home/avinaash/doozy_robotics/doozy_ws_2/install/apriltag_msgs/include/apriltag_msgs/msg/detail/april_tag_detection_array__type_support.c
[2.155s] -- Up-to-date: /home/avinaash/doozy_robotics/doozy_ws_2/install/apriltag_msgs/include/apriltag_msgs/msg/detail/april_tag_detection_array__rosidl_typesupport_introspection_c.h
[2.155s] -- Up-to-date: /home/avinaash/doozy_robotics/doozy_ws_2/install/apriltag_msgs/lib/libapriltag_msgs__rosidl_typesupport_introspection_c.so
[2.155s] -- Up-to-date: /home/avinaash/doozy_robotics/doozy_ws_2/install/apriltag_msgs/lib/libapriltag_msgs__rosidl_typesupport_c.so
[2.155s] -- Up-to-date: /home/avinaash/doozy_robotics/doozy_ws_2/install/apriltag_msgs/include/apriltag_msgs
[2.156s] -- Up-to-date: /home/avinaash/doozy_robotics/doozy_ws_2/install/apriltag_msgs/include/apriltag_msgs/msg
[2.156s] -- Up-to-date: /home/avinaash/doozy_robotics/doozy_ws_2/install/apriltag_msgs/include/apriltag_msgs/msg/point.hpp
[2.156s] -- Up-to-date: /home/avinaash/doozy_robotics/doozy_ws_2/install/apriltag_msgs/include/apriltag_msgs/msg/detail
[2.156s] -- Up-to-date: /home/avinaash/doozy_robotics/doozy_ws_2/install/apriltag_msgs/include/apriltag_msgs/msg/detail/point__struct.hpp
[2.156s] -- Up-to-date: /home/avinaash/doozy_robotics/doozy_ws_2/install/apriltag_msgs/include/apriltag_msgs/msg/detail/april_tag_detection_array__struct.hpp
[2.157s] -- Up-to-date: /home/avinaash/doozy_robotics/doozy_ws_2/install/apriltag_msgs/include/apriltag_msgs/msg/detail/april_tag_detection__traits.hpp
[2.157s] -- Up-to-date: /home/avinaash/doozy_robotics/doozy_ws_2/install/apriltag_msgs/include/apriltag_msgs/msg/detail/april_tag_detection__builder.hpp
[2.157s] -- Up-to-date: /home/avinaash/doozy_robotics/doozy_ws_2/install/apriltag_msgs/include/apriltag_msgs/msg/detail/april_tag_detection_array__builder.hpp
[2.157s] -- Up-to-date: /home/avinaash/doozy_robotics/doozy_ws_2/install/apriltag_msgs/include/apriltag_msgs/msg/detail/april_tag_detection__struct.hpp
[2.157s] -- Up-to-date: /home/avinaash/doozy_robotics/doozy_ws_2/install/apriltag_msgs/include/apriltag_msgs/msg/detail/point__builder.hpp
[2.157s] -- Up-to-date: /home/avinaash/doozy_robotics/doozy_ws_2/install/apriltag_msgs/include/apriltag_msgs/msg/detail/point__traits.hpp
[2.158s] -- Up-to-date: /home/avinaash/doozy_robotics/doozy_ws_2/install/apriltag_msgs/include/apriltag_msgs/msg/detail/april_tag_detection_array__traits.hpp
[2.158s] -- Up-to-date: /home/avinaash/doozy_robotics/doozy_ws_2/install/apriltag_msgs/include/apriltag_msgs/msg/april_tag_detection_array.hpp
[2.158s] -- Up-to-date: /home/avinaash/doozy_robotics/doozy_ws_2/install/apriltag_msgs/include/apriltag_msgs/msg/april_tag_detection.hpp
[2.158s] -- Up-to-date: /home/avinaash/doozy_robotics/doozy_ws_2/install/apriltag_msgs/include/apriltag_msgs
[2.158s] -- Up-to-date: /home/avinaash/doozy_robotics/doozy_ws_2/install/apriltag_msgs/include/apriltag_msgs/msg
[2.158s] -- Up-to-date: /home/avinaash/doozy_robotics/doozy_ws_2/install/apriltag_msgs/include/apriltag_msgs/msg/detail
[2.159s] -- Up-to-date: /home/avinaash/doozy_robotics/doozy_ws_2/install/apriltag_msgs/include/apriltag_msgs/msg/detail/point__type_support.cpp
[2.159s] -- Up-to-date: /home/avinaash/doozy_robotics/doozy_ws_2/install/apriltag_msgs/include/apriltag_msgs/msg/detail/point__rosidl_typesupport_introspection_cpp.hpp
[2.159s] -- Up-to-date: /home/avinaash/doozy_robotics/doozy_ws_2/install/apriltag_msgs/include/apriltag_msgs/msg/detail/april_tag_detection__type_support.cpp
[2.159s] -- Up-to-date: /home/avinaash/doozy_robotics/doozy_ws_2/install/apriltag_msgs/include/apriltag_msgs/msg/detail/april_tag_detection_array__type_support.cpp
[2.159s] -- Up-to-date: /home/avinaash/doozy_robotics/doozy_ws_2/install/apriltag_msgs/include/apriltag_msgs/msg/detail/april_tag_detection_array__rosidl_typesupport_introspection_cpp.hpp
[2.163s] -- Up-to-date: /home/avinaash/doozy_robotics/doozy_ws_2/install/apriltag_msgs/include/apriltag_msgs/msg/detail/april_tag_detection__rosidl_typesupport_introspection_cpp.hpp
[2.163s] -- Up-to-date: /home/avinaash/doozy_robotics/doozy_ws_2/install/apriltag_msgs/lib/libapriltag_msgs__rosidl_typesupport_introspection_cpp.so
[2.164s] -- Up-to-date: /home/avinaash/doozy_robotics/doozy_ws_2/install/apriltag_msgs/lib/libapriltag_msgs__rosidl_typesupport_cpp.so
[2.164s] -- Up-to-date: /home/avinaash/doozy_robotics/doozy_ws_2/install/apriltag_msgs/share/apriltag_msgs/environment/pythonpath.sh
[2.168s] -- Up-to-date: /home/avinaash/doozy_robotics/doozy_ws_2/install/apriltag_msgs/share/apriltag_msgs/environment/pythonpath.dsv
[2.168s] -- Up-to-date: /home/avinaash/doozy_robotics/doozy_ws_2/install/apriltag_msgs/lib/python3.8/site-packages/apriltag_msgs/__init__.py
[2.190s] -- Up-to-date: /home/avinaash/doozy_robotics/doozy_ws_2/install/apriltag_msgs/lib/python3.8/site-packages/apriltag_msgs/msg
[2.190s] -- Up-to-date: /home/avinaash/doozy_robotics/doozy_ws_2/install/apriltag_msgs/lib/python3.8/site-packages/apriltag_msgs/msg/_april_tag_detection_s.c
[2.191s] -- Up-to-date: /home/avinaash/doozy_robotics/doozy_ws_2/install/apriltag_msgs/lib/python3.8/site-packages/apriltag_msgs/msg/_april_tag_detection.py
[2.191s] -- Up-to-date: /home/avinaash/doozy_robotics/doozy_ws_2/install/apriltag_msgs/lib/python3.8/site-packages/apriltag_msgs/msg/_point_s.c
[2.192s] -- Up-to-date: /home/avinaash/doozy_robotics/doozy_ws_2/install/apriltag_msgs/lib/python3.8/site-packages/apriltag_msgs/msg/__init__.py
[2.192s] -- Up-to-date: /home/avinaash/doozy_robotics/doozy_ws_2/install/apriltag_msgs/lib/python3.8/site-packages/apriltag_msgs/msg/_april_tag_detection_array_s.c
[2.193s] -- Up-to-date: /home/avinaash/doozy_robotics/doozy_ws_2/install/apriltag_msgs/lib/python3.8/site-packages/apriltag_msgs/msg/_april_tag_detection_array.py
[2.193s] -- Up-to-date: /home/avinaash/doozy_robotics/doozy_ws_2/install/apriltag_msgs/lib/python3.8/site-packages/apriltag_msgs/msg/_point.py
[2.194s] -- Up-to-date: /home/avinaash/doozy_robotics/doozy_ws_2/install/apriltag_msgs/lib/python3.8/site-packages/apriltag_msgs/apriltag_msgs_s__rosidl_typesupport_fastrtps_c.cpython-38-x86_64-linux-gnu.so
[2.195s] -- Up-to-date: /home/avinaash/doozy_robotics/doozy_ws_2/install/apriltag_msgs/lib/python3.8/site-packages/apriltag_msgs/apriltag_msgs_s__rosidl_typesupport_introspection_c.cpython-38-x86_64-linux-gnu.so
[2.196s] -- Up-to-date: /home/avinaash/doozy_robotics/doozy_ws_2/install/apriltag_msgs/lib/python3.8/site-packages/apriltag_msgs/apriltag_msgs_s__rosidl_typesupport_c.cpython-38-x86_64-linux-gnu.so
[2.196s] -- Up-to-date: /home/avinaash/doozy_robotics/doozy_ws_2/install/apriltag_msgs/lib/libapriltag_msgs__python.so
[2.197s] -- Up-to-date: /home/avinaash/doozy_robotics/doozy_ws_2/install/apriltag_msgs/share/apriltag_msgs/msg/Point.idl
[2.203s] -- Up-to-date: /home/avinaash/doozy_robotics/doozy_ws_2/install/apriltag_msgs/share/apriltag_msgs/msg/AprilTagDetection.idl
[2.205s] -- Up-to-date: /home/avinaash/doozy_robotics/doozy_ws_2/install/apriltag_msgs/share/apriltag_msgs/msg/AprilTagDetectionArray.idl
[2.206s] -- Up-to-date: /home/avinaash/doozy_robotics/doozy_ws_2/install/apriltag_msgs/share/apriltag_msgs/msg/Point.msg
[2.210s] -- Up-to-date: /home/avinaash/doozy_robotics/doozy_ws_2/install/apriltag_msgs/share/apriltag_msgs/msg/AprilTagDetection.msg
[2.210s] -- Up-to-date: /home/avinaash/doozy_robotics/doozy_ws_2/install/apriltag_msgs/share/apriltag_msgs/msg/AprilTagDetectionArray.msg
[2.210s] -- Up-to-date: /home/avinaash/doozy_robotics/doozy_ws_2/install/apriltag_msgs/share/ament_index/resource_index/package_run_dependencies/apriltag_msgs
[2.210s] -- Up-to-date: /home/avinaash/doozy_robotics/doozy_ws_2/install/apriltag_msgs/share/ament_index/resource_index/parent_prefix_path/apriltag_msgs
[2.211s] -- Up-to-date: /home/avinaash/doozy_robotics/doozy_ws_2/install/apriltag_msgs/share/apriltag_msgs/environment/ament_prefix_path.sh
[2.211s] -- Up-to-date: /home/avinaash/doozy_robotics/doozy_ws_2/install/apriltag_msgs/share/apriltag_msgs/environment/ament_prefix_path.dsv
[2.211s] -- Up-to-date: /home/avinaash/doozy_robotics/doozy_ws_2/install/apriltag_msgs/share/apriltag_msgs/environment/path.sh
[2.211s] -- Up-to-date: /home/avinaash/doozy_robotics/doozy_ws_2/install/apriltag_msgs/share/apriltag_msgs/environment/path.dsv
[2.211s] -- Up-to-date: /home/avinaash/doozy_robotics/doozy_ws_2/install/apriltag_msgs/share/apriltag_msgs/local_setup.bash
[2.211s] -- Up-to-date: /home/avinaash/doozy_robotics/doozy_ws_2/install/apriltag_msgs/share/apriltag_msgs/local_setup.sh
[2.212s] -- Up-to-date: /home/avinaash/doozy_robotics/doozy_ws_2/install/apriltag_msgs/share/apriltag_msgs/local_setup.zsh
[2.214s] -- Up-to-date: /home/avinaash/doozy_robotics/doozy_ws_2/install/apriltag_msgs/share/apriltag_msgs/local_setup.dsv
[2.215s] -- Installing: /home/avinaash/doozy_robotics/doozy_ws_2/install/apriltag_msgs/share/apriltag_msgs/package.dsv
[2.215s] -- Up-to-date: /home/avinaash/doozy_robotics/doozy_ws_2/install/apriltag_msgs/share/ament_index/resource_index/packages/apriltag_msgs
[2.218s] -- Up-to-date: /home/avinaash/doozy_robotics/doozy_ws_2/install/apriltag_msgs/share/apriltag_msgs/cmake/apriltag_msgs__rosidl_generator_cExport.cmake
[2.219s] -- Up-to-date: /home/avinaash/doozy_robotics/doozy_ws_2/install/apriltag_msgs/share/apriltag_msgs/cmake/apriltag_msgs__rosidl_generator_cExport-noconfig.cmake
[2.219s] -- Up-to-date: /home/avinaash/doozy_robotics/doozy_ws_2/install/apriltag_msgs/share/apriltag_msgs/cmake/apriltag_msgs__rosidl_typesupport_introspection_cExport.cmake
[2.221s] -- Up-to-date: /home/avinaash/doozy_robotics/doozy_ws_2/install/apriltag_msgs/share/apriltag_msgs/cmake/apriltag_msgs__rosidl_typesupport_introspection_cExport-noconfig.cmake
[2.221s] -- Up-to-date: /home/avinaash/doozy_robotics/doozy_ws_2/install/apriltag_msgs/share/apriltag_msgs/cmake/apriltag_msgs__rosidl_typesupport_cExport.cmake
[2.222s] -- Up-to-date: /home/avinaash/doozy_robotics/doozy_ws_2/install/apriltag_msgs/share/apriltag_msgs/cmake/apriltag_msgs__rosidl_typesupport_cExport-noconfig.cmake
[2.222s] -- Up-to-date: /home/avinaash/doozy_robotics/doozy_ws_2/install/apriltag_msgs/share/apriltag_msgs/cmake/apriltag_msgs__rosidl_generator_cppExport.cmake
[2.223s] -- Up-to-date: /home/avinaash/doozy_robotics/doozy_ws_2/install/apriltag_msgs/share/apriltag_msgs/cmake/apriltag_msgs__rosidl_typesupport_introspection_cppExport.cmake
[2.224s] -- Up-to-date: /home/avinaash/doozy_robotics/doozy_ws_2/install/apriltag_msgs/share/apriltag_msgs/cmake/apriltag_msgs__rosidl_typesupport_introspection_cppExport-noconfig.cmake
[2.225s] -- Up-to-date: /home/avinaash/doozy_robotics/doozy_ws_2/install/apriltag_msgs/share/apriltag_msgs/cmake/apriltag_msgs__rosidl_typesupport_cppExport.cmake
[2.225s] -- Up-to-date: /home/avinaash/doozy_robotics/doozy_ws_2/install/apriltag_msgs/share/apriltag_msgs/cmake/apriltag_msgs__rosidl_typesupport_cppExport-noconfig.cmake
[2.226s] -- Up-to-date: /home/avinaash/doozy_robotics/doozy_ws_2/install/apriltag_msgs/share/apriltag_msgs/cmake/rosidl_cmake-extras.cmake
[2.227s] -- Up-to-date: /home/avinaash/doozy_robotics/doozy_ws_2/install/apriltag_msgs/share/apriltag_msgs/cmake/ament_cmake_export_dependencies-extras.cmake
[2.228s] -- Up-to-date: /home/avinaash/doozy_robotics/doozy_ws_2/install/apriltag_msgs/share/apriltag_msgs/cmake/ament_cmake_export_libraries-extras.cmake
[2.229s] -- Up-to-date: /home/avinaash/doozy_robotics/doozy_ws_2/install/apriltag_msgs/share/apriltag_msgs/cmake/ament_cmake_export_targets-extras.cmake
[2.230s] -- Up-to-date: /home/avinaash/doozy_robotics/doozy_ws_2/install/apriltag_msgs/share/apriltag_msgs/cmake/ament_cmake_export_include_directories-extras.cmake
[2.230s] -- Up-to-date: /home/avinaash/doozy_robotics/doozy_ws_2/install/apriltag_msgs/share/apriltag_msgs/cmake/rosidl_cmake_export_typesupport_libraries-extras.cmake
[2.231s] -- Up-to-date: /home/avinaash/doozy_robotics/doozy_ws_2/install/apriltag_msgs/share/apriltag_msgs/cmake/rosidl_cmake_export_typesupport_targets-extras.cmake
[2.231s] -- Up-to-date: /home/avinaash/doozy_robotics/doozy_ws_2/install/apriltag_msgs/share/apriltag_msgs/cmake/apriltag_msgsConfig.cmake
[2.231s] -- Up-to-date: /home/avinaash/doozy_robotics/doozy_ws_2/install/apriltag_msgs/share/apriltag_msgs/cmake/apriltag_msgsConfig-version.cmake
[2.232s] -- Up-to-date: /home/avinaash/doozy_robotics/doozy_ws_2/install/apriltag_msgs/share/apriltag_msgs/package.xml
[2.448s] Invoked command in '/home/avinaash/doozy_robotics/doozy_ws_2/build/apriltag_msgs' returned '0': CMAKE_PREFIX_PATH=${CMAKE_PREFIX_PATH}:/home/avinaash/doozy_robotics/doozy_ws_2/install/turtlebot3_teleop:/home/avinaash/doozy_robotics/doozy_ws_2/install/turtlebot3_example:/home/avinaash/doozy_robotics/doozy_ws_2/install/turtlebot3_automatic_parking:/home/avinaash/doozy_robotics/doozy_ws_2/install/pallet_robot:/home/avinaash/doozy_robotics/doozy_ws_2/install/pallet_docker_02:/home/avinaash/doozy_robotics/doozy_ws_2/install/opencv_tests:/home/avinaash/doozy_robotics/doozy_ws_2/install/camera_calibration:/opt/ros/galactic /usr/bin/cmake --install /home/avinaash/doozy_robotics/doozy_ws_2/build/apriltag_msgs
