[0.094s] Invoking command in '/home/avinaash/doozy_robotics/doozy_ws_2/build/turtlebot3_cartographer': CMAKE_PREFIX_PATH=${CMAKE_PREFIX_PATH}:/home/avinaash/doozy_robotics/doozy_ws_2/install/turtlebot3_teleop:/home/avinaash/doozy_robotics/doozy_ws_2/install/turtlebot3_example:/home/avinaash/doozy_robotics/doozy_ws_2/install/pallet_docker_02:/opt/ros/galactic /usr/bin/cmake --build /home/avinaash/doozy_robotics/doozy_ws_2/build/turtlebot3_cartographer -- -j12 -l12
[1.282s] Invoked command in '/home/avinaash/doozy_robotics/doozy_ws_2/build/turtlebot3_cartographer' returned '0': CMAKE_PREFIX_PATH=${CMAKE_PREFIX_PATH}:/home/avinaash/doozy_robotics/doozy_ws_2/install/turtlebot3_teleop:/home/avinaash/doozy_robotics/doozy_ws_2/install/turtlebot3_example:/home/avinaash/doozy_robotics/doozy_ws_2/install/pallet_docker_02:/opt/ros/galactic /usr/bin/cmake --build /home/avinaash/doozy_robotics/doozy_ws_2/build/turtlebot3_cartographer -- -j12 -l12
[1.353s] Invoking command in '/home/avinaash/doozy_robotics/doozy_ws_2/build/turtlebot3_cartographer': CMAKE_PREFIX_PATH=${CMAKE_PREFIX_PATH}:/home/avinaash/doozy_robotics/doozy_ws_2/install/turtlebot3_teleop:/home/avinaash/doozy_robotics/doozy_ws_2/install/turtlebot3_example:/home/avinaash/doozy_robotics/doozy_ws_2/install/pallet_docker_02:/opt/ros/galactic /usr/bin/cmake --install /home/avinaash/doozy_robotics/doozy_ws_2/build/turtlebot3_cartographer
[1.396s] -- Install configuration: ""
[1.396s] -- Up-to-date: /home/avinaash/doozy_robotics/doozy_ws_2/install/turtlebot3_cartographer/share/turtlebot3_cartographer/config
[1.400s] -- Up-to-date: /home/avinaash/doozy_robotics/doozy_ws_2/install/turtlebot3_cartographer/share/turtlebot3_cartographer/config/turtlebot3_lds_2d.lua
[1.400s] -- Up-to-date: /home/avinaash/doozy_robotics/doozy_ws_2/install/turtlebot3_cartographer/share/turtlebot3_cartographer/launch
[1.401s] -- Up-to-date: /home/avinaash/doozy_robotics/doozy_ws_2/install/turtlebot3_cartographer/share/turtlebot3_cartographer/launch/occupancy_grid.launch.py
[1.401s] -- Up-to-date: /home/avinaash/doozy_robotics/doozy_ws_2/install/turtlebot3_cartographer/share/turtlebot3_cartographer/launch/cartographer.launch.py
[1.403s] -- Up-to-date: /home/avinaash/doozy_robotics/doozy_ws_2/install/turtlebot3_cartographer/share/turtlebot3_cartographer/rviz
[1.403s] -- Up-to-date: /home/avinaash/doozy_robotics/doozy_ws_2/install/turtlebot3_cartographer/share/turtlebot3_cartographer/rviz/tb3_cartographer.rviz
[1.404s] -- Up-to-date: /home/avinaash/doozy_robotics/doozy_ws_2/install/turtlebot3_cartographer/share/ament_index/resource_index/package_run_dependencies/turtlebot3_cartographer
[1.405s] -- Up-to-date: /home/avinaash/doozy_robotics/doozy_ws_2/install/turtlebot3_cartographer/share/ament_index/resource_index/parent_prefix_path/turtlebot3_cartographer
[1.406s] -- Up-to-date: /home/avinaash/doozy_robotics/doozy_ws_2/install/turtlebot3_cartographer/share/turtlebot3_cartographer/environment/ament_prefix_path.sh
[1.407s] -- Up-to-date: /home/avinaash/doozy_robotics/doozy_ws_2/install/turtlebot3_cartographer/share/turtlebot3_cartographer/environment/ament_prefix_path.dsv
[1.408s] -- Up-to-date: /home/avinaash/doozy_robotics/doozy_ws_2/install/turtlebot3_cartographer/share/turtlebot3_cartographer/environment/path.sh
[1.409s] -- Up-to-date: /home/avinaash/doozy_robotics/doozy_ws_2/install/turtlebot3_cartographer/share/turtlebot3_cartographer/environment/path.dsv
[1.409s] -- Up-to-date: /home/avinaash/doozy_robotics/doozy_ws_2/install/turtlebot3_cartographer/share/turtlebot3_cartographer/local_setup.bash
[1.410s] -- Up-to-date: /home/avinaash/doozy_robotics/doozy_ws_2/install/turtlebot3_cartographer/share/turtlebot3_cartographer/local_setup.sh
[1.410s] -- Up-to-date: /home/avinaash/doozy_robotics/doozy_ws_2/install/turtlebot3_cartographer/share/turtlebot3_cartographer/local_setup.zsh
[1.411s] -- Up-to-date: /home/avinaash/doozy_robotics/doozy_ws_2/install/turtlebot3_cartographer/share/turtlebot3_cartographer/local_setup.dsv
[1.412s] -- Installing: /home/avinaash/doozy_robotics/doozy_ws_2/install/turtlebot3_cartographer/share/turtlebot3_cartographer/package.dsv
[1.412s] -- Up-to-date: /home/avinaash/doozy_robotics/doozy_ws_2/install/turtlebot3_cartographer/share/ament_index/resource_index/packages/turtlebot3_cartographer
[1.412s] -- Up-to-date: /home/avinaash/doozy_robotics/doozy_ws_2/install/turtlebot3_cartographer/share/turtlebot3_cartographer/cmake/turtlebot3_cartographerConfig.cmake
[1.413s] -- Up-to-date: /home/avinaash/doozy_robotics/doozy_ws_2/install/turtlebot3_cartographer/share/turtlebot3_cartographer/cmake/turtlebot3_cartographerConfig-version.cmake
[1.413s] -- Up-to-date: /home/avinaash/doozy_robotics/doozy_ws_2/install/turtlebot3_cartographer/share/turtlebot3_cartographer/package.xml
[1.483s] Invoked command in '/home/avinaash/doozy_robotics/doozy_ws_2/build/turtlebot3_cartographer' returned '0': CMAKE_PREFIX_PATH=${CMAKE_PREFIX_PATH}:/home/avinaash/doozy_robotics/doozy_ws_2/install/turtlebot3_teleop:/home/avinaash/doozy_robotics/doozy_ws_2/install/turtlebot3_example:/home/avinaash/doozy_robotics/doozy_ws_2/install/pallet_docker_02:/opt/ros/galactic /usr/bin/cmake --install /home/avinaash/doozy_robotics/doozy_ws_2/build/turtlebot3_cartographer
