[1.684s] Invoking command in '/home/avinaash/doozy_robotics/doozy_ws_2/build/sick_visionary_t_mini': CMAKE_PREFIX_PATH=${CMAKE_PREFIX_PATH}:/home/avinaash/doozy_robotics/doozy_ws_2/install/turtlebot3_teleop:/home/avinaash/doozy_robotics/doozy_ws_2/install/turtlebot3_example:/home/avinaash/doozy_robotics/doozy_ws_2/install/pallet_docker_02:/home/avinaash/doozy_robotics/doozy_ws_2/install/2_t_dolly_logistics_driver:/opt/ros/galactic /usr/bin/cmake --build /home/avinaash/doozy_robotics/doozy_ws_2/build/sick_visionary_t_mini -- -j12 -l12
[1.800s] [ 12%] Built target sick_visionary_t_mini__rosidl_generator_c
[1.802s] [ 12%] Built target sick_visionary_t_mini__cpp
[1.873s] [ 22%] Built target sick_visionary_t_mini__rosidl_typesupport_c
[1.873s] [ 32%] Built target sick_visionary_t_mini__rosidl_typesupport_introspection_c
[1.959s] [ 41%] Built target sick_visionary_t_mini__rosidl_typesupport_introspection_cpp
[1.959s] [ 51%] Built target sick_visionary_t_mini__rosidl_typesupport_cpp
[2.032s] [ 61%] Built target sick_visionary_t_mini__rosidl_typesupport_fastrtps_cpp
[2.096s] [ 70%] Built target sick_visionary_t_mini__rosidl_typesupport_fastrtps_c
[2.151s] [ 70%] Built target sick_visionary_t_mini
[2.225s] [ 74%] Built target sick_visionary_t_mini__py
[2.391s] [ 80%] Built target sick_visionary_t_mini__python
[2.441s] [ 87%] Built target sick_visionary_t_mini__rosidl_typesupport_c__pyext
[2.462s] [ 93%] Built target sick_visionary_t_mini__rosidl_typesupport_fastrtps_c__pyext
[2.465s] [100%] Built target sick_visionary_t_mini__rosidl_typesupport_introspection_c__pyext
[2.657s] Invoked command in '/home/avinaash/doozy_robotics/doozy_ws_2/build/sick_visionary_t_mini' returned '0': CMAKE_PREFIX_PATH=${CMAKE_PREFIX_PATH}:/home/avinaash/doozy_robotics/doozy_ws_2/install/turtlebot3_teleop:/home/avinaash/doozy_robotics/doozy_ws_2/install/turtlebot3_example:/home/avinaash/doozy_robotics/doozy_ws_2/install/pallet_docker_02:/home/avinaash/doozy_robotics/doozy_ws_2/install/2_t_dolly_logistics_driver:/opt/ros/galactic /usr/bin/cmake --build /home/avinaash/doozy_robotics/doozy_ws_2/build/sick_visionary_t_mini -- -j12 -l12
[2.877s] Invoking command in '/home/avinaash/doozy_robotics/doozy_ws_2/build/sick_visionary_t_mini': CMAKE_PREFIX_PATH=${CMAKE_PREFIX_PATH}:/home/avinaash/doozy_robotics/doozy_ws_2/install/turtlebot3_teleop:/home/avinaash/doozy_robotics/doozy_ws_2/install/turtlebot3_example:/home/avinaash/doozy_robotics/doozy_ws_2/install/pallet_docker_02:/home/avinaash/doozy_robotics/doozy_ws_2/install/2_t_dolly_logistics_driver:/opt/ros/galactic /usr/bin/cmake --install /home/avinaash/doozy_robotics/doozy_ws_2/build/sick_visionary_t_mini
[2.925s] -- Install configuration: ""
[2.925s] -- Up-to-date: /home/avinaash/doozy_robotics/doozy_ws_2/install/sick_visionary_t_mini/share/ament_index/resource_index/rosidl_interfaces/sick_visionary_t_mini
[2.927s] -- Up-to-date: /home/avinaash/doozy_robotics/doozy_ws_2/install/sick_visionary_t_mini/include/sick_visionary_t_mini
[2.928s] -- Up-to-date: /home/avinaash/doozy_robotics/doozy_ws_2/install/sick_visionary_t_mini/include/sick_visionary_t_mini/msg
[2.928s] -- Up-to-date: /home/avinaash/doozy_robotics/doozy_ws_2/install/sick_visionary_t_mini/include/sick_visionary_t_mini/msg/rosidl_generator_c__visibility_control.h
[2.929s] -- Up-to-date: /home/avinaash/doozy_robotics/doozy_ws_2/install/sick_visionary_t_mini/include/sick_visionary_t_mini/msg/detail
[2.930s] -- Up-to-date: /home/avinaash/doozy_robotics/doozy_ws_2/install/sick_visionary_t_mini/include/sick_visionary_t_mini/msg/detail/sick_t_mini__type_support.h
[2.930s] -- Up-to-date: /home/avinaash/doozy_robotics/doozy_ws_2/install/sick_visionary_t_mini/include/sick_visionary_t_mini/msg/detail/sick_t_mini__struct.h
[2.930s] -- Up-to-date: /home/avinaash/doozy_robotics/doozy_ws_2/install/sick_visionary_t_mini/include/sick_visionary_t_mini/msg/detail/sick_t_mini__functions.c
[2.931s] -- Up-to-date: /home/avinaash/doozy_robotics/doozy_ws_2/install/sick_visionary_t_mini/include/sick_visionary_t_mini/msg/detail/sick_t_mini__functions.h
[2.932s] -- Up-to-date: /home/avinaash/doozy_robotics/doozy_ws_2/install/sick_visionary_t_mini/include/sick_visionary_t_mini/msg/sick_t_mini.h
[2.933s] -- Up-to-date: /home/avinaash/doozy_robotics/doozy_ws_2/install/sick_visionary_t_mini/share/sick_visionary_t_mini/environment/library_path.sh
[2.933s] -- Up-to-date: /home/avinaash/doozy_robotics/doozy_ws_2/install/sick_visionary_t_mini/share/sick_visionary_t_mini/environment/library_path.dsv
[2.935s] -- Up-to-date: /home/avinaash/doozy_robotics/doozy_ws_2/install/sick_visionary_t_mini/lib/libsick_visionary_t_mini__rosidl_generator_c.so
[2.940s] -- Up-to-date: /home/avinaash/doozy_robotics/doozy_ws_2/install/sick_visionary_t_mini/include/sick_visionary_t_mini
[2.942s] -- Up-to-date: /home/avinaash/doozy_robotics/doozy_ws_2/install/sick_visionary_t_mini/include/sick_visionary_t_mini/msg
[2.942s] -- Up-to-date: /home/avinaash/doozy_robotics/doozy_ws_2/install/sick_visionary_t_mini/include/sick_visionary_t_mini/msg/detail
[2.942s] -- Up-to-date: /home/avinaash/doozy_robotics/doozy_ws_2/install/sick_visionary_t_mini/include/sick_visionary_t_mini/msg/detail/sick_t_mini__rosidl_typesupport_fastrtps_c.h
[2.945s] -- Up-to-date: /home/avinaash/doozy_robotics/doozy_ws_2/install/sick_visionary_t_mini/include/sick_visionary_t_mini/msg/rosidl_typesupport_fastrtps_c__visibility_control.h
[2.945s] -- Up-to-date: /home/avinaash/doozy_robotics/doozy_ws_2/install/sick_visionary_t_mini/lib/libsick_visionary_t_mini__rosidl_typesupport_fastrtps_c.so
[2.946s] -- Up-to-date: /home/avinaash/doozy_robotics/doozy_ws_2/install/sick_visionary_t_mini/include/sick_visionary_t_mini
[2.946s] -- Up-to-date: /home/avinaash/doozy_robotics/doozy_ws_2/install/sick_visionary_t_mini/include/sick_visionary_t_mini/msg
[2.955s] -- Up-to-date: /home/avinaash/doozy_robotics/doozy_ws_2/install/sick_visionary_t_mini/include/sick_visionary_t_mini/msg/rosidl_typesupport_fastrtps_cpp__visibility_control.h
[2.956s] -- Up-to-date: /home/avinaash/doozy_robotics/doozy_ws_2/install/sick_visionary_t_mini/include/sick_visionary_t_mini/msg/detail
[2.956s] -- Up-to-date: /home/avinaash/doozy_robotics/doozy_ws_2/install/sick_visionary_t_mini/include/sick_visionary_t_mini/msg/detail/sick_t_mini__rosidl_typesupport_fastrtps_cpp.hpp
[2.956s] -- Up-to-date: /home/avinaash/doozy_robotics/doozy_ws_2/install/sick_visionary_t_mini/include/sick_visionary_t_mini/msg/detail/dds_fastrtps
[2.957s] -- Up-to-date: /home/avinaash/doozy_robotics/doozy_ws_2/install/sick_visionary_t_mini/lib/libsick_visionary_t_mini__rosidl_typesupport_fastrtps_cpp.so
[2.958s] -- Up-to-date: /home/avinaash/doozy_robotics/doozy_ws_2/install/sick_visionary_t_mini/include/sick_visionary_t_mini
[2.958s] -- Up-to-date: /home/avinaash/doozy_robotics/doozy_ws_2/install/sick_visionary_t_mini/include/sick_visionary_t_mini/msg
[2.958s] -- Up-to-date: /home/avinaash/doozy_robotics/doozy_ws_2/install/sick_visionary_t_mini/include/sick_visionary_t_mini/msg/rosidl_typesupport_introspection_c__visibility_control.h
[2.959s] -- Up-to-date: /home/avinaash/doozy_robotics/doozy_ws_2/install/sick_visionary_t_mini/include/sick_visionary_t_mini/msg/detail
[2.959s] -- Up-to-date: /home/avinaash/doozy_robotics/doozy_ws_2/install/sick_visionary_t_mini/include/sick_visionary_t_mini/msg/detail/sick_t_mini__type_support.c
[2.959s] -- Up-to-date: /home/avinaash/doozy_robotics/doozy_ws_2/install/sick_visionary_t_mini/include/sick_visionary_t_mini/msg/detail/sick_t_mini__rosidl_typesupport_introspection_c.h
[2.959s] -- Up-to-date: /home/avinaash/doozy_robotics/doozy_ws_2/install/sick_visionary_t_mini/lib/libsick_visionary_t_mini__rosidl_typesupport_introspection_c.so
[2.959s] -- Up-to-date: /home/avinaash/doozy_robotics/doozy_ws_2/install/sick_visionary_t_mini/lib/libsick_visionary_t_mini__rosidl_typesupport_c.so
[2.960s] -- Up-to-date: /home/avinaash/doozy_robotics/doozy_ws_2/install/sick_visionary_t_mini/include/sick_visionary_t_mini
[2.960s] -- Up-to-date: /home/avinaash/doozy_robotics/doozy_ws_2/install/sick_visionary_t_mini/include/sick_visionary_t_mini/msg
[2.960s] -- Up-to-date: /home/avinaash/doozy_robotics/doozy_ws_2/install/sick_visionary_t_mini/include/sick_visionary_t_mini/msg/detail
[2.960s] -- Up-to-date: /home/avinaash/doozy_robotics/doozy_ws_2/install/sick_visionary_t_mini/include/sick_visionary_t_mini/msg/detail/sick_t_mini__builder.hpp
[2.960s] -- Up-to-date: /home/avinaash/doozy_robotics/doozy_ws_2/install/sick_visionary_t_mini/include/sick_visionary_t_mini/msg/detail/sick_t_mini__struct.hpp
[2.960s] -- Up-to-date: /home/avinaash/doozy_robotics/doozy_ws_2/install/sick_visionary_t_mini/include/sick_visionary_t_mini/msg/detail/sick_t_mini__traits.hpp
[2.960s] -- Up-to-date: /home/avinaash/doozy_robotics/doozy_ws_2/install/sick_visionary_t_mini/include/sick_visionary_t_mini/msg/sick_t_mini.hpp
[2.960s] -- Up-to-date: /home/avinaash/doozy_robotics/doozy_ws_2/install/sick_visionary_t_mini/include/sick_visionary_t_mini
[2.960s] -- Up-to-date: /home/avinaash/doozy_robotics/doozy_ws_2/install/sick_visionary_t_mini/include/sick_visionary_t_mini/msg
[2.961s] -- Up-to-date: /home/avinaash/doozy_robotics/doozy_ws_2/install/sick_visionary_t_mini/include/sick_visionary_t_mini/msg/detail
[2.961s] -- Up-to-date: /home/avinaash/doozy_robotics/doozy_ws_2/install/sick_visionary_t_mini/include/sick_visionary_t_mini/msg/detail/sick_t_mini__type_support.cpp
[2.961s] -- Up-to-date: /home/avinaash/doozy_robotics/doozy_ws_2/install/sick_visionary_t_mini/include/sick_visionary_t_mini/msg/detail/sick_t_mini__rosidl_typesupport_introspection_cpp.hpp
[2.961s] -- Up-to-date: /home/avinaash/doozy_robotics/doozy_ws_2/install/sick_visionary_t_mini/lib/libsick_visionary_t_mini__rosidl_typesupport_introspection_cpp.so
[2.961s] -- Up-to-date: /home/avinaash/doozy_robotics/doozy_ws_2/install/sick_visionary_t_mini/lib/libsick_visionary_t_mini__rosidl_typesupport_cpp.so
[2.961s] -- Up-to-date: /home/avinaash/doozy_robotics/doozy_ws_2/install/sick_visionary_t_mini/share/sick_visionary_t_mini/environment/pythonpath.sh
[2.962s] -- Up-to-date: /home/avinaash/doozy_robotics/doozy_ws_2/install/sick_visionary_t_mini/share/sick_visionary_t_mini/environment/pythonpath.dsv
[2.962s] -- Up-to-date: /home/avinaash/doozy_robotics/doozy_ws_2/install/sick_visionary_t_mini/lib/python3.8/site-packages/sick_visionary_t_mini/__init__.py
[3.062s] -- Up-to-date: /home/avinaash/doozy_robotics/doozy_ws_2/install/sick_visionary_t_mini/lib/python3.8/site-packages/sick_visionary_t_mini/msg
[3.067s] -- Up-to-date: /home/avinaash/doozy_robotics/doozy_ws_2/install/sick_visionary_t_mini/lib/python3.8/site-packages/sick_visionary_t_mini/msg/_sick_t_mini.py
[3.067s] -- Up-to-date: /home/avinaash/doozy_robotics/doozy_ws_2/install/sick_visionary_t_mini/lib/python3.8/site-packages/sick_visionary_t_mini/msg/_sick_t_mini_s.c
[3.068s] -- Up-to-date: /home/avinaash/doozy_robotics/doozy_ws_2/install/sick_visionary_t_mini/lib/python3.8/site-packages/sick_visionary_t_mini/msg/__init__.py
[3.068s] -- Up-to-date: /home/avinaash/doozy_robotics/doozy_ws_2/install/sick_visionary_t_mini/lib/python3.8/site-packages/sick_visionary_t_mini/sick_visionary_t_mini_s__rosidl_typesupport_fastrtps_c.cpython-38-x86_64-linux-gnu.so
[3.068s] -- Up-to-date: /home/avinaash/doozy_robotics/doozy_ws_2/install/sick_visionary_t_mini/lib/python3.8/site-packages/sick_visionary_t_mini/sick_visionary_t_mini_s__rosidl_typesupport_introspection_c.cpython-38-x86_64-linux-gnu.so
[3.068s] -- Up-to-date: /home/avinaash/doozy_robotics/doozy_ws_2/install/sick_visionary_t_mini/lib/python3.8/site-packages/sick_visionary_t_mini/sick_visionary_t_mini_s__rosidl_typesupport_c.cpython-38-x86_64-linux-gnu.so
[3.068s] -- Up-to-date: /home/avinaash/doozy_robotics/doozy_ws_2/install/sick_visionary_t_mini/lib/libsick_visionary_t_mini__python.so
[3.068s] -- Up-to-date: /home/avinaash/doozy_robotics/doozy_ws_2/install/sick_visionary_t_mini/share/sick_visionary_t_mini/msg/SickTMini.idl
[3.068s] -- Up-to-date: /home/avinaash/doozy_robotics/doozy_ws_2/install/sick_visionary_t_mini/share/sick_visionary_t_mini/msg/SickTMini.msg
[3.069s] -- Up-to-date: /home/avinaash/doozy_robotics/doozy_ws_2/install/sick_visionary_t_mini/share/ament_index/resource_index/package_run_dependencies/sick_visionary_t_mini
[3.069s] -- Up-to-date: /home/avinaash/doozy_robotics/doozy_ws_2/install/sick_visionary_t_mini/share/ament_index/resource_index/parent_prefix_path/sick_visionary_t_mini
[3.069s] -- Up-to-date: /home/avinaash/doozy_robotics/doozy_ws_2/install/sick_visionary_t_mini/share/sick_visionary_t_mini/environment/ament_prefix_path.sh
[3.069s] -- Up-to-date: /home/avinaash/doozy_robotics/doozy_ws_2/install/sick_visionary_t_mini/share/sick_visionary_t_mini/environment/ament_prefix_path.dsv
[3.069s] -- Up-to-date: /home/avinaash/doozy_robotics/doozy_ws_2/install/sick_visionary_t_mini/share/sick_visionary_t_mini/environment/path.sh
[3.070s] -- Up-to-date: /home/avinaash/doozy_robotics/doozy_ws_2/install/sick_visionary_t_mini/share/sick_visionary_t_mini/environment/path.dsv
[3.070s] -- Up-to-date: /home/avinaash/doozy_robotics/doozy_ws_2/install/sick_visionary_t_mini/share/sick_visionary_t_mini/local_setup.bash
[3.070s] -- Up-to-date: /home/avinaash/doozy_robotics/doozy_ws_2/install/sick_visionary_t_mini/share/sick_visionary_t_mini/local_setup.sh
[3.070s] -- Up-to-date: /home/avinaash/doozy_robotics/doozy_ws_2/install/sick_visionary_t_mini/share/sick_visionary_t_mini/local_setup.zsh
[3.071s] -- Up-to-date: /home/avinaash/doozy_robotics/doozy_ws_2/install/sick_visionary_t_mini/share/sick_visionary_t_mini/local_setup.dsv
[3.071s] -- Installing: /home/avinaash/doozy_robotics/doozy_ws_2/install/sick_visionary_t_mini/share/sick_visionary_t_mini/package.dsv
[3.071s] -- Up-to-date: /home/avinaash/doozy_robotics/doozy_ws_2/install/sick_visionary_t_mini/share/ament_index/resource_index/packages/sick_visionary_t_mini
[3.071s] -- Up-to-date: /home/avinaash/doozy_robotics/doozy_ws_2/install/sick_visionary_t_mini/share/sick_visionary_t_mini/cmake/sick_visionary_t_mini__rosidl_generator_cExport.cmake
[3.071s] -- Up-to-date: /home/avinaash/doozy_robotics/doozy_ws_2/install/sick_visionary_t_mini/share/sick_visionary_t_mini/cmake/sick_visionary_t_mini__rosidl_generator_cExport-noconfig.cmake
[3.071s] -- Up-to-date: /home/avinaash/doozy_robotics/doozy_ws_2/install/sick_visionary_t_mini/share/sick_visionary_t_mini/cmake/sick_visionary_t_mini__rosidl_typesupport_introspection_cExport.cmake
[3.072s] -- Up-to-date: /home/avinaash/doozy_robotics/doozy_ws_2/install/sick_visionary_t_mini/share/sick_visionary_t_mini/cmake/sick_visionary_t_mini__rosidl_typesupport_introspection_cExport-noconfig.cmake
[3.072s] -- Up-to-date: /home/avinaash/doozy_robotics/doozy_ws_2/install/sick_visionary_t_mini/share/sick_visionary_t_mini/cmake/sick_visionary_t_mini__rosidl_typesupport_cExport.cmake
[3.072s] -- Up-to-date: /home/avinaash/doozy_robotics/doozy_ws_2/install/sick_visionary_t_mini/share/sick_visionary_t_mini/cmake/sick_visionary_t_mini__rosidl_typesupport_cExport-noconfig.cmake
[3.072s] -- Up-to-date: /home/avinaash/doozy_robotics/doozy_ws_2/install/sick_visionary_t_mini/share/sick_visionary_t_mini/cmake/sick_visionary_t_mini__rosidl_generator_cppExport.cmake
[3.072s] -- Up-to-date: /home/avinaash/doozy_robotics/doozy_ws_2/install/sick_visionary_t_mini/share/sick_visionary_t_mini/cmake/sick_visionary_t_mini__rosidl_typesupport_introspection_cppExport.cmake
[3.072s] -- Up-to-date: /home/avinaash/doozy_robotics/doozy_ws_2/install/sick_visionary_t_mini/share/sick_visionary_t_mini/cmake/sick_visionary_t_mini__rosidl_typesupport_introspection_cppExport-noconfig.cmake
[3.072s] -- Up-to-date: /home/avinaash/doozy_robotics/doozy_ws_2/install/sick_visionary_t_mini/share/sick_visionary_t_mini/cmake/sick_visionary_t_mini__rosidl_typesupport_cppExport.cmake
[3.072s] -- Up-to-date: /home/avinaash/doozy_robotics/doozy_ws_2/install/sick_visionary_t_mini/share/sick_visionary_t_mini/cmake/sick_visionary_t_mini__rosidl_typesupport_cppExport-noconfig.cmake
[3.072s] -- Up-to-date: /home/avinaash/doozy_robotics/doozy_ws_2/install/sick_visionary_t_mini/share/sick_visionary_t_mini/cmake/rosidl_cmake-extras.cmake
[3.073s] -- Up-to-date: /home/avinaash/doozy_robotics/doozy_ws_2/install/sick_visionary_t_mini/share/sick_visionary_t_mini/cmake/ament_cmake_export_dependencies-extras.cmake
[3.073s] -- Up-to-date: /home/avinaash/doozy_robotics/doozy_ws_2/install/sick_visionary_t_mini/share/sick_visionary_t_mini/cmake/ament_cmake_export_libraries-extras.cmake
[3.073s] -- Up-to-date: /home/avinaash/doozy_robotics/doozy_ws_2/install/sick_visionary_t_mini/share/sick_visionary_t_mini/cmake/ament_cmake_export_targets-extras.cmake
[3.073s] -- Up-to-date: /home/avinaash/doozy_robotics/doozy_ws_2/install/sick_visionary_t_mini/share/sick_visionary_t_mini/cmake/ament_cmake_export_include_directories-extras.cmake
[3.073s] -- Up-to-date: /home/avinaash/doozy_robotics/doozy_ws_2/install/sick_visionary_t_mini/share/sick_visionary_t_mini/cmake/rosidl_cmake_export_typesupport_libraries-extras.cmake
[3.074s] -- Up-to-date: /home/avinaash/doozy_robotics/doozy_ws_2/install/sick_visionary_t_mini/share/sick_visionary_t_mini/cmake/rosidl_cmake_export_typesupport_targets-extras.cmake
[3.074s] -- Up-to-date: /home/avinaash/doozy_robotics/doozy_ws_2/install/sick_visionary_t_mini/share/sick_visionary_t_mini/cmake/sick_visionary_t_miniConfig.cmake
[3.074s] -- Up-to-date: /home/avinaash/doozy_robotics/doozy_ws_2/install/sick_visionary_t_mini/share/sick_visionary_t_mini/cmake/sick_visionary_t_miniConfig-version.cmake
[3.075s] -- Up-to-date: /home/avinaash/doozy_robotics/doozy_ws_2/install/sick_visionary_t_mini/share/sick_visionary_t_mini/package.xml
[3.116s] Invoked command in '/home/avinaash/doozy_robotics/doozy_ws_2/build/sick_visionary_t_mini' returned '0': CMAKE_PREFIX_PATH=${CMAKE_PREFIX_PATH}:/home/avinaash/doozy_robotics/doozy_ws_2/install/turtlebot3_teleop:/home/avinaash/doozy_robotics/doozy_ws_2/install/turtlebot3_example:/home/avinaash/doozy_robotics/doozy_ws_2/install/pallet_docker_02:/home/avinaash/doozy_robotics/doozy_ws_2/install/2_t_dolly_logistics_driver:/opt/ros/galactic /usr/bin/cmake --install /home/avinaash/doozy_robotics/doozy_ws_2/build/sick_visionary_t_mini
