-- The C compiler identification is GNU 11.4.0
-- The CXX compiler identification is GNU 11.4.0
-- Detecting C compiler ABI info
-- Detecting C compiler ABI info - done
-- Check for working C compiler: /usr/bin/cc - skipped
-- Detecting C compile features
-- Detecting C compile features - done
-- Detecting CXX compiler ABI info
-- Detecting CXX compiler ABI info - done
-- Check for working CXX compiler: /usr/bin/c++ - skipped
-- Detecting CXX compile features
-- Detecting CXX compile features - done
-- Found ament_cmake: 1.3.8 (/opt/ros/humble/share/ament_cmake/cmake)
-- Found Python3: /usr/bin/python3 (found version "3.10.12") found components: Interpreter 
-- Found std_msgs: 4.2.3 (/opt/ros/humble/share/std_msgs/cmake)
-- Found rosidl_generator_c: 3.1.5 (/opt/ros/humble/share/rosidl_generator_c/cmake)
-- Found rosidl_adapter: 3.1.5 (/opt/ros/humble/share/rosidl_adapter/cmake)
-- Found rosidl_generator_cpp: 3.1.5 (/opt/ros/humble/share/rosidl_generator_cpp/cmake)
-- Using all available rosidl_typesupport_c: rosidl_typesupport_fastrtps_c;rosidl_typesupport_introspection_c
-- Using all available rosidl_typesupport_cpp: rosidl_typesupport_fastrtps_cpp;rosidl_typesupport_introspection_cpp
-- Found geometry_msgs: 4.2.3 (/opt/ros/humble/share/geometry_msgs/cmake)
-- Found rclpy: 3.3.12 (/opt/ros/humble/share/rclpy/cmake)
-- Found rosidl_default_generators: 1.2.0 (/opt/ros/humble/share/rosidl_default_generators/cmake)
-- Found ament_lint_auto: 0.12.10 (/opt/ros/humble/share/ament_lint_auto/cmake)
-- Found ament_cmake_ros: 0.10.0 (/opt/ros/humble/share/ament_cmake_ros/cmake)
-- Using all available rosidl_typesupport_c: rosidl_typesupport_fastrtps_c;rosidl_typesupport_introspection_c
-- Using all available rosidl_typesupport_cpp: rosidl_typesupport_fastrtps_cpp;rosidl_typesupport_introspection_cpp
-- Found PythonInterp: /usr/bin/python3 (found suitable version "3.10.12", minimum required is "3.6") 
-- Found python_cmake_module: 0.10.0 (/opt/ros/humble/share/python_cmake_module/cmake)
-- Found PythonLibs: /usr/lib/x86_64-linux-gnu/libpython3.10.so (found suitable version "3.10.12", minimum required is "3.5") 
-- Using PYTHON_EXECUTABLE: /usr/bin/python3
-- Using PYTHON_INCLUDE_DIRS: /usr/include/python3.10
-- Using PYTHON_LIBRARIES: /usr/lib/x86_64-linux-gnu/libpython3.10.so
-- Found PythonExtra: .so  
-- Added test 'copyright' to check source files copyright and LICENSE
-- Added test 'lint_cmake' to check CMake code style
-- Added test 'xmllint' to check XML markup files
-- Configuring done
-- Generating done
-- Build files have been written to: /home/doozy/doozy_robotics/doozy_ws_2/build/sick_visionary_t_mini
[  3%] [34m[1mGenerating C code for ROS interfaces[0m
[  6%] [34m[1mGenerating C++ code for ROS interfaces[0m
[  6%] Built target ament_cmake_python_copy_sick_visionary_t_mini
running egg_info
creating sick_visionary_t_mini.egg-info
[  9%] [32mBuilding C object CMakeFiles/sick_visionary_t_mini__rosidl_generator_c.dir/rosidl_generator_c/sick_visionary_t_mini/msg/detail/sick_t_mini__functions.c.o[0m
[  9%] Built target sick_visionary_t_mini__cpp
[ 12%] [34m[1mGenerating C++ type support for eProsima Fast-RTPS[0m
[ 16%] [34m[1mGenerating C++ introspection for ROS interfaces[0m
[ 19%] [34m[1mGenerating C++ type support dispatch for ROS interfaces[0m
writing sick_visionary_t_mini.egg-info/PKG-INFO
writing dependency_links to sick_visionary_t_mini.egg-info/dependency_links.txt
writing top-level names to sick_visionary_t_mini.egg-info/top_level.txt
writing manifest file 'sick_visionary_t_mini.egg-info/SOURCES.txt'
[ 22%] [32m[1mLinking C shared library libsick_visionary_t_mini__rosidl_generator_c.so[0m
reading manifest file 'sick_visionary_t_mini.egg-info/SOURCES.txt'
writing manifest file 'sick_visionary_t_mini.egg-info/SOURCES.txt'
[ 22%] Built target sick_visionary_t_mini__rosidl_generator_c
[ 32%] [34m[1mGenerating C introspection for ROS interfaces[0m
[ 32%] [34m[1mGenerating C type support dispatch for ROS interfaces[0m
[ 32%] [34m[1mGenerating C type support for eProsima Fast-RTPS[0m
[ 32%] Built target ament_cmake_python_build_sick_visionary_t_mini_egg
[ 35%] [32mBuilding CXX object CMakeFiles/sick_visionary_t_mini__rosidl_typesupport_introspection_cpp.dir/rosidl_typesupport_introspection_cpp/sick_visionary_t_mini/msg/detail/sick_t_mini__type_support.cpp.o[0m
[ 38%] [32mBuilding CXX object CMakeFiles/sick_visionary_t_mini__rosidl_typesupport_cpp.dir/rosidl_typesupport_cpp/sick_visionary_t_mini/msg/sick_t_mini__type_support.cpp.o[0m
[ 41%] [32mBuilding CXX object CMakeFiles/sick_visionary_t_mini__rosidl_typesupport_fastrtps_cpp.dir/rosidl_typesupport_fastrtps_cpp/sick_visionary_t_mini/msg/detail/dds_fastrtps/sick_t_mini__type_support.cpp.o[0m
[ 45%] [32mBuilding C object CMakeFiles/sick_visionary_t_mini__rosidl_typesupport_introspection_c.dir/rosidl_typesupport_introspection_c/sick_visionary_t_mini/msg/detail/sick_t_mini__type_support.c.o[0m
[ 48%] [32mBuilding CXX object CMakeFiles/sick_visionary_t_mini__rosidl_typesupport_c.dir/rosidl_typesupport_c/sick_visionary_t_mini/msg/sick_t_mini__type_support.cpp.o[0m
[ 51%] [32m[1mLinking C shared library libsick_visionary_t_mini__rosidl_typesupport_introspection_c.so[0m
[ 54%] [32m[1mLinking CXX shared library libsick_visionary_t_mini__rosidl_typesupport_c.so[0m
[ 58%] [32mBuilding CXX object CMakeFiles/sick_visionary_t_mini__rosidl_typesupport_fastrtps_c.dir/rosidl_typesupport_fastrtps_c/sick_visionary_t_mini/msg/detail/sick_t_mini__type_support_c.cpp.o[0m
[ 58%] Built target sick_visionary_t_mini__rosidl_typesupport_introspection_c
[ 58%] Built target sick_visionary_t_mini__rosidl_typesupport_c
[ 61%] [32m[1mLinking CXX shared library libsick_visionary_t_mini__rosidl_typesupport_cpp.so[0m
[ 61%] Built target sick_visionary_t_mini__rosidl_typesupport_cpp
[ 64%] [32m[1mLinking CXX shared library libsick_visionary_t_mini__rosidl_typesupport_introspection_cpp.so[0m
[ 67%] [32m[1mLinking CXX shared library libsick_visionary_t_mini__rosidl_typesupport_fastrtps_cpp.so[0m
[ 67%] Built target sick_visionary_t_mini__rosidl_typesupport_introspection_cpp
[ 67%] Built target sick_visionary_t_mini__rosidl_typesupport_fastrtps_cpp
[ 70%] [32m[1mLinking CXX shared library libsick_visionary_t_mini__rosidl_typesupport_fastrtps_c.so[0m
[ 70%] Built target sick_visionary_t_mini__rosidl_typesupport_fastrtps_c
[ 70%] Built target sick_visionary_t_mini
[ 74%] [34m[1mGenerating Python code for ROS interfaces[0m
[ 74%] Built target sick_visionary_t_mini__py
[ 77%] [32mBuilding C object CMakeFiles/sick_visionary_t_mini__rosidl_generator_py.dir/rosidl_generator_py/sick_visionary_t_mini/msg/_sick_t_mini_s.c.o[0m
[ 80%] [32m[1mLinking C shared library rosidl_generator_py/sick_visionary_t_mini/libsick_visionary_t_mini__rosidl_generator_py.so[0m
[ 80%] Built target sick_visionary_t_mini__rosidl_generator_py
[ 90%] [32mBuilding C object CMakeFiles/sick_visionary_t_mini__rosidl_typesupport_fastrtps_c__pyext.dir/rosidl_generator_py/sick_visionary_t_mini/_sick_visionary_t_mini_s.ep.rosidl_typesupport_fastrtps_c.c.o[0m
[ 90%] [32mBuilding C object CMakeFiles/sick_visionary_t_mini__rosidl_typesupport_c__pyext.dir/rosidl_generator_py/sick_visionary_t_mini/_sick_visionary_t_mini_s.ep.rosidl_typesupport_c.c.o[0m
[ 90%] [32mBuilding C object CMakeFiles/sick_visionary_t_mini__rosidl_typesupport_introspection_c__pyext.dir/rosidl_generator_py/sick_visionary_t_mini/_sick_visionary_t_mini_s.ep.rosidl_typesupport_introspection_c.c.o[0m
[ 96%] [32m[1mLinking C shared library rosidl_generator_py/sick_visionary_t_mini/sick_visionary_t_mini_s__rosidl_typesupport_c.cpython-310-x86_64-linux-gnu.so[0m
[ 96%] [32m[1mLinking C shared library rosidl_generator_py/sick_visionary_t_mini/sick_visionary_t_mini_s__rosidl_typesupport_fastrtps_c.cpython-310-x86_64-linux-gnu.so[0m
[100%] [32m[1mLinking C shared library rosidl_generator_py/sick_visionary_t_mini/sick_visionary_t_mini_s__rosidl_typesupport_introspection_c.cpython-310-x86_64-linux-gnu.so[0m
[100%] Built target sick_visionary_t_mini__rosidl_typesupport_fastrtps_c__pyext
[100%] Built target sick_visionary_t_mini__rosidl_typesupport_c__pyext
[100%] Built target sick_visionary_t_mini__rosidl_typesupport_introspection_c__pyext
-- Install configuration: ""
-- Installing: /home/doozy/doozy_robotics/doozy_ws_2/install/sick_visionary_t_mini/share/ament_index/resource_index/rosidl_interfaces/sick_visionary_t_mini
-- Installing: /home/doozy/doozy_robotics/doozy_ws_2/install/sick_visionary_t_mini/include/sick_visionary_t_mini/sick_visionary_t_mini
-- Installing: /home/doozy/doozy_robotics/doozy_ws_2/install/sick_visionary_t_mini/include/sick_visionary_t_mini/sick_visionary_t_mini/msg
-- Installing: /home/doozy/doozy_robotics/doozy_ws_2/install/sick_visionary_t_mini/include/sick_visionary_t_mini/sick_visionary_t_mini/msg/detail
-- Installing: /home/doozy/doozy_robotics/doozy_ws_2/install/sick_visionary_t_mini/include/sick_visionary_t_mini/sick_visionary_t_mini/msg/detail/sick_t_mini__struct.h
-- Installing: /home/doozy/doozy_robotics/doozy_ws_2/install/sick_visionary_t_mini/include/sick_visionary_t_mini/sick_visionary_t_mini/msg/detail/sick_t_mini__functions.c
-- Installing: /home/doozy/doozy_robotics/doozy_ws_2/install/sick_visionary_t_mini/include/sick_visionary_t_mini/sick_visionary_t_mini/msg/detail/sick_t_mini__type_support.h
-- Installing: /home/doozy/doozy_robotics/doozy_ws_2/install/sick_visionary_t_mini/include/sick_visionary_t_mini/sick_visionary_t_mini/msg/detail/sick_t_mini__functions.h
-- Installing: /home/doozy/doozy_robotics/doozy_ws_2/install/sick_visionary_t_mini/include/sick_visionary_t_mini/sick_visionary_t_mini/msg/rosidl_generator_c__visibility_control.h
-- Installing: /home/doozy/doozy_robotics/doozy_ws_2/install/sick_visionary_t_mini/include/sick_visionary_t_mini/sick_visionary_t_mini/msg/sick_t_mini.h
-- Installing: /home/doozy/doozy_robotics/doozy_ws_2/install/sick_visionary_t_mini/share/sick_visionary_t_mini/environment/library_path.sh
-- Installing: /home/doozy/doozy_robotics/doozy_ws_2/install/sick_visionary_t_mini/share/sick_visionary_t_mini/environment/library_path.dsv
-- Installing: /home/doozy/doozy_robotics/doozy_ws_2/install/sick_visionary_t_mini/lib/libsick_visionary_t_mini__rosidl_generator_c.so
-- Set runtime path of "/home/doozy/doozy_robotics/doozy_ws_2/install/sick_visionary_t_mini/lib/libsick_visionary_t_mini__rosidl_generator_c.so" to ""
-- Up-to-date: /home/doozy/doozy_robotics/doozy_ws_2/install/sick_visionary_t_mini/include/sick_visionary_t_mini/sick_visionary_t_mini
-- Up-to-date: /home/doozy/doozy_robotics/doozy_ws_2/install/sick_visionary_t_mini/include/sick_visionary_t_mini/sick_visionary_t_mini/msg
-- Up-to-date: /home/doozy/doozy_robotics/doozy_ws_2/install/sick_visionary_t_mini/include/sick_visionary_t_mini/sick_visionary_t_mini/msg/detail
-- Installing: /home/doozy/doozy_robotics/doozy_ws_2/install/sick_visionary_t_mini/include/sick_visionary_t_mini/sick_visionary_t_mini/msg/detail/sick_t_mini__rosidl_typesupport_fastrtps_c.h
-- Installing: /home/doozy/doozy_robotics/doozy_ws_2/install/sick_visionary_t_mini/include/sick_visionary_t_mini/sick_visionary_t_mini/msg/rosidl_typesupport_fastrtps_c__visibility_control.h
-- Installing: /home/doozy/doozy_robotics/doozy_ws_2/install/sick_visionary_t_mini/lib/libsick_visionary_t_mini__rosidl_typesupport_fastrtps_c.so
-- Set runtime path of "/home/doozy/doozy_robotics/doozy_ws_2/install/sick_visionary_t_mini/lib/libsick_visionary_t_mini__rosidl_typesupport_fastrtps_c.so" to ""
-- Up-to-date: /home/doozy/doozy_robotics/doozy_ws_2/install/sick_visionary_t_mini/include/sick_visionary_t_mini/sick_visionary_t_mini
-- Up-to-date: /home/doozy/doozy_robotics/doozy_ws_2/install/sick_visionary_t_mini/include/sick_visionary_t_mini/sick_visionary_t_mini/msg
-- Up-to-date: /home/doozy/doozy_robotics/doozy_ws_2/install/sick_visionary_t_mini/include/sick_visionary_t_mini/sick_visionary_t_mini/msg/detail
-- Installing: /home/doozy/doozy_robotics/doozy_ws_2/install/sick_visionary_t_mini/include/sick_visionary_t_mini/sick_visionary_t_mini/msg/detail/sick_t_mini__traits.hpp
-- Installing: /home/doozy/doozy_robotics/doozy_ws_2/install/sick_visionary_t_mini/include/sick_visionary_t_mini/sick_visionary_t_mini/msg/detail/sick_t_mini__builder.hpp
-- Installing: /home/doozy/doozy_robotics/doozy_ws_2/install/sick_visionary_t_mini/include/sick_visionary_t_mini/sick_visionary_t_mini/msg/detail/sick_t_mini__struct.hpp
-- Installing: /home/doozy/doozy_robotics/doozy_ws_2/install/sick_visionary_t_mini/include/sick_visionary_t_mini/sick_visionary_t_mini/msg/sick_t_mini.hpp
-- Up-to-date: /home/doozy/doozy_robotics/doozy_ws_2/install/sick_visionary_t_mini/include/sick_visionary_t_mini/sick_visionary_t_mini
-- Up-to-date: /home/doozy/doozy_robotics/doozy_ws_2/install/sick_visionary_t_mini/include/sick_visionary_t_mini/sick_visionary_t_mini/msg
-- Installing: /home/doozy/doozy_robotics/doozy_ws_2/install/sick_visionary_t_mini/include/sick_visionary_t_mini/sick_visionary_t_mini/msg/rosidl_typesupport_fastrtps_cpp__visibility_control.h
-- Up-to-date: /home/doozy/doozy_robotics/doozy_ws_2/install/sick_visionary_t_mini/include/sick_visionary_t_mini/sick_visionary_t_mini/msg/detail
-- Installing: /home/doozy/doozy_robotics/doozy_ws_2/install/sick_visionary_t_mini/include/sick_visionary_t_mini/sick_visionary_t_mini/msg/detail/dds_fastrtps
-- Installing: /home/doozy/doozy_robotics/doozy_ws_2/install/sick_visionary_t_mini/include/sick_visionary_t_mini/sick_visionary_t_mini/msg/detail/sick_t_mini__rosidl_typesupport_fastrtps_cpp.hpp
-- Installing: /home/doozy/doozy_robotics/doozy_ws_2/install/sick_visionary_t_mini/lib/libsick_visionary_t_mini__rosidl_typesupport_fastrtps_cpp.so
-- Set runtime path of "/home/doozy/doozy_robotics/doozy_ws_2/install/sick_visionary_t_mini/lib/libsick_visionary_t_mini__rosidl_typesupport_fastrtps_cpp.so" to ""
-- Up-to-date: /home/doozy/doozy_robotics/doozy_ws_2/install/sick_visionary_t_mini/include/sick_visionary_t_mini/sick_visionary_t_mini
-- Up-to-date: /home/doozy/doozy_robotics/doozy_ws_2/install/sick_visionary_t_mini/include/sick_visionary_t_mini/sick_visionary_t_mini/msg
-- Installing: /home/doozy/doozy_robotics/doozy_ws_2/install/sick_visionary_t_mini/include/sick_visionary_t_mini/sick_visionary_t_mini/msg/rosidl_typesupport_introspection_c__visibility_control.h
-- Up-to-date: /home/doozy/doozy_robotics/doozy_ws_2/install/sick_visionary_t_mini/include/sick_visionary_t_mini/sick_visionary_t_mini/msg/detail
-- Installing: /home/doozy/doozy_robotics/doozy_ws_2/install/sick_visionary_t_mini/include/sick_visionary_t_mini/sick_visionary_t_mini/msg/detail/sick_t_mini__rosidl_typesupport_introspection_c.h
-- Installing: /home/doozy/doozy_robotics/doozy_ws_2/install/sick_visionary_t_mini/include/sick_visionary_t_mini/sick_visionary_t_mini/msg/detail/sick_t_mini__type_support.c
-- Installing: /home/doozy/doozy_robotics/doozy_ws_2/install/sick_visionary_t_mini/lib/libsick_visionary_t_mini__rosidl_typesupport_introspection_c.so
-- Set runtime path of "/home/doozy/doozy_robotics/doozy_ws_2/install/sick_visionary_t_mini/lib/libsick_visionary_t_mini__rosidl_typesupport_introspection_c.so" to ""
-- Installing: /home/doozy/doozy_robotics/doozy_ws_2/install/sick_visionary_t_mini/lib/libsick_visionary_t_mini__rosidl_typesupport_c.so
-- Set runtime path of "/home/doozy/doozy_robotics/doozy_ws_2/install/sick_visionary_t_mini/lib/libsick_visionary_t_mini__rosidl_typesupport_c.so" to ""
-- Up-to-date: /home/doozy/doozy_robotics/doozy_ws_2/install/sick_visionary_t_mini/include/sick_visionary_t_mini/sick_visionary_t_mini
-- Up-to-date: /home/doozy/doozy_robotics/doozy_ws_2/install/sick_visionary_t_mini/include/sick_visionary_t_mini/sick_visionary_t_mini/msg
-- Up-to-date: /home/doozy/doozy_robotics/doozy_ws_2/install/sick_visionary_t_mini/include/sick_visionary_t_mini/sick_visionary_t_mini/msg/detail
-- Installing: /home/doozy/doozy_robotics/doozy_ws_2/install/sick_visionary_t_mini/include/sick_visionary_t_mini/sick_visionary_t_mini/msg/detail/sick_t_mini__rosidl_typesupport_introspection_cpp.hpp
-- Installing: /home/doozy/doozy_robotics/doozy_ws_2/install/sick_visionary_t_mini/include/sick_visionary_t_mini/sick_visionary_t_mini/msg/detail/sick_t_mini__type_support.cpp
-- Installing: /home/doozy/doozy_robotics/doozy_ws_2/install/sick_visionary_t_mini/lib/libsick_visionary_t_mini__rosidl_typesupport_introspection_cpp.so
-- Set runtime path of "/home/doozy/doozy_robotics/doozy_ws_2/install/sick_visionary_t_mini/lib/libsick_visionary_t_mini__rosidl_typesupport_introspection_cpp.so" to ""
-- Installing: /home/doozy/doozy_robotics/doozy_ws_2/install/sick_visionary_t_mini/lib/libsick_visionary_t_mini__rosidl_typesupport_cpp.so
-- Set runtime path of "/home/doozy/doozy_robotics/doozy_ws_2/install/sick_visionary_t_mini/lib/libsick_visionary_t_mini__rosidl_typesupport_cpp.so" to ""
-- Installing: /home/doozy/doozy_robotics/doozy_ws_2/install/sick_visionary_t_mini/share/sick_visionary_t_mini/environment/pythonpath.sh
-- Installing: /home/doozy/doozy_robotics/doozy_ws_2/install/sick_visionary_t_mini/share/sick_visionary_t_mini/environment/pythonpath.dsv
-- Installing: /home/doozy/doozy_robotics/doozy_ws_2/install/sick_visionary_t_mini/local/lib/python3.10/dist-packages/sick_visionary_t_mini-0.0.0-py3.10.egg-info
-- Installing: /home/doozy/doozy_robotics/doozy_ws_2/install/sick_visionary_t_mini/local/lib/python3.10/dist-packages/sick_visionary_t_mini-0.0.0-py3.10.egg-info/PKG-INFO
-- Installing: /home/doozy/doozy_robotics/doozy_ws_2/install/sick_visionary_t_mini/local/lib/python3.10/dist-packages/sick_visionary_t_mini-0.0.0-py3.10.egg-info/top_level.txt
-- Installing: /home/doozy/doozy_robotics/doozy_ws_2/install/sick_visionary_t_mini/local/lib/python3.10/dist-packages/sick_visionary_t_mini-0.0.0-py3.10.egg-info/dependency_links.txt
-- Installing: /home/doozy/doozy_robotics/doozy_ws_2/install/sick_visionary_t_mini/local/lib/python3.10/dist-packages/sick_visionary_t_mini-0.0.0-py3.10.egg-info/SOURCES.txt
-- Installing: /home/doozy/doozy_robotics/doozy_ws_2/install/sick_visionary_t_mini/local/lib/python3.10/dist-packages/sick_visionary_t_mini
-- Installing: /home/doozy/doozy_robotics/doozy_ws_2/install/sick_visionary_t_mini/local/lib/python3.10/dist-packages/sick_visionary_t_mini/msg
-- Installing: /home/doozy/doozy_robotics/doozy_ws_2/install/sick_visionary_t_mini/local/lib/python3.10/dist-packages/sick_visionary_t_mini/msg/_sick_t_mini_s.c
-- Installing: /home/doozy/doozy_robotics/doozy_ws_2/install/sick_visionary_t_mini/local/lib/python3.10/dist-packages/sick_visionary_t_mini/msg/__init__.py
-- Installing: /home/doozy/doozy_robotics/doozy_ws_2/install/sick_visionary_t_mini/local/lib/python3.10/dist-packages/sick_visionary_t_mini/msg/_sick_t_mini.py
-- Installing: /home/doozy/doozy_robotics/doozy_ws_2/install/sick_visionary_t_mini/local/lib/python3.10/dist-packages/sick_visionary_t_mini/sick_visionary_t_mini_s__rosidl_typesupport_c.cpython-310-x86_64-linux-gnu.so
-- Installing: /home/doozy/doozy_robotics/doozy_ws_2/install/sick_visionary_t_mini/local/lib/python3.10/dist-packages/sick_visionary_t_mini/sick_visionary_t_mini_s__rosidl_typesupport_fastrtps_c.cpython-310-x86_64-linux-gnu.so
-- Installing: /home/doozy/doozy_robotics/doozy_ws_2/install/sick_visionary_t_mini/local/lib/python3.10/dist-packages/sick_visionary_t_mini/sick_visionary_t_mini_s__rosidl_typesupport_introspection_c.cpython-310-x86_64-linux-gnu.so
-- Installing: /home/doozy/doozy_robotics/doozy_ws_2/install/sick_visionary_t_mini/local/lib/python3.10/dist-packages/sick_visionary_t_mini/libsick_visionary_t_mini__rosidl_generator_py.so
-- Installing: /home/doozy/doozy_robotics/doozy_ws_2/install/sick_visionary_t_mini/local/lib/python3.10/dist-packages/sick_visionary_t_mini/_sick_visionary_t_mini_s.ep.rosidl_typesupport_fastrtps_c.c
-- Installing: /home/doozy/doozy_robotics/doozy_ws_2/install/sick_visionary_t_mini/local/lib/python3.10/dist-packages/sick_visionary_t_mini/__init__.py
-- Installing: /home/doozy/doozy_robotics/doozy_ws_2/install/sick_visionary_t_mini/local/lib/python3.10/dist-packages/sick_visionary_t_mini/_sick_visionary_t_mini_s.ep.rosidl_typesupport_c.c
-- Installing: /home/doozy/doozy_robotics/doozy_ws_2/install/sick_visionary_t_mini/local/lib/python3.10/dist-packages/sick_visionary_t_mini/_sick_visionary_t_mini_s.ep.rosidl_typesupport_introspection_c.c
Listing '/home/doozy/doozy_robotics/doozy_ws_2/install/sick_visionary_t_mini/local/lib/python3.10/dist-packages/sick_visionary_t_mini'...
Compiling '/home/doozy/doozy_robotics/doozy_ws_2/install/sick_visionary_t_mini/local/lib/python3.10/dist-packages/sick_visionary_t_mini/__init__.py'...
Listing '/home/doozy/doozy_robotics/doozy_ws_2/install/sick_visionary_t_mini/local/lib/python3.10/dist-packages/sick_visionary_t_mini/msg'...
Compiling '/home/doozy/doozy_robotics/doozy_ws_2/install/sick_visionary_t_mini/local/lib/python3.10/dist-packages/sick_visionary_t_mini/msg/__init__.py'...
Compiling '/home/doozy/doozy_robotics/doozy_ws_2/install/sick_visionary_t_mini/local/lib/python3.10/dist-packages/sick_visionary_t_mini/msg/_sick_t_mini.py'...
-- Installing: /home/doozy/doozy_robotics/doozy_ws_2/install/sick_visionary_t_mini/local/lib/python3.10/dist-packages/sick_visionary_t_mini/sick_visionary_t_mini_s__rosidl_typesupport_fastrtps_c.cpython-310-x86_64-linux-gnu.so
-- Set runtime path of "/home/doozy/doozy_robotics/doozy_ws_2/install/sick_visionary_t_mini/local/lib/python3.10/dist-packages/sick_visionary_t_mini/sick_visionary_t_mini_s__rosidl_typesupport_fastrtps_c.cpython-310-x86_64-linux-gnu.so" to ""
-- Installing: /home/doozy/doozy_robotics/doozy_ws_2/install/sick_visionary_t_mini/local/lib/python3.10/dist-packages/sick_visionary_t_mini/sick_visionary_t_mini_s__rosidl_typesupport_introspection_c.cpython-310-x86_64-linux-gnu.so
-- Set runtime path of "/home/doozy/doozy_robotics/doozy_ws_2/install/sick_visionary_t_mini/local/lib/python3.10/dist-packages/sick_visionary_t_mini/sick_visionary_t_mini_s__rosidl_typesupport_introspection_c.cpython-310-x86_64-linux-gnu.so" to ""
-- Installing: /home/doozy/doozy_robotics/doozy_ws_2/install/sick_visionary_t_mini/local/lib/python3.10/dist-packages/sick_visionary_t_mini/sick_visionary_t_mini_s__rosidl_typesupport_c.cpython-310-x86_64-linux-gnu.so
-- Set runtime path of "/home/doozy/doozy_robotics/doozy_ws_2/install/sick_visionary_t_mini/local/lib/python3.10/dist-packages/sick_visionary_t_mini/sick_visionary_t_mini_s__rosidl_typesupport_c.cpython-310-x86_64-linux-gnu.so" to ""
-- Installing: /home/doozy/doozy_robotics/doozy_ws_2/install/sick_visionary_t_mini/lib/libsick_visionary_t_mini__rosidl_generator_py.so
-- Set runtime path of "/home/doozy/doozy_robotics/doozy_ws_2/install/sick_visionary_t_mini/lib/libsick_visionary_t_mini__rosidl_generator_py.so" to ""
-- Installing: /home/doozy/doozy_robotics/doozy_ws_2/install/sick_visionary_t_mini/share/sick_visionary_t_mini/msg/SickTMini.idl
-- Installing: /home/doozy/doozy_robotics/doozy_ws_2/install/sick_visionary_t_mini/share/sick_visionary_t_mini/msg/SickTMini.msg
-- Installing: /home/doozy/doozy_robotics/doozy_ws_2/install/sick_visionary_t_mini/share/ament_index/resource_index/package_run_dependencies/sick_visionary_t_mini
-- Installing: /home/doozy/doozy_robotics/doozy_ws_2/install/sick_visionary_t_mini/share/ament_index/resource_index/parent_prefix_path/sick_visionary_t_mini
-- Installing: /home/doozy/doozy_robotics/doozy_ws_2/install/sick_visionary_t_mini/share/sick_visionary_t_mini/environment/ament_prefix_path.sh
-- Installing: /home/doozy/doozy_robotics/doozy_ws_2/install/sick_visionary_t_mini/share/sick_visionary_t_mini/environment/ament_prefix_path.dsv
-- Installing: /home/doozy/doozy_robotics/doozy_ws_2/install/sick_visionary_t_mini/share/sick_visionary_t_mini/environment/path.sh
-- Installing: /home/doozy/doozy_robotics/doozy_ws_2/install/sick_visionary_t_mini/share/sick_visionary_t_mini/environment/path.dsv
-- Installing: /home/doozy/doozy_robotics/doozy_ws_2/install/sick_visionary_t_mini/share/sick_visionary_t_mini/local_setup.bash
-- Installing: /home/doozy/doozy_robotics/doozy_ws_2/install/sick_visionary_t_mini/share/sick_visionary_t_mini/local_setup.sh
-- Installing: /home/doozy/doozy_robotics/doozy_ws_2/install/sick_visionary_t_mini/share/sick_visionary_t_mini/local_setup.zsh
-- Installing: /home/doozy/doozy_robotics/doozy_ws_2/install/sick_visionary_t_mini/share/sick_visionary_t_mini/local_setup.dsv
-- Installing: /home/doozy/doozy_robotics/doozy_ws_2/install/sick_visionary_t_mini/share/sick_visionary_t_mini/package.dsv
-- Installing: /home/doozy/doozy_robotics/doozy_ws_2/install/sick_visionary_t_mini/share/ament_index/resource_index/packages/sick_visionary_t_mini
-- Installing: /home/doozy/doozy_robotics/doozy_ws_2/install/sick_visionary_t_mini/share/sick_visionary_t_mini/cmake/export_sick_visionary_t_mini__rosidl_generator_cExport.cmake
-- Installing: /home/doozy/doozy_robotics/doozy_ws_2/install/sick_visionary_t_mini/share/sick_visionary_t_mini/cmake/export_sick_visionary_t_mini__rosidl_generator_cExport-noconfig.cmake
-- Installing: /home/doozy/doozy_robotics/doozy_ws_2/install/sick_visionary_t_mini/share/sick_visionary_t_mini/cmake/export_sick_visionary_t_mini__rosidl_typesupport_fastrtps_cExport.cmake
-- Installing: /home/doozy/doozy_robotics/doozy_ws_2/install/sick_visionary_t_mini/share/sick_visionary_t_mini/cmake/export_sick_visionary_t_mini__rosidl_typesupport_fastrtps_cExport-noconfig.cmake
-- Installing: /home/doozy/doozy_robotics/doozy_ws_2/install/sick_visionary_t_mini/share/sick_visionary_t_mini/cmake/export_sick_visionary_t_mini__rosidl_generator_cppExport.cmake
-- Installing: /home/doozy/doozy_robotics/doozy_ws_2/install/sick_visionary_t_mini/share/sick_visionary_t_mini/cmake/export_sick_visionary_t_mini__rosidl_typesupport_fastrtps_cppExport.cmake
-- Installing: /home/doozy/doozy_robotics/doozy_ws_2/install/sick_visionary_t_mini/share/sick_visionary_t_mini/cmake/export_sick_visionary_t_mini__rosidl_typesupport_fastrtps_cppExport-noconfig.cmake
-- Installing: /home/doozy/doozy_robotics/doozy_ws_2/install/sick_visionary_t_mini/share/sick_visionary_t_mini/cmake/sick_visionary_t_mini__rosidl_typesupport_introspection_cExport.cmake
-- Installing: /home/doozy/doozy_robotics/doozy_ws_2/install/sick_visionary_t_mini/share/sick_visionary_t_mini/cmake/sick_visionary_t_mini__rosidl_typesupport_introspection_cExport-noconfig.cmake
-- Installing: /home/doozy/doozy_robotics/doozy_ws_2/install/sick_visionary_t_mini/share/sick_visionary_t_mini/cmake/sick_visionary_t_mini__rosidl_typesupport_cExport.cmake
-- Installing: /home/doozy/doozy_robotics/doozy_ws_2/install/sick_visionary_t_mini/share/sick_visionary_t_mini/cmake/sick_visionary_t_mini__rosidl_typesupport_cExport-noconfig.cmake
-- Installing: /home/doozy/doozy_robotics/doozy_ws_2/install/sick_visionary_t_mini/share/sick_visionary_t_mini/cmake/sick_visionary_t_mini__rosidl_typesupport_introspection_cppExport.cmake
-- Installing: /home/doozy/doozy_robotics/doozy_ws_2/install/sick_visionary_t_mini/share/sick_visionary_t_mini/cmake/sick_visionary_t_mini__rosidl_typesupport_introspection_cppExport-noconfig.cmake
-- Installing: /home/doozy/doozy_robotics/doozy_ws_2/install/sick_visionary_t_mini/share/sick_visionary_t_mini/cmake/sick_visionary_t_mini__rosidl_typesupport_cppExport.cmake
-- Installing: /home/doozy/doozy_robotics/doozy_ws_2/install/sick_visionary_t_mini/share/sick_visionary_t_mini/cmake/sick_visionary_t_mini__rosidl_typesupport_cppExport-noconfig.cmake
-- Installing: /home/doozy/doozy_robotics/doozy_ws_2/install/sick_visionary_t_mini/share/sick_visionary_t_mini/cmake/export_sick_visionary_t_mini__rosidl_generator_pyExport.cmake
-- Installing: /home/doozy/doozy_robotics/doozy_ws_2/install/sick_visionary_t_mini/share/sick_visionary_t_mini/cmake/export_sick_visionary_t_mini__rosidl_generator_pyExport-noconfig.cmake
-- Installing: /home/doozy/doozy_robotics/doozy_ws_2/install/sick_visionary_t_mini/share/sick_visionary_t_mini/cmake/rosidl_cmake-extras.cmake
-- Installing: /home/doozy/doozy_robotics/doozy_ws_2/install/sick_visionary_t_mini/share/sick_visionary_t_mini/cmake/ament_cmake_export_dependencies-extras.cmake
-- Installing: /home/doozy/doozy_robotics/doozy_ws_2/install/sick_visionary_t_mini/share/sick_visionary_t_mini/cmake/ament_cmake_export_include_directories-extras.cmake
-- Installing: /home/doozy/doozy_robotics/doozy_ws_2/install/sick_visionary_t_mini/share/sick_visionary_t_mini/cmake/ament_cmake_export_libraries-extras.cmake
-- Installing: /home/doozy/doozy_robotics/doozy_ws_2/install/sick_visionary_t_mini/share/sick_visionary_t_mini/cmake/ament_cmake_export_targets-extras.cmake
-- Installing: /home/doozy/doozy_robotics/doozy_ws_2/install/sick_visionary_t_mini/share/sick_visionary_t_mini/cmake/rosidl_cmake_export_typesupport_targets-extras.cmake
-- Installing: /home/doozy/doozy_robotics/doozy_ws_2/install/sick_visionary_t_mini/share/sick_visionary_t_mini/cmake/rosidl_cmake_export_typesupport_libraries-extras.cmake
-- Installing: /home/doozy/doozy_robotics/doozy_ws_2/install/sick_visionary_t_mini/share/sick_visionary_t_mini/cmake/sick_visionary_t_miniConfig.cmake
-- Installing: /home/doozy/doozy_robotics/doozy_ws_2/install/sick_visionary_t_mini/share/sick_visionary_t_mini/cmake/sick_visionary_t_miniConfig-version.cmake
-- Installing: /home/doozy/doozy_robotics/doozy_ws_2/install/sick_visionary_t_mini/share/sick_visionary_t_mini/package.xml
