[0.133s] Invoking command in '/home/avinaash/doozy_robotics/doozy_ws_2/build/turtlebot3_node': CMAKE_PREFIX_PATH=${CMAKE_PREFIX_PATH}:/home/avinaash/doozy_robotics/doozy_ws_2/install/turtlebot3_teleop:/home/avinaash/doozy_robotics/doozy_ws_2/install/turtlebot3_example:/home/avinaash/doozy_robotics/doozy_ws_2/install/pallet_docker_02:/opt/ros/galactic /usr/bin/cmake --build /home/avinaash/doozy_robotics/doozy_ws_2/build/turtlebot3_node -- -j12 -l12
[1.329s] [ 85%] Built target turtlebot3_node_lib
[1.330s] [100%] Built target turtlebot3_ros
[1.349s] Invoked command in '/home/avinaash/doozy_robotics/doozy_ws_2/build/turtlebot3_node' returned '0': CMAKE_PREFIX_PATH=${CMAKE_PREFIX_PATH}:/home/avinaash/doozy_robotics/doozy_ws_2/install/turtlebot3_teleop:/home/avinaash/doozy_robotics/doozy_ws_2/install/turtlebot3_example:/home/avinaash/doozy_robotics/doozy_ws_2/install/pallet_docker_02:/opt/ros/galactic /usr/bin/cmake --build /home/avinaash/doozy_robotics/doozy_ws_2/build/turtlebot3_node -- -j12 -l12
[1.547s] Invoking command in '/home/avinaash/doozy_robotics/doozy_ws_2/build/turtlebot3_node': CMAKE_PREFIX_PATH=${CMAKE_PREFIX_PATH}:/home/avinaash/doozy_robotics/doozy_ws_2/install/turtlebot3_teleop:/home/avinaash/doozy_robotics/doozy_ws_2/install/turtlebot3_example:/home/avinaash/doozy_robotics/doozy_ws_2/install/pallet_docker_02:/opt/ros/galactic /usr/bin/cmake --install /home/avinaash/doozy_robotics/doozy_ws_2/build/turtlebot3_node
[1.627s] -- Install configuration: ""
[1.628s] -- Up-to-date: /home/avinaash/doozy_robotics/doozy_ws_2/install/turtlebot3_node/share/turtlebot3_node/param
[1.631s] -- Up-to-date: /home/avinaash/doozy_robotics/doozy_ws_2/install/turtlebot3_node/share/turtlebot3_node/param/waffle_pi.yaml
[1.632s] -- Up-to-date: /home/avinaash/doozy_robotics/doozy_ws_2/install/turtlebot3_node/share/turtlebot3_node/param/waffle.yaml
[1.635s] -- Up-to-date: /home/avinaash/doozy_robotics/doozy_ws_2/install/turtlebot3_node/share/turtlebot3_node/param/burger.yaml
[1.635s] -- Up-to-date: /home/avinaash/doozy_robotics/doozy_ws_2/install/turtlebot3_node/lib/turtlebot3_node/turtlebot3_ros
[1.636s] -- Up-to-date: /home/avinaash/doozy_robotics/doozy_ws_2/install/turtlebot3_node/share/ament_index/resource_index/package_run_dependencies/turtlebot3_node
[1.636s] -- Up-to-date: /home/avinaash/doozy_robotics/doozy_ws_2/install/turtlebot3_node/share/ament_index/resource_index/parent_prefix_path/turtlebot3_node
[1.636s] -- Up-to-date: /home/avinaash/doozy_robotics/doozy_ws_2/install/turtlebot3_node/share/turtlebot3_node/environment/ament_prefix_path.sh
[1.637s] -- Up-to-date: /home/avinaash/doozy_robotics/doozy_ws_2/install/turtlebot3_node/share/turtlebot3_node/environment/ament_prefix_path.dsv
[1.637s] -- Up-to-date: /home/avinaash/doozy_robotics/doozy_ws_2/install/turtlebot3_node/share/turtlebot3_node/environment/path.sh
[1.638s] -- Up-to-date: /home/avinaash/doozy_robotics/doozy_ws_2/install/turtlebot3_node/share/turtlebot3_node/environment/path.dsv
[1.638s] -- Up-to-date: /home/avinaash/doozy_robotics/doozy_ws_2/install/turtlebot3_node/share/turtlebot3_node/local_setup.bash
[1.638s] -- Up-to-date: /home/avinaash/doozy_robotics/doozy_ws_2/install/turtlebot3_node/share/turtlebot3_node/local_setup.sh
[1.638s] -- Up-to-date: /home/avinaash/doozy_robotics/doozy_ws_2/install/turtlebot3_node/share/turtlebot3_node/local_setup.zsh
[1.639s] -- Up-to-date: /home/avinaash/doozy_robotics/doozy_ws_2/install/turtlebot3_node/share/turtlebot3_node/local_setup.dsv
[1.639s] -- Installing: /home/avinaash/doozy_robotics/doozy_ws_2/install/turtlebot3_node/share/turtlebot3_node/package.dsv
[1.639s] -- Up-to-date: /home/avinaash/doozy_robotics/doozy_ws_2/install/turtlebot3_node/share/ament_index/resource_index/packages/turtlebot3_node
[1.639s] -- Up-to-date: /home/avinaash/doozy_robotics/doozy_ws_2/install/turtlebot3_node/share/turtlebot3_node/cmake/ament_cmake_export_include_directories-extras.cmake
[1.640s] -- Up-to-date: /home/avinaash/doozy_robotics/doozy_ws_2/install/turtlebot3_node/share/turtlebot3_node/cmake/turtlebot3_nodeConfig.cmake
[1.640s] -- Up-to-date: /home/avinaash/doozy_robotics/doozy_ws_2/install/turtlebot3_node/share/turtlebot3_node/cmake/turtlebot3_nodeConfig-version.cmake
[1.641s] -- Up-to-date: /home/avinaash/doozy_robotics/doozy_ws_2/install/turtlebot3_node/share/turtlebot3_node/package.xml
[1.713s] Invoked command in '/home/avinaash/doozy_robotics/doozy_ws_2/build/turtlebot3_node' returned '0': CMAKE_PREFIX_PATH=${CMAKE_PREFIX_PATH}:/home/avinaash/doozy_robotics/doozy_ws_2/install/turtlebot3_teleop:/home/avinaash/doozy_robotics/doozy_ws_2/install/turtlebot3_example:/home/avinaash/doozy_robotics/doozy_ws_2/install/pallet_docker_02:/opt/ros/galactic /usr/bin/cmake --install /home/avinaash/doozy_robotics/doozy_ws_2/build/turtlebot3_node
