[4.521s] Invoking command in '/home/avinaash/doozy_robotics/doozy_ws_2/src/turtlebot3/turtlebot3_teleop': PYTHONPATH=/home/avinaash/doozy_robotics/doozy_ws_2/build/turtlebot3_teleop/prefix_override:/home/avinaash/doozy_robotics/doozy_ws_2/install/turtlebot3_teleop/lib/python3.8/site-packages:${PYTHONPATH} /usr/bin/python3 -W ignore:setup.py install is deprecated setup.py egg_info --egg-base ../../../build/turtlebot3_teleop build --build-base /home/avinaash/doozy_robotics/doozy_ws_2/build/turtlebot3_teleop/build install --record /home/avinaash/doozy_robotics/doozy_ws_2/build/turtlebot3_teleop/install.log --single-version-externally-managed install_data
[5.183s] running egg_info
[5.184s] writing ../../../build/turtlebot3_teleop/turtlebot3_teleop.egg-info/PKG-INFO
[5.184s] writing dependency_links to ../../../build/turtlebot3_teleop/turtlebot3_teleop.egg-info/dependency_links.txt
[5.185s] writing entry points to ../../../build/turtlebot3_teleop/turtlebot3_teleop.egg-info/entry_points.txt
[5.190s] writing requirements to ../../../build/turtlebot3_teleop/turtlebot3_teleop.egg-info/requires.txt
[5.191s] writing top-level names to ../../../build/turtlebot3_teleop/turtlebot3_teleop.egg-info/top_level.txt
[5.299s] reading manifest file '../../../build/turtlebot3_teleop/turtlebot3_teleop.egg-info/SOURCES.txt'
[5.301s] writing manifest file '../../../build/turtlebot3_teleop/turtlebot3_teleop.egg-info/SOURCES.txt'
[5.301s] running build
[5.301s] running build_py
[5.302s] running install
[5.309s] running install_lib
[5.314s] running install_data
[5.314s] running install_egg_info
[5.326s] removing '/home/avinaash/doozy_robotics/doozy_ws_2/install/turtlebot3_teleop/lib/python3.8/site-packages/turtlebot3_teleop-2.1.4-py3.8.egg-info' (and everything under it)
[5.330s] Copying ../../../build/turtlebot3_teleop/turtlebot3_teleop.egg-info to /home/avinaash/doozy_robotics/doozy_ws_2/install/turtlebot3_teleop/lib/python3.8/site-packages/turtlebot3_teleop-2.1.4-py3.8.egg-info
[5.331s] running install_scripts
[5.391s] Installing teleop_keyboard script to /home/avinaash/doozy_robotics/doozy_ws_2/install/turtlebot3_teleop/lib/turtlebot3_teleop
[5.392s] writing list of installed files to '/home/avinaash/doozy_robotics/doozy_ws_2/build/turtlebot3_teleop/install.log'
[5.485s] Invoked command in '/home/avinaash/doozy_robotics/doozy_ws_2/src/turtlebot3/turtlebot3_teleop' returned '0': PYTHONPATH=/home/avinaash/doozy_robotics/doozy_ws_2/build/turtlebot3_teleop/prefix_override:/home/avinaash/doozy_robotics/doozy_ws_2/install/turtlebot3_teleop/lib/python3.8/site-packages:${PYTHONPATH} /usr/bin/python3 -W ignore:setup.py install is deprecated setup.py egg_info --egg-base ../../../build/turtlebot3_teleop build --build-base /home/avinaash/doozy_robotics/doozy_ws_2/build/turtlebot3_teleop/build install --record /home/avinaash/doozy_robotics/doozy_ws_2/build/turtlebot3_teleop/install.log --single-version-externally-managed install_data
