[0.194s] Invoking command in '/home/avinaash/doozy_robotics/doozy_ws_2/build/apriltag_msgs': CMAKE_PREFIX_PATH=${CMAKE_PREFIX_PATH}:/home/avinaash/doozy_robotics/doozy_ws_2/install/turtlebot3_teleop:/home/avinaash/doozy_robotics/doozy_ws_2/install/turtlebot3_example:/home/avinaash/doozy_robotics/doozy_ws_2/install/turtlebot3_automatic_parking:/home/avinaash/doozy_robotics/doozy_ws_2/install/pallet_robot:/home/avinaash/doozy_robotics/doozy_ws_2/install/pallet_docker_02:/home/avinaash/doozy_robotics/doozy_ws_2/install/opencv_tests:/home/avinaash/doozy_robotics/doozy_ws_2/install/camera_calibration:/opt/ros/galactic /usr/bin/cmake --build /home/avinaash/doozy_robotics/doozy_ws_2/build/apriltag_msgs -- -j12 -l12
[1.595s] [  2%] Built target apriltag_msgs__cpp
[1.595s] [ 12%] Built target apriltag_msgs__rosidl_generator_c
[1.595s] [ 29%] Built target apriltag_msgs__rosidl_typesupport_c
[1.595s] [ 34%] Built target apriltag_msgs__rosidl_typesupport_cpp
[1.596s] [ 44%] Built target apriltag_msgs__rosidl_typesupport_introspection_cpp
[1.596s] [ 55%] Built target apriltag_msgs__rosidl_typesupport_fastrtps_cpp
[1.596s] [ 65%] Built target apriltag_msgs__rosidl_typesupport_introspection_c
[1.596s] [ 76%] Built target apriltag_msgs__rosidl_typesupport_fastrtps_c
[1.596s] [ 76%] Built target apriltag_msgs
[1.597s] [ 78%] Built target apriltag_msgs__py
[1.597s] [ 87%] Built target apriltag_msgs__python
[1.598s] [ 91%] Built target apriltag_msgs__rosidl_typesupport_introspection_c__pyext
[1.599s] [ 95%] Built target apriltag_msgs__rosidl_typesupport_fastrtps_c__pyext
[1.599s] [100%] Built target apriltag_msgs__rosidl_typesupport_c__pyext
[1.669s] Invoked command in '/home/avinaash/doozy_robotics/doozy_ws_2/build/apriltag_msgs' returned '0': CMAKE_PREFIX_PATH=${CMAKE_PREFIX_PATH}:/home/avinaash/doozy_robotics/doozy_ws_2/install/turtlebot3_teleop:/home/avinaash/doozy_robotics/doozy_ws_2/install/turtlebot3_example:/home/avinaash/doozy_robotics/doozy_ws_2/install/turtlebot3_automatic_parking:/home/avinaash/doozy_robotics/doozy_ws_2/install/pallet_robot:/home/avinaash/doozy_robotics/doozy_ws_2/install/pallet_docker_02:/home/avinaash/doozy_robotics/doozy_ws_2/install/opencv_tests:/home/avinaash/doozy_robotics/doozy_ws_2/install/camera_calibration:/opt/ros/galactic /usr/bin/cmake --build /home/avinaash/doozy_robotics/doozy_ws_2/build/apriltag_msgs -- -j12 -l12
[2.288s] Invoking command in '/home/avinaash/doozy_robotics/doozy_ws_2/build/apriltag_msgs': CMAKE_PREFIX_PATH=${CMAKE_PREFIX_PATH}:/home/avinaash/doozy_robotics/doozy_ws_2/install/turtlebot3_teleop:/home/avinaash/doozy_robotics/doozy_ws_2/install/turtlebot3_example:/home/avinaash/doozy_robotics/doozy_ws_2/install/turtlebot3_automatic_parking:/home/avinaash/doozy_robotics/doozy_ws_2/install/pallet_robot:/home/avinaash/doozy_robotics/doozy_ws_2/install/pallet_docker_02:/home/avinaash/doozy_robotics/doozy_ws_2/install/opencv_tests:/home/avinaash/doozy_robotics/doozy_ws_2/install/camera_calibration:/opt/ros/galactic /usr/bin/cmake --install /home/avinaash/doozy_robotics/doozy_ws_2/build/apriltag_msgs
[2.367s] -- Install configuration: ""
[2.367s] -- Up-to-date: /home/avinaash/doozy_robotics/doozy_ws_2/install/apriltag_msgs/share/ament_index/resource_index/rosidl_interfaces/apriltag_msgs
[2.367s] -- Up-to-date: /home/avinaash/doozy_robotics/doozy_ws_2/install/apriltag_msgs/include/apriltag_msgs
[2.367s] -- Up-to-date: /home/avinaash/doozy_robotics/doozy_ws_2/install/apriltag_msgs/include/apriltag_msgs/msg
[2.367s] -- Up-to-date: /home/avinaash/doozy_robotics/doozy_ws_2/install/apriltag_msgs/include/apriltag_msgs/msg/point.h
[2.368s] -- Up-to-date: /home/avinaash/doozy_robotics/doozy_ws_2/install/apriltag_msgs/include/apriltag_msgs/msg/april_tag_detection.h
[2.368s] -- Up-to-date: /home/avinaash/doozy_robotics/doozy_ws_2/install/apriltag_msgs/include/apriltag_msgs/msg/rosidl_generator_c__visibility_control.h
[2.368s] -- Up-to-date: /home/avinaash/doozy_robotics/doozy_ws_2/install/apriltag_msgs/include/apriltag_msgs/msg/detail
[2.369s] -- Up-to-date: /home/avinaash/doozy_robotics/doozy_ws_2/install/apriltag_msgs/include/apriltag_msgs/msg/detail/april_tag_detection_array__type_support.h
[2.372s] -- Up-to-date: /home/avinaash/doozy_robotics/doozy_ws_2/install/apriltag_msgs/include/apriltag_msgs/msg/detail/april_tag_detection_array__struct.h
[2.373s] -- Up-to-date: /home/avinaash/doozy_robotics/doozy_ws_2/install/apriltag_msgs/include/apriltag_msgs/msg/detail/april_tag_detection_array__functions.h
[2.373s] -- Up-to-date: /home/avinaash/doozy_robotics/doozy_ws_2/install/apriltag_msgs/include/apriltag_msgs/msg/detail/april_tag_detection__type_support.h
[2.373s] -- Up-to-date: /home/avinaash/doozy_robotics/doozy_ws_2/install/apriltag_msgs/include/apriltag_msgs/msg/detail/point__functions.c
[2.374s] -- Up-to-date: /home/avinaash/doozy_robotics/doozy_ws_2/install/apriltag_msgs/include/apriltag_msgs/msg/detail/point__type_support.h
[2.374s] -- Up-to-date: /home/avinaash/doozy_robotics/doozy_ws_2/install/apriltag_msgs/include/apriltag_msgs/msg/detail/april_tag_detection__functions.h
[2.374s] -- Up-to-date: /home/avinaash/doozy_robotics/doozy_ws_2/install/apriltag_msgs/include/apriltag_msgs/msg/detail/april_tag_detection_array__functions.c
[2.374s] -- Up-to-date: /home/avinaash/doozy_robotics/doozy_ws_2/install/apriltag_msgs/include/apriltag_msgs/msg/detail/point__struct.h
[2.375s] -- Up-to-date: /home/avinaash/doozy_robotics/doozy_ws_2/install/apriltag_msgs/include/apriltag_msgs/msg/detail/april_tag_detection__struct.h
[2.375s] -- Up-to-date: /home/avinaash/doozy_robotics/doozy_ws_2/install/apriltag_msgs/include/apriltag_msgs/msg/detail/point__functions.h
[2.375s] -- Up-to-date: /home/avinaash/doozy_robotics/doozy_ws_2/install/apriltag_msgs/include/apriltag_msgs/msg/detail/april_tag_detection__functions.c
[2.375s] -- Up-to-date: /home/avinaash/doozy_robotics/doozy_ws_2/install/apriltag_msgs/include/apriltag_msgs/msg/april_tag_detection_array.h
[2.375s] -- Up-to-date: /home/avinaash/doozy_robotics/doozy_ws_2/install/apriltag_msgs/share/apriltag_msgs/environment/library_path.sh
[2.376s] -- Up-to-date: /home/avinaash/doozy_robotics/doozy_ws_2/install/apriltag_msgs/share/apriltag_msgs/environment/library_path.dsv
[2.376s] -- Up-to-date: /home/avinaash/doozy_robotics/doozy_ws_2/install/apriltag_msgs/lib/libapriltag_msgs__rosidl_generator_c.so
[2.377s] -- Up-to-date: /home/avinaash/doozy_robotics/doozy_ws_2/install/apriltag_msgs/include/apriltag_msgs
[2.377s] -- Up-to-date: /home/avinaash/doozy_robotics/doozy_ws_2/install/apriltag_msgs/include/apriltag_msgs/msg
[2.377s] -- Up-to-date: /home/avinaash/doozy_robotics/doozy_ws_2/install/apriltag_msgs/include/apriltag_msgs/msg/detail
[2.377s] -- Up-to-date: /home/avinaash/doozy_robotics/doozy_ws_2/install/apriltag_msgs/include/apriltag_msgs/msg/detail/april_tag_detection__rosidl_typesupport_fastrtps_c.h
[2.377s] -- Up-to-date: /home/avinaash/doozy_robotics/doozy_ws_2/install/apriltag_msgs/include/apriltag_msgs/msg/detail/april_tag_detection_array__rosidl_typesupport_fastrtps_c.h
[2.378s] -- Up-to-date: /home/avinaash/doozy_robotics/doozy_ws_2/install/apriltag_msgs/include/apriltag_msgs/msg/detail/point__rosidl_typesupport_fastrtps_c.h
[2.378s] -- Up-to-date: /home/avinaash/doozy_robotics/doozy_ws_2/install/apriltag_msgs/include/apriltag_msgs/msg/rosidl_typesupport_fastrtps_c__visibility_control.h
[2.378s] -- Up-to-date: /home/avinaash/doozy_robotics/doozy_ws_2/install/apriltag_msgs/lib/libapriltag_msgs__rosidl_typesupport_fastrtps_c.so
[2.378s] -- Up-to-date: /home/avinaash/doozy_robotics/doozy_ws_2/install/apriltag_msgs/include/apriltag_msgs
[2.378s] -- Up-to-date: /home/avinaash/doozy_robotics/doozy_ws_2/install/apriltag_msgs/include/apriltag_msgs/msg
[2.379s] -- Up-to-date: /home/avinaash/doozy_robotics/doozy_ws_2/install/apriltag_msgs/include/apriltag_msgs/msg/rosidl_typesupport_fastrtps_cpp__visibility_control.h
[2.379s] -- Up-to-date: /home/avinaash/doozy_robotics/doozy_ws_2/install/apriltag_msgs/include/apriltag_msgs/msg/detail
[2.379s] -- Up-to-date: /home/avinaash/doozy_robotics/doozy_ws_2/install/apriltag_msgs/include/apriltag_msgs/msg/detail/point__rosidl_typesupport_fastrtps_cpp.hpp
[2.379s] -- Up-to-date: /home/avinaash/doozy_robotics/doozy_ws_2/install/apriltag_msgs/include/apriltag_msgs/msg/detail/april_tag_detection__rosidl_typesupport_fastrtps_cpp.hpp
[2.379s] -- Up-to-date: /home/avinaash/doozy_robotics/doozy_ws_2/install/apriltag_msgs/include/apriltag_msgs/msg/detail/dds_fastrtps
[2.379s] -- Up-to-date: /home/avinaash/doozy_robotics/doozy_ws_2/install/apriltag_msgs/include/apriltag_msgs/msg/detail/april_tag_detection_array__rosidl_typesupport_fastrtps_cpp.hpp
[2.379s] -- Up-to-date: /home/avinaash/doozy_robotics/doozy_ws_2/install/apriltag_msgs/lib/libapriltag_msgs__rosidl_typesupport_fastrtps_cpp.so
[2.380s] -- Up-to-date: /home/avinaash/doozy_robotics/doozy_ws_2/install/apriltag_msgs/include/apriltag_msgs
[2.380s] -- Up-to-date: /home/avinaash/doozy_robotics/doozy_ws_2/install/apriltag_msgs/include/apriltag_msgs/msg
[2.380s] -- Up-to-date: /home/avinaash/doozy_robotics/doozy_ws_2/install/apriltag_msgs/include/apriltag_msgs/msg/rosidl_typesupport_introspection_c__visibility_control.h
[2.380s] -- Up-to-date: /home/avinaash/doozy_robotics/doozy_ws_2/install/apriltag_msgs/include/apriltag_msgs/msg/detail
[2.380s] -- Up-to-date: /home/avinaash/doozy_robotics/doozy_ws_2/install/apriltag_msgs/include/apriltag_msgs/msg/detail/april_tag_detection__type_support.c
[2.380s] -- Up-to-date: /home/avinaash/doozy_robotics/doozy_ws_2/install/apriltag_msgs/include/apriltag_msgs/msg/detail/point__type_support.c
[2.381s] -- Up-to-date: /home/avinaash/doozy_robotics/doozy_ws_2/install/apriltag_msgs/include/apriltag_msgs/msg/detail/april_tag_detection__rosidl_typesupport_introspection_c.h
[2.381s] -- Up-to-date: /home/avinaash/doozy_robotics/doozy_ws_2/install/apriltag_msgs/include/apriltag_msgs/msg/detail/point__rosidl_typesupport_introspection_c.h
[2.381s] -- Up-to-date: /home/avinaash/doozy_robotics/doozy_ws_2/install/apriltag_msgs/include/apriltag_msgs/msg/detail/april_tag_detection_array__type_support.c
[2.381s] -- Up-to-date: /home/avinaash/doozy_robotics/doozy_ws_2/install/apriltag_msgs/include/apriltag_msgs/msg/detail/april_tag_detection_array__rosidl_typesupport_introspection_c.h
[2.381s] -- Up-to-date: /home/avinaash/doozy_robotics/doozy_ws_2/install/apriltag_msgs/lib/libapriltag_msgs__rosidl_typesupport_introspection_c.so
[2.381s] -- Up-to-date: /home/avinaash/doozy_robotics/doozy_ws_2/install/apriltag_msgs/lib/libapriltag_msgs__rosidl_typesupport_c.so
[2.381s] -- Up-to-date: /home/avinaash/doozy_robotics/doozy_ws_2/install/apriltag_msgs/include/apriltag_msgs
[2.382s] -- Up-to-date: /home/avinaash/doozy_robotics/doozy_ws_2/install/apriltag_msgs/include/apriltag_msgs/msg
[2.382s] -- Up-to-date: /home/avinaash/doozy_robotics/doozy_ws_2/install/apriltag_msgs/include/apriltag_msgs/msg/point.hpp
[2.382s] -- Up-to-date: /home/avinaash/doozy_robotics/doozy_ws_2/install/apriltag_msgs/include/apriltag_msgs/msg/detail
[2.382s] -- Up-to-date: /home/avinaash/doozy_robotics/doozy_ws_2/install/apriltag_msgs/include/apriltag_msgs/msg/detail/point__struct.hpp
[2.382s] -- Up-to-date: /home/avinaash/doozy_robotics/doozy_ws_2/install/apriltag_msgs/include/apriltag_msgs/msg/detail/april_tag_detection_array__struct.hpp
[2.382s] -- Up-to-date: /home/avinaash/doozy_robotics/doozy_ws_2/install/apriltag_msgs/include/apriltag_msgs/msg/detail/april_tag_detection__traits.hpp
[2.383s] -- Up-to-date: /home/avinaash/doozy_robotics/doozy_ws_2/install/apriltag_msgs/include/apriltag_msgs/msg/detail/april_tag_detection__builder.hpp
[2.383s] -- Up-to-date: /home/avinaash/doozy_robotics/doozy_ws_2/install/apriltag_msgs/include/apriltag_msgs/msg/detail/april_tag_detection_array__builder.hpp
[2.383s] -- Up-to-date: /home/avinaash/doozy_robotics/doozy_ws_2/install/apriltag_msgs/include/apriltag_msgs/msg/detail/april_tag_detection__struct.hpp
[2.383s] -- Up-to-date: /home/avinaash/doozy_robotics/doozy_ws_2/install/apriltag_msgs/include/apriltag_msgs/msg/detail/point__builder.hpp
[2.383s] -- Up-to-date: /home/avinaash/doozy_robotics/doozy_ws_2/install/apriltag_msgs/include/apriltag_msgs/msg/detail/point__traits.hpp
[2.384s] -- Up-to-date: /home/avinaash/doozy_robotics/doozy_ws_2/install/apriltag_msgs/include/apriltag_msgs/msg/detail/april_tag_detection_array__traits.hpp
[2.384s] -- Up-to-date: /home/avinaash/doozy_robotics/doozy_ws_2/install/apriltag_msgs/include/apriltag_msgs/msg/april_tag_detection_array.hpp
[2.385s] -- Up-to-date: /home/avinaash/doozy_robotics/doozy_ws_2/install/apriltag_msgs/include/apriltag_msgs/msg/april_tag_detection.hpp
[2.385s] -- Up-to-date: /home/avinaash/doozy_robotics/doozy_ws_2/install/apriltag_msgs/include/apriltag_msgs
[2.385s] -- Up-to-date: /home/avinaash/doozy_robotics/doozy_ws_2/install/apriltag_msgs/include/apriltag_msgs/msg
[2.385s] -- Up-to-date: /home/avinaash/doozy_robotics/doozy_ws_2/install/apriltag_msgs/include/apriltag_msgs/msg/detail
[2.386s] -- Up-to-date: /home/avinaash/doozy_robotics/doozy_ws_2/install/apriltag_msgs/include/apriltag_msgs/msg/detail/point__type_support.cpp
[2.386s] -- Up-to-date: /home/avinaash/doozy_robotics/doozy_ws_2/install/apriltag_msgs/include/apriltag_msgs/msg/detail/point__rosidl_typesupport_introspection_cpp.hpp
[2.386s] -- Up-to-date: /home/avinaash/doozy_robotics/doozy_ws_2/install/apriltag_msgs/include/apriltag_msgs/msg/detail/april_tag_detection__type_support.cpp
[2.386s] -- Up-to-date: /home/avinaash/doozy_robotics/doozy_ws_2/install/apriltag_msgs/include/apriltag_msgs/msg/detail/april_tag_detection_array__type_support.cpp
[2.387s] -- Up-to-date: /home/avinaash/doozy_robotics/doozy_ws_2/install/apriltag_msgs/include/apriltag_msgs/msg/detail/april_tag_detection_array__rosidl_typesupport_introspection_cpp.hpp
[2.387s] -- Up-to-date: /home/avinaash/doozy_robotics/doozy_ws_2/install/apriltag_msgs/include/apriltag_msgs/msg/detail/april_tag_detection__rosidl_typesupport_introspection_cpp.hpp
[2.387s] -- Up-to-date: /home/avinaash/doozy_robotics/doozy_ws_2/install/apriltag_msgs/lib/libapriltag_msgs__rosidl_typesupport_introspection_cpp.so
[2.387s] -- Up-to-date: /home/avinaash/doozy_robotics/doozy_ws_2/install/apriltag_msgs/lib/libapriltag_msgs__rosidl_typesupport_cpp.so
[2.387s] -- Up-to-date: /home/avinaash/doozy_robotics/doozy_ws_2/install/apriltag_msgs/share/apriltag_msgs/environment/pythonpath.sh
[2.388s] -- Up-to-date: /home/avinaash/doozy_robotics/doozy_ws_2/install/apriltag_msgs/share/apriltag_msgs/environment/pythonpath.dsv
[2.388s] -- Up-to-date: /home/avinaash/doozy_robotics/doozy_ws_2/install/apriltag_msgs/lib/python3.8/site-packages/apriltag_msgs/__init__.py
[2.435s] -- Up-to-date: /home/avinaash/doozy_robotics/doozy_ws_2/install/apriltag_msgs/lib/python3.8/site-packages/apriltag_msgs/msg
[2.436s] -- Up-to-date: /home/avinaash/doozy_robotics/doozy_ws_2/install/apriltag_msgs/lib/python3.8/site-packages/apriltag_msgs/msg/_april_tag_detection_s.c
[2.436s] -- Up-to-date: /home/avinaash/doozy_robotics/doozy_ws_2/install/apriltag_msgs/lib/python3.8/site-packages/apriltag_msgs/msg/_april_tag_detection.py
[2.436s] -- Up-to-date: /home/avinaash/doozy_robotics/doozy_ws_2/install/apriltag_msgs/lib/python3.8/site-packages/apriltag_msgs/msg/_point_s.c
[2.436s] -- Up-to-date: /home/avinaash/doozy_robotics/doozy_ws_2/install/apriltag_msgs/lib/python3.8/site-packages/apriltag_msgs/msg/__init__.py
[2.437s] -- Up-to-date: /home/avinaash/doozy_robotics/doozy_ws_2/install/apriltag_msgs/lib/python3.8/site-packages/apriltag_msgs/msg/_april_tag_detection_array_s.c
[2.437s] -- Up-to-date: /home/avinaash/doozy_robotics/doozy_ws_2/install/apriltag_msgs/lib/python3.8/site-packages/apriltag_msgs/msg/_april_tag_detection_array.py
[2.437s] -- Up-to-date: /home/avinaash/doozy_robotics/doozy_ws_2/install/apriltag_msgs/lib/python3.8/site-packages/apriltag_msgs/msg/_point.py
[2.437s] -- Up-to-date: /home/avinaash/doozy_robotics/doozy_ws_2/install/apriltag_msgs/lib/python3.8/site-packages/apriltag_msgs/apriltag_msgs_s__rosidl_typesupport_fastrtps_c.cpython-38-x86_64-linux-gnu.so
[2.437s] -- Up-to-date: /home/avinaash/doozy_robotics/doozy_ws_2/install/apriltag_msgs/lib/python3.8/site-packages/apriltag_msgs/apriltag_msgs_s__rosidl_typesupport_introspection_c.cpython-38-x86_64-linux-gnu.so
[2.437s] -- Up-to-date: /home/avinaash/doozy_robotics/doozy_ws_2/install/apriltag_msgs/lib/python3.8/site-packages/apriltag_msgs/apriltag_msgs_s__rosidl_typesupport_c.cpython-38-x86_64-linux-gnu.so
[2.437s] -- Up-to-date: /home/avinaash/doozy_robotics/doozy_ws_2/install/apriltag_msgs/lib/libapriltag_msgs__python.so
[2.438s] -- Up-to-date: /home/avinaash/doozy_robotics/doozy_ws_2/install/apriltag_msgs/share/apriltag_msgs/msg/Point.idl
[2.438s] -- Up-to-date: /home/avinaash/doozy_robotics/doozy_ws_2/install/apriltag_msgs/share/apriltag_msgs/msg/AprilTagDetection.idl
[2.438s] -- Up-to-date: /home/avinaash/doozy_robotics/doozy_ws_2/install/apriltag_msgs/share/apriltag_msgs/msg/AprilTagDetectionArray.idl
[2.438s] -- Up-to-date: /home/avinaash/doozy_robotics/doozy_ws_2/install/apriltag_msgs/share/apriltag_msgs/msg/Point.msg
[2.438s] -- Up-to-date: /home/avinaash/doozy_robotics/doozy_ws_2/install/apriltag_msgs/share/apriltag_msgs/msg/AprilTagDetection.msg
[2.438s] -- Up-to-date: /home/avinaash/doozy_robotics/doozy_ws_2/install/apriltag_msgs/share/apriltag_msgs/msg/AprilTagDetectionArray.msg
[2.439s] -- Up-to-date: /home/avinaash/doozy_robotics/doozy_ws_2/install/apriltag_msgs/share/ament_index/resource_index/package_run_dependencies/apriltag_msgs
[2.439s] -- Up-to-date: /home/avinaash/doozy_robotics/doozy_ws_2/install/apriltag_msgs/share/ament_index/resource_index/parent_prefix_path/apriltag_msgs
[2.439s] -- Up-to-date: /home/avinaash/doozy_robotics/doozy_ws_2/install/apriltag_msgs/share/apriltag_msgs/environment/ament_prefix_path.sh
[2.439s] -- Up-to-date: /home/avinaash/doozy_robotics/doozy_ws_2/install/apriltag_msgs/share/apriltag_msgs/environment/ament_prefix_path.dsv
[2.440s] -- Up-to-date: /home/avinaash/doozy_robotics/doozy_ws_2/install/apriltag_msgs/share/apriltag_msgs/environment/path.sh
[2.442s] -- Up-to-date: /home/avinaash/doozy_robotics/doozy_ws_2/install/apriltag_msgs/share/apriltag_msgs/environment/path.dsv
[2.442s] -- Up-to-date: /home/avinaash/doozy_robotics/doozy_ws_2/install/apriltag_msgs/share/apriltag_msgs/local_setup.bash
[2.443s] -- Up-to-date: /home/avinaash/doozy_robotics/doozy_ws_2/install/apriltag_msgs/share/apriltag_msgs/local_setup.sh
[2.443s] -- Up-to-date: /home/avinaash/doozy_robotics/doozy_ws_2/install/apriltag_msgs/share/apriltag_msgs/local_setup.zsh
[2.444s] -- Up-to-date: /home/avinaash/doozy_robotics/doozy_ws_2/install/apriltag_msgs/share/apriltag_msgs/local_setup.dsv
[2.444s] -- Installing: /home/avinaash/doozy_robotics/doozy_ws_2/install/apriltag_msgs/share/apriltag_msgs/package.dsv
[2.444s] -- Up-to-date: /home/avinaash/doozy_robotics/doozy_ws_2/install/apriltag_msgs/share/ament_index/resource_index/packages/apriltag_msgs
[2.445s] -- Up-to-date: /home/avinaash/doozy_robotics/doozy_ws_2/install/apriltag_msgs/share/apriltag_msgs/cmake/apriltag_msgs__rosidl_generator_cExport.cmake
[2.446s] -- Up-to-date: /home/avinaash/doozy_robotics/doozy_ws_2/install/apriltag_msgs/share/apriltag_msgs/cmake/apriltag_msgs__rosidl_generator_cExport-noconfig.cmake
[2.451s] -- Up-to-date: /home/avinaash/doozy_robotics/doozy_ws_2/install/apriltag_msgs/share/apriltag_msgs/cmake/apriltag_msgs__rosidl_typesupport_introspection_cExport.cmake
[2.452s] -- Up-to-date: /home/avinaash/doozy_robotics/doozy_ws_2/install/apriltag_msgs/share/apriltag_msgs/cmake/apriltag_msgs__rosidl_typesupport_introspection_cExport-noconfig.cmake
[2.452s] -- Up-to-date: /home/avinaash/doozy_robotics/doozy_ws_2/install/apriltag_msgs/share/apriltag_msgs/cmake/apriltag_msgs__rosidl_typesupport_cExport.cmake
[2.452s] -- Up-to-date: /home/avinaash/doozy_robotics/doozy_ws_2/install/apriltag_msgs/share/apriltag_msgs/cmake/apriltag_msgs__rosidl_typesupport_cExport-noconfig.cmake
[2.452s] -- Up-to-date: /home/avinaash/doozy_robotics/doozy_ws_2/install/apriltag_msgs/share/apriltag_msgs/cmake/apriltag_msgs__rosidl_generator_cppExport.cmake
[2.453s] -- Up-to-date: /home/avinaash/doozy_robotics/doozy_ws_2/install/apriltag_msgs/share/apriltag_msgs/cmake/apriltag_msgs__rosidl_typesupport_introspection_cppExport.cmake
[2.453s] -- Up-to-date: /home/avinaash/doozy_robotics/doozy_ws_2/install/apriltag_msgs/share/apriltag_msgs/cmake/apriltag_msgs__rosidl_typesupport_introspection_cppExport-noconfig.cmake
[2.453s] -- Up-to-date: /home/avinaash/doozy_robotics/doozy_ws_2/install/apriltag_msgs/share/apriltag_msgs/cmake/apriltag_msgs__rosidl_typesupport_cppExport.cmake
[2.453s] -- Up-to-date: /home/avinaash/doozy_robotics/doozy_ws_2/install/apriltag_msgs/share/apriltag_msgs/cmake/apriltag_msgs__rosidl_typesupport_cppExport-noconfig.cmake
[2.453s] -- Up-to-date: /home/avinaash/doozy_robotics/doozy_ws_2/install/apriltag_msgs/share/apriltag_msgs/cmake/rosidl_cmake-extras.cmake
[2.453s] -- Up-to-date: /home/avinaash/doozy_robotics/doozy_ws_2/install/apriltag_msgs/share/apriltag_msgs/cmake/ament_cmake_export_dependencies-extras.cmake
[2.454s] -- Up-to-date: /home/avinaash/doozy_robotics/doozy_ws_2/install/apriltag_msgs/share/apriltag_msgs/cmake/ament_cmake_export_libraries-extras.cmake
[2.454s] -- Up-to-date: /home/avinaash/doozy_robotics/doozy_ws_2/install/apriltag_msgs/share/apriltag_msgs/cmake/ament_cmake_export_targets-extras.cmake
[2.454s] -- Up-to-date: /home/avinaash/doozy_robotics/doozy_ws_2/install/apriltag_msgs/share/apriltag_msgs/cmake/ament_cmake_export_include_directories-extras.cmake
[2.454s] -- Up-to-date: /home/avinaash/doozy_robotics/doozy_ws_2/install/apriltag_msgs/share/apriltag_msgs/cmake/rosidl_cmake_export_typesupport_libraries-extras.cmake
[2.468s] -- Up-to-date: /home/avinaash/doozy_robotics/doozy_ws_2/install/apriltag_msgs/share/apriltag_msgs/cmake/rosidl_cmake_export_typesupport_targets-extras.cmake
[2.468s] -- Up-to-date: /home/avinaash/doozy_robotics/doozy_ws_2/install/apriltag_msgs/share/apriltag_msgs/cmake/apriltag_msgsConfig.cmake
[2.469s] -- Up-to-date: /home/avinaash/doozy_robotics/doozy_ws_2/install/apriltag_msgs/share/apriltag_msgs/cmake/apriltag_msgsConfig-version.cmake
[2.469s] -- Up-to-date: /home/avinaash/doozy_robotics/doozy_ws_2/install/apriltag_msgs/share/apriltag_msgs/package.xml
[2.700s] Invoked command in '/home/avinaash/doozy_robotics/doozy_ws_2/build/apriltag_msgs' returned '0': CMAKE_PREFIX_PATH=${CMAKE_PREFIX_PATH}:/home/avinaash/doozy_robotics/doozy_ws_2/install/turtlebot3_teleop:/home/avinaash/doozy_robotics/doozy_ws_2/install/turtlebot3_example:/home/avinaash/doozy_robotics/doozy_ws_2/install/turtlebot3_automatic_parking:/home/avinaash/doozy_robotics/doozy_ws_2/install/pallet_robot:/home/avinaash/doozy_robotics/doozy_ws_2/install/pallet_docker_02:/home/avinaash/doozy_robotics/doozy_ws_2/install/opencv_tests:/home/avinaash/doozy_robotics/doozy_ws_2/install/camera_calibration:/opt/ros/galactic /usr/bin/cmake --install /home/avinaash/doozy_robotics/doozy_ws_2/build/apriltag_msgs
