[0.547s] Invoking command in '/home/avinaash/doozy_robotics/doozy_ws_2/build/turtlebot3_bringup': CMAKE_PREFIX_PATH=/home/avinaash/doozy_robotics/doozy_ws_2/install/turtlebot3_node:/home/avinaash/doozy_robotics/doozy_ws_2/install/turtlebot3_description:/home/avinaash/doozy_robotics/doozy_ws_2/install/turtlebot3:/home/avinaash/doozy_robotics/doozy_ws_2/install/turtlebot3_simulations:/home/avinaash/doozy_robotics/doozy_ws_2/install/turtlebot3_bringup:/home/avinaash/doozy_robotics/doozy_ws_2/install/turtlebot3_navigation2:/home/avinaash/doozy_robotics/doozy_ws_2/install/turtlebot3_gazebo:/home/avinaash/doozy_robotics/doozy_ws_2/install/turtlebot3_fake_node:/home/avinaash/doozy_robotics/doozy_ws_2/install/turtlebot3_cartographer:/home/avinaash/doozy_robotics/doozy_ws_2/install/sick_visionary_t_mini:/home/avinaash/doozy_robotics/doozy_ws_2/install/doozy_actions:/home/avinaash/doozy_robotics/doozy_ws_2/install/turtlebot3_teleop:/home/avinaash/doozy_robotics/doozy_ws_2/install/turtlebot3_example:/home/avinaash/doozy_robotics/doozy_ws_2/install/pallet_docker_02:/home/avinaash/doozy_robotics/doozy_ws_2/install/2_t_dolly_logistics_driver:/opt/ros/galactic /usr/bin/cmake --build /home/avinaash/doozy_robotics/doozy_ws_2/build/turtlebot3_bringup -- -j12 -l12
[0.883s] Invoked command in '/home/avinaash/doozy_robotics/doozy_ws_2/build/turtlebot3_bringup' returned '0': CMAKE_PREFIX_PATH=/home/avinaash/doozy_robotics/doozy_ws_2/install/turtlebot3_node:/home/avinaash/doozy_robotics/doozy_ws_2/install/turtlebot3_description:/home/avinaash/doozy_robotics/doozy_ws_2/install/turtlebot3:/home/avinaash/doozy_robotics/doozy_ws_2/install/turtlebot3_simulations:/home/avinaash/doozy_robotics/doozy_ws_2/install/turtlebot3_bringup:/home/avinaash/doozy_robotics/doozy_ws_2/install/turtlebot3_navigation2:/home/avinaash/doozy_robotics/doozy_ws_2/install/turtlebot3_gazebo:/home/avinaash/doozy_robotics/doozy_ws_2/install/turtlebot3_fake_node:/home/avinaash/doozy_robotics/doozy_ws_2/install/turtlebot3_cartographer:/home/avinaash/doozy_robotics/doozy_ws_2/install/sick_visionary_t_mini:/home/avinaash/doozy_robotics/doozy_ws_2/install/doozy_actions:/home/avinaash/doozy_robotics/doozy_ws_2/install/turtlebot3_teleop:/home/avinaash/doozy_robotics/doozy_ws_2/install/turtlebot3_example:/home/avinaash/doozy_robotics/doozy_ws_2/install/pallet_docker_02:/home/avinaash/doozy_robotics/doozy_ws_2/install/2_t_dolly_logistics_driver:/opt/ros/galactic /usr/bin/cmake --build /home/avinaash/doozy_robotics/doozy_ws_2/build/turtlebot3_bringup -- -j12 -l12
[1.116s] Invoking command in '/home/avinaash/doozy_robotics/doozy_ws_2/build/turtlebot3_bringup': CMAKE_PREFIX_PATH=/home/avinaash/doozy_robotics/doozy_ws_2/install/turtlebot3_node:/home/avinaash/doozy_robotics/doozy_ws_2/install/turtlebot3_description:/home/avinaash/doozy_robotics/doozy_ws_2/install/turtlebot3:/home/avinaash/doozy_robotics/doozy_ws_2/install/turtlebot3_simulations:/home/avinaash/doozy_robotics/doozy_ws_2/install/turtlebot3_bringup:/home/avinaash/doozy_robotics/doozy_ws_2/install/turtlebot3_navigation2:/home/avinaash/doozy_robotics/doozy_ws_2/install/turtlebot3_gazebo:/home/avinaash/doozy_robotics/doozy_ws_2/install/turtlebot3_fake_node:/home/avinaash/doozy_robotics/doozy_ws_2/install/turtlebot3_cartographer:/home/avinaash/doozy_robotics/doozy_ws_2/install/sick_visionary_t_mini:/home/avinaash/doozy_robotics/doozy_ws_2/install/doozy_actions:/home/avinaash/doozy_robotics/doozy_ws_2/install/turtlebot3_teleop:/home/avinaash/doozy_robotics/doozy_ws_2/install/turtlebot3_example:/home/avinaash/doozy_robotics/doozy_ws_2/install/pallet_docker_02:/home/avinaash/doozy_robotics/doozy_ws_2/install/2_t_dolly_logistics_driver:/opt/ros/galactic /usr/bin/cmake --install /home/avinaash/doozy_robotics/doozy_ws_2/build/turtlebot3_bringup
[1.188s] -- Install configuration: ""
[1.188s] -- Up-to-date: /home/avinaash/doozy_robotics/doozy_ws_2/install/turtlebot3_bringup/share/turtlebot3_bringup/launch
[1.189s] -- Up-to-date: /home/avinaash/doozy_robotics/doozy_ws_2/install/turtlebot3_bringup/share/turtlebot3_bringup/launch/turtlebot3_state_publisher.launch.py
[1.189s] -- Up-to-date: /home/avinaash/doozy_robotics/doozy_ws_2/install/turtlebot3_bringup/share/turtlebot3_bringup/launch/robot.launch.py
[1.189s] -- Up-to-date: /home/avinaash/doozy_robotics/doozy_ws_2/install/turtlebot3_bringup/share/turtlebot3_bringup/launch/rviz2.launch.py
[1.190s] -- Up-to-date: /home/avinaash/doozy_robotics/doozy_ws_2/install/turtlebot3_bringup/share/turtlebot3_bringup/param
[1.201s] -- Up-to-date: /home/avinaash/doozy_robotics/doozy_ws_2/install/turtlebot3_bringup/share/turtlebot3_bringup/param/waffle_pi.yaml
[1.202s] -- Up-to-date: /home/avinaash/doozy_robotics/doozy_ws_2/install/turtlebot3_bringup/share/turtlebot3_bringup/param/waffle.yaml
[1.203s] -- Up-to-date: /home/avinaash/doozy_robotics/doozy_ws_2/install/turtlebot3_bringup/share/turtlebot3_bringup/param/burger.yaml
[1.204s] -- Up-to-date: /home/avinaash/doozy_robotics/doozy_ws_2/install/turtlebot3_bringup/share/ament_index/resource_index/package_run_dependencies/turtlebot3_bringup
[1.205s] -- Up-to-date: /home/avinaash/doozy_robotics/doozy_ws_2/install/turtlebot3_bringup/share/ament_index/resource_index/parent_prefix_path/turtlebot3_bringup
[1.206s] -- Up-to-date: /home/avinaash/doozy_robotics/doozy_ws_2/install/turtlebot3_bringup/share/turtlebot3_bringup/environment/ament_prefix_path.sh
[1.207s] -- Up-to-date: /home/avinaash/doozy_robotics/doozy_ws_2/install/turtlebot3_bringup/share/turtlebot3_bringup/environment/ament_prefix_path.dsv
[1.207s] -- Up-to-date: /home/avinaash/doozy_robotics/doozy_ws_2/install/turtlebot3_bringup/share/turtlebot3_bringup/environment/path.sh
[1.208s] -- Up-to-date: /home/avinaash/doozy_robotics/doozy_ws_2/install/turtlebot3_bringup/share/turtlebot3_bringup/environment/path.dsv
[1.235s] -- Up-to-date: /home/avinaash/doozy_robotics/doozy_ws_2/install/turtlebot3_bringup/share/turtlebot3_bringup/local_setup.bash
[1.235s] -- Up-to-date: /home/avinaash/doozy_robotics/doozy_ws_2/install/turtlebot3_bringup/share/turtlebot3_bringup/local_setup.sh
[1.235s] -- Up-to-date: /home/avinaash/doozy_robotics/doozy_ws_2/install/turtlebot3_bringup/share/turtlebot3_bringup/local_setup.zsh
[1.235s] -- Up-to-date: /home/avinaash/doozy_robotics/doozy_ws_2/install/turtlebot3_bringup/share/turtlebot3_bringup/local_setup.dsv
[1.236s] -- Installing: /home/avinaash/doozy_robotics/doozy_ws_2/install/turtlebot3_bringup/share/turtlebot3_bringup/package.dsv
[1.237s] -- Up-to-date: /home/avinaash/doozy_robotics/doozy_ws_2/install/turtlebot3_bringup/share/ament_index/resource_index/packages/turtlebot3_bringup
[1.244s] -- Up-to-date: /home/avinaash/doozy_robotics/doozy_ws_2/install/turtlebot3_bringup/share/turtlebot3_bringup/cmake/turtlebot3_bringupConfig.cmake
[1.246s] -- Up-to-date: /home/avinaash/doozy_robotics/doozy_ws_2/install/turtlebot3_bringup/share/turtlebot3_bringup/cmake/turtlebot3_bringupConfig-version.cmake
[1.247s] -- Up-to-date: /home/avinaash/doozy_robotics/doozy_ws_2/install/turtlebot3_bringup/share/turtlebot3_bringup/package.xml
[1.257s] Invoked command in '/home/avinaash/doozy_robotics/doozy_ws_2/build/turtlebot3_bringup' returned '0': CMAKE_PREFIX_PATH=/home/avinaash/doozy_robotics/doozy_ws_2/install/turtlebot3_node:/home/avinaash/doozy_robotics/doozy_ws_2/install/turtlebot3_description:/home/avinaash/doozy_robotics/doozy_ws_2/install/turtlebot3:/home/avinaash/doozy_robotics/doozy_ws_2/install/turtlebot3_simulations:/home/avinaash/doozy_robotics/doozy_ws_2/install/turtlebot3_bringup:/home/avinaash/doozy_robotics/doozy_ws_2/install/turtlebot3_navigation2:/home/avinaash/doozy_robotics/doozy_ws_2/install/turtlebot3_gazebo:/home/avinaash/doozy_robotics/doozy_ws_2/install/turtlebot3_fake_node:/home/avinaash/doozy_robotics/doozy_ws_2/install/turtlebot3_cartographer:/home/avinaash/doozy_robotics/doozy_ws_2/install/sick_visionary_t_mini:/home/avinaash/doozy_robotics/doozy_ws_2/install/doozy_actions:/home/avinaash/doozy_robotics/doozy_ws_2/install/turtlebot3_teleop:/home/avinaash/doozy_robotics/doozy_ws_2/install/turtlebot3_example:/home/avinaash/doozy_robotics/doozy_ws_2/install/pallet_docker_02:/home/avinaash/doozy_robotics/doozy_ws_2/install/2_t_dolly_logistics_driver:/opt/ros/galactic /usr/bin/cmake --install /home/avinaash/doozy_robotics/doozy_ws_2/build/turtlebot3_bringup
