[0.113s] DEBUG:colcon:Command line arguments: ['/usr/bin/colcon', 'list', '-p', '--base-paths', '/home/doozy/doozy_robotics/doozy_ws_2']
[0.114s] DEBUG:colcon:Parsed command line arguments: Namespace(log_base=None, log_level=None, verb_name='list', build_base='build', ignore_user_meta=False, metas=['./colcon.meta'], base_paths=['/home/doozy/doozy_robotics/doozy_ws_2'], packages_ignore=None, packages_ignore_regex=None, paths=None, packages_up_to=None, packages_up_to_regex=None, packages_above=None, packages_above_and_dependencies=None, packages_above_depth=None, packages_select_by_dep=None, packages_skip_by_dep=None, packages_skip_up_to=None, packages_select_build_failed=False, packages_skip_build_finished=False, packages_select_test_failures=False, packages_skip_test_passed=False, packages_select=None, packages_skip=None, packages_select_regex=None, packages_skip_regex=None, packages_start=None, packages_end=None, allow_overriding=[], topological_order=False, names_only=False, paths_only=True, topological_graph=False, topological_graph_dot=False, topological_graph_density=False, topological_graph_legend=False, topological_graph_dot_cluster=False, topological_graph_dot_include_skipped=False, mixin_files=None, mixin=None, verb_parser=<colcon_mixin.mixin.mixin_argument.MixinArgumentDecorator object at 0x72e6f3e63a00>, verb_extension=<colcon_package_information.verb.list.ListVerb object at 0x72e6f3e146d0>, main=<bound method ListVerb.main of <colcon_package_information.verb.list.ListVerb object at 0x72e6f3e146d0>>, mixin_verb=('list',))
[0.150s] Level 1:colcon.colcon_core.package_discovery:discover_packages(colcon_meta) check parameters
[0.151s] Level 1:colcon.colcon_core.package_discovery:discover_packages(recursive) check parameters
[0.151s] Level 1:colcon.colcon_core.package_discovery:discover_packages(ignore) check parameters
[0.151s] Level 1:colcon.colcon_core.package_discovery:discover_packages(path) check parameters
[0.151s] Level 1:colcon.colcon_core.package_discovery:discover_packages(recursive) discover
[0.151s] INFO:colcon.colcon_core.package_discovery:Crawling recursively for packages in '/home/doozy/doozy_robotics/doozy_ws_2'
[0.151s] Level 1:colcon.colcon_core.package_identification:_identify(/home/doozy/doozy_robotics/doozy_ws_2) by extensions ['ignore', 'ignore_ament_install']
[0.151s] Level 1:colcon.colcon_core.package_identification:_identify(/home/doozy/doozy_robotics/doozy_ws_2) by extension 'ignore'
[0.151s] Level 1:colcon.colcon_core.package_identification:_identify(/home/doozy/doozy_robotics/doozy_ws_2) by extension 'ignore_ament_install'
[0.151s] Level 1:colcon.colcon_core.package_identification:_identify(/home/doozy/doozy_robotics/doozy_ws_2) by extensions ['colcon_pkg']
[0.151s] Level 1:colcon.colcon_core.package_identification:_identify(/home/doozy/doozy_robotics/doozy_ws_2) by extension 'colcon_pkg'
[0.151s] Level 1:colcon.colcon_core.package_identification:_identify(/home/doozy/doozy_robotics/doozy_ws_2) by extensions ['colcon_meta']
[0.151s] Level 1:colcon.colcon_core.package_identification:_identify(/home/doozy/doozy_robotics/doozy_ws_2) by extension 'colcon_meta'
[0.151s] Level 1:colcon.colcon_core.package_identification:_identify(/home/doozy/doozy_robotics/doozy_ws_2) by extensions ['ros']
[0.151s] Level 1:colcon.colcon_core.package_identification:_identify(/home/doozy/doozy_robotics/doozy_ws_2) by extension 'ros'
[0.164s] Level 1:colcon.colcon_core.package_identification:_identify(/home/doozy/doozy_robotics/doozy_ws_2) by extensions ['cmake', 'python']
[0.164s] Level 1:colcon.colcon_core.package_identification:_identify(/home/doozy/doozy_robotics/doozy_ws_2) by extension 'cmake'
[0.164s] Level 1:colcon.colcon_core.package_identification:_identify(/home/doozy/doozy_robotics/doozy_ws_2) by extension 'python'
[0.164s] Level 1:colcon.colcon_core.package_identification:_identify(/home/doozy/doozy_robotics/doozy_ws_2) by extensions ['python_setup_py']
[0.164s] Level 1:colcon.colcon_core.package_identification:_identify(/home/doozy/doozy_robotics/doozy_ws_2) by extension 'python_setup_py'
[0.165s] Level 1:colcon.colcon_core.package_identification:_identify(/home/doozy/doozy_robotics/doozy_ws_2/build) by extensions ['ignore', 'ignore_ament_install']
[0.165s] Level 1:colcon.colcon_core.package_identification:_identify(/home/doozy/doozy_robotics/doozy_ws_2/build) by extension 'ignore'
[0.165s] Level 1:colcon.colcon_core.package_identification:_identify(/home/doozy/doozy_robotics/doozy_ws_2/build) ignored
[0.165s] Level 1:colcon.colcon_core.package_identification:_identify(/home/doozy/doozy_robotics/doozy_ws_2/install) by extensions ['ignore', 'ignore_ament_install']
[0.165s] Level 1:colcon.colcon_core.package_identification:_identify(/home/doozy/doozy_robotics/doozy_ws_2/install) by extension 'ignore'
[0.165s] Level 1:colcon.colcon_core.package_identification:_identify(/home/doozy/doozy_robotics/doozy_ws_2/install) ignored
[0.165s] Level 1:colcon.colcon_core.package_identification:_identify(/home/doozy/doozy_robotics/doozy_ws_2/log) by extensions ['ignore', 'ignore_ament_install']
[0.165s] Level 1:colcon.colcon_core.package_identification:_identify(/home/doozy/doozy_robotics/doozy_ws_2/log) by extension 'ignore'
[0.165s] Level 1:colcon.colcon_core.package_identification:_identify(/home/doozy/doozy_robotics/doozy_ws_2/log) ignored
[0.165s] Level 1:colcon.colcon_core.package_identification:_identify(/home/doozy/doozy_robotics/doozy_ws_2/src) by extensions ['ignore', 'ignore_ament_install']
[0.165s] Level 1:colcon.colcon_core.package_identification:_identify(/home/doozy/doozy_robotics/doozy_ws_2/src) by extension 'ignore'
[0.165s] Level 1:colcon.colcon_core.package_identification:_identify(/home/doozy/doozy_robotics/doozy_ws_2/src) by extension 'ignore_ament_install'
[0.165s] Level 1:colcon.colcon_core.package_identification:_identify(/home/doozy/doozy_robotics/doozy_ws_2/src) by extensions ['colcon_pkg']
[0.166s] Level 1:colcon.colcon_core.package_identification:_identify(/home/doozy/doozy_robotics/doozy_ws_2/src) by extension 'colcon_pkg'
[0.166s] Level 1:colcon.colcon_core.package_identification:_identify(/home/doozy/doozy_robotics/doozy_ws_2/src) by extensions ['colcon_meta']
[0.166s] Level 1:colcon.colcon_core.package_identification:_identify(/home/doozy/doozy_robotics/doozy_ws_2/src) by extension 'colcon_meta'
[0.166s] Level 1:colcon.colcon_core.package_identification:_identify(/home/doozy/doozy_robotics/doozy_ws_2/src) by extensions ['ros']
[0.166s] Level 1:colcon.colcon_core.package_identification:_identify(/home/doozy/doozy_robotics/doozy_ws_2/src) by extension 'ros'
[0.166s] Level 1:colcon.colcon_core.package_identification:_identify(/home/doozy/doozy_robotics/doozy_ws_2/src) by extensions ['cmake', 'python']
[0.166s] Level 1:colcon.colcon_core.package_identification:_identify(/home/doozy/doozy_robotics/doozy_ws_2/src) by extension 'cmake'
[0.166s] Level 1:colcon.colcon_core.package_identification:_identify(/home/doozy/doozy_robotics/doozy_ws_2/src) by extension 'python'
[0.166s] Level 1:colcon.colcon_core.package_identification:_identify(/home/doozy/doozy_robotics/doozy_ws_2/src) by extensions ['python_setup_py']
[0.166s] Level 1:colcon.colcon_core.package_identification:_identify(/home/doozy/doozy_robotics/doozy_ws_2/src) by extension 'python_setup_py'
[0.166s] Level 1:colcon.colcon_core.package_identification:_identify(/home/doozy/doozy_robotics/doozy_ws_2/src/AprilTag-ROS-2) by extensions ['ignore', 'ignore_ament_install']
[0.166s] Level 1:colcon.colcon_core.package_identification:_identify(/home/doozy/doozy_robotics/doozy_ws_2/src/AprilTag-ROS-2) by extension 'ignore'
[0.166s] Level 1:colcon.colcon_core.package_identification:_identify(/home/doozy/doozy_robotics/doozy_ws_2/src/AprilTag-ROS-2) by extension 'ignore_ament_install'
[0.166s] Level 1:colcon.colcon_core.package_identification:_identify(/home/doozy/doozy_robotics/doozy_ws_2/src/AprilTag-ROS-2) by extensions ['colcon_pkg']
[0.166s] Level 1:colcon.colcon_core.package_identification:_identify(/home/doozy/doozy_robotics/doozy_ws_2/src/AprilTag-ROS-2) by extension 'colcon_pkg'
[0.166s] Level 1:colcon.colcon_core.package_identification:_identify(/home/doozy/doozy_robotics/doozy_ws_2/src/AprilTag-ROS-2) by extensions ['colcon_meta']
[0.166s] Level 1:colcon.colcon_core.package_identification:_identify(/home/doozy/doozy_robotics/doozy_ws_2/src/AprilTag-ROS-2) by extension 'colcon_meta'
[0.166s] Level 1:colcon.colcon_core.package_identification:_identify(/home/doozy/doozy_robotics/doozy_ws_2/src/AprilTag-ROS-2) by extensions ['ros']
[0.166s] Level 1:colcon.colcon_core.package_identification:_identify(/home/doozy/doozy_robotics/doozy_ws_2/src/AprilTag-ROS-2) by extension 'ros'
[0.166s] Level 1:colcon.colcon_core.package_identification:_identify(/home/doozy/doozy_robotics/doozy_ws_2/src/AprilTag-ROS-2) by extensions ['cmake', 'python']
[0.166s] Level 1:colcon.colcon_core.package_identification:_identify(/home/doozy/doozy_robotics/doozy_ws_2/src/AprilTag-ROS-2) by extension 'cmake'
[0.166s] Level 1:colcon.colcon_core.package_identification:_identify(/home/doozy/doozy_robotics/doozy_ws_2/src/AprilTag-ROS-2) by extension 'python'
[0.166s] Level 1:colcon.colcon_core.package_identification:_identify(/home/doozy/doozy_robotics/doozy_ws_2/src/AprilTag-ROS-2) by extensions ['python_setup_py']
[0.166s] Level 1:colcon.colcon_core.package_identification:_identify(/home/doozy/doozy_robotics/doozy_ws_2/src/AprilTag-ROS-2) by extension 'python_setup_py'
[0.167s] Level 1:colcon.colcon_core.package_identification:_identify(/home/doozy/doozy_robotics/doozy_ws_2/src/pallet_docker_02) by extensions ['ignore', 'ignore_ament_install']
[0.167s] Level 1:colcon.colcon_core.package_identification:_identify(/home/doozy/doozy_robotics/doozy_ws_2/src/pallet_docker_02) by extension 'ignore'
[0.167s] Level 1:colcon.colcon_core.package_identification:_identify(/home/doozy/doozy_robotics/doozy_ws_2/src/pallet_docker_02) by extension 'ignore_ament_install'
[0.167s] Level 1:colcon.colcon_core.package_identification:_identify(/home/doozy/doozy_robotics/doozy_ws_2/src/pallet_docker_02) by extensions ['colcon_pkg']
[0.167s] Level 1:colcon.colcon_core.package_identification:_identify(/home/doozy/doozy_robotics/doozy_ws_2/src/pallet_docker_02) by extension 'colcon_pkg'
[0.167s] Level 1:colcon.colcon_core.package_identification:_identify(/home/doozy/doozy_robotics/doozy_ws_2/src/pallet_docker_02) by extensions ['colcon_meta']
[0.167s] Level 1:colcon.colcon_core.package_identification:_identify(/home/doozy/doozy_robotics/doozy_ws_2/src/pallet_docker_02) by extension 'colcon_meta'
[0.167s] Level 1:colcon.colcon_core.package_identification:_identify(/home/doozy/doozy_robotics/doozy_ws_2/src/pallet_docker_02) by extensions ['ros']
[0.167s] Level 1:colcon.colcon_core.package_identification:_identify(/home/doozy/doozy_robotics/doozy_ws_2/src/pallet_docker_02) by extension 'ros'
[0.169s] DEBUG:colcon.colcon_core.package_identification:Package '/home/doozy/doozy_robotics/doozy_ws_2/src/pallet_docker_02' with type 'ros.ament_python' and name 'pallet_docker_02'
[0.169s] Level 1:colcon.colcon_core.package_identification:_identify(/home/doozy/doozy_robotics/doozy_ws_2/src/pallet_robot) by extensions ['ignore', 'ignore_ament_install']
[0.169s] Level 1:colcon.colcon_core.package_identification:_identify(/home/doozy/doozy_robotics/doozy_ws_2/src/pallet_robot) by extension 'ignore'
[0.169s] Level 1:colcon.colcon_core.package_identification:_identify(/home/doozy/doozy_robotics/doozy_ws_2/src/pallet_robot) by extension 'ignore_ament_install'
[0.169s] Level 1:colcon.colcon_core.package_identification:_identify(/home/doozy/doozy_robotics/doozy_ws_2/src/pallet_robot) by extensions ['colcon_pkg']
[0.169s] Level 1:colcon.colcon_core.package_identification:_identify(/home/doozy/doozy_robotics/doozy_ws_2/src/pallet_robot) by extension 'colcon_pkg'
[0.169s] Level 1:colcon.colcon_core.package_identification:_identify(/home/doozy/doozy_robotics/doozy_ws_2/src/pallet_robot) by extensions ['colcon_meta']
[0.169s] Level 1:colcon.colcon_core.package_identification:_identify(/home/doozy/doozy_robotics/doozy_ws_2/src/pallet_robot) by extension 'colcon_meta'
[0.169s] Level 1:colcon.colcon_core.package_identification:_identify(/home/doozy/doozy_robotics/doozy_ws_2/src/pallet_robot) by extensions ['ros']
[0.169s] Level 1:colcon.colcon_core.package_identification:_identify(/home/doozy/doozy_robotics/doozy_ws_2/src/pallet_robot) by extension 'ros'
[0.170s] DEBUG:colcon.colcon_core.package_identification:Package '/home/doozy/doozy_robotics/doozy_ws_2/src/pallet_robot' with type 'ros.ament_python' and name 'pallet_robot'
[0.170s] Level 1:colcon.colcon_core.package_identification:_identify(/home/doozy/doozy_robotics/doozy_ws_2/worlds ) by extensions ['ignore', 'ignore_ament_install']
[0.170s] Level 1:colcon.colcon_core.package_identification:_identify(/home/doozy/doozy_robotics/doozy_ws_2/worlds ) by extension 'ignore'
[0.170s] Level 1:colcon.colcon_core.package_identification:_identify(/home/doozy/doozy_robotics/doozy_ws_2/worlds ) by extension 'ignore_ament_install'
[0.170s] Level 1:colcon.colcon_core.package_identification:_identify(/home/doozy/doozy_robotics/doozy_ws_2/worlds ) by extensions ['colcon_pkg']
[0.170s] Level 1:colcon.colcon_core.package_identification:_identify(/home/doozy/doozy_robotics/doozy_ws_2/worlds ) by extension 'colcon_pkg'
[0.170s] Level 1:colcon.colcon_core.package_identification:_identify(/home/doozy/doozy_robotics/doozy_ws_2/worlds ) by extensions ['colcon_meta']
[0.170s] Level 1:colcon.colcon_core.package_identification:_identify(/home/doozy/doozy_robotics/doozy_ws_2/worlds ) by extension 'colcon_meta'
[0.170s] Level 1:colcon.colcon_core.package_identification:_identify(/home/doozy/doozy_robotics/doozy_ws_2/worlds ) by extensions ['ros']
[0.170s] Level 1:colcon.colcon_core.package_identification:_identify(/home/doozy/doozy_robotics/doozy_ws_2/worlds ) by extension 'ros'
[0.170s] Level 1:colcon.colcon_core.package_identification:_identify(/home/doozy/doozy_robotics/doozy_ws_2/worlds ) by extensions ['cmake', 'python']
[0.170s] Level 1:colcon.colcon_core.package_identification:_identify(/home/doozy/doozy_robotics/doozy_ws_2/worlds ) by extension 'cmake'
[0.170s] Level 1:colcon.colcon_core.package_identification:_identify(/home/doozy/doozy_robotics/doozy_ws_2/worlds ) by extension 'python'
[0.170s] Level 1:colcon.colcon_core.package_identification:_identify(/home/doozy/doozy_robotics/doozy_ws_2/worlds ) by extensions ['python_setup_py']
[0.170s] Level 1:colcon.colcon_core.package_identification:_identify(/home/doozy/doozy_robotics/doozy_ws_2/worlds ) by extension 'python_setup_py'
[0.170s] Level 1:colcon.colcon_core.package_discovery:discover_packages(recursive) using defaults
