[0.200s] Invoking command in '/home/avinaash/doozy_robotics/doozy_ws_2/build/tracetools_image_pipeline': CMAKE_PREFIX_PATH=${CMAKE_PREFIX_PATH}:/home/avinaash/doozy_robotics/doozy_ws_2/install/turtlebot3_teleop:/home/avinaash/doozy_robotics/doozy_ws_2/install/turtlebot3_example:/home/avinaash/doozy_robotics/doozy_ws_2/install/turtlebot3_automatic_parking:/home/avinaash/doozy_robotics/doozy_ws_2/install/pallet_robot:/home/avinaash/doozy_robotics/doozy_ws_2/install/pallet_docker_02:/home/avinaash/doozy_robotics/doozy_ws_2/install/opencv_tests:/home/avinaash/doozy_robotics/doozy_ws_2/install/camera_calibration:/opt/ros/galactic /usr/bin/cmake --build /home/avinaash/doozy_robotics/doozy_ws_2/build/tracetools_image_pipeline -- -j12 -l12
[1.514s] [ 60%] Built target tracetools_image_pipeline
[1.516s] [100%] Built target status
[1.538s] Invoked command in '/home/avinaash/doozy_robotics/doozy_ws_2/build/tracetools_image_pipeline' returned '0': CMAKE_PREFIX_PATH=${CMAKE_PREFIX_PATH}:/home/avinaash/doozy_robotics/doozy_ws_2/install/turtlebot3_teleop:/home/avinaash/doozy_robotics/doozy_ws_2/install/turtlebot3_example:/home/avinaash/doozy_robotics/doozy_ws_2/install/turtlebot3_automatic_parking:/home/avinaash/doozy_robotics/doozy_ws_2/install/pallet_robot:/home/avinaash/doozy_robotics/doozy_ws_2/install/pallet_docker_02:/home/avinaash/doozy_robotics/doozy_ws_2/install/opencv_tests:/home/avinaash/doozy_robotics/doozy_ws_2/install/camera_calibration:/opt/ros/galactic /usr/bin/cmake --build /home/avinaash/doozy_robotics/doozy_ws_2/build/tracetools_image_pipeline -- -j12 -l12
[1.732s] Invoking command in '/home/avinaash/doozy_robotics/doozy_ws_2/build/tracetools_image_pipeline': CMAKE_PREFIX_PATH=${CMAKE_PREFIX_PATH}:/home/avinaash/doozy_robotics/doozy_ws_2/install/turtlebot3_teleop:/home/avinaash/doozy_robotics/doozy_ws_2/install/turtlebot3_example:/home/avinaash/doozy_robotics/doozy_ws_2/install/turtlebot3_automatic_parking:/home/avinaash/doozy_robotics/doozy_ws_2/install/pallet_robot:/home/avinaash/doozy_robotics/doozy_ws_2/install/pallet_docker_02:/home/avinaash/doozy_robotics/doozy_ws_2/install/opencv_tests:/home/avinaash/doozy_robotics/doozy_ws_2/install/camera_calibration:/opt/ros/galactic /usr/bin/cmake --install /home/avinaash/doozy_robotics/doozy_ws_2/build/tracetools_image_pipeline
[1.774s] -- Install configuration: ""
[1.774s] -- Up-to-date: /home/avinaash/doozy_robotics/doozy_ws_2/install/tracetools_image_pipeline/share/tracetools_image_pipeline/environment/library_path.sh
[1.774s] -- Up-to-date: /home/avinaash/doozy_robotics/doozy_ws_2/install/tracetools_image_pipeline/share/tracetools_image_pipeline/environment/library_path.dsv
[1.774s] -- Up-to-date: /home/avinaash/doozy_robotics/doozy_ws_2/install/tracetools_image_pipeline/lib/tracetools_image_pipeline/status
[1.775s] -- Up-to-date: /home/avinaash/doozy_robotics/doozy_ws_2/install/tracetools_image_pipeline/include
[1.775s] -- Up-to-date: /home/avinaash/doozy_robotics/doozy_ws_2/install/tracetools_image_pipeline/include/tracetools_image_pipeline
[1.775s] -- Up-to-date: /home/avinaash/doozy_robotics/doozy_ws_2/install/tracetools_image_pipeline/include/tracetools_image_pipeline/utils.hpp
[1.775s] -- Up-to-date: /home/avinaash/doozy_robotics/doozy_ws_2/install/tracetools_image_pipeline/include/tracetools_image_pipeline/tracetools.h
[1.775s] -- Up-to-date: /home/avinaash/doozy_robotics/doozy_ws_2/install/tracetools_image_pipeline/include/tracetools_image_pipeline/config.h
[1.775s] -- Up-to-date: /home/avinaash/doozy_robotics/doozy_ws_2/install/tracetools_image_pipeline/include/tracetools_image_pipeline/visibility_control.hpp
[1.775s] -- Up-to-date: /home/avinaash/doozy_robotics/doozy_ws_2/install/tracetools_image_pipeline/lib/libtracetools_image_pipeline.so
[1.776s] -- Up-to-date: /home/avinaash/doozy_robotics/doozy_ws_2/install/tracetools_image_pipeline/share/ament_index/resource_index/package_run_dependencies/tracetools_image_pipeline
[1.776s] -- Up-to-date: /home/avinaash/doozy_robotics/doozy_ws_2/install/tracetools_image_pipeline/share/ament_index/resource_index/parent_prefix_path/tracetools_image_pipeline
[1.776s] -- Up-to-date: /home/avinaash/doozy_robotics/doozy_ws_2/install/tracetools_image_pipeline/share/tracetools_image_pipeline/environment/ament_prefix_path.sh
[1.776s] -- Up-to-date: /home/avinaash/doozy_robotics/doozy_ws_2/install/tracetools_image_pipeline/share/tracetools_image_pipeline/environment/ament_prefix_path.dsv
[1.777s] -- Up-to-date: /home/avinaash/doozy_robotics/doozy_ws_2/install/tracetools_image_pipeline/share/tracetools_image_pipeline/environment/path.sh
[1.777s] -- Up-to-date: /home/avinaash/doozy_robotics/doozy_ws_2/install/tracetools_image_pipeline/share/tracetools_image_pipeline/environment/path.dsv
[1.777s] -- Up-to-date: /home/avinaash/doozy_robotics/doozy_ws_2/install/tracetools_image_pipeline/share/tracetools_image_pipeline/local_setup.bash
[1.777s] -- Up-to-date: /home/avinaash/doozy_robotics/doozy_ws_2/install/tracetools_image_pipeline/share/tracetools_image_pipeline/local_setup.sh
[1.777s] -- Up-to-date: /home/avinaash/doozy_robotics/doozy_ws_2/install/tracetools_image_pipeline/share/tracetools_image_pipeline/local_setup.zsh
[1.777s] -- Up-to-date: /home/avinaash/doozy_robotics/doozy_ws_2/install/tracetools_image_pipeline/share/tracetools_image_pipeline/local_setup.dsv
[1.778s] -- Installing: /home/avinaash/doozy_robotics/doozy_ws_2/install/tracetools_image_pipeline/share/tracetools_image_pipeline/package.dsv
[1.778s] -- Up-to-date: /home/avinaash/doozy_robotics/doozy_ws_2/install/tracetools_image_pipeline/share/ament_index/resource_index/packages/tracetools_image_pipeline
[1.778s] -- Up-to-date: /home/avinaash/doozy_robotics/doozy_ws_2/install/tracetools_image_pipeline/share/tracetools_image_pipeline/cmake/tracetools_image_pipeline_exportExport.cmake
[1.778s] -- Up-to-date: /home/avinaash/doozy_robotics/doozy_ws_2/install/tracetools_image_pipeline/share/tracetools_image_pipeline/cmake/tracetools_image_pipeline_exportExport-noconfig.cmake
[1.778s] -- Up-to-date: /home/avinaash/doozy_robotics/doozy_ws_2/install/tracetools_image_pipeline/share/tracetools_image_pipeline/cmake/ament_cmake_export_targets-extras.cmake
[1.779s] -- Up-to-date: /home/avinaash/doozy_robotics/doozy_ws_2/install/tracetools_image_pipeline/share/tracetools_image_pipeline/cmake/ament_cmake_export_include_directories-extras.cmake
[1.779s] -- Up-to-date: /home/avinaash/doozy_robotics/doozy_ws_2/install/tracetools_image_pipeline/share/tracetools_image_pipeline/cmake/ament_cmake_export_libraries-extras.cmake
[1.780s] -- Up-to-date: /home/avinaash/doozy_robotics/doozy_ws_2/install/tracetools_image_pipeline/share/tracetools_image_pipeline/cmake/tracetools_image_pipelineConfig.cmake
[1.781s] -- Up-to-date: /home/avinaash/doozy_robotics/doozy_ws_2/install/tracetools_image_pipeline/share/tracetools_image_pipeline/cmake/tracetools_image_pipelineConfig-version.cmake
[1.784s] -- Up-to-date: /home/avinaash/doozy_robotics/doozy_ws_2/install/tracetools_image_pipeline/share/tracetools_image_pipeline/package.xml
[1.899s] Invoked command in '/home/avinaash/doozy_robotics/doozy_ws_2/build/tracetools_image_pipeline' returned '0': CMAKE_PREFIX_PATH=${CMAKE_PREFIX_PATH}:/home/avinaash/doozy_robotics/doozy_ws_2/install/turtlebot3_teleop:/home/avinaash/doozy_robotics/doozy_ws_2/install/turtlebot3_example:/home/avinaash/doozy_robotics/doozy_ws_2/install/turtlebot3_automatic_parking:/home/avinaash/doozy_robotics/doozy_ws_2/install/pallet_robot:/home/avinaash/doozy_robotics/doozy_ws_2/install/pallet_docker_02:/home/avinaash/doozy_robotics/doozy_ws_2/install/opencv_tests:/home/avinaash/doozy_robotics/doozy_ws_2/install/camera_calibration:/opt/ros/galactic /usr/bin/cmake --install /home/avinaash/doozy_robotics/doozy_ws_2/build/tracetools_image_pipeline
