[0.697s] Invoking command in '/home/avinaash/doozy_robotics/doozy_ws_2/build/image_geometry': CMAKE_PREFIX_PATH=${CMAKE_PREFIX_PATH}:/home/avinaash/doozy_robotics/doozy_ws_2/install/turtlebot3_teleop:/home/avinaash/doozy_robotics/doozy_ws_2/install/turtlebot3_example:/home/avinaash/doozy_robotics/doozy_ws_2/install/turtlebot3_automatic_parking:/home/avinaash/doozy_robotics/doozy_ws_2/install/pallet_docker_02:/home/avinaash/doozy_robotics/doozy_ws_2/install/opencv_tests:/home/avinaash/doozy_robotics/doozy_ws_2/install/camera_calibration:/opt/ros/galactic /usr/bin/cmake --build /home/avinaash/doozy_robotics/doozy_ws_2/build/image_geometry -- -j12 -l12
[4.338s] [ 36%] Built target gtest_main
[4.338s] [ 36%] Built target gtest
[4.338s] [ 36%] Built target ament_cmake_python_copy_image_geometry
[4.338s] [ 63%] Built target image_geometry
[4.338s] [ 81%] Built target image_geometry-utest
[4.338s] [100%] Built target image_geometry-utest-equi
[4.338s] running egg_info
[4.347s] writing image_geometry.egg-info/PKG-INFO
[4.357s] writing dependency_links to image_geometry.egg-info/dependency_links.txt
[4.360s] writing top-level names to image_geometry.egg-info/top_level.txt
[4.370s] reading manifest file 'image_geometry.egg-info/SOURCES.txt'
[4.381s] writing manifest file 'image_geometry.egg-info/SOURCES.txt'
[4.386s] [100%] Built target ament_cmake_python_build_image_geometry_egg
[4.402s] Invoked command in '/home/avinaash/doozy_robotics/doozy_ws_2/build/image_geometry' returned '0': CMAKE_PREFIX_PATH=${CMAKE_PREFIX_PATH}:/home/avinaash/doozy_robotics/doozy_ws_2/install/turtlebot3_teleop:/home/avinaash/doozy_robotics/doozy_ws_2/install/turtlebot3_example:/home/avinaash/doozy_robotics/doozy_ws_2/install/turtlebot3_automatic_parking:/home/avinaash/doozy_robotics/doozy_ws_2/install/pallet_docker_02:/home/avinaash/doozy_robotics/doozy_ws_2/install/opencv_tests:/home/avinaash/doozy_robotics/doozy_ws_2/install/camera_calibration:/opt/ros/galactic /usr/bin/cmake --build /home/avinaash/doozy_robotics/doozy_ws_2/build/image_geometry -- -j12 -l12
[4.888s] Invoking command in '/home/avinaash/doozy_robotics/doozy_ws_2/build/image_geometry': CMAKE_PREFIX_PATH=${CMAKE_PREFIX_PATH}:/home/avinaash/doozy_robotics/doozy_ws_2/install/turtlebot3_teleop:/home/avinaash/doozy_robotics/doozy_ws_2/install/turtlebot3_example:/home/avinaash/doozy_robotics/doozy_ws_2/install/turtlebot3_automatic_parking:/home/avinaash/doozy_robotics/doozy_ws_2/install/pallet_docker_02:/home/avinaash/doozy_robotics/doozy_ws_2/install/opencv_tests:/home/avinaash/doozy_robotics/doozy_ws_2/install/camera_calibration:/opt/ros/galactic /usr/bin/cmake --install /home/avinaash/doozy_robotics/doozy_ws_2/build/image_geometry
[4.935s] -- Install configuration: ""
[4.936s] -- Up-to-date: /home/avinaash/doozy_robotics/doozy_ws_2/install/image_geometry/share/image_geometry/environment/pythonpath.sh
[4.936s] -- Up-to-date: /home/avinaash/doozy_robotics/doozy_ws_2/install/image_geometry/share/image_geometry/environment/pythonpath.dsv
[4.936s] -- Up-to-date: /home/avinaash/doozy_robotics/doozy_ws_2/install/image_geometry/lib/python3.8/site-packages//image_geometry.egg-info
[4.937s] -- Installing: /home/avinaash/doozy_robotics/doozy_ws_2/install/image_geometry/lib/python3.8/site-packages//image_geometry.egg-info/SOURCES.txt
[4.938s] -- Installing: /home/avinaash/doozy_robotics/doozy_ws_2/install/image_geometry/lib/python3.8/site-packages//image_geometry.egg-info/top_level.txt
[4.938s] -- Installing: /home/avinaash/doozy_robotics/doozy_ws_2/install/image_geometry/lib/python3.8/site-packages//image_geometry.egg-info/dependency_links.txt
[4.938s] -- Installing: /home/avinaash/doozy_robotics/doozy_ws_2/install/image_geometry/lib/python3.8/site-packages//image_geometry.egg-info/PKG-INFO
[4.950s] -- Up-to-date: /home/avinaash/doozy_robotics/doozy_ws_2/install/image_geometry/lib/python3.8/site-packages/image_geometry
[4.951s] -- Up-to-date: /home/avinaash/doozy_robotics/doozy_ws_2/install/image_geometry/lib/python3.8/site-packages/image_geometry/cameramodels.py
[4.952s] -- Up-to-date: /home/avinaash/doozy_robotics/doozy_ws_2/install/image_geometry/lib/python3.8/site-packages/image_geometry/__init__.py
[5.166s] Listing '/home/avinaash/doozy_robotics/doozy_ws_2/install/image_geometry/lib/python3.8/site-packages/image_geometry'...
[5.216s] -- Up-to-date: /home/avinaash/doozy_robotics/doozy_ws_2/install/image_geometry/include/image_geometry
[5.217s] -- Up-to-date: /home/avinaash/doozy_robotics/doozy_ws_2/install/image_geometry/include/image_geometry/pinhole_camera_model.h
[5.217s] -- Up-to-date: /home/avinaash/doozy_robotics/doozy_ws_2/install/image_geometry/include/image_geometry/visibility_control.hpp
[5.217s] -- Up-to-date: /home/avinaash/doozy_robotics/doozy_ws_2/install/image_geometry/include/image_geometry/stereo_camera_model.h
[5.217s] -- Up-to-date: /home/avinaash/doozy_robotics/doozy_ws_2/install/image_geometry/lib/libimage_geometry.so
[5.217s] -- Up-to-date: /home/avinaash/doozy_robotics/doozy_ws_2/install/image_geometry/share/image_geometry/environment/library_path.sh
[5.217s] -- Up-to-date: /home/avinaash/doozy_robotics/doozy_ws_2/install/image_geometry/share/image_geometry/environment/library_path.dsv
[5.218s] -- Up-to-date: /home/avinaash/doozy_robotics/doozy_ws_2/install/image_geometry/share/ament_index/resource_index/package_run_dependencies/image_geometry
[5.218s] -- Up-to-date: /home/avinaash/doozy_robotics/doozy_ws_2/install/image_geometry/share/ament_index/resource_index/parent_prefix_path/image_geometry
[5.219s] -- Up-to-date: /home/avinaash/doozy_robotics/doozy_ws_2/install/image_geometry/share/image_geometry/environment/ament_prefix_path.sh
[5.219s] -- Up-to-date: /home/avinaash/doozy_robotics/doozy_ws_2/install/image_geometry/share/image_geometry/environment/ament_prefix_path.dsv
[5.220s] -- Up-to-date: /home/avinaash/doozy_robotics/doozy_ws_2/install/image_geometry/share/image_geometry/environment/path.sh
[5.221s] -- Up-to-date: /home/avinaash/doozy_robotics/doozy_ws_2/install/image_geometry/share/image_geometry/environment/path.dsv
[5.224s] -- Up-to-date: /home/avinaash/doozy_robotics/doozy_ws_2/install/image_geometry/share/image_geometry/local_setup.bash
[5.226s] -- Up-to-date: /home/avinaash/doozy_robotics/doozy_ws_2/install/image_geometry/share/image_geometry/local_setup.sh
[5.227s] -- Up-to-date: /home/avinaash/doozy_robotics/doozy_ws_2/install/image_geometry/share/image_geometry/local_setup.zsh
[5.231s] -- Up-to-date: /home/avinaash/doozy_robotics/doozy_ws_2/install/image_geometry/share/image_geometry/local_setup.dsv
[5.233s] -- Installing: /home/avinaash/doozy_robotics/doozy_ws_2/install/image_geometry/share/image_geometry/package.dsv
[5.237s] -- Up-to-date: /home/avinaash/doozy_robotics/doozy_ws_2/install/image_geometry/share/ament_index/resource_index/packages/image_geometry
[5.239s] -- Up-to-date: /home/avinaash/doozy_robotics/doozy_ws_2/install/image_geometry/share/image_geometry/cmake/ament_cmake_export_libraries-extras.cmake
[5.252s] -- Up-to-date: /home/avinaash/doozy_robotics/doozy_ws_2/install/image_geometry/share/image_geometry/cmake/ament_cmake_export_dependencies-extras.cmake
[5.255s] -- Up-to-date: /home/avinaash/doozy_robotics/doozy_ws_2/install/image_geometry/share/image_geometry/cmake/ament_cmake_export_include_directories-extras.cmake
[5.257s] -- Up-to-date: /home/avinaash/doozy_robotics/doozy_ws_2/install/image_geometry/share/image_geometry/cmake/image_geometryConfig.cmake
[5.257s] -- Up-to-date: /home/avinaash/doozy_robotics/doozy_ws_2/install/image_geometry/share/image_geometry/cmake/image_geometryConfig-version.cmake
[5.257s] -- Up-to-date: /home/avinaash/doozy_robotics/doozy_ws_2/install/image_geometry/share/image_geometry/package.xml
[5.603s] Invoked command in '/home/avinaash/doozy_robotics/doozy_ws_2/build/image_geometry' returned '0': CMAKE_PREFIX_PATH=${CMAKE_PREFIX_PATH}:/home/avinaash/doozy_robotics/doozy_ws_2/install/turtlebot3_teleop:/home/avinaash/doozy_robotics/doozy_ws_2/install/turtlebot3_example:/home/avinaash/doozy_robotics/doozy_ws_2/install/turtlebot3_automatic_parking:/home/avinaash/doozy_robotics/doozy_ws_2/install/pallet_docker_02:/home/avinaash/doozy_robotics/doozy_ws_2/install/opencv_tests:/home/avinaash/doozy_robotics/doozy_ws_2/install/camera_calibration:/opt/ros/galactic /usr/bin/cmake --install /home/avinaash/doozy_robotics/doozy_ws_2/build/image_geometry
