[0.223s] Invoking command in '/home/avinaash/doozy_robotics/doozy_ws_2/build/cv_bridge': CMAKE_PREFIX_PATH=${CMAKE_PREFIX_PATH}:/home/avinaash/doozy_robotics/doozy_ws_2/install/turtlebot3_teleop:/home/avinaash/doozy_robotics/doozy_ws_2/install/turtlebot3_example:/home/avinaash/doozy_robotics/doozy_ws_2/install/turtlebot3_automatic_parking:/home/avinaash/doozy_robotics/doozy_ws_2/install/pallet_robot:/home/avinaash/doozy_robotics/doozy_ws_2/install/pallet_docker_02:/home/avinaash/doozy_robotics/doozy_ws_2/install/opencv_tests:/home/avinaash/doozy_robotics/doozy_ws_2/install/camera_calibration:/opt/ros/galactic /usr/bin/cmake --build /home/avinaash/doozy_robotics/doozy_ws_2/build/cv_bridge -- -j12 -l12
[1.484s] [ 12%] Built target gtest
[1.484s] [ 12%] Built target ament_cmake_python_copy_cv_bridge
[1.486s] [ 25%] Built target gtest_main
[1.487s] [ 43%] Built target cv_bridge
[1.489s] [ 81%] Built target cv_bridge-utest
[1.492s] [100%] Built target cv_bridge_boost
[1.494s] running egg_info
[1.495s] writing cv_bridge.egg-info/PKG-INFO
[1.496s] writing dependency_links to cv_bridge.egg-info/dependency_links.txt
[1.497s] writing top-level names to cv_bridge.egg-info/top_level.txt
[1.502s] reading manifest file 'cv_bridge.egg-info/SOURCES.txt'
[1.503s] writing manifest file 'cv_bridge.egg-info/SOURCES.txt'
[1.504s] [100%] Built target ament_cmake_python_build_cv_bridge_egg
[1.533s] Invoked command in '/home/avinaash/doozy_robotics/doozy_ws_2/build/cv_bridge' returned '0': CMAKE_PREFIX_PATH=${CMAKE_PREFIX_PATH}:/home/avinaash/doozy_robotics/doozy_ws_2/install/turtlebot3_teleop:/home/avinaash/doozy_robotics/doozy_ws_2/install/turtlebot3_example:/home/avinaash/doozy_robotics/doozy_ws_2/install/turtlebot3_automatic_parking:/home/avinaash/doozy_robotics/doozy_ws_2/install/pallet_robot:/home/avinaash/doozy_robotics/doozy_ws_2/install/pallet_docker_02:/home/avinaash/doozy_robotics/doozy_ws_2/install/opencv_tests:/home/avinaash/doozy_robotics/doozy_ws_2/install/camera_calibration:/opt/ros/galactic /usr/bin/cmake --build /home/avinaash/doozy_robotics/doozy_ws_2/build/cv_bridge -- -j12 -l12
[1.660s] Invoking command in '/home/avinaash/doozy_robotics/doozy_ws_2/build/cv_bridge': CMAKE_PREFIX_PATH=${CMAKE_PREFIX_PATH}:/home/avinaash/doozy_robotics/doozy_ws_2/install/turtlebot3_teleop:/home/avinaash/doozy_robotics/doozy_ws_2/install/turtlebot3_example:/home/avinaash/doozy_robotics/doozy_ws_2/install/turtlebot3_automatic_parking:/home/avinaash/doozy_robotics/doozy_ws_2/install/pallet_robot:/home/avinaash/doozy_robotics/doozy_ws_2/install/pallet_docker_02:/home/avinaash/doozy_robotics/doozy_ws_2/install/opencv_tests:/home/avinaash/doozy_robotics/doozy_ws_2/install/camera_calibration:/opt/ros/galactic /usr/bin/cmake --install /home/avinaash/doozy_robotics/doozy_ws_2/build/cv_bridge
[1.712s] -- Install configuration: ""
[1.712s] -- Up-to-date: /home/avinaash/doozy_robotics/doozy_ws_2/install/cv_bridge/share/cv_bridge/environment/pythonpath.sh
[1.712s] -- Up-to-date: /home/avinaash/doozy_robotics/doozy_ws_2/install/cv_bridge/share/cv_bridge/environment/pythonpath.dsv
[1.712s] -- Up-to-date: /home/avinaash/doozy_robotics/doozy_ws_2/install/cv_bridge/lib/python3.8/site-packages//cv_bridge.egg-info
[1.712s] -- Installing: /home/avinaash/doozy_robotics/doozy_ws_2/install/cv_bridge/lib/python3.8/site-packages//cv_bridge.egg-info/SOURCES.txt
[1.712s] -- Installing: /home/avinaash/doozy_robotics/doozy_ws_2/install/cv_bridge/lib/python3.8/site-packages//cv_bridge.egg-info/top_level.txt
[1.713s] -- Installing: /home/avinaash/doozy_robotics/doozy_ws_2/install/cv_bridge/lib/python3.8/site-packages//cv_bridge.egg-info/dependency_links.txt
[1.713s] -- Installing: /home/avinaash/doozy_robotics/doozy_ws_2/install/cv_bridge/lib/python3.8/site-packages//cv_bridge.egg-info/PKG-INFO
[1.713s] -- Up-to-date: /home/avinaash/doozy_robotics/doozy_ws_2/install/cv_bridge/lib/python3.8/site-packages/cv_bridge
[1.713s] -- Up-to-date: /home/avinaash/doozy_robotics/doozy_ws_2/install/cv_bridge/lib/python3.8/site-packages/cv_bridge/__init__.py
[1.713s] -- Up-to-date: /home/avinaash/doozy_robotics/doozy_ws_2/install/cv_bridge/lib/python3.8/site-packages/cv_bridge/core.py
[1.837s] Listing '/home/avinaash/doozy_robotics/doozy_ws_2/install/cv_bridge/lib/python3.8/site-packages/cv_bridge'...
[1.837s] Listing '/home/avinaash/doozy_robotics/doozy_ws_2/install/cv_bridge/lib/python3.8/site-packages/cv_bridge/boost'...
[1.841s] -- Up-to-date: /home/avinaash/doozy_robotics/doozy_ws_2/install/cv_bridge/share/cv_bridge/environment/library_path.sh
[1.841s] -- Up-to-date: /home/avinaash/doozy_robotics/doozy_ws_2/install/cv_bridge/share/cv_bridge/environment/library_path.dsv
[1.842s] -- Up-to-date: /home/avinaash/doozy_robotics/doozy_ws_2/install/cv_bridge/include/cv_bridge
[1.842s] -- Up-to-date: /home/avinaash/doozy_robotics/doozy_ws_2/install/cv_bridge/include/cv_bridge/rgb_colors.h
[1.842s] -- Up-to-date: /home/avinaash/doozy_robotics/doozy_ws_2/install/cv_bridge/include/cv_bridge/cv_bridge.h
[1.842s] -- Up-to-date: /home/avinaash/doozy_robotics/doozy_ws_2/install/cv_bridge/lib/libcv_bridge.so
[1.845s] -- Up-to-date: /home/avinaash/doozy_robotics/doozy_ws_2/install/cv_bridge/share/ament_index/resource_index/package_run_dependencies/cv_bridge
[1.849s] -- Up-to-date: /home/avinaash/doozy_robotics/doozy_ws_2/install/cv_bridge/share/ament_index/resource_index/parent_prefix_path/cv_bridge
[1.850s] -- Up-to-date: /home/avinaash/doozy_robotics/doozy_ws_2/install/cv_bridge/share/cv_bridge/environment/ament_prefix_path.sh
[1.851s] -- Up-to-date: /home/avinaash/doozy_robotics/doozy_ws_2/install/cv_bridge/share/cv_bridge/environment/ament_prefix_path.dsv
[1.852s] -- Up-to-date: /home/avinaash/doozy_robotics/doozy_ws_2/install/cv_bridge/share/cv_bridge/environment/path.sh
[1.852s] -- Up-to-date: /home/avinaash/doozy_robotics/doozy_ws_2/install/cv_bridge/share/cv_bridge/environment/path.dsv
[1.852s] -- Up-to-date: /home/avinaash/doozy_robotics/doozy_ws_2/install/cv_bridge/share/cv_bridge/local_setup.bash
[1.859s] -- Up-to-date: /home/avinaash/doozy_robotics/doozy_ws_2/install/cv_bridge/share/cv_bridge/local_setup.sh
[1.862s] -- Up-to-date: /home/avinaash/doozy_robotics/doozy_ws_2/install/cv_bridge/share/cv_bridge/local_setup.zsh
[1.862s] -- Up-to-date: /home/avinaash/doozy_robotics/doozy_ws_2/install/cv_bridge/share/cv_bridge/local_setup.dsv
[1.862s] -- Installing: /home/avinaash/doozy_robotics/doozy_ws_2/install/cv_bridge/share/cv_bridge/package.dsv
[1.863s] -- Up-to-date: /home/avinaash/doozy_robotics/doozy_ws_2/install/cv_bridge/share/ament_index/resource_index/packages/cv_bridge
[1.864s] -- Up-to-date: /home/avinaash/doozy_robotics/doozy_ws_2/install/cv_bridge/share/cv_bridge/cmake/cv_bridge-extras.cmake
[1.864s] -- Up-to-date: /home/avinaash/doozy_robotics/doozy_ws_2/install/cv_bridge/share/cv_bridge/cmake/ament_cmake_export_dependencies-extras.cmake
[1.865s] -- Up-to-date: /home/avinaash/doozy_robotics/doozy_ws_2/install/cv_bridge/share/cv_bridge/cmake/ament_cmake_export_include_directories-extras.cmake
[1.870s] -- Up-to-date: /home/avinaash/doozy_robotics/doozy_ws_2/install/cv_bridge/share/cv_bridge/cmake/ament_cmake_export_libraries-extras.cmake
[1.873s] -- Up-to-date: /home/avinaash/doozy_robotics/doozy_ws_2/install/cv_bridge/share/cv_bridge/cmake/cv_bridgeConfig.cmake
[1.873s] -- Up-to-date: /home/avinaash/doozy_robotics/doozy_ws_2/install/cv_bridge/share/cv_bridge/cmake/cv_bridgeConfig-version.cmake
[1.873s] -- Up-to-date: /home/avinaash/doozy_robotics/doozy_ws_2/install/cv_bridge/share/cv_bridge/package.xml
[1.874s] -- Up-to-date: /home/avinaash/doozy_robotics/doozy_ws_2/install/cv_bridge/lib/libcv_bridge.so
[1.874s] -- Up-to-date: /home/avinaash/doozy_robotics/doozy_ws_2/install/cv_bridge/include/cv_bridge/cv_bridge_export.h
[1.874s] -- Up-to-date: /home/avinaash/doozy_robotics/doozy_ws_2/install/cv_bridge/lib/python3.8/site-packages/cv_bridge/boost/cv_bridge_boost.so
[1.992s] Invoked command in '/home/avinaash/doozy_robotics/doozy_ws_2/build/cv_bridge' returned '0': CMAKE_PREFIX_PATH=${CMAKE_PREFIX_PATH}:/home/avinaash/doozy_robotics/doozy_ws_2/install/turtlebot3_teleop:/home/avinaash/doozy_robotics/doozy_ws_2/install/turtlebot3_example:/home/avinaash/doozy_robotics/doozy_ws_2/install/turtlebot3_automatic_parking:/home/avinaash/doozy_robotics/doozy_ws_2/install/pallet_robot:/home/avinaash/doozy_robotics/doozy_ws_2/install/pallet_docker_02:/home/avinaash/doozy_robotics/doozy_ws_2/install/opencv_tests:/home/avinaash/doozy_robotics/doozy_ws_2/install/camera_calibration:/opt/ros/galactic /usr/bin/cmake --install /home/avinaash/doozy_robotics/doozy_ws_2/build/cv_bridge
