[15.935s] Invoking command in '/home/avinaash/doozy_robotics/doozy_ws_2/src/turtlebot3/turtlebot3_example': PYTHONPATH=/home/avinaash/doozy_robotics/doozy_ws_2/build/turtlebot3_example/prefix_override:/home/avinaash/doozy_robotics/doozy_ws_2/install/turtlebot3_example/lib/python3.8/site-packages:${PYTHONPATH} /usr/bin/python3 -W ignore:setup.py install is deprecated setup.py egg_info --egg-base ../../../build/turtlebot3_example build --build-base /home/avinaash/doozy_robotics/doozy_ws_2/build/turtlebot3_example/build install --record /home/avinaash/doozy_robotics/doozy_ws_2/build/turtlebot3_example/install.log --single-version-externally-managed install_data
[18.065s] running egg_info
[18.069s] writing ../../../build/turtlebot3_example/turtlebot3_example.egg-info/PKG-INFO
[18.072s] writing dependency_links to ../../../build/turtlebot3_example/turtlebot3_example.egg-info/dependency_links.txt
[18.072s] writing entry points to ../../../build/turtlebot3_example/turtlebot3_example.egg-info/entry_points.txt
[18.073s] writing requirements to ../../../build/turtlebot3_example/turtlebot3_example.egg-info/requires.txt
[18.073s] writing top-level names to ../../../build/turtlebot3_example/turtlebot3_example.egg-info/top_level.txt
[18.348s] reading manifest file '../../../build/turtlebot3_example/turtlebot3_example.egg-info/SOURCES.txt'
[18.363s] writing manifest file '../../../build/turtlebot3_example/turtlebot3_example.egg-info/SOURCES.txt'
[18.363s] running build
[18.384s] running build_py
[18.408s] running install
[18.409s] running install_lib
[18.410s] running install_data
[18.412s] running install_egg_info
[18.415s] removing '/home/avinaash/doozy_robotics/doozy_ws_2/install/turtlebot3_example/lib/python3.8/site-packages/turtlebot3_example-2.1.4-py3.8.egg-info' (and everything under it)
[18.416s] Copying ../../../build/turtlebot3_example/turtlebot3_example.egg-info to /home/avinaash/doozy_robotics/doozy_ws_2/install/turtlebot3_example/lib/python3.8/site-packages/turtlebot3_example-2.1.4-py3.8.egg-info
[18.416s] running install_scripts
[18.529s] Installing turtlebot3_obstacle_detection script to /home/avinaash/doozy_robotics/doozy_ws_2/install/turtlebot3_example/lib/turtlebot3_example
[18.530s] Installing turtlebot3_patrol_client script to /home/avinaash/doozy_robotics/doozy_ws_2/install/turtlebot3_example/lib/turtlebot3_example
[18.535s] Installing turtlebot3_patrol_server script to /home/avinaash/doozy_robotics/doozy_ws_2/install/turtlebot3_example/lib/turtlebot3_example
[18.535s] Installing turtlebot3_position_control script to /home/avinaash/doozy_robotics/doozy_ws_2/install/turtlebot3_example/lib/turtlebot3_example
[18.535s] writing list of installed files to '/home/avinaash/doozy_robotics/doozy_ws_2/build/turtlebot3_example/install.log'
[18.871s] Invoked command in '/home/avinaash/doozy_robotics/doozy_ws_2/src/turtlebot3/turtlebot3_example' returned '0': PYTHONPATH=/home/avinaash/doozy_robotics/doozy_ws_2/build/turtlebot3_example/prefix_override:/home/avinaash/doozy_robotics/doozy_ws_2/install/turtlebot3_example/lib/python3.8/site-packages:${PYTHONPATH} /usr/bin/python3 -W ignore:setup.py install is deprecated setup.py egg_info --egg-base ../../../build/turtlebot3_example build --build-base /home/avinaash/doozy_robotics/doozy_ws_2/build/turtlebot3_example/build install --record /home/avinaash/doozy_robotics/doozy_ws_2/build/turtlebot3_example/install.log --single-version-externally-managed install_data
