[0.113s] Invoking command in '/home/avinaash/doozy_robotics/doozy_ws_2/build/turtlebot3_node': CMAKE_PREFIX_PATH=${CMAKE_PREFIX_PATH}:/home/avinaash/doozy_robotics/doozy_ws_2/install/turtlebot3_teleop:/home/avinaash/doozy_robotics/doozy_ws_2/install/turtlebot3_example:/home/avinaash/doozy_robotics/doozy_ws_2/install/pallet_docker_02:/opt/ros/galactic /usr/bin/cmake /home/avinaash/doozy_robotics/doozy_ws_2/src/turtlebot3/turtlebot3_node -DCMAKE_INSTALL_PREFIX=/home/avinaash/doozy_robotics/doozy_ws_2/install/turtlebot3_node
[1.591s] -- The C compiler identification is GNU 9.4.0
[1.592s] -- The CXX compiler identification is GNU 9.4.0
[1.592s] -- Check for working C compiler: /usr/bin/cc
[1.593s] -- Check for working C compiler: /usr/bin/cc -- works
[1.598s] -- Detecting C compiler ABI info
[1.598s] -- Detecting C compiler ABI info - done
[1.599s] -- Detecting C compile features
[1.600s] -- Detecting C compile features - done
[1.601s] -- Check for working CXX compiler: /usr/bin/c++
[1.601s] -- Check for working CXX compiler: /usr/bin/c++ -- works
[1.604s] -- Detecting CXX compiler ABI info
[1.605s] -- Detecting CXX compiler ABI info - done
[1.606s] -- Detecting CXX compile features
[1.606s] -- Detecting CXX compile features - done
[1.606s] -- Found ament_cmake: 1.1.6 (/opt/ros/galactic/share/ament_cmake/cmake)
[1.606s] -- Found PythonInterp: /usr/bin/python3 (found suitable version "3.8.10", minimum required is "3") 
[1.607s] -- Using PYTHON_EXECUTABLE: /usr/bin/python3
[1.607s] -- Found dynamixel_sdk: 3.7.40 (/opt/ros/galactic/share/dynamixel_sdk/cmake)
[1.607s] -- Found geometry_msgs: 2.2.4 (/opt/ros/galactic/share/geometry_msgs/cmake)
[1.607s] -- Using all available rosidl_typesupport_c: rosidl_typesupport_fastrtps_c;rosidl_typesupport_introspection_c
[1.607s] -- Found rosidl_adapter: 2.2.3 (/opt/ros/galactic/share/rosidl_adapter/cmake)
[1.608s] -- Found OpenSSL: /usr/lib/x86_64-linux-gnu/libcrypto.so (found version "1.1.1f")  
[1.608s] -- Found FastRTPS: /opt/ros/galactic/include  
[1.608s] -- Using all available rosidl_typesupport_cpp: rosidl_typesupport_fastrtps_cpp;rosidl_typesupport_introspection_cpp
[1.741s] -- Found message_filters: 3.2.6 (/opt/ros/galactic/share/message_filters/cmake)
[1.898s] -- Found rmw_implementation_cmake: 3.3.1 (/opt/ros/galactic/share/rmw_implementation_cmake/cmake)
[1.901s] -- Found rmw_cyclonedds_cpp: 0.22.6 (/opt/ros/galactic/share/rmw_cyclonedds_cpp/cmake)
[1.950s] -- Using RMW implementation 'rmw_cyclonedds_cpp' as default
[1.951s] -- Looking for pthread.h
[2.083s] -- Looking for pthread.h - found
[2.083s] -- Performing Test CMAKE_HAVE_LIBC_PTHREAD
[2.216s] -- Performing Test CMAKE_HAVE_LIBC_PTHREAD - Failed
[2.217s] -- Looking for pthread_create in pthreads
[2.339s] -- Looking for pthread_create in pthreads - not found
[2.339s] -- Looking for pthread_create in pthread
[2.514s] -- Looking for pthread_create in pthread - found
[2.516s] -- Found Threads: TRUE  
[2.928s] -- Found nav_msgs: 2.2.4 (/opt/ros/galactic/share/nav_msgs/cmake)
[3.109s] -- Found sensor_msgs: 2.2.4 (/opt/ros/galactic/share/sensor_msgs/cmake)
[3.306s] -- Found std_srvs: 2.2.4 (/opt/ros/galactic/share/std_srvs/cmake)
[3.332s] -- Found tf2: 0.17.5 (/opt/ros/galactic/share/tf2/cmake)
[3.364s] -- Found tf2_ros: 0.17.5 (/opt/ros/galactic/share/tf2_ros/cmake)
[4.095s] -- Found turtlebot3_msgs: 2.2.2 (/opt/ros/galactic/share/turtlebot3_msgs/cmake)
[4.458s] -- Configuring done
[4.518s] -- Generating done
[4.522s] -- Build files have been written to: /home/avinaash/doozy_robotics/doozy_ws_2/build/turtlebot3_node
[4.540s] Invoked command in '/home/avinaash/doozy_robotics/doozy_ws_2/build/turtlebot3_node' returned '0': CMAKE_PREFIX_PATH=${CMAKE_PREFIX_PATH}:/home/avinaash/doozy_robotics/doozy_ws_2/install/turtlebot3_teleop:/home/avinaash/doozy_robotics/doozy_ws_2/install/turtlebot3_example:/home/avinaash/doozy_robotics/doozy_ws_2/install/pallet_docker_02:/opt/ros/galactic /usr/bin/cmake /home/avinaash/doozy_robotics/doozy_ws_2/src/turtlebot3/turtlebot3_node -DCMAKE_INSTALL_PREFIX=/home/avinaash/doozy_robotics/doozy_ws_2/install/turtlebot3_node
[4.545s] Invoking command in '/home/avinaash/doozy_robotics/doozy_ws_2/build/turtlebot3_node': CMAKE_PREFIX_PATH=${CMAKE_PREFIX_PATH}:/home/avinaash/doozy_robotics/doozy_ws_2/install/turtlebot3_teleop:/home/avinaash/doozy_robotics/doozy_ws_2/install/turtlebot3_example:/home/avinaash/doozy_robotics/doozy_ws_2/install/pallet_docker_02:/opt/ros/galactic /usr/bin/cmake --build /home/avinaash/doozy_robotics/doozy_ws_2/build/turtlebot3_node -- -j12 -l12
[4.617s] [35m[1mScanning dependencies of target turtlebot3_node_lib[0m
[4.844s] [  7%] [32mBuilding CXX object CMakeFiles/turtlebot3_node_lib.dir/src/devices/sound.cpp.o[0m
[4.847s] [ 14%] [32mBuilding CXX object CMakeFiles/turtlebot3_node_lib.dir/src/devices/reset.cpp.o[0m
[4.847s] [ 21%] [32mBuilding CXX object CMakeFiles/turtlebot3_node_lib.dir/src/devices/motor_power.cpp.o[0m
[4.851s] [ 28%] [32mBuilding CXX object CMakeFiles/turtlebot3_node_lib.dir/src/diff_drive_controller.cpp.o[0m
[4.860s] [ 42%] [32mBuilding CXX object CMakeFiles/turtlebot3_node_lib.dir/src/dynamixel_sdk_wrapper.cpp.o[0m
[4.864s] [ 42%] [32mBuilding CXX object CMakeFiles/turtlebot3_node_lib.dir/src/odometry.cpp.o[0m
[4.883s] [ 50%] [32mBuilding CXX object CMakeFiles/turtlebot3_node_lib.dir/src/sensors/joint_state.cpp.o[0m
[4.886s] [ 57%] [32mBuilding CXX object CMakeFiles/turtlebot3_node_lib.dir/src/sensors/imu.cpp.o[0m
[4.920s] [ 64%] [32mBuilding CXX object CMakeFiles/turtlebot3_node_lib.dir/src/sensors/battery_state.cpp.o[0m
[4.920s] [ 78%] [32mBuilding CXX object CMakeFiles/turtlebot3_node_lib.dir/src/sensors/sensor_state.cpp.o[0m
[4.920s] [ 71%] [32mBuilding CXX object CMakeFiles/turtlebot3_node_lib.dir/src/turtlebot3.cpp.o[0m
[31.616s] [ 85%] [32m[1mLinking CXX static library libturtlebot3_node_lib.a[0m
[32.220s] [ 85%] Built target turtlebot3_node_lib
[32.234s] [35m[1mScanning dependencies of target turtlebot3_ros[0m
[32.316s] [ 92%] [32mBuilding CXX object CMakeFiles/turtlebot3_ros.dir/src/node_main.cpp.o[0m
[36.008s] [100%] [32m[1mLinking CXX executable turtlebot3_ros[0m
[37.631s] [100%] Built target turtlebot3_ros
