[0.217s] Invoking command in '/home/avinaash/doozy_robotics/doozy_ws_2/build/cv_bridge': CMAKE_PREFIX_PATH=${CMAKE_PREFIX_PATH}:/home/avinaash/doozy_robotics/doozy_ws_2/install/turtlebot3_teleop:/home/avinaash/doozy_robotics/doozy_ws_2/install/turtlebot3_example:/home/avinaash/doozy_robotics/doozy_ws_2/install/turtlebot3_automatic_parking:/home/avinaash/doozy_robotics/doozy_ws_2/install/pallet_robot:/home/avinaash/doozy_robotics/doozy_ws_2/install/pallet_docker_02:/home/avinaash/doozy_robotics/doozy_ws_2/install/opencv_tests:/home/avinaash/doozy_robotics/doozy_ws_2/install/camera_calibration:/opt/ros/galactic /usr/bin/cmake --build /home/avinaash/doozy_robotics/doozy_ws_2/build/cv_bridge -- -j12 -l12
[1.682s] [  0%] Built target ament_cmake_python_copy_cv_bridge
[1.684s] [ 18%] Built target cv_bridge
[1.685s] [ 31%] Built target gtest_main
[1.686s] [ 43%] Built target gtest
[1.687s] [ 81%] Built target cv_bridge-utest
[1.688s] [100%] Built target cv_bridge_boost
[1.689s] running egg_info
[1.691s] writing cv_bridge.egg-info/PKG-INFO
[1.691s] writing dependency_links to cv_bridge.egg-info/dependency_links.txt
[1.691s] writing top-level names to cv_bridge.egg-info/top_level.txt
[1.692s] reading manifest file 'cv_bridge.egg-info/SOURCES.txt'
[1.692s] writing manifest file 'cv_bridge.egg-info/SOURCES.txt'
[1.692s] [100%] Built target ament_cmake_python_build_cv_bridge_egg
[1.701s] Invoked command in '/home/avinaash/doozy_robotics/doozy_ws_2/build/cv_bridge' returned '0': CMAKE_PREFIX_PATH=${CMAKE_PREFIX_PATH}:/home/avinaash/doozy_robotics/doozy_ws_2/install/turtlebot3_teleop:/home/avinaash/doozy_robotics/doozy_ws_2/install/turtlebot3_example:/home/avinaash/doozy_robotics/doozy_ws_2/install/turtlebot3_automatic_parking:/home/avinaash/doozy_robotics/doozy_ws_2/install/pallet_robot:/home/avinaash/doozy_robotics/doozy_ws_2/install/pallet_docker_02:/home/avinaash/doozy_robotics/doozy_ws_2/install/opencv_tests:/home/avinaash/doozy_robotics/doozy_ws_2/install/camera_calibration:/opt/ros/galactic /usr/bin/cmake --build /home/avinaash/doozy_robotics/doozy_ws_2/build/cv_bridge -- -j12 -l12
[1.903s] Invoking command in '/home/avinaash/doozy_robotics/doozy_ws_2/build/cv_bridge': CMAKE_PREFIX_PATH=${CMAKE_PREFIX_PATH}:/home/avinaash/doozy_robotics/doozy_ws_2/install/turtlebot3_teleop:/home/avinaash/doozy_robotics/doozy_ws_2/install/turtlebot3_example:/home/avinaash/doozy_robotics/doozy_ws_2/install/turtlebot3_automatic_parking:/home/avinaash/doozy_robotics/doozy_ws_2/install/pallet_robot:/home/avinaash/doozy_robotics/doozy_ws_2/install/pallet_docker_02:/home/avinaash/doozy_robotics/doozy_ws_2/install/opencv_tests:/home/avinaash/doozy_robotics/doozy_ws_2/install/camera_calibration:/opt/ros/galactic /usr/bin/cmake --install /home/avinaash/doozy_robotics/doozy_ws_2/build/cv_bridge
[1.967s] -- Install configuration: ""
[1.972s] -- Up-to-date: /home/avinaash/doozy_robotics/doozy_ws_2/install/cv_bridge/share/cv_bridge/environment/pythonpath.sh
[1.972s] -- Up-to-date: /home/avinaash/doozy_robotics/doozy_ws_2/install/cv_bridge/share/cv_bridge/environment/pythonpath.dsv
[1.973s] -- Up-to-date: /home/avinaash/doozy_robotics/doozy_ws_2/install/cv_bridge/lib/python3.8/site-packages//cv_bridge.egg-info
[1.973s] -- Installing: /home/avinaash/doozy_robotics/doozy_ws_2/install/cv_bridge/lib/python3.8/site-packages//cv_bridge.egg-info/SOURCES.txt
[1.973s] -- Installing: /home/avinaash/doozy_robotics/doozy_ws_2/install/cv_bridge/lib/python3.8/site-packages//cv_bridge.egg-info/top_level.txt
[1.979s] -- Installing: /home/avinaash/doozy_robotics/doozy_ws_2/install/cv_bridge/lib/python3.8/site-packages//cv_bridge.egg-info/dependency_links.txt
[1.979s] -- Installing: /home/avinaash/doozy_robotics/doozy_ws_2/install/cv_bridge/lib/python3.8/site-packages//cv_bridge.egg-info/PKG-INFO
[1.980s] -- Up-to-date: /home/avinaash/doozy_robotics/doozy_ws_2/install/cv_bridge/lib/python3.8/site-packages/cv_bridge
[1.980s] -- Up-to-date: /home/avinaash/doozy_robotics/doozy_ws_2/install/cv_bridge/lib/python3.8/site-packages/cv_bridge/__init__.py
[1.980s] -- Up-to-date: /home/avinaash/doozy_robotics/doozy_ws_2/install/cv_bridge/lib/python3.8/site-packages/cv_bridge/core.py
[2.099s] Listing '/home/avinaash/doozy_robotics/doozy_ws_2/install/cv_bridge/lib/python3.8/site-packages/cv_bridge'...
[2.100s] Listing '/home/avinaash/doozy_robotics/doozy_ws_2/install/cv_bridge/lib/python3.8/site-packages/cv_bridge/boost'...
[2.119s] -- Up-to-date: /home/avinaash/doozy_robotics/doozy_ws_2/install/cv_bridge/share/cv_bridge/environment/library_path.sh
[2.123s] -- Up-to-date: /home/avinaash/doozy_robotics/doozy_ws_2/install/cv_bridge/share/cv_bridge/environment/library_path.dsv
[2.126s] -- Up-to-date: /home/avinaash/doozy_robotics/doozy_ws_2/install/cv_bridge/include/cv_bridge
[2.126s] -- Up-to-date: /home/avinaash/doozy_robotics/doozy_ws_2/install/cv_bridge/include/cv_bridge/rgb_colors.h
[2.126s] -- Up-to-date: /home/avinaash/doozy_robotics/doozy_ws_2/install/cv_bridge/include/cv_bridge/cv_bridge.h
[2.126s] -- Up-to-date: /home/avinaash/doozy_robotics/doozy_ws_2/install/cv_bridge/lib/libcv_bridge.so
[2.138s] -- Up-to-date: /home/avinaash/doozy_robotics/doozy_ws_2/install/cv_bridge/share/ament_index/resource_index/package_run_dependencies/cv_bridge
[2.138s] -- Up-to-date: /home/avinaash/doozy_robotics/doozy_ws_2/install/cv_bridge/share/ament_index/resource_index/parent_prefix_path/cv_bridge
[2.139s] -- Up-to-date: /home/avinaash/doozy_robotics/doozy_ws_2/install/cv_bridge/share/cv_bridge/environment/ament_prefix_path.sh
[2.139s] -- Up-to-date: /home/avinaash/doozy_robotics/doozy_ws_2/install/cv_bridge/share/cv_bridge/environment/ament_prefix_path.dsv
[2.139s] -- Up-to-date: /home/avinaash/doozy_robotics/doozy_ws_2/install/cv_bridge/share/cv_bridge/environment/path.sh
[2.139s] -- Up-to-date: /home/avinaash/doozy_robotics/doozy_ws_2/install/cv_bridge/share/cv_bridge/environment/path.dsv
[2.140s] -- Up-to-date: /home/avinaash/doozy_robotics/doozy_ws_2/install/cv_bridge/share/cv_bridge/local_setup.bash
[2.140s] -- Up-to-date: /home/avinaash/doozy_robotics/doozy_ws_2/install/cv_bridge/share/cv_bridge/local_setup.sh
[2.140s] -- Up-to-date: /home/avinaash/doozy_robotics/doozy_ws_2/install/cv_bridge/share/cv_bridge/local_setup.zsh
[2.140s] -- Up-to-date: /home/avinaash/doozy_robotics/doozy_ws_2/install/cv_bridge/share/cv_bridge/local_setup.dsv
[2.141s] -- Installing: /home/avinaash/doozy_robotics/doozy_ws_2/install/cv_bridge/share/cv_bridge/package.dsv
[2.142s] -- Up-to-date: /home/avinaash/doozy_robotics/doozy_ws_2/install/cv_bridge/share/ament_index/resource_index/packages/cv_bridge
[2.142s] -- Up-to-date: /home/avinaash/doozy_robotics/doozy_ws_2/install/cv_bridge/share/cv_bridge/cmake/cv_bridge-extras.cmake
[2.142s] -- Up-to-date: /home/avinaash/doozy_robotics/doozy_ws_2/install/cv_bridge/share/cv_bridge/cmake/ament_cmake_export_dependencies-extras.cmake
[2.143s] -- Up-to-date: /home/avinaash/doozy_robotics/doozy_ws_2/install/cv_bridge/share/cv_bridge/cmake/ament_cmake_export_include_directories-extras.cmake
[2.144s] -- Up-to-date: /home/avinaash/doozy_robotics/doozy_ws_2/install/cv_bridge/share/cv_bridge/cmake/ament_cmake_export_libraries-extras.cmake
[2.144s] -- Up-to-date: /home/avinaash/doozy_robotics/doozy_ws_2/install/cv_bridge/share/cv_bridge/cmake/cv_bridgeConfig.cmake
[2.144s] -- Up-to-date: /home/avinaash/doozy_robotics/doozy_ws_2/install/cv_bridge/share/cv_bridge/cmake/cv_bridgeConfig-version.cmake
[2.144s] -- Up-to-date: /home/avinaash/doozy_robotics/doozy_ws_2/install/cv_bridge/share/cv_bridge/package.xml
[2.145s] -- Up-to-date: /home/avinaash/doozy_robotics/doozy_ws_2/install/cv_bridge/lib/libcv_bridge.so
[2.145s] -- Up-to-date: /home/avinaash/doozy_robotics/doozy_ws_2/install/cv_bridge/include/cv_bridge/cv_bridge_export.h
[2.145s] -- Up-to-date: /home/avinaash/doozy_robotics/doozy_ws_2/install/cv_bridge/lib/python3.8/site-packages/cv_bridge/boost/cv_bridge_boost.so
[2.257s] Invoked command in '/home/avinaash/doozy_robotics/doozy_ws_2/build/cv_bridge' returned '0': CMAKE_PREFIX_PATH=${CMAKE_PREFIX_PATH}:/home/avinaash/doozy_robotics/doozy_ws_2/install/turtlebot3_teleop:/home/avinaash/doozy_robotics/doozy_ws_2/install/turtlebot3_example:/home/avinaash/doozy_robotics/doozy_ws_2/install/turtlebot3_automatic_parking:/home/avinaash/doozy_robotics/doozy_ws_2/install/pallet_robot:/home/avinaash/doozy_robotics/doozy_ws_2/install/pallet_docker_02:/home/avinaash/doozy_robotics/doozy_ws_2/install/opencv_tests:/home/avinaash/doozy_robotics/doozy_ws_2/install/camera_calibration:/opt/ros/galactic /usr/bin/cmake --install /home/avinaash/doozy_robotics/doozy_ws_2/build/cv_bridge
