[3.125s] Invoking command in '/home/avinaash/doozy_robotics/doozy_ws_2/src/pallet_docker_02': PYTHONPATH=/home/avinaash/doozy_robotics/doozy_ws_2/build/pallet_docker_02/prefix_override:/home/avinaash/doozy_robotics/doozy_ws_2/install/pallet_docker_02/lib/python3.8/site-packages:${PYTHONPATH} /usr/bin/python3 -W ignore:setup.py install is deprecated setup.py egg_info --egg-base ../../build/pallet_docker_02 build --build-base /home/avinaash/doozy_robotics/doozy_ws_2/build/pallet_docker_02/build install --record /home/avinaash/doozy_robotics/doozy_ws_2/build/pallet_docker_02/install.log --single-version-externally-managed install_data
[3.931s] running egg_info
[3.938s] writing ../../build/pallet_docker_02/pallet_docker_02.egg-info/PKG-INFO
[3.939s] writing dependency_links to ../../build/pallet_docker_02/pallet_docker_02.egg-info/dependency_links.txt
[3.939s] writing entry points to ../../build/pallet_docker_02/pallet_docker_02.egg-info/entry_points.txt
[3.939s] writing requirements to ../../build/pallet_docker_02/pallet_docker_02.egg-info/requires.txt
[3.940s] writing top-level names to ../../build/pallet_docker_02/pallet_docker_02.egg-info/top_level.txt
[4.023s] reading manifest file '../../build/pallet_docker_02/pallet_docker_02.egg-info/SOURCES.txt'
[4.026s] writing manifest file '../../build/pallet_docker_02/pallet_docker_02.egg-info/SOURCES.txt'
[4.027s] running build
[4.028s] running build_py
[4.031s] copying pallet_docker_02/pid_controller_01.py -> /home/avinaash/doozy_robotics/doozy_ws_2/build/pallet_docker_02/build/lib/pallet_docker_02
[4.032s] running install
[4.033s] running install_lib
[4.038s] copying /home/avinaash/doozy_robotics/doozy_ws_2/build/pallet_docker_02/build/lib/pallet_docker_02/pid_controller_01.py -> /home/avinaash/doozy_robotics/doozy_ws_2/install/pallet_docker_02/lib/python3.8/site-packages/pallet_docker_02
[4.039s] byte-compiling /home/avinaash/doozy_robotics/doozy_ws_2/install/pallet_docker_02/lib/python3.8/site-packages/pallet_docker_02/pid_controller_01.py to pid_controller_01.cpython-38.pyc
[4.039s] running install_data
[4.039s] running install_egg_info
[4.043s] removing '/home/avinaash/doozy_robotics/doozy_ws_2/install/pallet_docker_02/lib/python3.8/site-packages/pallet_docker_02-0.0.0-py3.8.egg-info' (and everything under it)
[4.043s] Copying ../../build/pallet_docker_02/pallet_docker_02.egg-info to /home/avinaash/doozy_robotics/doozy_ws_2/install/pallet_docker_02/lib/python3.8/site-packages/pallet_docker_02-0.0.0-py3.8.egg-info
[4.045s] running install_scripts
[4.098s] Installing get_pallet_tf script to /home/avinaash/doozy_robotics/doozy_ws_2/install/pallet_docker_02/lib/pallet_docker_02
[4.098s] Installing pallet_navi_01 script to /home/avinaash/doozy_robotics/doozy_ws_2/install/pallet_docker_02/lib/pallet_docker_02
[4.098s] Installing pallet_navi_02 script to /home/avinaash/doozy_robotics/doozy_ws_2/install/pallet_docker_02/lib/pallet_docker_02
[4.099s] Installing pallet_navi_03 script to /home/avinaash/doozy_robotics/doozy_ws_2/install/pallet_docker_02/lib/pallet_docker_02
[4.099s] Installing pallet_navi_04 script to /home/avinaash/doozy_robotics/doozy_ws_2/install/pallet_docker_02/lib/pallet_docker_02
[4.100s] Installing tb3_cam_node script to /home/avinaash/doozy_robotics/doozy_ws_2/install/pallet_docker_02/lib/pallet_docker_02
[4.100s] Installing tf_broadcaster script to /home/avinaash/doozy_robotics/doozy_ws_2/install/pallet_docker_02/lib/pallet_docker_02
[4.100s] writing list of installed files to '/home/avinaash/doozy_robotics/doozy_ws_2/build/pallet_docker_02/install.log'
[4.175s] Invoked command in '/home/avinaash/doozy_robotics/doozy_ws_2/src/pallet_docker_02' returned '0': PYTHONPATH=/home/avinaash/doozy_robotics/doozy_ws_2/build/pallet_docker_02/prefix_override:/home/avinaash/doozy_robotics/doozy_ws_2/install/pallet_docker_02/lib/python3.8/site-packages:${PYTHONPATH} /usr/bin/python3 -W ignore:setup.py install is deprecated setup.py egg_info --egg-base ../../build/pallet_docker_02 build --build-base /home/avinaash/doozy_robotics/doozy_ws_2/build/pallet_docker_02/build install --record /home/avinaash/doozy_robotics/doozy_ws_2/build/pallet_docker_02/install.log --single-version-externally-managed install_data
