[2.670s] Invoking command in '/home/avinaash/doozy_robotics/doozy_ws_2/src/2_t_dolly_logistics_driver': PYTHONPATH=/home/avinaash/doozy_robotics/doozy_ws_2/build/2_t_dolly_logistics_driver/prefix_override:/home/avinaash/doozy_robotics/doozy_ws_2/install/2_t_dolly_logistics_driver/lib/python3.8/site-packages:${PYTHONPATH} /usr/bin/python3 -W ignore:setup.py install is deprecated setup.py egg_info --egg-base ../../build/2_t_dolly_logistics_driver build --build-base /home/avinaash/doozy_robotics/doozy_ws_2/build/2_t_dolly_logistics_driver/build install --record /home/avinaash/doozy_robotics/doozy_ws_2/build/2_t_dolly_logistics_driver/install.log --single-version-externally-managed install_data
[3.041s] running egg_info
[3.042s] writing ../../build/2_t_dolly_logistics_driver/2_t_dolly_logistics_driver.egg-info/PKG-INFO
[3.042s] writing dependency_links to ../../build/2_t_dolly_logistics_driver/2_t_dolly_logistics_driver.egg-info/dependency_links.txt
[3.042s] writing entry points to ../../build/2_t_dolly_logistics_driver/2_t_dolly_logistics_driver.egg-info/entry_points.txt
[3.043s] writing requirements to ../../build/2_t_dolly_logistics_driver/2_t_dolly_logistics_driver.egg-info/requires.txt
[3.043s] writing top-level names to ../../build/2_t_dolly_logistics_driver/2_t_dolly_logistics_driver.egg-info/top_level.txt
[3.091s] reading manifest file '../../build/2_t_dolly_logistics_driver/2_t_dolly_logistics_driver.egg-info/SOURCES.txt'
[3.093s] writing manifest file '../../build/2_t_dolly_logistics_driver/2_t_dolly_logistics_driver.egg-info/SOURCES.txt'
[3.093s] running build
[3.093s] running build_py
[3.093s] copying 2_t_dolly_logistics_driver/nav_to_dolly_01.py -> /home/avinaash/doozy_robotics/doozy_ws_2/build/2_t_dolly_logistics_driver/build/lib/2_t_dolly_logistics_driver
[3.094s] running install
[3.095s] running install_lib
[3.096s] copying /home/avinaash/doozy_robotics/doozy_ws_2/build/2_t_dolly_logistics_driver/build/lib/2_t_dolly_logistics_driver/nav_to_dolly_01.py -> /home/avinaash/doozy_robotics/doozy_ws_2/install/2_t_dolly_logistics_driver/lib/python3.8/site-packages/2_t_dolly_logistics_driver
[3.097s] byte-compiling /home/avinaash/doozy_robotics/doozy_ws_2/install/2_t_dolly_logistics_driver/lib/python3.8/site-packages/2_t_dolly_logistics_driver/nav_to_dolly_01.py to nav_to_dolly_01.cpython-38.pyc
[3.099s] running install_data
[3.100s] running install_egg_info
[3.102s] removing '/home/avinaash/doozy_robotics/doozy_ws_2/install/2_t_dolly_logistics_driver/lib/python3.8/site-packages/2_t_dolly_logistics_driver-0.0.0-py3.8.egg-info' (and everything under it)
[3.103s] Copying ../../build/2_t_dolly_logistics_driver/2_t_dolly_logistics_driver.egg-info to /home/avinaash/doozy_robotics/doozy_ws_2/install/2_t_dolly_logistics_driver/lib/python3.8/site-packages/2_t_dolly_logistics_driver-0.0.0-py3.8.egg-info
[3.103s] running install_scripts
[3.126s] writing list of installed files to '/home/avinaash/doozy_robotics/doozy_ws_2/build/2_t_dolly_logistics_driver/install.log'
[3.156s] Invoked command in '/home/avinaash/doozy_robotics/doozy_ws_2/src/2_t_dolly_logistics_driver' returned '0': PYTHONPATH=/home/avinaash/doozy_robotics/doozy_ws_2/build/2_t_dolly_logistics_driver/prefix_override:/home/avinaash/doozy_robotics/doozy_ws_2/install/2_t_dolly_logistics_driver/lib/python3.8/site-packages:${PYTHONPATH} /usr/bin/python3 -W ignore:setup.py install is deprecated setup.py egg_info --egg-base ../../build/2_t_dolly_logistics_driver build --build-base /home/avinaash/doozy_robotics/doozy_ws_2/build/2_t_dolly_logistics_driver/build install --record /home/avinaash/doozy_robotics/doozy_ws_2/build/2_t_dolly_logistics_driver/install.log --single-version-externally-managed install_data
