[0.087s] Invoking command in '/home/avinaash/doozy_robotics/doozy_ws_2/build/pallet_bot': /usr/bin/cmake /home/avinaash/doozy_robotics/doozy_ws_2/src/pallet_bot -DCATKIN_INSTALL_INTO_PREFIX_ROOT=0 -DCMAKE_INSTALL_PREFIX=/home/avinaash/doozy_robotics/doozy_ws_2/install/pallet_bot
[0.319s] -- The C compiler identification is GNU 9.4.0
[0.488s] -- The CXX compiler identification is GNU 9.4.0
[0.500s] -- Check for working C compiler: /usr/bin/cc
[0.605s] -- Check for working C compiler: /usr/bin/cc -- works
[0.608s] -- Detecting C compiler ABI info
[0.774s] -- Detecting C compiler ABI info - done
[0.802s] -- Detecting C compile features
[0.803s] -- Detecting C compile features - done
[0.809s] -- Check for working CXX compiler: /usr/bin/c++
[0.935s] -- Check for working CXX compiler: /usr/bin/c++ -- works
[0.937s] -- Detecting CXX compiler ABI info
[1.050s] -- Detecting CXX compiler ABI info - done
[1.069s] -- Detecting CXX compile features
[1.070s] -- Detecting CXX compile features - done
[1.086s] CMake Error at CMakeLists.txt:5 (find_package):
[1.086s]   By not providing "Findcatkin.cmake" in CMAKE_MODULE_PATH this project has
[1.086s]   asked CMake to find a package configuration file provided by "catkin", but
[1.086s]   CMake did not find one.
[1.086s] 
[1.086s]   Could not find a package configuration file provided by "catkin" with any
[1.086s]   of the following names:
[1.087s] 
[1.087s]     catkinConfig.cmake
[1.087s]     catkin-config.cmake
[1.087s] 
[1.087s]   Add the installation prefix of "catkin" to CMAKE_PREFIX_PATH or set
[1.087s]   "catkin_DIR" to a directory containing one of the above files.  If "catkin"
[1.087s]   provides a separate development package or SDK, be sure it has been
[1.087s]   installed.
[1.088s] 
[1.088s] 
[1.088s] -- Configuring incomplete, errors occurred!
[1.088s] See also "/home/avinaash/doozy_robotics/doozy_ws_2/build/pallet_bot/CMakeFiles/CMakeOutput.log".
[1.331s] Invoked command in '/home/avinaash/doozy_robotics/doozy_ws_2/build/pallet_bot' returned '1': /usr/bin/cmake /home/avinaash/doozy_robotics/doozy_ws_2/src/pallet_bot -DCATKIN_INSTALL_INTO_PREFIX_ROOT=0 -DCMAKE_INSTALL_PREFIX=/home/avinaash/doozy_robotics/doozy_ws_2/install/pallet_bot
