[1.806s] Invoking command in '/home/avinaash/doozy_robotics/doozy_ws_2/build/sick_visionary_t_mini': CMAKE_PREFIX_PATH=${CMAKE_PREFIX_PATH}:/home/avinaash/doozy_robotics/doozy_ws_2/install/turtlebot3_teleop:/home/avinaash/doozy_robotics/doozy_ws_2/install/turtlebot3_example:/home/avinaash/doozy_robotics/doozy_ws_2/install/pallet_docker_02:/home/avinaash/doozy_robotics/doozy_ws_2/install/2_t_dolly_logistics_driver:/opt/ros/galactic /usr/bin/cmake --build /home/avinaash/doozy_robotics/doozy_ws_2/build/sick_visionary_t_mini -- -j12 -l12
[1.903s] [  3%] Built target sick_visionary_t_mini__cpp
[1.913s] [ 12%] Built target sick_visionary_t_mini__rosidl_generator_c
[1.966s] [ 22%] Built target sick_visionary_t_mini__rosidl_typesupport_c
[1.966s] [ 32%] Built target sick_visionary_t_mini__rosidl_typesupport_cpp
[1.969s] [ 41%] Built target sick_visionary_t_mini__rosidl_typesupport_introspection_c
[1.976s] [ 51%] Built target sick_visionary_t_mini__rosidl_typesupport_introspection_cpp
[2.000s] [ 61%] Built target sick_visionary_t_mini__rosidl_typesupport_fastrtps_cpp
[2.121s] [ 70%] Built target sick_visionary_t_mini__rosidl_typesupport_fastrtps_c
[2.126s] [ 70%] Built target sick_visionary_t_mini
[2.176s] [ 74%] Built target sick_visionary_t_mini__py
[2.244s] [ 80%] Built target sick_visionary_t_mini__python
[2.330s] [ 87%] Built target sick_visionary_t_mini__rosidl_typesupport_c__pyext
[2.345s] [ 93%] Built target sick_visionary_t_mini__rosidl_typesupport_fastrtps_c__pyext
[2.355s] [100%] Built target sick_visionary_t_mini__rosidl_typesupport_introspection_c__pyext
[2.452s] Invoked command in '/home/avinaash/doozy_robotics/doozy_ws_2/build/sick_visionary_t_mini' returned '0': CMAKE_PREFIX_PATH=${CMAKE_PREFIX_PATH}:/home/avinaash/doozy_robotics/doozy_ws_2/install/turtlebot3_teleop:/home/avinaash/doozy_robotics/doozy_ws_2/install/turtlebot3_example:/home/avinaash/doozy_robotics/doozy_ws_2/install/pallet_docker_02:/home/avinaash/doozy_robotics/doozy_ws_2/install/2_t_dolly_logistics_driver:/opt/ros/galactic /usr/bin/cmake --build /home/avinaash/doozy_robotics/doozy_ws_2/build/sick_visionary_t_mini -- -j12 -l12
[2.567s] Invoking command in '/home/avinaash/doozy_robotics/doozy_ws_2/build/sick_visionary_t_mini': CMAKE_PREFIX_PATH=${CMAKE_PREFIX_PATH}:/home/avinaash/doozy_robotics/doozy_ws_2/install/turtlebot3_teleop:/home/avinaash/doozy_robotics/doozy_ws_2/install/turtlebot3_example:/home/avinaash/doozy_robotics/doozy_ws_2/install/pallet_docker_02:/home/avinaash/doozy_robotics/doozy_ws_2/install/2_t_dolly_logistics_driver:/opt/ros/galactic /usr/bin/cmake --install /home/avinaash/doozy_robotics/doozy_ws_2/build/sick_visionary_t_mini
[2.584s] -- Install configuration: ""
[2.584s] -- Up-to-date: /home/avinaash/doozy_robotics/doozy_ws_2/install/sick_visionary_t_mini/share/ament_index/resource_index/rosidl_interfaces/sick_visionary_t_mini
[2.584s] -- Up-to-date: /home/avinaash/doozy_robotics/doozy_ws_2/install/sick_visionary_t_mini/include/sick_visionary_t_mini
[2.585s] -- Up-to-date: /home/avinaash/doozy_robotics/doozy_ws_2/install/sick_visionary_t_mini/include/sick_visionary_t_mini/msg
[2.585s] -- Up-to-date: /home/avinaash/doozy_robotics/doozy_ws_2/install/sick_visionary_t_mini/include/sick_visionary_t_mini/msg/rosidl_generator_c__visibility_control.h
[2.585s] -- Up-to-date: /home/avinaash/doozy_robotics/doozy_ws_2/install/sick_visionary_t_mini/include/sick_visionary_t_mini/msg/detail
[2.585s] -- Up-to-date: /home/avinaash/doozy_robotics/doozy_ws_2/install/sick_visionary_t_mini/include/sick_visionary_t_mini/msg/detail/sick_t_mini__type_support.h
[2.586s] -- Up-to-date: /home/avinaash/doozy_robotics/doozy_ws_2/install/sick_visionary_t_mini/include/sick_visionary_t_mini/msg/detail/sick_t_mini__struct.h
[2.586s] -- Up-to-date: /home/avinaash/doozy_robotics/doozy_ws_2/install/sick_visionary_t_mini/include/sick_visionary_t_mini/msg/detail/sick_t_mini__functions.c
[2.586s] -- Up-to-date: /home/avinaash/doozy_robotics/doozy_ws_2/install/sick_visionary_t_mini/include/sick_visionary_t_mini/msg/detail/sick_t_mini__functions.h
[2.586s] -- Up-to-date: /home/avinaash/doozy_robotics/doozy_ws_2/install/sick_visionary_t_mini/include/sick_visionary_t_mini/msg/sick_t_mini.h
[2.587s] -- Up-to-date: /home/avinaash/doozy_robotics/doozy_ws_2/install/sick_visionary_t_mini/share/sick_visionary_t_mini/environment/library_path.sh
[2.587s] -- Up-to-date: /home/avinaash/doozy_robotics/doozy_ws_2/install/sick_visionary_t_mini/share/sick_visionary_t_mini/environment/library_path.dsv
[2.587s] -- Up-to-date: /home/avinaash/doozy_robotics/doozy_ws_2/install/sick_visionary_t_mini/lib/libsick_visionary_t_mini__rosidl_generator_c.so
[2.587s] -- Up-to-date: /home/avinaash/doozy_robotics/doozy_ws_2/install/sick_visionary_t_mini/include/sick_visionary_t_mini
[2.588s] -- Up-to-date: /home/avinaash/doozy_robotics/doozy_ws_2/install/sick_visionary_t_mini/include/sick_visionary_t_mini/msg
[2.588s] -- Up-to-date: /home/avinaash/doozy_robotics/doozy_ws_2/install/sick_visionary_t_mini/include/sick_visionary_t_mini/msg/detail
[2.588s] -- Up-to-date: /home/avinaash/doozy_robotics/doozy_ws_2/install/sick_visionary_t_mini/include/sick_visionary_t_mini/msg/detail/sick_t_mini__rosidl_typesupport_fastrtps_c.h
[2.589s] -- Up-to-date: /home/avinaash/doozy_robotics/doozy_ws_2/install/sick_visionary_t_mini/include/sick_visionary_t_mini/msg/rosidl_typesupport_fastrtps_c__visibility_control.h
[2.589s] -- Up-to-date: /home/avinaash/doozy_robotics/doozy_ws_2/install/sick_visionary_t_mini/lib/libsick_visionary_t_mini__rosidl_typesupport_fastrtps_c.so
[2.589s] -- Up-to-date: /home/avinaash/doozy_robotics/doozy_ws_2/install/sick_visionary_t_mini/include/sick_visionary_t_mini
[2.589s] -- Up-to-date: /home/avinaash/doozy_robotics/doozy_ws_2/install/sick_visionary_t_mini/include/sick_visionary_t_mini/msg
[2.590s] -- Up-to-date: /home/avinaash/doozy_robotics/doozy_ws_2/install/sick_visionary_t_mini/include/sick_visionary_t_mini/msg/rosidl_typesupport_fastrtps_cpp__visibility_control.h
[2.590s] -- Up-to-date: /home/avinaash/doozy_robotics/doozy_ws_2/install/sick_visionary_t_mini/include/sick_visionary_t_mini/msg/detail
[2.590s] -- Up-to-date: /home/avinaash/doozy_robotics/doozy_ws_2/install/sick_visionary_t_mini/include/sick_visionary_t_mini/msg/detail/sick_t_mini__rosidl_typesupport_fastrtps_cpp.hpp
[2.591s] -- Up-to-date: /home/avinaash/doozy_robotics/doozy_ws_2/install/sick_visionary_t_mini/include/sick_visionary_t_mini/msg/detail/dds_fastrtps
[2.591s] -- Up-to-date: /home/avinaash/doozy_robotics/doozy_ws_2/install/sick_visionary_t_mini/lib/libsick_visionary_t_mini__rosidl_typesupport_fastrtps_cpp.so
[2.591s] -- Up-to-date: /home/avinaash/doozy_robotics/doozy_ws_2/install/sick_visionary_t_mini/include/sick_visionary_t_mini
[2.592s] -- Up-to-date: /home/avinaash/doozy_robotics/doozy_ws_2/install/sick_visionary_t_mini/include/sick_visionary_t_mini/msg
[2.592s] -- Up-to-date: /home/avinaash/doozy_robotics/doozy_ws_2/install/sick_visionary_t_mini/include/sick_visionary_t_mini/msg/rosidl_typesupport_introspection_c__visibility_control.h
[2.592s] -- Up-to-date: /home/avinaash/doozy_robotics/doozy_ws_2/install/sick_visionary_t_mini/include/sick_visionary_t_mini/msg/detail
[2.592s] -- Up-to-date: /home/avinaash/doozy_robotics/doozy_ws_2/install/sick_visionary_t_mini/include/sick_visionary_t_mini/msg/detail/sick_t_mini__type_support.c
[2.592s] -- Up-to-date: /home/avinaash/doozy_robotics/doozy_ws_2/install/sick_visionary_t_mini/include/sick_visionary_t_mini/msg/detail/sick_t_mini__rosidl_typesupport_introspection_c.h
[2.593s] -- Up-to-date: /home/avinaash/doozy_robotics/doozy_ws_2/install/sick_visionary_t_mini/lib/libsick_visionary_t_mini__rosidl_typesupport_introspection_c.so
[2.593s] -- Up-to-date: /home/avinaash/doozy_robotics/doozy_ws_2/install/sick_visionary_t_mini/lib/libsick_visionary_t_mini__rosidl_typesupport_c.so
[2.593s] -- Up-to-date: /home/avinaash/doozy_robotics/doozy_ws_2/install/sick_visionary_t_mini/include/sick_visionary_t_mini
[2.593s] -- Up-to-date: /home/avinaash/doozy_robotics/doozy_ws_2/install/sick_visionary_t_mini/include/sick_visionary_t_mini/msg
[2.594s] -- Up-to-date: /home/avinaash/doozy_robotics/doozy_ws_2/install/sick_visionary_t_mini/include/sick_visionary_t_mini/msg/detail
[2.594s] -- Up-to-date: /home/avinaash/doozy_robotics/doozy_ws_2/install/sick_visionary_t_mini/include/sick_visionary_t_mini/msg/detail/sick_t_mini__builder.hpp
[2.594s] -- Up-to-date: /home/avinaash/doozy_robotics/doozy_ws_2/install/sick_visionary_t_mini/include/sick_visionary_t_mini/msg/detail/sick_t_mini__struct.hpp
[2.594s] -- Up-to-date: /home/avinaash/doozy_robotics/doozy_ws_2/install/sick_visionary_t_mini/include/sick_visionary_t_mini/msg/detail/sick_t_mini__traits.hpp
[2.595s] -- Up-to-date: /home/avinaash/doozy_robotics/doozy_ws_2/install/sick_visionary_t_mini/include/sick_visionary_t_mini/msg/sick_t_mini.hpp
[2.595s] -- Up-to-date: /home/avinaash/doozy_robotics/doozy_ws_2/install/sick_visionary_t_mini/include/sick_visionary_t_mini
[2.595s] -- Up-to-date: /home/avinaash/doozy_robotics/doozy_ws_2/install/sick_visionary_t_mini/include/sick_visionary_t_mini/msg
[2.595s] -- Up-to-date: /home/avinaash/doozy_robotics/doozy_ws_2/install/sick_visionary_t_mini/include/sick_visionary_t_mini/msg/detail
[2.595s] -- Up-to-date: /home/avinaash/doozy_robotics/doozy_ws_2/install/sick_visionary_t_mini/include/sick_visionary_t_mini/msg/detail/sick_t_mini__type_support.cpp
[2.596s] -- Up-to-date: /home/avinaash/doozy_robotics/doozy_ws_2/install/sick_visionary_t_mini/include/sick_visionary_t_mini/msg/detail/sick_t_mini__rosidl_typesupport_introspection_cpp.hpp
[2.596s] -- Up-to-date: /home/avinaash/doozy_robotics/doozy_ws_2/install/sick_visionary_t_mini/lib/libsick_visionary_t_mini__rosidl_typesupport_introspection_cpp.so
[2.596s] -- Up-to-date: /home/avinaash/doozy_robotics/doozy_ws_2/install/sick_visionary_t_mini/lib/libsick_visionary_t_mini__rosidl_typesupport_cpp.so
[2.596s] -- Up-to-date: /home/avinaash/doozy_robotics/doozy_ws_2/install/sick_visionary_t_mini/share/sick_visionary_t_mini/environment/pythonpath.sh
[2.596s] -- Up-to-date: /home/avinaash/doozy_robotics/doozy_ws_2/install/sick_visionary_t_mini/share/sick_visionary_t_mini/environment/pythonpath.dsv
[2.597s] -- Up-to-date: /home/avinaash/doozy_robotics/doozy_ws_2/install/sick_visionary_t_mini/lib/python3.8/site-packages/sick_visionary_t_mini/__init__.py
[2.678s] -- Up-to-date: /home/avinaash/doozy_robotics/doozy_ws_2/install/sick_visionary_t_mini/lib/python3.8/site-packages/sick_visionary_t_mini/msg
[2.678s] -- Up-to-date: /home/avinaash/doozy_robotics/doozy_ws_2/install/sick_visionary_t_mini/lib/python3.8/site-packages/sick_visionary_t_mini/msg/_sick_t_mini.py
[2.679s] -- Up-to-date: /home/avinaash/doozy_robotics/doozy_ws_2/install/sick_visionary_t_mini/lib/python3.8/site-packages/sick_visionary_t_mini/msg/_sick_t_mini_s.c
[2.679s] -- Up-to-date: /home/avinaash/doozy_robotics/doozy_ws_2/install/sick_visionary_t_mini/lib/python3.8/site-packages/sick_visionary_t_mini/msg/__init__.py
[2.679s] -- Up-to-date: /home/avinaash/doozy_robotics/doozy_ws_2/install/sick_visionary_t_mini/lib/python3.8/site-packages/sick_visionary_t_mini/sick_visionary_t_mini_s__rosidl_typesupport_fastrtps_c.cpython-38-x86_64-linux-gnu.so
[2.685s] -- Up-to-date: /home/avinaash/doozy_robotics/doozy_ws_2/install/sick_visionary_t_mini/lib/python3.8/site-packages/sick_visionary_t_mini/sick_visionary_t_mini_s__rosidl_typesupport_introspection_c.cpython-38-x86_64-linux-gnu.so
[2.687s] -- Up-to-date: /home/avinaash/doozy_robotics/doozy_ws_2/install/sick_visionary_t_mini/lib/python3.8/site-packages/sick_visionary_t_mini/sick_visionary_t_mini_s__rosidl_typesupport_c.cpython-38-x86_64-linux-gnu.so
[2.688s] -- Up-to-date: /home/avinaash/doozy_robotics/doozy_ws_2/install/sick_visionary_t_mini/lib/libsick_visionary_t_mini__python.so
[2.688s] -- Up-to-date: /home/avinaash/doozy_robotics/doozy_ws_2/install/sick_visionary_t_mini/share/sick_visionary_t_mini/msg/SickTMini.idl
[2.688s] -- Up-to-date: /home/avinaash/doozy_robotics/doozy_ws_2/install/sick_visionary_t_mini/share/sick_visionary_t_mini/msg/SickTMini.msg
[2.688s] -- Up-to-date: /home/avinaash/doozy_robotics/doozy_ws_2/install/sick_visionary_t_mini/share/ament_index/resource_index/package_run_dependencies/sick_visionary_t_mini
[2.689s] -- Up-to-date: /home/avinaash/doozy_robotics/doozy_ws_2/install/sick_visionary_t_mini/share/ament_index/resource_index/parent_prefix_path/sick_visionary_t_mini
[2.689s] -- Up-to-date: /home/avinaash/doozy_robotics/doozy_ws_2/install/sick_visionary_t_mini/share/sick_visionary_t_mini/environment/ament_prefix_path.sh
[2.689s] -- Up-to-date: /home/avinaash/doozy_robotics/doozy_ws_2/install/sick_visionary_t_mini/share/sick_visionary_t_mini/environment/ament_prefix_path.dsv
[2.689s] -- Up-to-date: /home/avinaash/doozy_robotics/doozy_ws_2/install/sick_visionary_t_mini/share/sick_visionary_t_mini/environment/path.sh
[2.689s] -- Up-to-date: /home/avinaash/doozy_robotics/doozy_ws_2/install/sick_visionary_t_mini/share/sick_visionary_t_mini/environment/path.dsv
[2.690s] -- Up-to-date: /home/avinaash/doozy_robotics/doozy_ws_2/install/sick_visionary_t_mini/share/sick_visionary_t_mini/local_setup.bash
[2.690s] -- Up-to-date: /home/avinaash/doozy_robotics/doozy_ws_2/install/sick_visionary_t_mini/share/sick_visionary_t_mini/local_setup.sh
[2.690s] -- Up-to-date: /home/avinaash/doozy_robotics/doozy_ws_2/install/sick_visionary_t_mini/share/sick_visionary_t_mini/local_setup.zsh
[2.690s] -- Up-to-date: /home/avinaash/doozy_robotics/doozy_ws_2/install/sick_visionary_t_mini/share/sick_visionary_t_mini/local_setup.dsv
[2.690s] -- Installing: /home/avinaash/doozy_robotics/doozy_ws_2/install/sick_visionary_t_mini/share/sick_visionary_t_mini/package.dsv
[2.691s] -- Up-to-date: /home/avinaash/doozy_robotics/doozy_ws_2/install/sick_visionary_t_mini/share/ament_index/resource_index/packages/sick_visionary_t_mini
[2.691s] -- Up-to-date: /home/avinaash/doozy_robotics/doozy_ws_2/install/sick_visionary_t_mini/share/sick_visionary_t_mini/cmake/sick_visionary_t_mini__rosidl_generator_cExport.cmake
[2.691s] -- Up-to-date: /home/avinaash/doozy_robotics/doozy_ws_2/install/sick_visionary_t_mini/share/sick_visionary_t_mini/cmake/sick_visionary_t_mini__rosidl_generator_cExport-noconfig.cmake
[2.691s] -- Up-to-date: /home/avinaash/doozy_robotics/doozy_ws_2/install/sick_visionary_t_mini/share/sick_visionary_t_mini/cmake/sick_visionary_t_mini__rosidl_typesupport_introspection_cExport.cmake
[2.692s] -- Up-to-date: /home/avinaash/doozy_robotics/doozy_ws_2/install/sick_visionary_t_mini/share/sick_visionary_t_mini/cmake/sick_visionary_t_mini__rosidl_typesupport_introspection_cExport-noconfig.cmake
[2.693s] -- Up-to-date: /home/avinaash/doozy_robotics/doozy_ws_2/install/sick_visionary_t_mini/share/sick_visionary_t_mini/cmake/sick_visionary_t_mini__rosidl_typesupport_cExport.cmake
[2.695s] -- Up-to-date: /home/avinaash/doozy_robotics/doozy_ws_2/install/sick_visionary_t_mini/share/sick_visionary_t_mini/cmake/sick_visionary_t_mini__rosidl_typesupport_cExport-noconfig.cmake
[2.701s] -- Up-to-date: /home/avinaash/doozy_robotics/doozy_ws_2/install/sick_visionary_t_mini/share/sick_visionary_t_mini/cmake/sick_visionary_t_mini__rosidl_generator_cppExport.cmake
[2.706s] -- Up-to-date: /home/avinaash/doozy_robotics/doozy_ws_2/install/sick_visionary_t_mini/share/sick_visionary_t_mini/cmake/sick_visionary_t_mini__rosidl_typesupport_introspection_cppExport.cmake
[2.707s] -- Up-to-date: /home/avinaash/doozy_robotics/doozy_ws_2/install/sick_visionary_t_mini/share/sick_visionary_t_mini/cmake/sick_visionary_t_mini__rosidl_typesupport_introspection_cppExport-noconfig.cmake
[2.708s] -- Up-to-date: /home/avinaash/doozy_robotics/doozy_ws_2/install/sick_visionary_t_mini/share/sick_visionary_t_mini/cmake/sick_visionary_t_mini__rosidl_typesupport_cppExport.cmake
[2.720s] -- Up-to-date: /home/avinaash/doozy_robotics/doozy_ws_2/install/sick_visionary_t_mini/share/sick_visionary_t_mini/cmake/sick_visionary_t_mini__rosidl_typesupport_cppExport-noconfig.cmake
[2.721s] -- Up-to-date: /home/avinaash/doozy_robotics/doozy_ws_2/install/sick_visionary_t_mini/share/sick_visionary_t_mini/cmake/rosidl_cmake-extras.cmake
[2.725s] -- Up-to-date: /home/avinaash/doozy_robotics/doozy_ws_2/install/sick_visionary_t_mini/share/sick_visionary_t_mini/cmake/ament_cmake_export_dependencies-extras.cmake
[2.725s] -- Up-to-date: /home/avinaash/doozy_robotics/doozy_ws_2/install/sick_visionary_t_mini/share/sick_visionary_t_mini/cmake/ament_cmake_export_libraries-extras.cmake
[2.726s] -- Up-to-date: /home/avinaash/doozy_robotics/doozy_ws_2/install/sick_visionary_t_mini/share/sick_visionary_t_mini/cmake/ament_cmake_export_targets-extras.cmake
[2.729s] -- Up-to-date: /home/avinaash/doozy_robotics/doozy_ws_2/install/sick_visionary_t_mini/share/sick_visionary_t_mini/cmake/ament_cmake_export_include_directories-extras.cmake
[2.730s] -- Up-to-date: /home/avinaash/doozy_robotics/doozy_ws_2/install/sick_visionary_t_mini/share/sick_visionary_t_mini/cmake/rosidl_cmake_export_typesupport_libraries-extras.cmake
[2.731s] -- Up-to-date: /home/avinaash/doozy_robotics/doozy_ws_2/install/sick_visionary_t_mini/share/sick_visionary_t_mini/cmake/rosidl_cmake_export_typesupport_targets-extras.cmake
[2.731s] -- Up-to-date: /home/avinaash/doozy_robotics/doozy_ws_2/install/sick_visionary_t_mini/share/sick_visionary_t_mini/cmake/sick_visionary_t_miniConfig.cmake
[2.732s] -- Up-to-date: /home/avinaash/doozy_robotics/doozy_ws_2/install/sick_visionary_t_mini/share/sick_visionary_t_mini/cmake/sick_visionary_t_miniConfig-version.cmake
[2.732s] -- Up-to-date: /home/avinaash/doozy_robotics/doozy_ws_2/install/sick_visionary_t_mini/share/sick_visionary_t_mini/package.xml
[2.744s] Invoked command in '/home/avinaash/doozy_robotics/doozy_ws_2/build/sick_visionary_t_mini' returned '0': CMAKE_PREFIX_PATH=${CMAKE_PREFIX_PATH}:/home/avinaash/doozy_robotics/doozy_ws_2/install/turtlebot3_teleop:/home/avinaash/doozy_robotics/doozy_ws_2/install/turtlebot3_example:/home/avinaash/doozy_robotics/doozy_ws_2/install/pallet_docker_02:/home/avinaash/doozy_robotics/doozy_ws_2/install/2_t_dolly_logistics_driver:/opt/ros/galactic /usr/bin/cmake --install /home/avinaash/doozy_robotics/doozy_ws_2/build/sick_visionary_t_mini
