[0.136s] DEBUG:colcon:Command line arguments: ['/home/avinaash/.local/bin/colcon', 'build']
[0.136s] DEBUG:colcon:Parsed command line arguments: Namespace(allow_overriding=[], ament_cmake_args=None, base_paths=['.'], build_base='build', catkin_cmake_args=None, catkin_skip_building_tests=False, cmake_args=None, cmake_clean_cache=False, cmake_clean_first=False, cmake_force_configure=False, cmake_target=None, cmake_target_skip_unavailable=False, continue_on_error=False, event_handlers=None, executor='parallel', ignore_user_meta=False, install_base='install', log_base=None, log_level=None, main=<bound method BuildVerb.main of <colcon_core.verb.build.BuildVerb object at 0x7f092292faf0>>, merge_install=False, metas=['./colcon.meta'], packages_above=None, packages_above_and_dependencies=None, packages_above_depth=None, packages_end=None, packages_ignore=None, packages_ignore_regex=None, packages_select=None, packages_select_build_failed=False, packages_select_by_dep=None, packages_select_regex=None, packages_select_test_failures=False, packages_skip=None, packages_skip_build_finished=False, packages_skip_by_dep=None, packages_skip_regex=None, packages_skip_test_passed=False, packages_skip_up_to=None, packages_start=None, packages_up_to=None, packages_up_to_regex=None, parallel_workers=16, paths=None, symlink_install=False, test_result_base=None, verb_extension=<colcon_core.verb.build.BuildVerb object at 0x7f092292faf0>, verb_name='build', verb_parser=<colcon_defaults.argument_parser.defaults.DefaultArgumentsDecorator object at 0x7f09228c30a0>)
[0.232s] Level 1:colcon.colcon_core.package_discovery:discover_packages(colcon_meta) check parameters
[0.233s] Level 1:colcon.colcon_core.package_discovery:discover_packages(recursive) check parameters
[0.233s] Level 1:colcon.colcon_core.package_discovery:discover_packages(ignore) check parameters
[0.233s] Level 1:colcon.colcon_core.package_discovery:discover_packages(path) check parameters
[0.233s] Level 1:colcon.colcon_core.package_discovery:discover_packages(colcon_meta) discover
[0.233s] Level 1:colcon.colcon_core.package_discovery:discover_packages(recursive) discover
[0.233s] INFO:colcon.colcon_core.package_discovery:Crawling recursively for packages in '/home/avinaash/doozy_robotics/doozy_ws_2'
[0.233s] Level 1:colcon.colcon_core.package_identification:_identify(.) by extensions ['ignore', 'ignore_ament_install']
[0.233s] Level 1:colcon.colcon_core.package_identification:_identify(.) by extension 'ignore'
[0.233s] Level 1:colcon.colcon_core.package_identification:_identify(.) by extension 'ignore_ament_install'
[0.233s] Level 1:colcon.colcon_core.package_identification:_identify(.) by extensions ['colcon_pkg']
[0.233s] Level 1:colcon.colcon_core.package_identification:_identify(.) by extension 'colcon_pkg'
[0.233s] Level 1:colcon.colcon_core.package_identification:_identify(.) by extensions ['colcon_meta']
[0.233s] Level 1:colcon.colcon_core.package_identification:_identify(.) by extension 'colcon_meta'
[0.233s] Level 1:colcon.colcon_core.package_identification:_identify(.) by extensions ['ros']
[0.233s] Level 1:colcon.colcon_core.package_identification:_identify(.) by extension 'ros'
[0.240s] Level 1:colcon.colcon_core.package_identification:_identify(.) by extensions ['cmake', 'python']
[0.240s] Level 1:colcon.colcon_core.package_identification:_identify(.) by extension 'cmake'
[0.240s] Level 1:colcon.colcon_core.package_identification:_identify(.) by extension 'python'
[0.240s] Level 1:colcon.colcon_core.package_identification:_identify(.) by extensions ['python_setup_py']
[0.240s] Level 1:colcon.colcon_core.package_identification:_identify(.) by extension 'python_setup_py'
[0.240s] Level 1:colcon.colcon_core.package_identification:_identify(build) by extensions ['ignore', 'ignore_ament_install']
[0.240s] Level 1:colcon.colcon_core.package_identification:_identify(build) by extension 'ignore'
[0.240s] Level 1:colcon.colcon_core.package_identification:_identify(build) ignored
[0.240s] Level 1:colcon.colcon_core.package_identification:_identify(install) by extensions ['ignore', 'ignore_ament_install']
[0.240s] Level 1:colcon.colcon_core.package_identification:_identify(install) by extension 'ignore'
[0.240s] Level 1:colcon.colcon_core.package_identification:_identify(install) ignored
[0.241s] Level 1:colcon.colcon_core.package_identification:_identify(log) by extensions ['ignore', 'ignore_ament_install']
[0.241s] Level 1:colcon.colcon_core.package_identification:_identify(log) by extension 'ignore'
[0.241s] Level 1:colcon.colcon_core.package_identification:_identify(log) ignored
[0.241s] Level 1:colcon.colcon_core.package_identification:_identify(src) by extensions ['ignore', 'ignore_ament_install']
[0.241s] Level 1:colcon.colcon_core.package_identification:_identify(src) by extension 'ignore'
[0.241s] Level 1:colcon.colcon_core.package_identification:_identify(src) by extension 'ignore_ament_install'
[0.241s] Level 1:colcon.colcon_core.package_identification:_identify(src) by extensions ['colcon_pkg']
[0.241s] Level 1:colcon.colcon_core.package_identification:_identify(src) by extension 'colcon_pkg'
[0.241s] Level 1:colcon.colcon_core.package_identification:_identify(src) by extensions ['colcon_meta']
[0.241s] Level 1:colcon.colcon_core.package_identification:_identify(src) by extension 'colcon_meta'
[0.241s] Level 1:colcon.colcon_core.package_identification:_identify(src) by extensions ['ros']
[0.241s] Level 1:colcon.colcon_core.package_identification:_identify(src) by extension 'ros'
[0.241s] Level 1:colcon.colcon_core.package_identification:_identify(src) by extensions ['cmake', 'python']
[0.241s] Level 1:colcon.colcon_core.package_identification:_identify(src) by extension 'cmake'
[0.241s] Level 1:colcon.colcon_core.package_identification:_identify(src) by extension 'python'
[0.241s] Level 1:colcon.colcon_core.package_identification:_identify(src) by extensions ['python_setup_py']
[0.241s] Level 1:colcon.colcon_core.package_identification:_identify(src) by extension 'python_setup_py'
[0.241s] Level 1:colcon.colcon_core.package_identification:_identify(src/2_t_dolly_logistics_driver) by extensions ['ignore', 'ignore_ament_install']
[0.241s] Level 1:colcon.colcon_core.package_identification:_identify(src/2_t_dolly_logistics_driver) by extension 'ignore'
[0.241s] Level 1:colcon.colcon_core.package_identification:_identify(src/2_t_dolly_logistics_driver) by extension 'ignore_ament_install'
[0.241s] Level 1:colcon.colcon_core.package_identification:_identify(src/2_t_dolly_logistics_driver) by extensions ['colcon_pkg']
[0.241s] Level 1:colcon.colcon_core.package_identification:_identify(src/2_t_dolly_logistics_driver) by extension 'colcon_pkg'
[0.241s] Level 1:colcon.colcon_core.package_identification:_identify(src/2_t_dolly_logistics_driver) by extensions ['colcon_meta']
[0.241s] Level 1:colcon.colcon_core.package_identification:_identify(src/2_t_dolly_logistics_driver) by extension 'colcon_meta'
[0.241s] Level 1:colcon.colcon_core.package_identification:_identify(src/2_t_dolly_logistics_driver) by extensions ['ros']
[0.241s] Level 1:colcon.colcon_core.package_identification:_identify(src/2_t_dolly_logistics_driver) by extension 'ros'
[0.244s] DEBUG:colcon.colcon_core.package_identification:Package 'src/2_t_dolly_logistics_driver' with type 'ros.ament_python' and name '2_t_dolly_logistics_driver'
[0.244s] Level 1:colcon.colcon_core.package_identification:_identify(src/doozy_actions) by extensions ['ignore', 'ignore_ament_install']
[0.244s] Level 1:colcon.colcon_core.package_identification:_identify(src/doozy_actions) by extension 'ignore'
[0.244s] Level 1:colcon.colcon_core.package_identification:_identify(src/doozy_actions) by extension 'ignore_ament_install'
[0.244s] Level 1:colcon.colcon_core.package_identification:_identify(src/doozy_actions) by extensions ['colcon_pkg']
[0.244s] Level 1:colcon.colcon_core.package_identification:_identify(src/doozy_actions) by extension 'colcon_pkg'
[0.244s] Level 1:colcon.colcon_core.package_identification:_identify(src/doozy_actions) by extensions ['colcon_meta']
[0.244s] Level 1:colcon.colcon_core.package_identification:_identify(src/doozy_actions) by extension 'colcon_meta'
[0.244s] Level 1:colcon.colcon_core.package_identification:_identify(src/doozy_actions) by extensions ['ros']
[0.244s] Level 1:colcon.colcon_core.package_identification:_identify(src/doozy_actions) by extension 'ros'
[0.244s] DEBUG:colcon.colcon_core.package_identification:Package 'src/doozy_actions' with type 'ros.ament_cmake' and name 'doozy_actions'
[0.244s] Level 1:colcon.colcon_core.package_identification:_identify(src/pallet_docker_02) by extensions ['ignore', 'ignore_ament_install']
[0.244s] Level 1:colcon.colcon_core.package_identification:_identify(src/pallet_docker_02) by extension 'ignore'
[0.244s] Level 1:colcon.colcon_core.package_identification:_identify(src/pallet_docker_02) by extension 'ignore_ament_install'
[0.245s] Level 1:colcon.colcon_core.package_identification:_identify(src/pallet_docker_02) by extensions ['colcon_pkg']
[0.245s] Level 1:colcon.colcon_core.package_identification:_identify(src/pallet_docker_02) by extension 'colcon_pkg'
[0.245s] Level 1:colcon.colcon_core.package_identification:_identify(src/pallet_docker_02) by extensions ['colcon_meta']
[0.245s] Level 1:colcon.colcon_core.package_identification:_identify(src/pallet_docker_02) by extension 'colcon_meta'
[0.245s] Level 1:colcon.colcon_core.package_identification:_identify(src/pallet_docker_02) by extensions ['ros']
[0.245s] Level 1:colcon.colcon_core.package_identification:_identify(src/pallet_docker_02) by extension 'ros'
[0.245s] DEBUG:colcon.colcon_core.package_identification:Package 'src/pallet_docker_02' with type 'ros.ament_python' and name 'pallet_docker_02'
[0.245s] Level 1:colcon.colcon_core.package_identification:_identify(src/sick_visionary_t_mini) by extensions ['ignore', 'ignore_ament_install']
[0.245s] Level 1:colcon.colcon_core.package_identification:_identify(src/sick_visionary_t_mini) by extension 'ignore'
[0.245s] Level 1:colcon.colcon_core.package_identification:_identify(src/sick_visionary_t_mini) by extension 'ignore_ament_install'
[0.245s] Level 1:colcon.colcon_core.package_identification:_identify(src/sick_visionary_t_mini) by extensions ['colcon_pkg']
[0.245s] Level 1:colcon.colcon_core.package_identification:_identify(src/sick_visionary_t_mini) by extension 'colcon_pkg'
[0.245s] Level 1:colcon.colcon_core.package_identification:_identify(src/sick_visionary_t_mini) by extensions ['colcon_meta']
[0.245s] Level 1:colcon.colcon_core.package_identification:_identify(src/sick_visionary_t_mini) by extension 'colcon_meta'
[0.245s] Level 1:colcon.colcon_core.package_identification:_identify(src/sick_visionary_t_mini) by extensions ['ros']
[0.245s] Level 1:colcon.colcon_core.package_identification:_identify(src/sick_visionary_t_mini) by extension 'ros'
[0.246s] DEBUG:colcon.colcon_core.package_identification:Package 'src/sick_visionary_t_mini' with type 'ros.ament_cmake' and name 'sick_visionary_t_mini'
[0.246s] Level 1:colcon.colcon_core.package_identification:_identify(src/test_scripts) by extensions ['ignore', 'ignore_ament_install']
[0.246s] Level 1:colcon.colcon_core.package_identification:_identify(src/test_scripts) by extension 'ignore'
[0.246s] Level 1:colcon.colcon_core.package_identification:_identify(src/test_scripts) by extension 'ignore_ament_install'
[0.246s] Level 1:colcon.colcon_core.package_identification:_identify(src/test_scripts) by extensions ['colcon_pkg']
[0.246s] Level 1:colcon.colcon_core.package_identification:_identify(src/test_scripts) by extension 'colcon_pkg'
[0.246s] Level 1:colcon.colcon_core.package_identification:_identify(src/test_scripts) by extensions ['colcon_meta']
[0.246s] Level 1:colcon.colcon_core.package_identification:_identify(src/test_scripts) by extension 'colcon_meta'
[0.246s] Level 1:colcon.colcon_core.package_identification:_identify(src/test_scripts) by extensions ['ros']
[0.246s] Level 1:colcon.colcon_core.package_identification:_identify(src/test_scripts) by extension 'ros'
[0.246s] Level 1:colcon.colcon_core.package_identification:_identify(src/test_scripts) by extensions ['cmake', 'python']
[0.246s] Level 1:colcon.colcon_core.package_identification:_identify(src/test_scripts) by extension 'cmake'
[0.246s] Level 1:colcon.colcon_core.package_identification:_identify(src/test_scripts) by extension 'python'
[0.246s] Level 1:colcon.colcon_core.package_identification:_identify(src/test_scripts) by extensions ['python_setup_py']
[0.246s] Level 1:colcon.colcon_core.package_identification:_identify(src/test_scripts) by extension 'python_setup_py'
[0.246s] Level 1:colcon.colcon_core.package_identification:_identify(src/turtlebot3) by extensions ['ignore', 'ignore_ament_install']
[0.246s] Level 1:colcon.colcon_core.package_identification:_identify(src/turtlebot3) by extension 'ignore'
[0.246s] Level 1:colcon.colcon_core.package_identification:_identify(src/turtlebot3) by extension 'ignore_ament_install'
[0.246s] Level 1:colcon.colcon_core.package_identification:_identify(src/turtlebot3) by extensions ['colcon_pkg']
[0.246s] Level 1:colcon.colcon_core.package_identification:_identify(src/turtlebot3) by extension 'colcon_pkg'
[0.246s] Level 1:colcon.colcon_core.package_identification:_identify(src/turtlebot3) by extensions ['colcon_meta']
[0.246s] Level 1:colcon.colcon_core.package_identification:_identify(src/turtlebot3) by extension 'colcon_meta'
[0.246s] Level 1:colcon.colcon_core.package_identification:_identify(src/turtlebot3) by extensions ['ros']
[0.246s] Level 1:colcon.colcon_core.package_identification:_identify(src/turtlebot3) by extension 'ros'
[0.246s] Level 1:colcon.colcon_core.package_identification:_identify(src/turtlebot3) by extensions ['cmake', 'python']
[0.247s] Level 1:colcon.colcon_core.package_identification:_identify(src/turtlebot3) by extension 'cmake'
[0.247s] Level 1:colcon.colcon_core.package_identification:_identify(src/turtlebot3) by extension 'python'
[0.247s] Level 1:colcon.colcon_core.package_identification:_identify(src/turtlebot3) by extensions ['python_setup_py']
[0.247s] Level 1:colcon.colcon_core.package_identification:_identify(src/turtlebot3) by extension 'python_setup_py'
[0.247s] Level 1:colcon.colcon_core.package_identification:_identify(src/turtlebot3_simulations) by extensions ['ignore', 'ignore_ament_install']
[0.247s] Level 1:colcon.colcon_core.package_identification:_identify(src/turtlebot3_simulations) by extension 'ignore'
[0.247s] Level 1:colcon.colcon_core.package_identification:_identify(src/turtlebot3_simulations) by extension 'ignore_ament_install'
[0.247s] Level 1:colcon.colcon_core.package_identification:_identify(src/turtlebot3_simulations) by extensions ['colcon_pkg']
[0.247s] Level 1:colcon.colcon_core.package_identification:_identify(src/turtlebot3_simulations) by extension 'colcon_pkg'
[0.247s] Level 1:colcon.colcon_core.package_identification:_identify(src/turtlebot3_simulations) by extensions ['colcon_meta']
[0.247s] Level 1:colcon.colcon_core.package_identification:_identify(src/turtlebot3_simulations) by extension 'colcon_meta'
[0.247s] Level 1:colcon.colcon_core.package_identification:_identify(src/turtlebot3_simulations) by extensions ['ros']
[0.247s] Level 1:colcon.colcon_core.package_identification:_identify(src/turtlebot3_simulations) by extension 'ros'
[0.247s] Level 1:colcon.colcon_core.package_identification:_identify(src/turtlebot3_simulations) by extensions ['cmake', 'python']
[0.247s] Level 1:colcon.colcon_core.package_identification:_identify(src/turtlebot3_simulations) by extension 'cmake'
[0.247s] Level 1:colcon.colcon_core.package_identification:_identify(src/turtlebot3_simulations) by extension 'python'
[0.247s] Level 1:colcon.colcon_core.package_identification:_identify(src/turtlebot3_simulations) by extensions ['python_setup_py']
[0.247s] Level 1:colcon.colcon_core.package_identification:_identify(src/turtlebot3_simulations) by extension 'python_setup_py'
[0.247s] Level 1:colcon.colcon_core.package_identification:_identify(worlds ) by extensions ['ignore', 'ignore_ament_install']
[0.247s] Level 1:colcon.colcon_core.package_identification:_identify(worlds ) by extension 'ignore'
[0.247s] Level 1:colcon.colcon_core.package_identification:_identify(worlds ) by extension 'ignore_ament_install'
[0.247s] Level 1:colcon.colcon_core.package_identification:_identify(worlds ) by extensions ['colcon_pkg']
[0.247s] Level 1:colcon.colcon_core.package_identification:_identify(worlds ) by extension 'colcon_pkg'
[0.247s] Level 1:colcon.colcon_core.package_identification:_identify(worlds ) by extensions ['colcon_meta']
[0.247s] Level 1:colcon.colcon_core.package_identification:_identify(worlds ) by extension 'colcon_meta'
[0.247s] Level 1:colcon.colcon_core.package_identification:_identify(worlds ) by extensions ['ros']
[0.247s] Level 1:colcon.colcon_core.package_identification:_identify(worlds ) by extension 'ros'
[0.247s] Level 1:colcon.colcon_core.package_identification:_identify(worlds ) by extensions ['cmake', 'python']
[0.247s] Level 1:colcon.colcon_core.package_identification:_identify(worlds ) by extension 'cmake'
[0.247s] Level 1:colcon.colcon_core.package_identification:_identify(worlds ) by extension 'python'
[0.247s] Level 1:colcon.colcon_core.package_identification:_identify(worlds ) by extensions ['python_setup_py']
[0.247s] Level 1:colcon.colcon_core.package_identification:_identify(worlds ) by extension 'python_setup_py'
[0.247s] Level 1:colcon.colcon_core.package_discovery:discover_packages(recursive) using defaults
[0.247s] Level 1:colcon.colcon_core.package_discovery:discover_packages(ignore) discover
[0.247s] Level 1:colcon.colcon_core.package_discovery:discover_packages(ignore) using defaults
[0.247s] Level 1:colcon.colcon_core.package_discovery:discover_packages(path) discover
[0.248s] Level 1:colcon.colcon_core.package_discovery:discover_packages(path) using defaults
[0.259s] Level 1:colcon.colcon_core.package_discovery:discover_packages(prefix_path) check parameters
[0.259s] Level 1:colcon.colcon_core.package_discovery:discover_packages(prefix_path) discover
[0.261s] DEBUG:colcon.colcon_installed_package_information.package_discovery:Found 15 installed packages in /home/avinaash/doozy_robotics/doozy_ws_2/install
[0.262s] DEBUG:colcon.colcon_installed_package_information.package_discovery:Found 377 installed packages in /opt/ros/galactic
[0.264s] Level 1:colcon.colcon_core.package_discovery:discover_packages(prefix_path) using defaults
[0.324s] Level 5:colcon.colcon_core.verb:set package '2_t_dolly_logistics_driver' build argument 'cmake_args' from command line to 'None'
[0.324s] Level 5:colcon.colcon_core.verb:set package '2_t_dolly_logistics_driver' build argument 'cmake_target' from command line to 'None'
[0.324s] Level 5:colcon.colcon_core.verb:set package '2_t_dolly_logistics_driver' build argument 'cmake_target_skip_unavailable' from command line to 'False'
[0.324s] Level 5:colcon.colcon_core.verb:set package '2_t_dolly_logistics_driver' build argument 'cmake_clean_cache' from command line to 'False'
[0.324s] Level 5:colcon.colcon_core.verb:set package '2_t_dolly_logistics_driver' build argument 'cmake_clean_first' from command line to 'False'
[0.324s] Level 5:colcon.colcon_core.verb:set package '2_t_dolly_logistics_driver' build argument 'cmake_force_configure' from command line to 'False'
[0.324s] Level 5:colcon.colcon_core.verb:set package '2_t_dolly_logistics_driver' build argument 'ament_cmake_args' from command line to 'None'
[0.324s] Level 5:colcon.colcon_core.verb:set package '2_t_dolly_logistics_driver' build argument 'catkin_cmake_args' from command line to 'None'
[0.324s] Level 5:colcon.colcon_core.verb:set package '2_t_dolly_logistics_driver' build argument 'catkin_skip_building_tests' from command line to 'False'
[0.324s] DEBUG:colcon.colcon_core.verb:Building package '2_t_dolly_logistics_driver' with the following arguments: {'ament_cmake_args': None, 'build_base': '/home/avinaash/doozy_robotics/doozy_ws_2/build/2_t_dolly_logistics_driver', 'catkin_cmake_args': None, 'catkin_skip_building_tests': False, 'cmake_args': None, 'cmake_clean_cache': False, 'cmake_clean_first': False, 'cmake_force_configure': False, 'cmake_target': None, 'cmake_target_skip_unavailable': False, 'install_base': '/home/avinaash/doozy_robotics/doozy_ws_2/install/2_t_dolly_logistics_driver', 'merge_install': False, 'path': '/home/avinaash/doozy_robotics/doozy_ws_2/src/2_t_dolly_logistics_driver', 'symlink_install': False, 'test_result_base': None}
[0.325s] Level 5:colcon.colcon_core.verb:set package 'doozy_actions' build argument 'cmake_args' from command line to 'None'
[0.325s] Level 5:colcon.colcon_core.verb:set package 'doozy_actions' build argument 'cmake_target' from command line to 'None'
[0.325s] Level 5:colcon.colcon_core.verb:set package 'doozy_actions' build argument 'cmake_target_skip_unavailable' from command line to 'False'
[0.325s] Level 5:colcon.colcon_core.verb:set package 'doozy_actions' build argument 'cmake_clean_cache' from command line to 'False'
[0.325s] Level 5:colcon.colcon_core.verb:set package 'doozy_actions' build argument 'cmake_clean_first' from command line to 'False'
[0.325s] Level 5:colcon.colcon_core.verb:set package 'doozy_actions' build argument 'cmake_force_configure' from command line to 'False'
[0.325s] Level 5:colcon.colcon_core.verb:set package 'doozy_actions' build argument 'ament_cmake_args' from command line to 'None'
[0.325s] Level 5:colcon.colcon_core.verb:set package 'doozy_actions' build argument 'catkin_cmake_args' from command line to 'None'
[0.325s] Level 5:colcon.colcon_core.verb:set package 'doozy_actions' build argument 'catkin_skip_building_tests' from command line to 'False'
[0.325s] DEBUG:colcon.colcon_core.verb:Building package 'doozy_actions' with the following arguments: {'ament_cmake_args': None, 'build_base': '/home/avinaash/doozy_robotics/doozy_ws_2/build/doozy_actions', 'catkin_cmake_args': None, 'catkin_skip_building_tests': False, 'cmake_args': None, 'cmake_clean_cache': False, 'cmake_clean_first': False, 'cmake_force_configure': False, 'cmake_target': None, 'cmake_target_skip_unavailable': False, 'install_base': '/home/avinaash/doozy_robotics/doozy_ws_2/install/doozy_actions', 'merge_install': False, 'path': '/home/avinaash/doozy_robotics/doozy_ws_2/src/doozy_actions', 'symlink_install': False, 'test_result_base': None}
[0.325s] Level 5:colcon.colcon_core.verb:set package 'pallet_docker_02' build argument 'cmake_args' from command line to 'None'
[0.325s] Level 5:colcon.colcon_core.verb:set package 'pallet_docker_02' build argument 'cmake_target' from command line to 'None'
[0.325s] Level 5:colcon.colcon_core.verb:set package 'pallet_docker_02' build argument 'cmake_target_skip_unavailable' from command line to 'False'
[0.325s] Level 5:colcon.colcon_core.verb:set package 'pallet_docker_02' build argument 'cmake_clean_cache' from command line to 'False'
[0.325s] Level 5:colcon.colcon_core.verb:set package 'pallet_docker_02' build argument 'cmake_clean_first' from command line to 'False'
[0.325s] Level 5:colcon.colcon_core.verb:set package 'pallet_docker_02' build argument 'cmake_force_configure' from command line to 'False'
[0.325s] Level 5:colcon.colcon_core.verb:set package 'pallet_docker_02' build argument 'ament_cmake_args' from command line to 'None'
[0.325s] Level 5:colcon.colcon_core.verb:set package 'pallet_docker_02' build argument 'catkin_cmake_args' from command line to 'None'
[0.325s] Level 5:colcon.colcon_core.verb:set package 'pallet_docker_02' build argument 'catkin_skip_building_tests' from command line to 'False'
[0.325s] DEBUG:colcon.colcon_core.verb:Building package 'pallet_docker_02' with the following arguments: {'ament_cmake_args': None, 'build_base': '/home/avinaash/doozy_robotics/doozy_ws_2/build/pallet_docker_02', 'catkin_cmake_args': None, 'catkin_skip_building_tests': False, 'cmake_args': None, 'cmake_clean_cache': False, 'cmake_clean_first': False, 'cmake_force_configure': False, 'cmake_target': None, 'cmake_target_skip_unavailable': False, 'install_base': '/home/avinaash/doozy_robotics/doozy_ws_2/install/pallet_docker_02', 'merge_install': False, 'path': '/home/avinaash/doozy_robotics/doozy_ws_2/src/pallet_docker_02', 'symlink_install': False, 'test_result_base': None}
[0.325s] Level 5:colcon.colcon_core.verb:set package 'sick_visionary_t_mini' build argument 'cmake_args' from command line to 'None'
[0.325s] Level 5:colcon.colcon_core.verb:set package 'sick_visionary_t_mini' build argument 'cmake_target' from command line to 'None'
[0.325s] Level 5:colcon.colcon_core.verb:set package 'sick_visionary_t_mini' build argument 'cmake_target_skip_unavailable' from command line to 'False'
[0.325s] Level 5:colcon.colcon_core.verb:set package 'sick_visionary_t_mini' build argument 'cmake_clean_cache' from command line to 'False'
[0.325s] Level 5:colcon.colcon_core.verb:set package 'sick_visionary_t_mini' build argument 'cmake_clean_first' from command line to 'False'
[0.325s] Level 5:colcon.colcon_core.verb:set package 'sick_visionary_t_mini' build argument 'cmake_force_configure' from command line to 'False'
[0.325s] Level 5:colcon.colcon_core.verb:set package 'sick_visionary_t_mini' build argument 'ament_cmake_args' from command line to 'None'
[0.325s] Level 5:colcon.colcon_core.verb:set package 'sick_visionary_t_mini' build argument 'catkin_cmake_args' from command line to 'None'
[0.325s] Level 5:colcon.colcon_core.verb:set package 'sick_visionary_t_mini' build argument 'catkin_skip_building_tests' from command line to 'False'
[0.325s] DEBUG:colcon.colcon_core.verb:Building package 'sick_visionary_t_mini' with the following arguments: {'ament_cmake_args': None, 'build_base': '/home/avinaash/doozy_robotics/doozy_ws_2/build/sick_visionary_t_mini', 'catkin_cmake_args': None, 'catkin_skip_building_tests': False, 'cmake_args': None, 'cmake_clean_cache': False, 'cmake_clean_first': False, 'cmake_force_configure': False, 'cmake_target': None, 'cmake_target_skip_unavailable': False, 'install_base': '/home/avinaash/doozy_robotics/doozy_ws_2/install/sick_visionary_t_mini', 'merge_install': False, 'path': '/home/avinaash/doozy_robotics/doozy_ws_2/src/sick_visionary_t_mini', 'symlink_install': False, 'test_result_base': None}
[0.326s] INFO:colcon.colcon_core.executor:Executing jobs using 'parallel' executor
[0.326s] DEBUG:colcon.colcon_parallel_executor.executor.parallel:run_until_complete
[0.326s] INFO:colcon.colcon_ros.task.ament_python.build:Building ROS package in '/home/avinaash/doozy_robotics/doozy_ws_2/src/2_t_dolly_logistics_driver' with build type 'ament_python'
[0.327s] Level 1:colcon.colcon_core.shell:create_environment_hook('2_t_dolly_logistics_driver', 'ament_prefix_path')
[0.329s] INFO:colcon.colcon_core.plugin_system:Skipping extension 'colcon_core.shell.bat': Not used on non-Windows systems
[0.329s] INFO:colcon.colcon_core.shell:Creating environment hook '/home/avinaash/doozy_robotics/doozy_ws_2/install/2_t_dolly_logistics_driver/share/2_t_dolly_logistics_driver/hook/ament_prefix_path.ps1'
[0.330s] INFO:colcon.colcon_core.shell:Creating environment descriptor '/home/avinaash/doozy_robotics/doozy_ws_2/install/2_t_dolly_logistics_driver/share/2_t_dolly_logistics_driver/hook/ament_prefix_path.dsv'
[0.331s] INFO:colcon.colcon_core.shell:Creating environment hook '/home/avinaash/doozy_robotics/doozy_ws_2/install/2_t_dolly_logistics_driver/share/2_t_dolly_logistics_driver/hook/ament_prefix_path.sh'
[0.332s] INFO:colcon.colcon_core.shell:Skip shell extension 'powershell' for command environment: Not usable outside of PowerShell
[0.332s] DEBUG:colcon.colcon_core.shell:Skip shell extension 'dsv' for command environment
[0.336s] INFO:colcon.colcon_ros.task.ament_cmake.build:Building ROS package in '/home/avinaash/doozy_robotics/doozy_ws_2/src/doozy_actions' with build type 'ament_cmake'
[0.336s] INFO:colcon.colcon_cmake.task.cmake.build:Building CMake package in '/home/avinaash/doozy_robotics/doozy_ws_2/src/doozy_actions'
[0.336s] INFO:colcon.colcon_core.shell:Skip shell extension 'powershell' for command environment: Not usable outside of PowerShell
[0.336s] DEBUG:colcon.colcon_core.shell:Skip shell extension 'dsv' for command environment
[0.340s] INFO:colcon.colcon_ros.task.ament_python.build:Building ROS package in '/home/avinaash/doozy_robotics/doozy_ws_2/src/pallet_docker_02' with build type 'ament_python'
[0.340s] Level 1:colcon.colcon_core.shell:create_environment_hook('pallet_docker_02', 'ament_prefix_path')
[0.340s] INFO:colcon.colcon_core.shell:Creating environment hook '/home/avinaash/doozy_robotics/doozy_ws_2/install/pallet_docker_02/share/pallet_docker_02/hook/ament_prefix_path.ps1'
[0.341s] INFO:colcon.colcon_core.shell:Creating environment descriptor '/home/avinaash/doozy_robotics/doozy_ws_2/install/pallet_docker_02/share/pallet_docker_02/hook/ament_prefix_path.dsv'
[0.341s] INFO:colcon.colcon_core.shell:Creating environment hook '/home/avinaash/doozy_robotics/doozy_ws_2/install/pallet_docker_02/share/pallet_docker_02/hook/ament_prefix_path.sh'
[0.341s] INFO:colcon.colcon_core.shell:Skip shell extension 'powershell' for command environment: Not usable outside of PowerShell
[0.341s] DEBUG:colcon.colcon_core.shell:Skip shell extension 'dsv' for command environment
[0.359s] INFO:colcon.colcon_ros.task.ament_cmake.build:Building ROS package in '/home/avinaash/doozy_robotics/doozy_ws_2/src/sick_visionary_t_mini' with build type 'ament_cmake'
[0.360s] INFO:colcon.colcon_cmake.task.cmake.build:Building CMake package in '/home/avinaash/doozy_robotics/doozy_ws_2/src/sick_visionary_t_mini'
[0.360s] INFO:colcon.colcon_core.shell:Skip shell extension 'powershell' for command environment: Not usable outside of PowerShell
[0.360s] DEBUG:colcon.colcon_core.shell:Skip shell extension 'dsv' for command environment
[0.530s] INFO:colcon.colcon_core.task.python.build:Building Python package in '/home/avinaash/doozy_robotics/doozy_ws_2/src/2_t_dolly_logistics_driver'
[0.531s] INFO:colcon.colcon_core.shell:Skip shell extension 'powershell' for command environment: Not usable outside of PowerShell
[0.531s] DEBUG:colcon.colcon_core.shell:Skip shell extension 'dsv' for command environment
[0.545s] DEBUG:colcon.colcon_core.event_handler.log_command:Invoking command in '/home/avinaash/doozy_robotics/doozy_ws_2/build/doozy_actions': CMAKE_PREFIX_PATH=${CMAKE_PREFIX_PATH}:/home/avinaash/doozy_robotics/doozy_ws_2/install/turtlebot3_teleop:/home/avinaash/doozy_robotics/doozy_ws_2/install/turtlebot3_example:/home/avinaash/doozy_robotics/doozy_ws_2/install/pallet_docker_02:/home/avinaash/doozy_robotics/doozy_ws_2/install/2_t_dolly_logistics_driver:/opt/ros/galactic /usr/bin/cmake --build /home/avinaash/doozy_robotics/doozy_ws_2/build/doozy_actions -- -j16 -l16
[0.708s] INFO:colcon.colcon_core.task.python.build:Building Python package in '/home/avinaash/doozy_robotics/doozy_ws_2/src/pallet_docker_02'
[0.709s] INFO:colcon.colcon_core.shell:Skip shell extension 'powershell' for command environment: Not usable outside of PowerShell
[0.709s] DEBUG:colcon.colcon_core.shell:Skip shell extension 'dsv' for command environment
[0.725s] DEBUG:colcon.colcon_core.event_handler.log_command:Invoking command in '/home/avinaash/doozy_robotics/doozy_ws_2/build/sick_visionary_t_mini': CMAKE_PREFIX_PATH=${CMAKE_PREFIX_PATH}:/home/avinaash/doozy_robotics/doozy_ws_2/install/turtlebot3_teleop:/home/avinaash/doozy_robotics/doozy_ws_2/install/turtlebot3_example:/home/avinaash/doozy_robotics/doozy_ws_2/install/pallet_docker_02:/home/avinaash/doozy_robotics/doozy_ws_2/install/2_t_dolly_logistics_driver:/opt/ros/galactic /usr/bin/cmake --build /home/avinaash/doozy_robotics/doozy_ws_2/build/sick_visionary_t_mini -- -j16 -l16
[0.785s] DEBUG:colcon.colcon_core.event_handler.log_command:Invoked command in '/home/avinaash/doozy_robotics/doozy_ws_2/build/doozy_actions' returned '0': CMAKE_PREFIX_PATH=${CMAKE_PREFIX_PATH}:/home/avinaash/doozy_robotics/doozy_ws_2/install/turtlebot3_teleop:/home/avinaash/doozy_robotics/doozy_ws_2/install/turtlebot3_example:/home/avinaash/doozy_robotics/doozy_ws_2/install/pallet_docker_02:/home/avinaash/doozy_robotics/doozy_ws_2/install/2_t_dolly_logistics_driver:/opt/ros/galactic /usr/bin/cmake --build /home/avinaash/doozy_robotics/doozy_ws_2/build/doozy_actions -- -j16 -l16
[0.858s] DEBUG:colcon.colcon_core.event_handler.log_command:Invoking command in '/home/avinaash/doozy_robotics/doozy_ws_2/build/doozy_actions': CMAKE_PREFIX_PATH=${CMAKE_PREFIX_PATH}:/home/avinaash/doozy_robotics/doozy_ws_2/install/turtlebot3_teleop:/home/avinaash/doozy_robotics/doozy_ws_2/install/turtlebot3_example:/home/avinaash/doozy_robotics/doozy_ws_2/install/pallet_docker_02:/home/avinaash/doozy_robotics/doozy_ws_2/install/2_t_dolly_logistics_driver:/opt/ros/galactic /usr/bin/cmake --install /home/avinaash/doozy_robotics/doozy_ws_2/build/doozy_actions
[0.900s] Level 1:colcon.colcon_core.environment:create_environment_scripts_only(doozy_actions)
[0.902s] DEBUG:colcon.colcon_core.event_handler.log_command:Invoked command in '/home/avinaash/doozy_robotics/doozy_ws_2/build/doozy_actions' returned '0': CMAKE_PREFIX_PATH=${CMAKE_PREFIX_PATH}:/home/avinaash/doozy_robotics/doozy_ws_2/install/turtlebot3_teleop:/home/avinaash/doozy_robotics/doozy_ws_2/install/turtlebot3_example:/home/avinaash/doozy_robotics/doozy_ws_2/install/pallet_docker_02:/home/avinaash/doozy_robotics/doozy_ws_2/install/2_t_dolly_logistics_driver:/opt/ros/galactic /usr/bin/cmake --install /home/avinaash/doozy_robotics/doozy_ws_2/build/doozy_actions
[0.904s] Level 1:colcon.colcon_core.environment:checking '/home/avinaash/doozy_robotics/doozy_ws_2/install/doozy_actions' for CMake module files
[0.904s] Level 1:colcon.colcon_core.environment:checking '/home/avinaash/doozy_robotics/doozy_ws_2/install/doozy_actions' for CMake config files
[0.904s] Level 1:colcon.colcon_core.shell:create_environment_hook('doozy_actions', 'cmake_prefix_path')
[0.905s] INFO:colcon.colcon_core.shell:Creating environment hook '/home/avinaash/doozy_robotics/doozy_ws_2/install/doozy_actions/share/doozy_actions/hook/cmake_prefix_path.ps1'
[0.905s] INFO:colcon.colcon_core.shell:Creating environment descriptor '/home/avinaash/doozy_robotics/doozy_ws_2/install/doozy_actions/share/doozy_actions/hook/cmake_prefix_path.dsv'
[0.906s] INFO:colcon.colcon_core.shell:Creating environment hook '/home/avinaash/doozy_robotics/doozy_ws_2/install/doozy_actions/share/doozy_actions/hook/cmake_prefix_path.sh'
[0.906s] Level 1:colcon.colcon_core.environment:checking '/home/avinaash/doozy_robotics/doozy_ws_2/install/doozy_actions/lib'
[0.906s] Level 1:colcon.colcon_core.shell:create_environment_hook('doozy_actions', 'ld_library_path_lib')
[0.907s] INFO:colcon.colcon_core.shell:Creating environment hook '/home/avinaash/doozy_robotics/doozy_ws_2/install/doozy_actions/share/doozy_actions/hook/ld_library_path_lib.ps1'
[0.907s] INFO:colcon.colcon_core.shell:Creating environment descriptor '/home/avinaash/doozy_robotics/doozy_ws_2/install/doozy_actions/share/doozy_actions/hook/ld_library_path_lib.dsv'
[0.907s] INFO:colcon.colcon_core.shell:Creating environment hook '/home/avinaash/doozy_robotics/doozy_ws_2/install/doozy_actions/share/doozy_actions/hook/ld_library_path_lib.sh'
[0.908s] Level 1:colcon.colcon_core.environment:checking '/home/avinaash/doozy_robotics/doozy_ws_2/install/doozy_actions/bin'
[0.908s] Level 1:colcon.colcon_core.environment:checking '/home/avinaash/doozy_robotics/doozy_ws_2/install/doozy_actions/lib/pkgconfig/doozy_actions.pc'
[0.908s] Level 1:colcon.colcon_core.environment:checking '/home/avinaash/doozy_robotics/doozy_ws_2/install/doozy_actions/lib/python3.8/site-packages'
[0.908s] Level 1:colcon.colcon_core.shell:create_environment_hook('doozy_actions', 'pythonpath')
[0.908s] INFO:colcon.colcon_core.shell:Creating environment hook '/home/avinaash/doozy_robotics/doozy_ws_2/install/doozy_actions/share/doozy_actions/hook/pythonpath.ps1'
[0.908s] INFO:colcon.colcon_core.shell:Creating environment descriptor '/home/avinaash/doozy_robotics/doozy_ws_2/install/doozy_actions/share/doozy_actions/hook/pythonpath.dsv'
[0.909s] INFO:colcon.colcon_core.shell:Creating environment hook '/home/avinaash/doozy_robotics/doozy_ws_2/install/doozy_actions/share/doozy_actions/hook/pythonpath.sh'
[0.909s] Level 1:colcon.colcon_core.environment:checking '/home/avinaash/doozy_robotics/doozy_ws_2/install/doozy_actions/bin'
[0.909s] INFO:colcon.colcon_core.shell:Creating package script '/home/avinaash/doozy_robotics/doozy_ws_2/install/doozy_actions/share/doozy_actions/package.ps1'
[0.910s] INFO:colcon.colcon_core.shell:Creating package descriptor '/home/avinaash/doozy_robotics/doozy_ws_2/install/doozy_actions/share/doozy_actions/package.dsv'
[0.911s] INFO:colcon.colcon_core.shell:Creating package script '/home/avinaash/doozy_robotics/doozy_ws_2/install/doozy_actions/share/doozy_actions/package.sh'
[0.911s] INFO:colcon.colcon_core.shell:Creating package script '/home/avinaash/doozy_robotics/doozy_ws_2/install/doozy_actions/share/doozy_actions/package.bash'
[0.912s] INFO:colcon.colcon_core.shell:Creating package script '/home/avinaash/doozy_robotics/doozy_ws_2/install/doozy_actions/share/doozy_actions/package.zsh'
[0.912s] Level 1:colcon.colcon_core.environment:create_file_with_runtime_dependencies(/home/avinaash/doozy_robotics/doozy_ws_2/install/doozy_actions/share/colcon-core/packages/doozy_actions)
[0.917s] DEBUG:colcon.colcon_core.event_handler.log_command:Invoked command in '/home/avinaash/doozy_robotics/doozy_ws_2/build/sick_visionary_t_mini' returned '0': CMAKE_PREFIX_PATH=${CMAKE_PREFIX_PATH}:/home/avinaash/doozy_robotics/doozy_ws_2/install/turtlebot3_teleop:/home/avinaash/doozy_robotics/doozy_ws_2/install/turtlebot3_example:/home/avinaash/doozy_robotics/doozy_ws_2/install/pallet_docker_02:/home/avinaash/doozy_robotics/doozy_ws_2/install/2_t_dolly_logistics_driver:/opt/ros/galactic /usr/bin/cmake --build /home/avinaash/doozy_robotics/doozy_ws_2/build/sick_visionary_t_mini -- -j16 -l16
[0.957s] DEBUG:colcon.colcon_core.event_handler.log_command:Invoking command in '/home/avinaash/doozy_robotics/doozy_ws_2/build/sick_visionary_t_mini': CMAKE_PREFIX_PATH=${CMAKE_PREFIX_PATH}:/home/avinaash/doozy_robotics/doozy_ws_2/install/turtlebot3_teleop:/home/avinaash/doozy_robotics/doozy_ws_2/install/turtlebot3_example:/home/avinaash/doozy_robotics/doozy_ws_2/install/pallet_docker_02:/home/avinaash/doozy_robotics/doozy_ws_2/install/2_t_dolly_logistics_driver:/opt/ros/galactic /usr/bin/cmake --install /home/avinaash/doozy_robotics/doozy_ws_2/build/sick_visionary_t_mini
[0.979s] Level 1:colcon.colcon_core.environment:create_environment_scripts_only(doozy_actions)
[0.980s] Level 1:colcon.colcon_core.environment:checking '/home/avinaash/doozy_robotics/doozy_ws_2/install/doozy_actions' for CMake module files
[0.980s] Level 1:colcon.colcon_core.environment:checking '/home/avinaash/doozy_robotics/doozy_ws_2/install/doozy_actions' for CMake config files
[0.981s] Level 1:colcon.colcon_core.shell:create_environment_hook('doozy_actions', 'cmake_prefix_path')
[0.981s] INFO:colcon.colcon_core.shell:Creating environment hook '/home/avinaash/doozy_robotics/doozy_ws_2/install/doozy_actions/share/doozy_actions/hook/cmake_prefix_path.ps1'
[0.982s] INFO:colcon.colcon_core.shell:Creating environment descriptor '/home/avinaash/doozy_robotics/doozy_ws_2/install/doozy_actions/share/doozy_actions/hook/cmake_prefix_path.dsv'
[0.982s] INFO:colcon.colcon_core.shell:Creating environment hook '/home/avinaash/doozy_robotics/doozy_ws_2/install/doozy_actions/share/doozy_actions/hook/cmake_prefix_path.sh'
[0.983s] Level 1:colcon.colcon_core.environment:checking '/home/avinaash/doozy_robotics/doozy_ws_2/install/doozy_actions/lib'
[0.983s] Level 1:colcon.colcon_core.shell:create_environment_hook('doozy_actions', 'ld_library_path_lib')
[0.983s] INFO:colcon.colcon_core.shell:Creating environment hook '/home/avinaash/doozy_robotics/doozy_ws_2/install/doozy_actions/share/doozy_actions/hook/ld_library_path_lib.ps1'
[0.983s] INFO:colcon.colcon_core.shell:Creating environment descriptor '/home/avinaash/doozy_robotics/doozy_ws_2/install/doozy_actions/share/doozy_actions/hook/ld_library_path_lib.dsv'
[0.983s] INFO:colcon.colcon_core.shell:Creating environment hook '/home/avinaash/doozy_robotics/doozy_ws_2/install/doozy_actions/share/doozy_actions/hook/ld_library_path_lib.sh'
[0.983s] Level 1:colcon.colcon_core.environment:checking '/home/avinaash/doozy_robotics/doozy_ws_2/install/doozy_actions/bin'
[0.984s] Level 1:colcon.colcon_core.environment:checking '/home/avinaash/doozy_robotics/doozy_ws_2/install/doozy_actions/lib/pkgconfig/doozy_actions.pc'
[0.984s] Level 1:colcon.colcon_core.environment:checking '/home/avinaash/doozy_robotics/doozy_ws_2/install/doozy_actions/lib/python3.8/site-packages'
[0.984s] Level 1:colcon.colcon_core.shell:create_environment_hook('doozy_actions', 'pythonpath')
[0.984s] INFO:colcon.colcon_core.shell:Creating environment hook '/home/avinaash/doozy_robotics/doozy_ws_2/install/doozy_actions/share/doozy_actions/hook/pythonpath.ps1'
[0.984s] INFO:colcon.colcon_core.shell:Creating environment descriptor '/home/avinaash/doozy_robotics/doozy_ws_2/install/doozy_actions/share/doozy_actions/hook/pythonpath.dsv'
[0.984s] INFO:colcon.colcon_core.shell:Creating environment hook '/home/avinaash/doozy_robotics/doozy_ws_2/install/doozy_actions/share/doozy_actions/hook/pythonpath.sh'
[0.985s] Level 1:colcon.colcon_core.environment:checking '/home/avinaash/doozy_robotics/doozy_ws_2/install/doozy_actions/bin'
[0.985s] INFO:colcon.colcon_core.shell:Creating package script '/home/avinaash/doozy_robotics/doozy_ws_2/install/doozy_actions/share/doozy_actions/package.ps1'
[0.985s] INFO:colcon.colcon_core.shell:Creating package descriptor '/home/avinaash/doozy_robotics/doozy_ws_2/install/doozy_actions/share/doozy_actions/package.dsv'
[0.985s] INFO:colcon.colcon_core.shell:Creating package script '/home/avinaash/doozy_robotics/doozy_ws_2/install/doozy_actions/share/doozy_actions/package.sh'
[0.986s] INFO:colcon.colcon_core.shell:Creating package script '/home/avinaash/doozy_robotics/doozy_ws_2/install/doozy_actions/share/doozy_actions/package.bash'
[0.986s] INFO:colcon.colcon_core.shell:Creating package script '/home/avinaash/doozy_robotics/doozy_ws_2/install/doozy_actions/share/doozy_actions/package.zsh'
[0.986s] Level 1:colcon.colcon_core.environment:create_file_with_runtime_dependencies(/home/avinaash/doozy_robotics/doozy_ws_2/install/doozy_actions/share/colcon-core/packages/doozy_actions)
[1.005s] Level 1:colcon.colcon_core.environment:create_environment_scripts_only(sick_visionary_t_mini)
[1.005s] Level 1:colcon.colcon_core.environment:checking '/home/avinaash/doozy_robotics/doozy_ws_2/install/sick_visionary_t_mini' for CMake module files
[1.006s] Level 1:colcon.colcon_core.environment:checking '/home/avinaash/doozy_robotics/doozy_ws_2/install/sick_visionary_t_mini' for CMake config files
[1.007s] DEBUG:colcon.colcon_core.event_handler.log_command:Invoked command in '/home/avinaash/doozy_robotics/doozy_ws_2/build/sick_visionary_t_mini' returned '0': CMAKE_PREFIX_PATH=${CMAKE_PREFIX_PATH}:/home/avinaash/doozy_robotics/doozy_ws_2/install/turtlebot3_teleop:/home/avinaash/doozy_robotics/doozy_ws_2/install/turtlebot3_example:/home/avinaash/doozy_robotics/doozy_ws_2/install/pallet_docker_02:/home/avinaash/doozy_robotics/doozy_ws_2/install/2_t_dolly_logistics_driver:/opt/ros/galactic /usr/bin/cmake --install /home/avinaash/doozy_robotics/doozy_ws_2/build/sick_visionary_t_mini
[1.007s] Level 1:colcon.colcon_core.shell:create_environment_hook('sick_visionary_t_mini', 'cmake_prefix_path')
[1.008s] INFO:colcon.colcon_core.shell:Creating environment hook '/home/avinaash/doozy_robotics/doozy_ws_2/install/sick_visionary_t_mini/share/sick_visionary_t_mini/hook/cmake_prefix_path.ps1'
[1.008s] INFO:colcon.colcon_core.shell:Creating environment descriptor '/home/avinaash/doozy_robotics/doozy_ws_2/install/sick_visionary_t_mini/share/sick_visionary_t_mini/hook/cmake_prefix_path.dsv'
[1.009s] INFO:colcon.colcon_core.shell:Creating environment hook '/home/avinaash/doozy_robotics/doozy_ws_2/install/sick_visionary_t_mini/share/sick_visionary_t_mini/hook/cmake_prefix_path.sh'
[1.009s] Level 1:colcon.colcon_core.environment:checking '/home/avinaash/doozy_robotics/doozy_ws_2/install/sick_visionary_t_mini/lib'
[1.009s] Level 1:colcon.colcon_core.shell:create_environment_hook('sick_visionary_t_mini', 'ld_library_path_lib')
[1.010s] INFO:colcon.colcon_core.shell:Creating environment hook '/home/avinaash/doozy_robotics/doozy_ws_2/install/sick_visionary_t_mini/share/sick_visionary_t_mini/hook/ld_library_path_lib.ps1'
[1.010s] INFO:colcon.colcon_core.shell:Creating environment descriptor '/home/avinaash/doozy_robotics/doozy_ws_2/install/sick_visionary_t_mini/share/sick_visionary_t_mini/hook/ld_library_path_lib.dsv'
[1.011s] INFO:colcon.colcon_core.shell:Creating environment hook '/home/avinaash/doozy_robotics/doozy_ws_2/install/sick_visionary_t_mini/share/sick_visionary_t_mini/hook/ld_library_path_lib.sh'
[1.011s] Level 1:colcon.colcon_core.environment:checking '/home/avinaash/doozy_robotics/doozy_ws_2/install/sick_visionary_t_mini/bin'
[1.011s] Level 1:colcon.colcon_core.environment:checking '/home/avinaash/doozy_robotics/doozy_ws_2/install/sick_visionary_t_mini/lib/pkgconfig/sick_visionary_t_mini.pc'
[1.011s] Level 1:colcon.colcon_core.environment:checking '/home/avinaash/doozy_robotics/doozy_ws_2/install/sick_visionary_t_mini/lib/python3.8/site-packages'
[1.011s] Level 1:colcon.colcon_core.shell:create_environment_hook('sick_visionary_t_mini', 'pythonpath')
[1.012s] INFO:colcon.colcon_core.shell:Creating environment hook '/home/avinaash/doozy_robotics/doozy_ws_2/install/sick_visionary_t_mini/share/sick_visionary_t_mini/hook/pythonpath.ps1'
[1.012s] INFO:colcon.colcon_core.shell:Creating environment descriptor '/home/avinaash/doozy_robotics/doozy_ws_2/install/sick_visionary_t_mini/share/sick_visionary_t_mini/hook/pythonpath.dsv'
[1.013s] INFO:colcon.colcon_core.shell:Creating environment hook '/home/avinaash/doozy_robotics/doozy_ws_2/install/sick_visionary_t_mini/share/sick_visionary_t_mini/hook/pythonpath.sh'
[1.013s] Level 1:colcon.colcon_core.environment:checking '/home/avinaash/doozy_robotics/doozy_ws_2/install/sick_visionary_t_mini/bin'
[1.014s] INFO:colcon.colcon_core.shell:Creating package script '/home/avinaash/doozy_robotics/doozy_ws_2/install/sick_visionary_t_mini/share/sick_visionary_t_mini/package.ps1'
[1.014s] INFO:colcon.colcon_core.shell:Creating package descriptor '/home/avinaash/doozy_robotics/doozy_ws_2/install/sick_visionary_t_mini/share/sick_visionary_t_mini/package.dsv'
[1.015s] INFO:colcon.colcon_core.shell:Creating package script '/home/avinaash/doozy_robotics/doozy_ws_2/install/sick_visionary_t_mini/share/sick_visionary_t_mini/package.sh'
[1.015s] INFO:colcon.colcon_core.shell:Creating package script '/home/avinaash/doozy_robotics/doozy_ws_2/install/sick_visionary_t_mini/share/sick_visionary_t_mini/package.bash'
[1.016s] INFO:colcon.colcon_core.shell:Creating package script '/home/avinaash/doozy_robotics/doozy_ws_2/install/sick_visionary_t_mini/share/sick_visionary_t_mini/package.zsh'
[1.016s] Level 1:colcon.colcon_core.environment:create_file_with_runtime_dependencies(/home/avinaash/doozy_robotics/doozy_ws_2/install/sick_visionary_t_mini/share/colcon-core/packages/sick_visionary_t_mini)
[1.056s] Level 1:colcon.colcon_core.environment:create_environment_scripts_only(sick_visionary_t_mini)
[1.057s] Level 1:colcon.colcon_core.environment:checking '/home/avinaash/doozy_robotics/doozy_ws_2/install/sick_visionary_t_mini' for CMake module files
[1.057s] Level 1:colcon.colcon_core.environment:checking '/home/avinaash/doozy_robotics/doozy_ws_2/install/sick_visionary_t_mini' for CMake config files
[1.057s] Level 1:colcon.colcon_core.shell:create_environment_hook('sick_visionary_t_mini', 'cmake_prefix_path')
[1.058s] INFO:colcon.colcon_core.shell:Creating environment hook '/home/avinaash/doozy_robotics/doozy_ws_2/install/sick_visionary_t_mini/share/sick_visionary_t_mini/hook/cmake_prefix_path.ps1'
[1.058s] INFO:colcon.colcon_core.shell:Creating environment descriptor '/home/avinaash/doozy_robotics/doozy_ws_2/install/sick_visionary_t_mini/share/sick_visionary_t_mini/hook/cmake_prefix_path.dsv'
[1.058s] INFO:colcon.colcon_core.shell:Creating environment hook '/home/avinaash/doozy_robotics/doozy_ws_2/install/sick_visionary_t_mini/share/sick_visionary_t_mini/hook/cmake_prefix_path.sh'
[1.059s] Level 1:colcon.colcon_core.environment:checking '/home/avinaash/doozy_robotics/doozy_ws_2/install/sick_visionary_t_mini/lib'
[1.059s] Level 1:colcon.colcon_core.shell:create_environment_hook('sick_visionary_t_mini', 'ld_library_path_lib')
[1.059s] INFO:colcon.colcon_core.shell:Creating environment hook '/home/avinaash/doozy_robotics/doozy_ws_2/install/sick_visionary_t_mini/share/sick_visionary_t_mini/hook/ld_library_path_lib.ps1'
[1.059s] INFO:colcon.colcon_core.shell:Creating environment descriptor '/home/avinaash/doozy_robotics/doozy_ws_2/install/sick_visionary_t_mini/share/sick_visionary_t_mini/hook/ld_library_path_lib.dsv'
[1.059s] INFO:colcon.colcon_core.shell:Creating environment hook '/home/avinaash/doozy_robotics/doozy_ws_2/install/sick_visionary_t_mini/share/sick_visionary_t_mini/hook/ld_library_path_lib.sh'
[1.060s] Level 1:colcon.colcon_core.environment:checking '/home/avinaash/doozy_robotics/doozy_ws_2/install/sick_visionary_t_mini/bin'
[1.060s] Level 1:colcon.colcon_core.environment:checking '/home/avinaash/doozy_robotics/doozy_ws_2/install/sick_visionary_t_mini/lib/pkgconfig/sick_visionary_t_mini.pc'
[1.060s] Level 1:colcon.colcon_core.environment:checking '/home/avinaash/doozy_robotics/doozy_ws_2/install/sick_visionary_t_mini/lib/python3.8/site-packages'
[1.060s] Level 1:colcon.colcon_core.shell:create_environment_hook('sick_visionary_t_mini', 'pythonpath')
[1.060s] INFO:colcon.colcon_core.shell:Creating environment hook '/home/avinaash/doozy_robotics/doozy_ws_2/install/sick_visionary_t_mini/share/sick_visionary_t_mini/hook/pythonpath.ps1'
[1.060s] INFO:colcon.colcon_core.shell:Creating environment descriptor '/home/avinaash/doozy_robotics/doozy_ws_2/install/sick_visionary_t_mini/share/sick_visionary_t_mini/hook/pythonpath.dsv'
[1.060s] INFO:colcon.colcon_core.shell:Creating environment hook '/home/avinaash/doozy_robotics/doozy_ws_2/install/sick_visionary_t_mini/share/sick_visionary_t_mini/hook/pythonpath.sh'
[1.061s] Level 1:colcon.colcon_core.environment:checking '/home/avinaash/doozy_robotics/doozy_ws_2/install/sick_visionary_t_mini/bin'
[1.061s] INFO:colcon.colcon_core.shell:Creating package script '/home/avinaash/doozy_robotics/doozy_ws_2/install/sick_visionary_t_mini/share/sick_visionary_t_mini/package.ps1'
[1.061s] INFO:colcon.colcon_core.shell:Creating package descriptor '/home/avinaash/doozy_robotics/doozy_ws_2/install/sick_visionary_t_mini/share/sick_visionary_t_mini/package.dsv'
[1.062s] INFO:colcon.colcon_core.shell:Creating package script '/home/avinaash/doozy_robotics/doozy_ws_2/install/sick_visionary_t_mini/share/sick_visionary_t_mini/package.sh'
[1.062s] INFO:colcon.colcon_core.shell:Creating package script '/home/avinaash/doozy_robotics/doozy_ws_2/install/sick_visionary_t_mini/share/sick_visionary_t_mini/package.bash'
[1.062s] INFO:colcon.colcon_core.shell:Creating package script '/home/avinaash/doozy_robotics/doozy_ws_2/install/sick_visionary_t_mini/share/sick_visionary_t_mini/package.zsh'
[1.063s] Level 1:colcon.colcon_core.environment:create_file_with_runtime_dependencies(/home/avinaash/doozy_robotics/doozy_ws_2/install/sick_visionary_t_mini/share/colcon-core/packages/sick_visionary_t_mini)
[1.106s] DEBUG:colcon.colcon_core.event_handler.log_command:Invoking command in '/home/avinaash/doozy_robotics/doozy_ws_2/src/2_t_dolly_logistics_driver': PYTHONPATH=/home/avinaash/doozy_robotics/doozy_ws_2/build/2_t_dolly_logistics_driver/prefix_override:/home/avinaash/doozy_robotics/doozy_ws_2/install/2_t_dolly_logistics_driver/lib/python3.8/site-packages:${PYTHONPATH} /usr/bin/python3 -W ignore:setup.py install is deprecated setup.py egg_info --egg-base ../../build/2_t_dolly_logistics_driver build --build-base /home/avinaash/doozy_robotics/doozy_ws_2/build/2_t_dolly_logistics_driver/build install --record /home/avinaash/doozy_robotics/doozy_ws_2/build/2_t_dolly_logistics_driver/install.log --single-version-externally-managed install_data
[1.108s] DEBUG:colcon.colcon_core.event_handler.log_command:Invoking command in '/home/avinaash/doozy_robotics/doozy_ws_2/src/pallet_docker_02': PYTHONPATH=/home/avinaash/doozy_robotics/doozy_ws_2/build/pallet_docker_02/prefix_override:/home/avinaash/doozy_robotics/doozy_ws_2/install/pallet_docker_02/lib/python3.8/site-packages:${PYTHONPATH} /usr/bin/python3 -W ignore:setup.py install is deprecated setup.py egg_info --egg-base ../../build/pallet_docker_02 build --build-base /home/avinaash/doozy_robotics/doozy_ws_2/build/pallet_docker_02/build install --record /home/avinaash/doozy_robotics/doozy_ws_2/build/pallet_docker_02/install.log --single-version-externally-managed install_data
[1.312s] Level 1:colcon.colcon_core.environment:checking '/home/avinaash/doozy_robotics/doozy_ws_2/install/2_t_dolly_logistics_driver' for CMake module files
[1.312s] DEBUG:colcon.colcon_core.event_handler.log_command:Invoked command in '/home/avinaash/doozy_robotics/doozy_ws_2/src/2_t_dolly_logistics_driver' returned '0': PYTHONPATH=/home/avinaash/doozy_robotics/doozy_ws_2/build/2_t_dolly_logistics_driver/prefix_override:/home/avinaash/doozy_robotics/doozy_ws_2/install/2_t_dolly_logistics_driver/lib/python3.8/site-packages:${PYTHONPATH} /usr/bin/python3 -W ignore:setup.py install is deprecated setup.py egg_info --egg-base ../../build/2_t_dolly_logistics_driver build --build-base /home/avinaash/doozy_robotics/doozy_ws_2/build/2_t_dolly_logistics_driver/build install --record /home/avinaash/doozy_robotics/doozy_ws_2/build/2_t_dolly_logistics_driver/install.log --single-version-externally-managed install_data
[1.313s] Level 1:colcon.colcon_core.environment:checking '/home/avinaash/doozy_robotics/doozy_ws_2/install/2_t_dolly_logistics_driver' for CMake config files
[1.314s] Level 1:colcon.colcon_core.environment:checking '/home/avinaash/doozy_robotics/doozy_ws_2/install/2_t_dolly_logistics_driver/lib'
[1.314s] Level 1:colcon.colcon_core.environment:checking '/home/avinaash/doozy_robotics/doozy_ws_2/install/2_t_dolly_logistics_driver/bin'
[1.314s] Level 1:colcon.colcon_core.environment:checking '/home/avinaash/doozy_robotics/doozy_ws_2/install/2_t_dolly_logistics_driver/lib/pkgconfig/2_t_dolly_logistics_driver.pc'
[1.314s] Level 1:colcon.colcon_core.environment:checking '/home/avinaash/doozy_robotics/doozy_ws_2/install/2_t_dolly_logistics_driver/lib/python3.8/site-packages'
[1.314s] Level 1:colcon.colcon_core.shell:create_environment_hook('2_t_dolly_logistics_driver', 'pythonpath')
[1.315s] INFO:colcon.colcon_core.shell:Creating environment hook '/home/avinaash/doozy_robotics/doozy_ws_2/install/2_t_dolly_logistics_driver/share/2_t_dolly_logistics_driver/hook/pythonpath.ps1'
[1.315s] INFO:colcon.colcon_core.shell:Creating environment descriptor '/home/avinaash/doozy_robotics/doozy_ws_2/install/2_t_dolly_logistics_driver/share/2_t_dolly_logistics_driver/hook/pythonpath.dsv'
[1.316s] INFO:colcon.colcon_core.shell:Creating environment hook '/home/avinaash/doozy_robotics/doozy_ws_2/install/2_t_dolly_logistics_driver/share/2_t_dolly_logistics_driver/hook/pythonpath.sh'
[1.316s] Level 1:colcon.colcon_core.environment:checking '/home/avinaash/doozy_robotics/doozy_ws_2/install/2_t_dolly_logistics_driver/bin'
[1.316s] Level 1:colcon.colcon_core.environment:create_environment_scripts_only(2_t_dolly_logistics_driver)
[1.317s] INFO:colcon.colcon_core.shell:Creating package script '/home/avinaash/doozy_robotics/doozy_ws_2/install/2_t_dolly_logistics_driver/share/2_t_dolly_logistics_driver/package.ps1'
[1.318s] INFO:colcon.colcon_core.shell:Creating package descriptor '/home/avinaash/doozy_robotics/doozy_ws_2/install/2_t_dolly_logistics_driver/share/2_t_dolly_logistics_driver/package.dsv'
[1.318s] INFO:colcon.colcon_core.shell:Creating package script '/home/avinaash/doozy_robotics/doozy_ws_2/install/2_t_dolly_logistics_driver/share/2_t_dolly_logistics_driver/package.sh'
[1.319s] INFO:colcon.colcon_core.shell:Creating package script '/home/avinaash/doozy_robotics/doozy_ws_2/install/2_t_dolly_logistics_driver/share/2_t_dolly_logistics_driver/package.bash'
[1.319s] INFO:colcon.colcon_core.shell:Creating package script '/home/avinaash/doozy_robotics/doozy_ws_2/install/2_t_dolly_logistics_driver/share/2_t_dolly_logistics_driver/package.zsh'
[1.319s] Level 1:colcon.colcon_core.environment:create_file_with_runtime_dependencies(/home/avinaash/doozy_robotics/doozy_ws_2/install/2_t_dolly_logistics_driver/share/colcon-core/packages/2_t_dolly_logistics_driver)
[1.325s] Level 1:colcon.colcon_core.environment:checking '/home/avinaash/doozy_robotics/doozy_ws_2/install/pallet_docker_02' for CMake module files
[1.326s] DEBUG:colcon.colcon_core.event_handler.log_command:Invoked command in '/home/avinaash/doozy_robotics/doozy_ws_2/src/pallet_docker_02' returned '0': PYTHONPATH=/home/avinaash/doozy_robotics/doozy_ws_2/build/pallet_docker_02/prefix_override:/home/avinaash/doozy_robotics/doozy_ws_2/install/pallet_docker_02/lib/python3.8/site-packages:${PYTHONPATH} /usr/bin/python3 -W ignore:setup.py install is deprecated setup.py egg_info --egg-base ../../build/pallet_docker_02 build --build-base /home/avinaash/doozy_robotics/doozy_ws_2/build/pallet_docker_02/build install --record /home/avinaash/doozy_robotics/doozy_ws_2/build/pallet_docker_02/install.log --single-version-externally-managed install_data
[1.327s] Level 1:colcon.colcon_core.environment:checking '/home/avinaash/doozy_robotics/doozy_ws_2/install/pallet_docker_02' for CMake config files
[1.327s] Level 1:colcon.colcon_core.environment:checking '/home/avinaash/doozy_robotics/doozy_ws_2/install/pallet_docker_02/lib'
[1.327s] Level 1:colcon.colcon_core.environment:checking '/home/avinaash/doozy_robotics/doozy_ws_2/install/pallet_docker_02/bin'
[1.327s] Level 1:colcon.colcon_core.environment:checking '/home/avinaash/doozy_robotics/doozy_ws_2/install/pallet_docker_02/lib/pkgconfig/pallet_docker_02.pc'
[1.327s] Level 1:colcon.colcon_core.environment:checking '/home/avinaash/doozy_robotics/doozy_ws_2/install/pallet_docker_02/lib/python3.8/site-packages'
[1.327s] Level 1:colcon.colcon_core.shell:create_environment_hook('pallet_docker_02', 'pythonpath')
[1.327s] INFO:colcon.colcon_core.shell:Creating environment hook '/home/avinaash/doozy_robotics/doozy_ws_2/install/pallet_docker_02/share/pallet_docker_02/hook/pythonpath.ps1'
[1.328s] INFO:colcon.colcon_core.shell:Creating environment descriptor '/home/avinaash/doozy_robotics/doozy_ws_2/install/pallet_docker_02/share/pallet_docker_02/hook/pythonpath.dsv'
[1.328s] INFO:colcon.colcon_core.shell:Creating environment hook '/home/avinaash/doozy_robotics/doozy_ws_2/install/pallet_docker_02/share/pallet_docker_02/hook/pythonpath.sh'
[1.328s] Level 1:colcon.colcon_core.environment:checking '/home/avinaash/doozy_robotics/doozy_ws_2/install/pallet_docker_02/bin'
[1.328s] Level 1:colcon.colcon_core.environment:create_environment_scripts_only(pallet_docker_02)
[1.328s] INFO:colcon.colcon_core.shell:Creating package script '/home/avinaash/doozy_robotics/doozy_ws_2/install/pallet_docker_02/share/pallet_docker_02/package.ps1'
[1.329s] INFO:colcon.colcon_core.shell:Creating package descriptor '/home/avinaash/doozy_robotics/doozy_ws_2/install/pallet_docker_02/share/pallet_docker_02/package.dsv'
[1.329s] INFO:colcon.colcon_core.shell:Creating package script '/home/avinaash/doozy_robotics/doozy_ws_2/install/pallet_docker_02/share/pallet_docker_02/package.sh'
[1.329s] INFO:colcon.colcon_core.shell:Creating package script '/home/avinaash/doozy_robotics/doozy_ws_2/install/pallet_docker_02/share/pallet_docker_02/package.bash'
[1.329s] INFO:colcon.colcon_core.shell:Creating package script '/home/avinaash/doozy_robotics/doozy_ws_2/install/pallet_docker_02/share/pallet_docker_02/package.zsh'
[1.330s] Level 1:colcon.colcon_core.environment:create_file_with_runtime_dependencies(/home/avinaash/doozy_robotics/doozy_ws_2/install/pallet_docker_02/share/colcon-core/packages/pallet_docker_02)
[1.330s] DEBUG:colcon.colcon_parallel_executor.executor.parallel:closing loop
[1.330s] DEBUG:colcon.colcon_parallel_executor.executor.parallel:loop closed
[1.330s] DEBUG:colcon.colcon_parallel_executor.executor.parallel:run_until_complete finished with '0'
[1.330s] DEBUG:colcon.colcon_core.event_reactor:joining thread
[1.334s] INFO:colcon.colcon_core.plugin_system:Skipping extension 'colcon_notification.desktop_notification.terminal_notifier': Not used on non-Darwin systems
[1.335s] INFO:colcon.colcon_core.plugin_system:Skipping extension 'colcon_notification.desktop_notification.win32': Not used on non-Windows systems
[1.335s] INFO:colcon.colcon_notification.desktop_notification:Sending desktop notification using 'notify2'
[1.346s] DEBUG:colcon.colcon_core.event_reactor:joined thread
[1.347s] INFO:colcon.colcon_core.shell:Creating prefix script '/home/avinaash/doozy_robotics/doozy_ws_2/install/local_setup.ps1'
[1.348s] INFO:colcon.colcon_core.shell:Creating prefix util module '/home/avinaash/doozy_robotics/doozy_ws_2/install/_local_setup_util_ps1.py'
[1.349s] INFO:colcon.colcon_core.shell:Creating prefix chain script '/home/avinaash/doozy_robotics/doozy_ws_2/install/setup.ps1'
[1.350s] INFO:colcon.colcon_core.shell:Creating prefix script '/home/avinaash/doozy_robotics/doozy_ws_2/install/local_setup.sh'
[1.350s] INFO:colcon.colcon_core.shell:Creating prefix util module '/home/avinaash/doozy_robotics/doozy_ws_2/install/_local_setup_util_sh.py'
[1.350s] INFO:colcon.colcon_core.shell:Creating prefix chain script '/home/avinaash/doozy_robotics/doozy_ws_2/install/setup.sh'
[1.351s] INFO:colcon.colcon_core.shell:Creating prefix script '/home/avinaash/doozy_robotics/doozy_ws_2/install/local_setup.bash'
[1.351s] INFO:colcon.colcon_core.shell:Creating prefix chain script '/home/avinaash/doozy_robotics/doozy_ws_2/install/setup.bash'
[1.352s] INFO:colcon.colcon_core.shell:Creating prefix script '/home/avinaash/doozy_robotics/doozy_ws_2/install/local_setup.zsh'
[1.352s] INFO:colcon.colcon_core.shell:Creating prefix chain script '/home/avinaash/doozy_robotics/doozy_ws_2/install/setup.zsh'
