[7.447s] Invoking command in '/home/avinaash/doozy_robotics/doozy_ws_2/build/sick_visionary_t_mini': CMAKE_PREFIX_PATH=${CMAKE_PREFIX_PATH}:/home/avinaash/doozy_robotics/doozy_ws_2/install/turtlebot3_teleop:/home/avinaash/doozy_robotics/doozy_ws_2/install/turtlebot3_example:/home/avinaash/doozy_robotics/doozy_ws_2/install/pallet_docker_02:/home/avinaash/doozy_robotics/doozy_ws_2/install/2_t_dolly_logistics_driver:/opt/ros/galactic /usr/bin/cmake --build /home/avinaash/doozy_robotics/doozy_ws_2/build/sick_visionary_t_mini -- -j12 -l12
[7.801s] [  3%] Built target sick_visionary_t_mini__cpp
[7.878s] [ 12%] Built target sick_visionary_t_mini__rosidl_generator_c
[7.990s] [ 22%] Built target sick_visionary_t_mini__rosidl_typesupport_introspection_cpp
[8.012s] [ 32%] Built target sick_visionary_t_mini__rosidl_typesupport_fastrtps_cpp
[8.081s] [ 41%] Built target sick_visionary_t_mini__rosidl_typesupport_cpp
[8.126s] [ 51%] Built target sick_visionary_t_mini__rosidl_typesupport_introspection_c
[8.130s] [ 61%] Built target sick_visionary_t_mini__rosidl_typesupport_c
[8.400s] [ 70%] Built target sick_visionary_t_mini__rosidl_typesupport_fastrtps_c
[8.646s] [ 70%] Built target sick_visionary_t_mini
[8.683s] [ 74%] Built target sick_visionary_t_mini__py
[8.930s] [ 80%] Built target sick_visionary_t_mini__python
[9.200s] [ 87%] Built target sick_visionary_t_mini__rosidl_typesupport_introspection_c__pyext
[9.214s] [ 93%] Built target sick_visionary_t_mini__rosidl_typesupport_fastrtps_c__pyext
[9.259s] [100%] Built target sick_visionary_t_mini__rosidl_typesupport_c__pyext
[9.588s] Invoked command in '/home/avinaash/doozy_robotics/doozy_ws_2/build/sick_visionary_t_mini' returned '0': CMAKE_PREFIX_PATH=${CMAKE_PREFIX_PATH}:/home/avinaash/doozy_robotics/doozy_ws_2/install/turtlebot3_teleop:/home/avinaash/doozy_robotics/doozy_ws_2/install/turtlebot3_example:/home/avinaash/doozy_robotics/doozy_ws_2/install/pallet_docker_02:/home/avinaash/doozy_robotics/doozy_ws_2/install/2_t_dolly_logistics_driver:/opt/ros/galactic /usr/bin/cmake --build /home/avinaash/doozy_robotics/doozy_ws_2/build/sick_visionary_t_mini -- -j12 -l12
[10.481s] Invoking command in '/home/avinaash/doozy_robotics/doozy_ws_2/build/sick_visionary_t_mini': CMAKE_PREFIX_PATH=${CMAKE_PREFIX_PATH}:/home/avinaash/doozy_robotics/doozy_ws_2/install/turtlebot3_teleop:/home/avinaash/doozy_robotics/doozy_ws_2/install/turtlebot3_example:/home/avinaash/doozy_robotics/doozy_ws_2/install/pallet_docker_02:/home/avinaash/doozy_robotics/doozy_ws_2/install/2_t_dolly_logistics_driver:/opt/ros/galactic /usr/bin/cmake --install /home/avinaash/doozy_robotics/doozy_ws_2/build/sick_visionary_t_mini
[10.579s] -- Install configuration: ""
[10.581s] -- Up-to-date: /home/avinaash/doozy_robotics/doozy_ws_2/install/sick_visionary_t_mini/share/ament_index/resource_index/rosidl_interfaces/sick_visionary_t_mini
[10.582s] -- Up-to-date: /home/avinaash/doozy_robotics/doozy_ws_2/install/sick_visionary_t_mini/include/sick_visionary_t_mini
[10.583s] -- Up-to-date: /home/avinaash/doozy_robotics/doozy_ws_2/install/sick_visionary_t_mini/include/sick_visionary_t_mini/msg
[10.583s] -- Up-to-date: /home/avinaash/doozy_robotics/doozy_ws_2/install/sick_visionary_t_mini/include/sick_visionary_t_mini/msg/rosidl_generator_c__visibility_control.h
[10.584s] -- Up-to-date: /home/avinaash/doozy_robotics/doozy_ws_2/install/sick_visionary_t_mini/include/sick_visionary_t_mini/msg/detail
[10.585s] -- Up-to-date: /home/avinaash/doozy_robotics/doozy_ws_2/install/sick_visionary_t_mini/include/sick_visionary_t_mini/msg/detail/sick_t_mini__type_support.h
[10.586s] -- Up-to-date: /home/avinaash/doozy_robotics/doozy_ws_2/install/sick_visionary_t_mini/include/sick_visionary_t_mini/msg/detail/sick_t_mini__struct.h
[10.586s] -- Up-to-date: /home/avinaash/doozy_robotics/doozy_ws_2/install/sick_visionary_t_mini/include/sick_visionary_t_mini/msg/detail/sick_t_mini__functions.c
[10.586s] -- Up-to-date: /home/avinaash/doozy_robotics/doozy_ws_2/install/sick_visionary_t_mini/include/sick_visionary_t_mini/msg/detail/sick_t_mini__functions.h
[10.587s] -- Up-to-date: /home/avinaash/doozy_robotics/doozy_ws_2/install/sick_visionary_t_mini/include/sick_visionary_t_mini/msg/sick_t_mini.h
[10.587s] -- Up-to-date: /home/avinaash/doozy_robotics/doozy_ws_2/install/sick_visionary_t_mini/share/sick_visionary_t_mini/environment/library_path.sh
[10.589s] -- Up-to-date: /home/avinaash/doozy_robotics/doozy_ws_2/install/sick_visionary_t_mini/share/sick_visionary_t_mini/environment/library_path.dsv
[10.590s] -- Up-to-date: /home/avinaash/doozy_robotics/doozy_ws_2/install/sick_visionary_t_mini/lib/libsick_visionary_t_mini__rosidl_generator_c.so
[10.592s] -- Up-to-date: /home/avinaash/doozy_robotics/doozy_ws_2/install/sick_visionary_t_mini/include/sick_visionary_t_mini
[10.604s] -- Up-to-date: /home/avinaash/doozy_robotics/doozy_ws_2/install/sick_visionary_t_mini/include/sick_visionary_t_mini/msg
[10.606s] -- Up-to-date: /home/avinaash/doozy_robotics/doozy_ws_2/install/sick_visionary_t_mini/include/sick_visionary_t_mini/msg/detail
[10.606s] -- Up-to-date: /home/avinaash/doozy_robotics/doozy_ws_2/install/sick_visionary_t_mini/include/sick_visionary_t_mini/msg/detail/sick_t_mini__rosidl_typesupport_fastrtps_c.h
[10.607s] -- Up-to-date: /home/avinaash/doozy_robotics/doozy_ws_2/install/sick_visionary_t_mini/include/sick_visionary_t_mini/msg/rosidl_typesupport_fastrtps_c__visibility_control.h
[10.607s] -- Up-to-date: /home/avinaash/doozy_robotics/doozy_ws_2/install/sick_visionary_t_mini/lib/libsick_visionary_t_mini__rosidl_typesupport_fastrtps_c.so
[10.611s] -- Up-to-date: /home/avinaash/doozy_robotics/doozy_ws_2/install/sick_visionary_t_mini/include/sick_visionary_t_mini
[10.612s] -- Up-to-date: /home/avinaash/doozy_robotics/doozy_ws_2/install/sick_visionary_t_mini/include/sick_visionary_t_mini/msg
[10.612s] -- Up-to-date: /home/avinaash/doozy_robotics/doozy_ws_2/install/sick_visionary_t_mini/include/sick_visionary_t_mini/msg/rosidl_typesupport_fastrtps_cpp__visibility_control.h
[10.613s] -- Up-to-date: /home/avinaash/doozy_robotics/doozy_ws_2/install/sick_visionary_t_mini/include/sick_visionary_t_mini/msg/detail
[10.613s] -- Up-to-date: /home/avinaash/doozy_robotics/doozy_ws_2/install/sick_visionary_t_mini/include/sick_visionary_t_mini/msg/detail/sick_t_mini__rosidl_typesupport_fastrtps_cpp.hpp
[10.613s] -- Up-to-date: /home/avinaash/doozy_robotics/doozy_ws_2/install/sick_visionary_t_mini/include/sick_visionary_t_mini/msg/detail/dds_fastrtps
[10.613s] -- Up-to-date: /home/avinaash/doozy_robotics/doozy_ws_2/install/sick_visionary_t_mini/lib/libsick_visionary_t_mini__rosidl_typesupport_fastrtps_cpp.so
[10.614s] -- Up-to-date: /home/avinaash/doozy_robotics/doozy_ws_2/install/sick_visionary_t_mini/include/sick_visionary_t_mini
[10.614s] -- Up-to-date: /home/avinaash/doozy_robotics/doozy_ws_2/install/sick_visionary_t_mini/include/sick_visionary_t_mini/msg
[10.614s] -- Up-to-date: /home/avinaash/doozy_robotics/doozy_ws_2/install/sick_visionary_t_mini/include/sick_visionary_t_mini/msg/rosidl_typesupport_introspection_c__visibility_control.h
[10.614s] -- Up-to-date: /home/avinaash/doozy_robotics/doozy_ws_2/install/sick_visionary_t_mini/include/sick_visionary_t_mini/msg/detail
[10.614s] -- Up-to-date: /home/avinaash/doozy_robotics/doozy_ws_2/install/sick_visionary_t_mini/include/sick_visionary_t_mini/msg/detail/sick_t_mini__type_support.c
[10.615s] -- Up-to-date: /home/avinaash/doozy_robotics/doozy_ws_2/install/sick_visionary_t_mini/include/sick_visionary_t_mini/msg/detail/sick_t_mini__rosidl_typesupport_introspection_c.h
[10.615s] -- Up-to-date: /home/avinaash/doozy_robotics/doozy_ws_2/install/sick_visionary_t_mini/lib/libsick_visionary_t_mini__rosidl_typesupport_introspection_c.so
[10.615s] -- Up-to-date: /home/avinaash/doozy_robotics/doozy_ws_2/install/sick_visionary_t_mini/lib/libsick_visionary_t_mini__rosidl_typesupport_c.so
[10.616s] -- Up-to-date: /home/avinaash/doozy_robotics/doozy_ws_2/install/sick_visionary_t_mini/include/sick_visionary_t_mini
[10.617s] -- Up-to-date: /home/avinaash/doozy_robotics/doozy_ws_2/install/sick_visionary_t_mini/include/sick_visionary_t_mini/msg
[10.617s] -- Up-to-date: /home/avinaash/doozy_robotics/doozy_ws_2/install/sick_visionary_t_mini/include/sick_visionary_t_mini/msg/detail
[10.617s] -- Up-to-date: /home/avinaash/doozy_robotics/doozy_ws_2/install/sick_visionary_t_mini/include/sick_visionary_t_mini/msg/detail/sick_t_mini__builder.hpp
[10.617s] -- Up-to-date: /home/avinaash/doozy_robotics/doozy_ws_2/install/sick_visionary_t_mini/include/sick_visionary_t_mini/msg/detail/sick_t_mini__struct.hpp
[10.618s] -- Up-to-date: /home/avinaash/doozy_robotics/doozy_ws_2/install/sick_visionary_t_mini/include/sick_visionary_t_mini/msg/detail/sick_t_mini__traits.hpp
[10.618s] -- Up-to-date: /home/avinaash/doozy_robotics/doozy_ws_2/install/sick_visionary_t_mini/include/sick_visionary_t_mini/msg/sick_t_mini.hpp
[10.618s] -- Up-to-date: /home/avinaash/doozy_robotics/doozy_ws_2/install/sick_visionary_t_mini/include/sick_visionary_t_mini
[10.618s] -- Up-to-date: /home/avinaash/doozy_robotics/doozy_ws_2/install/sick_visionary_t_mini/include/sick_visionary_t_mini/msg
[10.618s] -- Up-to-date: /home/avinaash/doozy_robotics/doozy_ws_2/install/sick_visionary_t_mini/include/sick_visionary_t_mini/msg/detail
[10.619s] -- Up-to-date: /home/avinaash/doozy_robotics/doozy_ws_2/install/sick_visionary_t_mini/include/sick_visionary_t_mini/msg/detail/sick_t_mini__type_support.cpp
[10.619s] -- Up-to-date: /home/avinaash/doozy_robotics/doozy_ws_2/install/sick_visionary_t_mini/include/sick_visionary_t_mini/msg/detail/sick_t_mini__rosidl_typesupport_introspection_cpp.hpp
[10.622s] -- Up-to-date: /home/avinaash/doozy_robotics/doozy_ws_2/install/sick_visionary_t_mini/lib/libsick_visionary_t_mini__rosidl_typesupport_introspection_cpp.so
[10.623s] -- Up-to-date: /home/avinaash/doozy_robotics/doozy_ws_2/install/sick_visionary_t_mini/lib/libsick_visionary_t_mini__rosidl_typesupport_cpp.so
[10.638s] -- Up-to-date: /home/avinaash/doozy_robotics/doozy_ws_2/install/sick_visionary_t_mini/share/sick_visionary_t_mini/environment/pythonpath.sh
[10.640s] -- Up-to-date: /home/avinaash/doozy_robotics/doozy_ws_2/install/sick_visionary_t_mini/share/sick_visionary_t_mini/environment/pythonpath.dsv
[10.640s] -- Up-to-date: /home/avinaash/doozy_robotics/doozy_ws_2/install/sick_visionary_t_mini/lib/python3.8/site-packages/sick_visionary_t_mini/__init__.py
[10.920s] -- Up-to-date: /home/avinaash/doozy_robotics/doozy_ws_2/install/sick_visionary_t_mini/lib/python3.8/site-packages/sick_visionary_t_mini/msg
[10.921s] -- Up-to-date: /home/avinaash/doozy_robotics/doozy_ws_2/install/sick_visionary_t_mini/lib/python3.8/site-packages/sick_visionary_t_mini/msg/_sick_t_mini.py
[10.941s] -- Up-to-date: /home/avinaash/doozy_robotics/doozy_ws_2/install/sick_visionary_t_mini/lib/python3.8/site-packages/sick_visionary_t_mini/msg/_sick_t_mini_s.c
[10.948s] -- Up-to-date: /home/avinaash/doozy_robotics/doozy_ws_2/install/sick_visionary_t_mini/lib/python3.8/site-packages/sick_visionary_t_mini/msg/__init__.py
[10.949s] -- Up-to-date: /home/avinaash/doozy_robotics/doozy_ws_2/install/sick_visionary_t_mini/lib/python3.8/site-packages/sick_visionary_t_mini/sick_visionary_t_mini_s__rosidl_typesupport_fastrtps_c.cpython-38-x86_64-linux-gnu.so
[10.950s] -- Up-to-date: /home/avinaash/doozy_robotics/doozy_ws_2/install/sick_visionary_t_mini/lib/python3.8/site-packages/sick_visionary_t_mini/sick_visionary_t_mini_s__rosidl_typesupport_introspection_c.cpython-38-x86_64-linux-gnu.so
[10.950s] -- Up-to-date: /home/avinaash/doozy_robotics/doozy_ws_2/install/sick_visionary_t_mini/lib/python3.8/site-packages/sick_visionary_t_mini/sick_visionary_t_mini_s__rosidl_typesupport_c.cpython-38-x86_64-linux-gnu.so
[10.950s] -- Up-to-date: /home/avinaash/doozy_robotics/doozy_ws_2/install/sick_visionary_t_mini/lib/libsick_visionary_t_mini__python.so
[10.950s] -- Up-to-date: /home/avinaash/doozy_robotics/doozy_ws_2/install/sick_visionary_t_mini/share/sick_visionary_t_mini/msg/SickTMini.idl
[10.950s] -- Up-to-date: /home/avinaash/doozy_robotics/doozy_ws_2/install/sick_visionary_t_mini/share/sick_visionary_t_mini/msg/SickTMini.msg
[10.950s] -- Up-to-date: /home/avinaash/doozy_robotics/doozy_ws_2/install/sick_visionary_t_mini/share/ament_index/resource_index/package_run_dependencies/sick_visionary_t_mini
[10.951s] -- Up-to-date: /home/avinaash/doozy_robotics/doozy_ws_2/install/sick_visionary_t_mini/share/ament_index/resource_index/parent_prefix_path/sick_visionary_t_mini
[10.951s] -- Up-to-date: /home/avinaash/doozy_robotics/doozy_ws_2/install/sick_visionary_t_mini/share/sick_visionary_t_mini/environment/ament_prefix_path.sh
[10.951s] -- Up-to-date: /home/avinaash/doozy_robotics/doozy_ws_2/install/sick_visionary_t_mini/share/sick_visionary_t_mini/environment/ament_prefix_path.dsv
[10.951s] -- Up-to-date: /home/avinaash/doozy_robotics/doozy_ws_2/install/sick_visionary_t_mini/share/sick_visionary_t_mini/environment/path.sh
[10.951s] -- Up-to-date: /home/avinaash/doozy_robotics/doozy_ws_2/install/sick_visionary_t_mini/share/sick_visionary_t_mini/environment/path.dsv
[10.952s] -- Up-to-date: /home/avinaash/doozy_robotics/doozy_ws_2/install/sick_visionary_t_mini/share/sick_visionary_t_mini/local_setup.bash
[10.952s] -- Up-to-date: /home/avinaash/doozy_robotics/doozy_ws_2/install/sick_visionary_t_mini/share/sick_visionary_t_mini/local_setup.sh
[10.952s] -- Up-to-date: /home/avinaash/doozy_robotics/doozy_ws_2/install/sick_visionary_t_mini/share/sick_visionary_t_mini/local_setup.zsh
[10.952s] -- Up-to-date: /home/avinaash/doozy_robotics/doozy_ws_2/install/sick_visionary_t_mini/share/sick_visionary_t_mini/local_setup.dsv
[10.953s] -- Installing: /home/avinaash/doozy_robotics/doozy_ws_2/install/sick_visionary_t_mini/share/sick_visionary_t_mini/package.dsv
[10.959s] -- Up-to-date: /home/avinaash/doozy_robotics/doozy_ws_2/install/sick_visionary_t_mini/share/ament_index/resource_index/packages/sick_visionary_t_mini
[10.966s] -- Up-to-date: /home/avinaash/doozy_robotics/doozy_ws_2/install/sick_visionary_t_mini/share/sick_visionary_t_mini/cmake/sick_visionary_t_mini__rosidl_generator_cExport.cmake
[10.971s] -- Up-to-date: /home/avinaash/doozy_robotics/doozy_ws_2/install/sick_visionary_t_mini/share/sick_visionary_t_mini/cmake/sick_visionary_t_mini__rosidl_generator_cExport-noconfig.cmake
[10.974s] -- Up-to-date: /home/avinaash/doozy_robotics/doozy_ws_2/install/sick_visionary_t_mini/share/sick_visionary_t_mini/cmake/sick_visionary_t_mini__rosidl_typesupport_introspection_cExport.cmake
[10.974s] -- Up-to-date: /home/avinaash/doozy_robotics/doozy_ws_2/install/sick_visionary_t_mini/share/sick_visionary_t_mini/cmake/sick_visionary_t_mini__rosidl_typesupport_introspection_cExport-noconfig.cmake
[10.975s] -- Up-to-date: /home/avinaash/doozy_robotics/doozy_ws_2/install/sick_visionary_t_mini/share/sick_visionary_t_mini/cmake/sick_visionary_t_mini__rosidl_typesupport_cExport.cmake
[10.975s] -- Up-to-date: /home/avinaash/doozy_robotics/doozy_ws_2/install/sick_visionary_t_mini/share/sick_visionary_t_mini/cmake/sick_visionary_t_mini__rosidl_typesupport_cExport-noconfig.cmake
[10.975s] -- Up-to-date: /home/avinaash/doozy_robotics/doozy_ws_2/install/sick_visionary_t_mini/share/sick_visionary_t_mini/cmake/sick_visionary_t_mini__rosidl_generator_cppExport.cmake
[10.975s] -- Up-to-date: /home/avinaash/doozy_robotics/doozy_ws_2/install/sick_visionary_t_mini/share/sick_visionary_t_mini/cmake/sick_visionary_t_mini__rosidl_typesupport_introspection_cppExport.cmake
[10.975s] -- Up-to-date: /home/avinaash/doozy_robotics/doozy_ws_2/install/sick_visionary_t_mini/share/sick_visionary_t_mini/cmake/sick_visionary_t_mini__rosidl_typesupport_introspection_cppExport-noconfig.cmake
[10.976s] -- Up-to-date: /home/avinaash/doozy_robotics/doozy_ws_2/install/sick_visionary_t_mini/share/sick_visionary_t_mini/cmake/sick_visionary_t_mini__rosidl_typesupport_cppExport.cmake
[10.976s] -- Up-to-date: /home/avinaash/doozy_robotics/doozy_ws_2/install/sick_visionary_t_mini/share/sick_visionary_t_mini/cmake/sick_visionary_t_mini__rosidl_typesupport_cppExport-noconfig.cmake
[10.976s] -- Up-to-date: /home/avinaash/doozy_robotics/doozy_ws_2/install/sick_visionary_t_mini/share/sick_visionary_t_mini/cmake/rosidl_cmake-extras.cmake
[10.976s] -- Up-to-date: /home/avinaash/doozy_robotics/doozy_ws_2/install/sick_visionary_t_mini/share/sick_visionary_t_mini/cmake/ament_cmake_export_dependencies-extras.cmake
[10.977s] -- Up-to-date: /home/avinaash/doozy_robotics/doozy_ws_2/install/sick_visionary_t_mini/share/sick_visionary_t_mini/cmake/ament_cmake_export_libraries-extras.cmake
[10.977s] -- Up-to-date: /home/avinaash/doozy_robotics/doozy_ws_2/install/sick_visionary_t_mini/share/sick_visionary_t_mini/cmake/ament_cmake_export_targets-extras.cmake
[10.977s] -- Up-to-date: /home/avinaash/doozy_robotics/doozy_ws_2/install/sick_visionary_t_mini/share/sick_visionary_t_mini/cmake/ament_cmake_export_include_directories-extras.cmake
[10.977s] -- Up-to-date: /home/avinaash/doozy_robotics/doozy_ws_2/install/sick_visionary_t_mini/share/sick_visionary_t_mini/cmake/rosidl_cmake_export_typesupport_libraries-extras.cmake
[10.977s] -- Up-to-date: /home/avinaash/doozy_robotics/doozy_ws_2/install/sick_visionary_t_mini/share/sick_visionary_t_mini/cmake/rosidl_cmake_export_typesupport_targets-extras.cmake
[10.978s] -- Up-to-date: /home/avinaash/doozy_robotics/doozy_ws_2/install/sick_visionary_t_mini/share/sick_visionary_t_mini/cmake/sick_visionary_t_miniConfig.cmake
[10.978s] -- Up-to-date: /home/avinaash/doozy_robotics/doozy_ws_2/install/sick_visionary_t_mini/share/sick_visionary_t_mini/cmake/sick_visionary_t_miniConfig-version.cmake
[10.978s] -- Up-to-date: /home/avinaash/doozy_robotics/doozy_ws_2/install/sick_visionary_t_mini/share/sick_visionary_t_mini/package.xml
[11.024s] Invoked command in '/home/avinaash/doozy_robotics/doozy_ws_2/build/sick_visionary_t_mini' returned '0': CMAKE_PREFIX_PATH=${CMAKE_PREFIX_PATH}:/home/avinaash/doozy_robotics/doozy_ws_2/install/turtlebot3_teleop:/home/avinaash/doozy_robotics/doozy_ws_2/install/turtlebot3_example:/home/avinaash/doozy_robotics/doozy_ws_2/install/pallet_docker_02:/home/avinaash/doozy_robotics/doozy_ws_2/install/2_t_dolly_logistics_driver:/opt/ros/galactic /usr/bin/cmake --install /home/avinaash/doozy_robotics/doozy_ws_2/build/sick_visionary_t_mini
