[0.137s] Invoking command in '/home/avinaash/doozy_robotics/doozy_ws_2/build/apriltag': CMAKE_PREFIX_PATH=/home/avinaash/doozy_robotics/doozy_ws_2/install/vision_opencv:/home/avinaash/doozy_robotics/doozy_ws_2/install/turtlebot3:/home/avinaash/doozy_robotics/doozy_ws_2/install/turtlebot3_simulations:/home/avinaash/doozy_robotics/doozy_ws_2/install/turtlebot3_bringup:/home/avinaash/doozy_robotics/doozy_ws_2/install/turtlebot3_node:/home/avinaash/doozy_robotics/doozy_ws_2/install/turtlebot3_navigation2:/home/avinaash/doozy_robotics/doozy_ws_2/install/turtlebot3_gazebo:/home/avinaash/doozy_robotics/doozy_ws_2/install/turtlebot3_fake_node:/home/avinaash/doozy_robotics/doozy_ws_2/install/turtlebot3_description:/home/avinaash/doozy_robotics/doozy_ws_2/install/turtlebot3_cartographer:/home/avinaash/doozy_robotics/doozy_ws_2/install/turtlebot3_applications:/home/avinaash/doozy_robotics/doozy_ws_2/install/image_pipeline:/home/avinaash/doozy_robotics/doozy_ws_2/install/stereo_image_proc:/home/avinaash/doozy_robotics/doozy_ws_2/install/image_proc:/home/avinaash/doozy_robotics/doozy_ws_2/install/tracetools_image_pipeline:/home/avinaash/doozy_robotics/doozy_ws_2/install/image_view:/home/avinaash/doozy_robotics/doozy_ws_2/install/image_rotate:/home/avinaash/doozy_robotics/doozy_ws_2/install/image_publisher:/home/avinaash/doozy_robotics/doozy_ws_2/install/depth_image_proc:/home/avinaash/doozy_robotics/doozy_ws_2/install/image_geometry:/home/avinaash/doozy_robotics/doozy_ws_2/install/apriltag_ros:/home/avinaash/doozy_robotics/doozy_ws_2/install/cv_bridge:/home/avinaash/doozy_robotics/doozy_ws_2/install/apriltag_msgs:/home/avinaash/doozy_robotics/doozy_ws_2/install/apriltag:/home/avinaash/doozy_robotics/doozy_ws_2/install/turtlebot3_teleop:/home/avinaash/doozy_robotics/doozy_ws_2/install/turtlebot3_example:/home/avinaash/doozy_robotics/doozy_ws_2/install/turtlebot3_automatic_parking:/home/avinaash/doozy_robotics/doozy_ws_2/install/pallet_robot:/home/avinaash/doozy_robotics/doozy_ws_2/install/pallet_docker_02:/home/avinaash/doozy_robotics/doozy_ws_2/install/opencv_tests:/home/avinaash/doozy_robotics/doozy_ws_2/install/camera_calibration:/opt/ros/galactic:/home/avinaash/doozy_robotics/doozy_ws/devel:/opt/ros/noetic /usr/bin/cmake --build /home/avinaash/doozy_robotics/doozy_ws_2/build/apriltag -- -j12 -l12
[1.129s] [ 80%] Built target apriltag
[1.131s] [ 90%] Built target apriltag_python
[1.132s] [ 95%] Built target opencv_demo
[1.132s] [100%] Built target apriltag_demo
[1.151s] Invoked command in '/home/avinaash/doozy_robotics/doozy_ws_2/build/apriltag' returned '0': CMAKE_PREFIX_PATH=/home/avinaash/doozy_robotics/doozy_ws_2/install/vision_opencv:/home/avinaash/doozy_robotics/doozy_ws_2/install/turtlebot3:/home/avinaash/doozy_robotics/doozy_ws_2/install/turtlebot3_simulations:/home/avinaash/doozy_robotics/doozy_ws_2/install/turtlebot3_bringup:/home/avinaash/doozy_robotics/doozy_ws_2/install/turtlebot3_node:/home/avinaash/doozy_robotics/doozy_ws_2/install/turtlebot3_navigation2:/home/avinaash/doozy_robotics/doozy_ws_2/install/turtlebot3_gazebo:/home/avinaash/doozy_robotics/doozy_ws_2/install/turtlebot3_fake_node:/home/avinaash/doozy_robotics/doozy_ws_2/install/turtlebot3_description:/home/avinaash/doozy_robotics/doozy_ws_2/install/turtlebot3_cartographer:/home/avinaash/doozy_robotics/doozy_ws_2/install/turtlebot3_applications:/home/avinaash/doozy_robotics/doozy_ws_2/install/image_pipeline:/home/avinaash/doozy_robotics/doozy_ws_2/install/stereo_image_proc:/home/avinaash/doozy_robotics/doozy_ws_2/install/image_proc:/home/avinaash/doozy_robotics/doozy_ws_2/install/tracetools_image_pipeline:/home/avinaash/doozy_robotics/doozy_ws_2/install/image_view:/home/avinaash/doozy_robotics/doozy_ws_2/install/image_rotate:/home/avinaash/doozy_robotics/doozy_ws_2/install/image_publisher:/home/avinaash/doozy_robotics/doozy_ws_2/install/depth_image_proc:/home/avinaash/doozy_robotics/doozy_ws_2/install/image_geometry:/home/avinaash/doozy_robotics/doozy_ws_2/install/apriltag_ros:/home/avinaash/doozy_robotics/doozy_ws_2/install/cv_bridge:/home/avinaash/doozy_robotics/doozy_ws_2/install/apriltag_msgs:/home/avinaash/doozy_robotics/doozy_ws_2/install/apriltag:/home/avinaash/doozy_robotics/doozy_ws_2/install/turtlebot3_teleop:/home/avinaash/doozy_robotics/doozy_ws_2/install/turtlebot3_example:/home/avinaash/doozy_robotics/doozy_ws_2/install/turtlebot3_automatic_parking:/home/avinaash/doozy_robotics/doozy_ws_2/install/pallet_robot:/home/avinaash/doozy_robotics/doozy_ws_2/install/pallet_docker_02:/home/avinaash/doozy_robotics/doozy_ws_2/install/opencv_tests:/home/avinaash/doozy_robotics/doozy_ws_2/install/camera_calibration:/opt/ros/galactic:/home/avinaash/doozy_robotics/doozy_ws/devel:/opt/ros/noetic /usr/bin/cmake --build /home/avinaash/doozy_robotics/doozy_ws_2/build/apriltag -- -j12 -l12
[1.494s] Invoking command in '/home/avinaash/doozy_robotics/doozy_ws_2/build/apriltag': CMAKE_PREFIX_PATH=/home/avinaash/doozy_robotics/doozy_ws_2/install/vision_opencv:/home/avinaash/doozy_robotics/doozy_ws_2/install/turtlebot3:/home/avinaash/doozy_robotics/doozy_ws_2/install/turtlebot3_simulations:/home/avinaash/doozy_robotics/doozy_ws_2/install/turtlebot3_bringup:/home/avinaash/doozy_robotics/doozy_ws_2/install/turtlebot3_node:/home/avinaash/doozy_robotics/doozy_ws_2/install/turtlebot3_navigation2:/home/avinaash/doozy_robotics/doozy_ws_2/install/turtlebot3_gazebo:/home/avinaash/doozy_robotics/doozy_ws_2/install/turtlebot3_fake_node:/home/avinaash/doozy_robotics/doozy_ws_2/install/turtlebot3_description:/home/avinaash/doozy_robotics/doozy_ws_2/install/turtlebot3_cartographer:/home/avinaash/doozy_robotics/doozy_ws_2/install/turtlebot3_applications:/home/avinaash/doozy_robotics/doozy_ws_2/install/image_pipeline:/home/avinaash/doozy_robotics/doozy_ws_2/install/stereo_image_proc:/home/avinaash/doozy_robotics/doozy_ws_2/install/image_proc:/home/avinaash/doozy_robotics/doozy_ws_2/install/tracetools_image_pipeline:/home/avinaash/doozy_robotics/doozy_ws_2/install/image_view:/home/avinaash/doozy_robotics/doozy_ws_2/install/image_rotate:/home/avinaash/doozy_robotics/doozy_ws_2/install/image_publisher:/home/avinaash/doozy_robotics/doozy_ws_2/install/depth_image_proc:/home/avinaash/doozy_robotics/doozy_ws_2/install/image_geometry:/home/avinaash/doozy_robotics/doozy_ws_2/install/apriltag_ros:/home/avinaash/doozy_robotics/doozy_ws_2/install/cv_bridge:/home/avinaash/doozy_robotics/doozy_ws_2/install/apriltag_msgs:/home/avinaash/doozy_robotics/doozy_ws_2/install/apriltag:/home/avinaash/doozy_robotics/doozy_ws_2/install/turtlebot3_teleop:/home/avinaash/doozy_robotics/doozy_ws_2/install/turtlebot3_example:/home/avinaash/doozy_robotics/doozy_ws_2/install/turtlebot3_automatic_parking:/home/avinaash/doozy_robotics/doozy_ws_2/install/pallet_robot:/home/avinaash/doozy_robotics/doozy_ws_2/install/pallet_docker_02:/home/avinaash/doozy_robotics/doozy_ws_2/install/opencv_tests:/home/avinaash/doozy_robotics/doozy_ws_2/install/camera_calibration:/opt/ros/galactic:/home/avinaash/doozy_robotics/doozy_ws/devel:/opt/ros/noetic /usr/bin/cmake --install /home/avinaash/doozy_robotics/doozy_ws_2/build/apriltag
[1.553s] -- Install configuration: "Release"
[1.553s] -- Up-to-date: /home/avinaash/doozy_robotics/doozy_ws_2/install/apriltag/include/apriltag/apriltag.h
[1.553s] -- Up-to-date: /home/avinaash/doozy_robotics/doozy_ws_2/install/apriltag/include/apriltag/apriltag_math.h
[1.553s] -- Up-to-date: /home/avinaash/doozy_robotics/doozy_ws_2/install/apriltag/include/apriltag/apriltag_pose.h
[1.553s] -- Up-to-date: /home/avinaash/doozy_robotics/doozy_ws_2/install/apriltag/include/apriltag/common/doubles.h
[1.553s] -- Up-to-date: /home/avinaash/doozy_robotics/doozy_ws_2/install/apriltag/include/apriltag/common/doubles_floats_impl.h
[1.554s] -- Up-to-date: /home/avinaash/doozy_robotics/doozy_ws_2/install/apriltag/include/apriltag/common/floats.h
[1.554s] -- Up-to-date: /home/avinaash/doozy_robotics/doozy_ws_2/install/apriltag/include/apriltag/common/g2d.h
[1.554s] -- Up-to-date: /home/avinaash/doozy_robotics/doozy_ws_2/install/apriltag/include/apriltag/common/getopt.h
[1.554s] -- Up-to-date: /home/avinaash/doozy_robotics/doozy_ws_2/install/apriltag/include/apriltag/common/homography.h
[1.555s] -- Up-to-date: /home/avinaash/doozy_robotics/doozy_ws_2/install/apriltag/include/apriltag/common/image_types.h
[1.555s] -- Up-to-date: /home/avinaash/doozy_robotics/doozy_ws_2/install/apriltag/include/apriltag/common/image_u8.h
[1.555s] -- Up-to-date: /home/avinaash/doozy_robotics/doozy_ws_2/install/apriltag/include/apriltag/common/image_u8x3.h
[1.555s] -- Up-to-date: /home/avinaash/doozy_robotics/doozy_ws_2/install/apriltag/include/apriltag/common/image_u8x4.h
[1.556s] -- Up-to-date: /home/avinaash/doozy_robotics/doozy_ws_2/install/apriltag/include/apriltag/common/matd.h
[1.556s] -- Up-to-date: /home/avinaash/doozy_robotics/doozy_ws_2/install/apriltag/include/apriltag/common/math_util.h
[1.556s] -- Up-to-date: /home/avinaash/doozy_robotics/doozy_ws_2/install/apriltag/include/apriltag/common/pam.h
[1.556s] -- Up-to-date: /home/avinaash/doozy_robotics/doozy_ws_2/install/apriltag/include/apriltag/common/pjpeg.h
[1.557s] -- Up-to-date: /home/avinaash/doozy_robotics/doozy_ws_2/install/apriltag/include/apriltag/common/pnm.h
[1.557s] -- Up-to-date: /home/avinaash/doozy_robotics/doozy_ws_2/install/apriltag/include/apriltag/common/postscript_utils.h
[1.557s] -- Up-to-date: /home/avinaash/doozy_robotics/doozy_ws_2/install/apriltag/include/apriltag/common/string_util.h
[1.557s] -- Up-to-date: /home/avinaash/doozy_robotics/doozy_ws_2/install/apriltag/include/apriltag/common/svd22.h
[1.558s] -- Up-to-date: /home/avinaash/doozy_robotics/doozy_ws_2/install/apriltag/include/apriltag/common/time_util.h
[1.558s] -- Up-to-date: /home/avinaash/doozy_robotics/doozy_ws_2/install/apriltag/include/apriltag/common/timeprofile.h
[1.558s] -- Up-to-date: /home/avinaash/doozy_robotics/doozy_ws_2/install/apriltag/include/apriltag/common/unionfind.h
[1.558s] -- Up-to-date: /home/avinaash/doozy_robotics/doozy_ws_2/install/apriltag/include/apriltag/common/workerpool.h
[1.559s] -- Up-to-date: /home/avinaash/doozy_robotics/doozy_ws_2/install/apriltag/include/apriltag/common/zarray.h
[1.559s] -- Up-to-date: /home/avinaash/doozy_robotics/doozy_ws_2/install/apriltag/include/apriltag/common/zhash.h
[1.559s] -- Up-to-date: /home/avinaash/doozy_robotics/doozy_ws_2/install/apriltag/include/apriltag/common/zmaxheap.h
[1.559s] -- Up-to-date: /home/avinaash/doozy_robotics/doozy_ws_2/install/apriltag/include/apriltag/tag16h5.h
[1.560s] -- Up-to-date: /home/avinaash/doozy_robotics/doozy_ws_2/install/apriltag/include/apriltag/tag25h9.h
[1.560s] -- Up-to-date: /home/avinaash/doozy_robotics/doozy_ws_2/install/apriltag/include/apriltag/tag36h10.h
[1.562s] -- Up-to-date: /home/avinaash/doozy_robotics/doozy_ws_2/install/apriltag/include/apriltag/tag36h11.h
[1.562s] -- Up-to-date: /home/avinaash/doozy_robotics/doozy_ws_2/install/apriltag/include/apriltag/tagCircle21h7.h
[1.562s] -- Up-to-date: /home/avinaash/doozy_robotics/doozy_ws_2/install/apriltag/include/apriltag/tagCircle49h12.h
[1.564s] -- Up-to-date: /home/avinaash/doozy_robotics/doozy_ws_2/install/apriltag/include/apriltag/tagCustom48h12.h
[1.564s] -- Up-to-date: /home/avinaash/doozy_robotics/doozy_ws_2/install/apriltag/include/apriltag/tagStandard41h12.h
[1.565s] -- Up-to-date: /home/avinaash/doozy_robotics/doozy_ws_2/install/apriltag/include/apriltag/tagStandard52h13.h
[1.565s] -- Up-to-date: /home/avinaash/doozy_robotics/doozy_ws_2/install/apriltag/lib/libapriltag.so.3.2.0
[1.566s] -- Up-to-date: /home/avinaash/doozy_robotics/doozy_ws_2/install/apriltag/lib/libapriltag.so.3
[1.566s] -- Up-to-date: /home/avinaash/doozy_robotics/doozy_ws_2/install/apriltag/lib/libapriltag.so
[1.567s] -- Up-to-date: /home/avinaash/doozy_robotics/doozy_ws_2/install/apriltag/share/apriltag/cmake/apriltagTargets.cmake
[1.568s] -- Up-to-date: /home/avinaash/doozy_robotics/doozy_ws_2/install/apriltag/share/apriltag/cmake/apriltagTargets-release.cmake
[1.568s] -- Up-to-date: /home/avinaash/doozy_robotics/doozy_ws_2/install/apriltag/share/apriltag/cmake/apriltagConfig.cmake
[1.568s] -- Up-to-date: /home/avinaash/doozy_robotics/doozy_ws_2/install/apriltag/share/apriltag/cmake/apriltagConfigVersion.cmake
[1.568s] -- Up-to-date: /home/avinaash/doozy_robotics/doozy_ws_2/install/apriltag/lib/pkgconfig/apriltag.pc
[1.569s] -- Up-to-date: /home/avinaash/.local/lib/python3.8/site-packages/apriltag.cpython-38-x86_64-linux-gnu.so
[1.569s] -- Up-to-date: /home/avinaash/doozy_robotics/doozy_ws_2/install/apriltag/bin/opencv_demo
[1.569s] -- Up-to-date: /home/avinaash/doozy_robotics/doozy_ws_2/install/apriltag/bin/apriltag_demo
[1.681s] Invoked command in '/home/avinaash/doozy_robotics/doozy_ws_2/build/apriltag' returned '0': CMAKE_PREFIX_PATH=/home/avinaash/doozy_robotics/doozy_ws_2/install/vision_opencv:/home/avinaash/doozy_robotics/doozy_ws_2/install/turtlebot3:/home/avinaash/doozy_robotics/doozy_ws_2/install/turtlebot3_simulations:/home/avinaash/doozy_robotics/doozy_ws_2/install/turtlebot3_bringup:/home/avinaash/doozy_robotics/doozy_ws_2/install/turtlebot3_node:/home/avinaash/doozy_robotics/doozy_ws_2/install/turtlebot3_navigation2:/home/avinaash/doozy_robotics/doozy_ws_2/install/turtlebot3_gazebo:/home/avinaash/doozy_robotics/doozy_ws_2/install/turtlebot3_fake_node:/home/avinaash/doozy_robotics/doozy_ws_2/install/turtlebot3_description:/home/avinaash/doozy_robotics/doozy_ws_2/install/turtlebot3_cartographer:/home/avinaash/doozy_robotics/doozy_ws_2/install/turtlebot3_applications:/home/avinaash/doozy_robotics/doozy_ws_2/install/image_pipeline:/home/avinaash/doozy_robotics/doozy_ws_2/install/stereo_image_proc:/home/avinaash/doozy_robotics/doozy_ws_2/install/image_proc:/home/avinaash/doozy_robotics/doozy_ws_2/install/tracetools_image_pipeline:/home/avinaash/doozy_robotics/doozy_ws_2/install/image_view:/home/avinaash/doozy_robotics/doozy_ws_2/install/image_rotate:/home/avinaash/doozy_robotics/doozy_ws_2/install/image_publisher:/home/avinaash/doozy_robotics/doozy_ws_2/install/depth_image_proc:/home/avinaash/doozy_robotics/doozy_ws_2/install/image_geometry:/home/avinaash/doozy_robotics/doozy_ws_2/install/apriltag_ros:/home/avinaash/doozy_robotics/doozy_ws_2/install/cv_bridge:/home/avinaash/doozy_robotics/doozy_ws_2/install/apriltag_msgs:/home/avinaash/doozy_robotics/doozy_ws_2/install/apriltag:/home/avinaash/doozy_robotics/doozy_ws_2/install/turtlebot3_teleop:/home/avinaash/doozy_robotics/doozy_ws_2/install/turtlebot3_example:/home/avinaash/doozy_robotics/doozy_ws_2/install/turtlebot3_automatic_parking:/home/avinaash/doozy_robotics/doozy_ws_2/install/pallet_robot:/home/avinaash/doozy_robotics/doozy_ws_2/install/pallet_docker_02:/home/avinaash/doozy_robotics/doozy_ws_2/install/opencv_tests:/home/avinaash/doozy_robotics/doozy_ws_2/install/camera_calibration:/opt/ros/galactic:/home/avinaash/doozy_robotics/doozy_ws/devel:/opt/ros/noetic /usr/bin/cmake --install /home/avinaash/doozy_robotics/doozy_ws_2/build/apriltag
