[0.469s] Invoking command in '/home/avinaash/doozy_robotics/doozy_ws_2/build/turtlebot3_description': CMAKE_PREFIX_PATH=${CMAKE_PREFIX_PATH}:/home/avinaash/doozy_robotics/doozy_ws_2/install/turtlebot3_teleop:/home/avinaash/doozy_robotics/doozy_ws_2/install/turtlebot3_example:/home/avinaash/doozy_robotics/doozy_ws_2/install/pallet_docker_02:/opt/ros/galactic /usr/bin/cmake --build /home/avinaash/doozy_robotics/doozy_ws_2/build/turtlebot3_description -- -j12 -l12
[5.793s] Invoked command in '/home/avinaash/doozy_robotics/doozy_ws_2/build/turtlebot3_description' returned '0': CMAKE_PREFIX_PATH=${CMAKE_PREFIX_PATH}:/home/avinaash/doozy_robotics/doozy_ws_2/install/turtlebot3_teleop:/home/avinaash/doozy_robotics/doozy_ws_2/install/turtlebot3_example:/home/avinaash/doozy_robotics/doozy_ws_2/install/pallet_docker_02:/opt/ros/galactic /usr/bin/cmake --build /home/avinaash/doozy_robotics/doozy_ws_2/build/turtlebot3_description -- -j12 -l12
[6.216s] Invoking command in '/home/avinaash/doozy_robotics/doozy_ws_2/build/turtlebot3_description': CMAKE_PREFIX_PATH=${CMAKE_PREFIX_PATH}:/home/avinaash/doozy_robotics/doozy_ws_2/install/turtlebot3_teleop:/home/avinaash/doozy_robotics/doozy_ws_2/install/turtlebot3_example:/home/avinaash/doozy_robotics/doozy_ws_2/install/pallet_docker_02:/opt/ros/galactic /usr/bin/cmake --install /home/avinaash/doozy_robotics/doozy_ws_2/build/turtlebot3_description
[6.396s] -- Install configuration: ""
[6.396s] -- Up-to-date: /home/avinaash/doozy_robotics/doozy_ws_2/install/turtlebot3_description/share/turtlebot3_description/meshes
[6.396s] -- Up-to-date: /home/avinaash/doozy_robotics/doozy_ws_2/install/turtlebot3_description/share/turtlebot3_description/meshes/wheels
[6.396s] -- Up-to-date: /home/avinaash/doozy_robotics/doozy_ws_2/install/turtlebot3_description/share/turtlebot3_description/meshes/wheels/left_tire.stl
[6.397s] -- Up-to-date: /home/avinaash/doozy_robotics/doozy_ws_2/install/turtlebot3_description/share/turtlebot3_description/meshes/wheels/right_tire.stl
[6.397s] -- Up-to-date: /home/avinaash/doozy_robotics/doozy_ws_2/install/turtlebot3_description/share/turtlebot3_description/meshes/bases
[6.397s] -- Up-to-date: /home/avinaash/doozy_robotics/doozy_ws_2/install/turtlebot3_description/share/turtlebot3_description/meshes/bases/waffle_base.stl
[6.397s] -- Up-to-date: /home/avinaash/doozy_robotics/doozy_ws_2/install/turtlebot3_description/share/turtlebot3_description/meshes/bases/burger_base.stl
[6.397s] -- Up-to-date: /home/avinaash/doozy_robotics/doozy_ws_2/install/turtlebot3_description/share/turtlebot3_description/meshes/bases/waffle_pi_base.stl
[6.397s] -- Up-to-date: /home/avinaash/doozy_robotics/doozy_ws_2/install/turtlebot3_description/share/turtlebot3_description/meshes/sensors
[6.399s] -- Up-to-date: /home/avinaash/doozy_robotics/doozy_ws_2/install/turtlebot3_description/share/turtlebot3_description/meshes/sensors/astra.jpg
[6.421s] -- Up-to-date: /home/avinaash/doozy_robotics/doozy_ws_2/install/turtlebot3_description/share/turtlebot3_description/meshes/sensors/r200.dae
[6.473s] -- Up-to-date: /home/avinaash/doozy_robotics/doozy_ws_2/install/turtlebot3_description/share/turtlebot3_description/meshes/sensors/astra.dae
[6.476s] -- Up-to-date: /home/avinaash/doozy_robotics/doozy_ws_2/install/turtlebot3_description/share/turtlebot3_description/meshes/sensors/lds.stl
[6.481s] -- Up-to-date: /home/avinaash/doozy_robotics/doozy_ws_2/install/turtlebot3_description/share/turtlebot3_description/meshes/sensors/r200.jpg
[6.496s] -- Up-to-date: /home/avinaash/doozy_robotics/doozy_ws_2/install/turtlebot3_description/share/turtlebot3_description/rviz
[6.496s] -- Up-to-date: /home/avinaash/doozy_robotics/doozy_ws_2/install/turtlebot3_description/share/turtlebot3_description/rviz/model.rviz
[6.497s] -- Up-to-date: /home/avinaash/doozy_robotics/doozy_ws_2/install/turtlebot3_description/share/turtlebot3_description/urdf
[6.501s] -- Up-to-date: /home/avinaash/doozy_robotics/doozy_ws_2/install/turtlebot3_description/share/turtlebot3_description/urdf/turtlebot3_waffle.urdf
[6.506s] -- Up-to-date: /home/avinaash/doozy_robotics/doozy_ws_2/install/turtlebot3_description/share/turtlebot3_description/urdf/turtlebot3_burger.urdf
[6.510s] -- Up-to-date: /home/avinaash/doozy_robotics/doozy_ws_2/install/turtlebot3_description/share/turtlebot3_description/urdf/common_properties.urdf
[6.512s] -- Up-to-date: /home/avinaash/doozy_robotics/doozy_ws_2/install/turtlebot3_description/share/turtlebot3_description/urdf/turtlebot3_waffle_pi.urdf
[6.513s] -- Up-to-date: /home/avinaash/doozy_robotics/doozy_ws_2/install/turtlebot3_description/share/ament_index/resource_index/package_run_dependencies/turtlebot3_description
[6.538s] -- Up-to-date: /home/avinaash/doozy_robotics/doozy_ws_2/install/turtlebot3_description/share/ament_index/resource_index/parent_prefix_path/turtlebot3_description
[6.541s] -- Up-to-date: /home/avinaash/doozy_robotics/doozy_ws_2/install/turtlebot3_description/share/turtlebot3_description/environment/ament_prefix_path.sh
[6.543s] -- Up-to-date: /home/avinaash/doozy_robotics/doozy_ws_2/install/turtlebot3_description/share/turtlebot3_description/environment/ament_prefix_path.dsv
[6.544s] -- Up-to-date: /home/avinaash/doozy_robotics/doozy_ws_2/install/turtlebot3_description/share/turtlebot3_description/environment/path.sh
[6.545s] -- Up-to-date: /home/avinaash/doozy_robotics/doozy_ws_2/install/turtlebot3_description/share/turtlebot3_description/environment/path.dsv
[6.545s] -- Up-to-date: /home/avinaash/doozy_robotics/doozy_ws_2/install/turtlebot3_description/share/turtlebot3_description/local_setup.bash
[6.546s] -- Up-to-date: /home/avinaash/doozy_robotics/doozy_ws_2/install/turtlebot3_description/share/turtlebot3_description/local_setup.sh
[6.546s] -- Up-to-date: /home/avinaash/doozy_robotics/doozy_ws_2/install/turtlebot3_description/share/turtlebot3_description/local_setup.zsh
[6.547s] -- Up-to-date: /home/avinaash/doozy_robotics/doozy_ws_2/install/turtlebot3_description/share/turtlebot3_description/local_setup.dsv
[6.548s] -- Installing: /home/avinaash/doozy_robotics/doozy_ws_2/install/turtlebot3_description/share/turtlebot3_description/package.dsv
[6.548s] -- Up-to-date: /home/avinaash/doozy_robotics/doozy_ws_2/install/turtlebot3_description/share/ament_index/resource_index/packages/turtlebot3_description
[6.549s] -- Up-to-date: /home/avinaash/doozy_robotics/doozy_ws_2/install/turtlebot3_description/share/turtlebot3_description/cmake/turtlebot3_descriptionConfig.cmake
[6.553s] -- Up-to-date: /home/avinaash/doozy_robotics/doozy_ws_2/install/turtlebot3_description/share/turtlebot3_description/cmake/turtlebot3_descriptionConfig-version.cmake
[6.554s] -- Up-to-date: /home/avinaash/doozy_robotics/doozy_ws_2/install/turtlebot3_description/share/turtlebot3_description/package.xml
[6.829s] Invoked command in '/home/avinaash/doozy_robotics/doozy_ws_2/build/turtlebot3_description' returned '0': CMAKE_PREFIX_PATH=${CMAKE_PREFIX_PATH}:/home/avinaash/doozy_robotics/doozy_ws_2/install/turtlebot3_teleop:/home/avinaash/doozy_robotics/doozy_ws_2/install/turtlebot3_example:/home/avinaash/doozy_robotics/doozy_ws_2/install/pallet_docker_02:/opt/ros/galactic /usr/bin/cmake --install /home/avinaash/doozy_robotics/doozy_ws_2/build/turtlebot3_description
