[3.491s] Invoking command in '/home/avinaash/doozy_robotics/doozy_ws_2/src/2_t_dolly_logistics_driver': PYTHONPATH=/home/avinaash/doozy_robotics/doozy_ws_2/build/2_t_dolly_logistics_driver/prefix_override:/home/avinaash/doozy_robotics/doozy_ws_2/install/2_t_dolly_logistics_driver/lib/python3.8/site-packages:${PYTHONPATH} /usr/bin/python3 -W ignore:setup.py install is deprecated setup.py egg_info --egg-base ../../build/2_t_dolly_logistics_driver build --build-base /home/avinaash/doozy_robotics/doozy_ws_2/build/2_t_dolly_logistics_driver/build install --record /home/avinaash/doozy_robotics/doozy_ws_2/build/2_t_dolly_logistics_driver/install.log --single-version-externally-managed install_data
[3.942s] running egg_info
[3.943s] writing ../../build/2_t_dolly_logistics_driver/2_t_dolly_logistics_driver.egg-info/PKG-INFO
[3.945s] writing dependency_links to ../../build/2_t_dolly_logistics_driver/2_t_dolly_logistics_driver.egg-info/dependency_links.txt
[3.947s] writing entry points to ../../build/2_t_dolly_logistics_driver/2_t_dolly_logistics_driver.egg-info/entry_points.txt
[3.947s] writing requirements to ../../build/2_t_dolly_logistics_driver/2_t_dolly_logistics_driver.egg-info/requires.txt
[3.947s] writing top-level names to ../../build/2_t_dolly_logistics_driver/2_t_dolly_logistics_driver.egg-info/top_level.txt
[4.034s] reading manifest file '../../build/2_t_dolly_logistics_driver/2_t_dolly_logistics_driver.egg-info/SOURCES.txt'
[4.036s] writing manifest file '../../build/2_t_dolly_logistics_driver/2_t_dolly_logistics_driver.egg-info/SOURCES.txt'
[4.036s] running build
[4.036s] running build_py
[4.036s] copying 2_t_dolly_logistics_driver/dock_to_dolly_01.py -> /home/avinaash/doozy_robotics/doozy_ws_2/build/2_t_dolly_logistics_driver/build/lib/2_t_dolly_logistics_driver
[4.036s] running install
[4.038s] running install_lib
[4.040s] copying /home/avinaash/doozy_robotics/doozy_ws_2/build/2_t_dolly_logistics_driver/build/lib/2_t_dolly_logistics_driver/dock_to_dolly_01.py -> /home/avinaash/doozy_robotics/doozy_ws_2/install/2_t_dolly_logistics_driver/lib/python3.8/site-packages/2_t_dolly_logistics_driver
[4.042s] byte-compiling /home/avinaash/doozy_robotics/doozy_ws_2/install/2_t_dolly_logistics_driver/lib/python3.8/site-packages/2_t_dolly_logistics_driver/dock_to_dolly_01.py to dock_to_dolly_01.cpython-38.pyc
[4.051s] running install_data
[4.051s] running install_egg_info
[4.054s] removing '/home/avinaash/doozy_robotics/doozy_ws_2/install/2_t_dolly_logistics_driver/lib/python3.8/site-packages/2_t_dolly_logistics_driver-0.0.0-py3.8.egg-info' (and everything under it)
[4.054s] Copying ../../build/2_t_dolly_logistics_driver/2_t_dolly_logistics_driver.egg-info to /home/avinaash/doozy_robotics/doozy_ws_2/install/2_t_dolly_logistics_driver/lib/python3.8/site-packages/2_t_dolly_logistics_driver-0.0.0-py3.8.egg-info
[4.056s] running install_scripts
[4.095s] Installing Dock2Dolly_01 script to /home/avinaash/doozy_robotics/doozy_ws_2/install/2_t_dolly_logistics_driver/lib/2_t_dolly_logistics_driver
[4.096s] Installing Navigate_01 script to /home/avinaash/doozy_robotics/doozy_ws_2/install/2_t_dolly_logistics_driver/lib/2_t_dolly_logistics_driver
[4.096s] writing list of installed files to '/home/avinaash/doozy_robotics/doozy_ws_2/build/2_t_dolly_logistics_driver/install.log'
[4.180s] Invoked command in '/home/avinaash/doozy_robotics/doozy_ws_2/src/2_t_dolly_logistics_driver' returned '0': PYTHONPATH=/home/avinaash/doozy_robotics/doozy_ws_2/build/2_t_dolly_logistics_driver/prefix_override:/home/avinaash/doozy_robotics/doozy_ws_2/install/2_t_dolly_logistics_driver/lib/python3.8/site-packages:${PYTHONPATH} /usr/bin/python3 -W ignore:setup.py install is deprecated setup.py egg_info --egg-base ../../build/2_t_dolly_logistics_driver build --build-base /home/avinaash/doozy_robotics/doozy_ws_2/build/2_t_dolly_logistics_driver/build install --record /home/avinaash/doozy_robotics/doozy_ws_2/build/2_t_dolly_logistics_driver/install.log --single-version-externally-managed install_data
