[0.068s] Invoking command in '/home/avinaash/doozy_robotics/doozy_ws_2/build/turtlebot3_bringup': CMAKE_PREFIX_PATH=/home/avinaash/doozy_robotics/doozy_ws_2/install/turtlebot3_node:/home/avinaash/doozy_robotics/doozy_ws_2/install/turtlebot3_description:/home/avinaash/doozy_robotics/doozy_ws_2/install/turtlebot3:/home/avinaash/doozy_robotics/doozy_ws_2/install/turtlebot3_simulations:/home/avinaash/doozy_robotics/doozy_ws_2/install/turtlebot3_bringup:/home/avinaash/doozy_robotics/doozy_ws_2/install/turtlebot3_navigation2:/home/avinaash/doozy_robotics/doozy_ws_2/install/turtlebot3_gazebo:/home/avinaash/doozy_robotics/doozy_ws_2/install/turtlebot3_fake_node:/home/avinaash/doozy_robotics/doozy_ws_2/install/turtlebot3_cartographer:/home/avinaash/doozy_robotics/doozy_ws_2/install/sick_visionary_t_mini:/home/avinaash/doozy_robotics/doozy_ws_2/install/doozy_actions:/home/avinaash/doozy_robotics/doozy_ws_2/install/turtlebot3_teleop:/home/avinaash/doozy_robotics/doozy_ws_2/install/turtlebot3_example:/home/avinaash/doozy_robotics/doozy_ws_2/install/pallet_docker_02:/home/avinaash/doozy_robotics/doozy_ws_2/install/2_t_dolly_logistics_driver:/opt/ros/galactic /usr/bin/cmake --build /home/avinaash/doozy_robotics/doozy_ws_2/build/turtlebot3_bringup -- -j12 -l12
[0.144s] Invoked command in '/home/avinaash/doozy_robotics/doozy_ws_2/build/turtlebot3_bringup' returned '0': CMAKE_PREFIX_PATH=/home/avinaash/doozy_robotics/doozy_ws_2/install/turtlebot3_node:/home/avinaash/doozy_robotics/doozy_ws_2/install/turtlebot3_description:/home/avinaash/doozy_robotics/doozy_ws_2/install/turtlebot3:/home/avinaash/doozy_robotics/doozy_ws_2/install/turtlebot3_simulations:/home/avinaash/doozy_robotics/doozy_ws_2/install/turtlebot3_bringup:/home/avinaash/doozy_robotics/doozy_ws_2/install/turtlebot3_navigation2:/home/avinaash/doozy_robotics/doozy_ws_2/install/turtlebot3_gazebo:/home/avinaash/doozy_robotics/doozy_ws_2/install/turtlebot3_fake_node:/home/avinaash/doozy_robotics/doozy_ws_2/install/turtlebot3_cartographer:/home/avinaash/doozy_robotics/doozy_ws_2/install/sick_visionary_t_mini:/home/avinaash/doozy_robotics/doozy_ws_2/install/doozy_actions:/home/avinaash/doozy_robotics/doozy_ws_2/install/turtlebot3_teleop:/home/avinaash/doozy_robotics/doozy_ws_2/install/turtlebot3_example:/home/avinaash/doozy_robotics/doozy_ws_2/install/pallet_docker_02:/home/avinaash/doozy_robotics/doozy_ws_2/install/2_t_dolly_logistics_driver:/opt/ros/galactic /usr/bin/cmake --build /home/avinaash/doozy_robotics/doozy_ws_2/build/turtlebot3_bringup -- -j12 -l12
[0.204s] Invoking command in '/home/avinaash/doozy_robotics/doozy_ws_2/build/turtlebot3_bringup': CMAKE_PREFIX_PATH=/home/avinaash/doozy_robotics/doozy_ws_2/install/turtlebot3_node:/home/avinaash/doozy_robotics/doozy_ws_2/install/turtlebot3_description:/home/avinaash/doozy_robotics/doozy_ws_2/install/turtlebot3:/home/avinaash/doozy_robotics/doozy_ws_2/install/turtlebot3_simulations:/home/avinaash/doozy_robotics/doozy_ws_2/install/turtlebot3_bringup:/home/avinaash/doozy_robotics/doozy_ws_2/install/turtlebot3_navigation2:/home/avinaash/doozy_robotics/doozy_ws_2/install/turtlebot3_gazebo:/home/avinaash/doozy_robotics/doozy_ws_2/install/turtlebot3_fake_node:/home/avinaash/doozy_robotics/doozy_ws_2/install/turtlebot3_cartographer:/home/avinaash/doozy_robotics/doozy_ws_2/install/sick_visionary_t_mini:/home/avinaash/doozy_robotics/doozy_ws_2/install/doozy_actions:/home/avinaash/doozy_robotics/doozy_ws_2/install/turtlebot3_teleop:/home/avinaash/doozy_robotics/doozy_ws_2/install/turtlebot3_example:/home/avinaash/doozy_robotics/doozy_ws_2/install/pallet_docker_02:/home/avinaash/doozy_robotics/doozy_ws_2/install/2_t_dolly_logistics_driver:/opt/ros/galactic /usr/bin/cmake --install /home/avinaash/doozy_robotics/doozy_ws_2/build/turtlebot3_bringup
[0.217s] -- Install configuration: ""
[0.217s] -- Up-to-date: /home/avinaash/doozy_robotics/doozy_ws_2/install/turtlebot3_bringup/share/turtlebot3_bringup/launch
[0.217s] -- Up-to-date: /home/avinaash/doozy_robotics/doozy_ws_2/install/turtlebot3_bringup/share/turtlebot3_bringup/launch/turtlebot3_state_publisher.launch.py
[0.218s] -- Up-to-date: /home/avinaash/doozy_robotics/doozy_ws_2/install/turtlebot3_bringup/share/turtlebot3_bringup/launch/robot.launch.py
[0.221s] -- Up-to-date: /home/avinaash/doozy_robotics/doozy_ws_2/install/turtlebot3_bringup/share/turtlebot3_bringup/launch/rviz2.launch.py
[0.222s] -- Up-to-date: /home/avinaash/doozy_robotics/doozy_ws_2/install/turtlebot3_bringup/share/turtlebot3_bringup/param
[0.223s] -- Up-to-date: /home/avinaash/doozy_robotics/doozy_ws_2/install/turtlebot3_bringup/share/turtlebot3_bringup/param/waffle_pi.yaml
[0.227s] -- Up-to-date: /home/avinaash/doozy_robotics/doozy_ws_2/install/turtlebot3_bringup/share/turtlebot3_bringup/param/waffle.yaml
[0.227s] -- Up-to-date: /home/avinaash/doozy_robotics/doozy_ws_2/install/turtlebot3_bringup/share/turtlebot3_bringup/param/burger.yaml
[0.228s] -- Up-to-date: /home/avinaash/doozy_robotics/doozy_ws_2/install/turtlebot3_bringup/share/ament_index/resource_index/package_run_dependencies/turtlebot3_bringup
[0.228s] -- Up-to-date: /home/avinaash/doozy_robotics/doozy_ws_2/install/turtlebot3_bringup/share/ament_index/resource_index/parent_prefix_path/turtlebot3_bringup
[0.229s] -- Up-to-date: /home/avinaash/doozy_robotics/doozy_ws_2/install/turtlebot3_bringup/share/turtlebot3_bringup/environment/ament_prefix_path.sh
[0.229s] -- Up-to-date: /home/avinaash/doozy_robotics/doozy_ws_2/install/turtlebot3_bringup/share/turtlebot3_bringup/environment/ament_prefix_path.dsv
[0.229s] -- Up-to-date: /home/avinaash/doozy_robotics/doozy_ws_2/install/turtlebot3_bringup/share/turtlebot3_bringup/environment/path.sh
[0.230s] -- Up-to-date: /home/avinaash/doozy_robotics/doozy_ws_2/install/turtlebot3_bringup/share/turtlebot3_bringup/environment/path.dsv
[0.230s] -- Up-to-date: /home/avinaash/doozy_robotics/doozy_ws_2/install/turtlebot3_bringup/share/turtlebot3_bringup/local_setup.bash
[0.230s] -- Up-to-date: /home/avinaash/doozy_robotics/doozy_ws_2/install/turtlebot3_bringup/share/turtlebot3_bringup/local_setup.sh
[0.231s] -- Up-to-date: /home/avinaash/doozy_robotics/doozy_ws_2/install/turtlebot3_bringup/share/turtlebot3_bringup/local_setup.zsh
[0.231s] -- Up-to-date: /home/avinaash/doozy_robotics/doozy_ws_2/install/turtlebot3_bringup/share/turtlebot3_bringup/local_setup.dsv
[0.231s] -- Installing: /home/avinaash/doozy_robotics/doozy_ws_2/install/turtlebot3_bringup/share/turtlebot3_bringup/package.dsv
[0.231s] -- Up-to-date: /home/avinaash/doozy_robotics/doozy_ws_2/install/turtlebot3_bringup/share/ament_index/resource_index/packages/turtlebot3_bringup
[0.232s] -- Up-to-date: /home/avinaash/doozy_robotics/doozy_ws_2/install/turtlebot3_bringup/share/turtlebot3_bringup/cmake/turtlebot3_bringupConfig.cmake
[0.232s] -- Up-to-date: /home/avinaash/doozy_robotics/doozy_ws_2/install/turtlebot3_bringup/share/turtlebot3_bringup/cmake/turtlebot3_bringupConfig-version.cmake
[0.232s] -- Up-to-date: /home/avinaash/doozy_robotics/doozy_ws_2/install/turtlebot3_bringup/share/turtlebot3_bringup/package.xml
[0.273s] Invoked command in '/home/avinaash/doozy_robotics/doozy_ws_2/build/turtlebot3_bringup' returned '0': CMAKE_PREFIX_PATH=/home/avinaash/doozy_robotics/doozy_ws_2/install/turtlebot3_node:/home/avinaash/doozy_robotics/doozy_ws_2/install/turtlebot3_description:/home/avinaash/doozy_robotics/doozy_ws_2/install/turtlebot3:/home/avinaash/doozy_robotics/doozy_ws_2/install/turtlebot3_simulations:/home/avinaash/doozy_robotics/doozy_ws_2/install/turtlebot3_bringup:/home/avinaash/doozy_robotics/doozy_ws_2/install/turtlebot3_navigation2:/home/avinaash/doozy_robotics/doozy_ws_2/install/turtlebot3_gazebo:/home/avinaash/doozy_robotics/doozy_ws_2/install/turtlebot3_fake_node:/home/avinaash/doozy_robotics/doozy_ws_2/install/turtlebot3_cartographer:/home/avinaash/doozy_robotics/doozy_ws_2/install/sick_visionary_t_mini:/home/avinaash/doozy_robotics/doozy_ws_2/install/doozy_actions:/home/avinaash/doozy_robotics/doozy_ws_2/install/turtlebot3_teleop:/home/avinaash/doozy_robotics/doozy_ws_2/install/turtlebot3_example:/home/avinaash/doozy_robotics/doozy_ws_2/install/pallet_docker_02:/home/avinaash/doozy_robotics/doozy_ws_2/install/2_t_dolly_logistics_driver:/opt/ros/galactic /usr/bin/cmake --install /home/avinaash/doozy_robotics/doozy_ws_2/build/turtlebot3_bringup
