[5.989s] Invoking command in '/home/avinaash/doozy_robotics/doozy_ws_2/src/turtlebot3/turtlebot3_example': PYTHONPATH=/home/avinaash/doozy_robotics/doozy_ws_2/build/turtlebot3_example/prefix_override:/home/avinaash/doozy_robotics/doozy_ws_2/install/turtlebot3_example/lib/python3.8/site-packages:${PYTHONPATH} /usr/bin/python3 -W ignore:setup.py install is deprecated setup.py egg_info --egg-base ../../../build/turtlebot3_example build --build-base /home/avinaash/doozy_robotics/doozy_ws_2/build/turtlebot3_example/build install --record /home/avinaash/doozy_robotics/doozy_ws_2/build/turtlebot3_example/install.log --single-version-externally-managed install_data
[6.888s] running egg_info
[6.889s] writing ../../../build/turtlebot3_example/turtlebot3_example.egg-info/PKG-INFO
[6.889s] writing dependency_links to ../../../build/turtlebot3_example/turtlebot3_example.egg-info/dependency_links.txt
[6.890s] writing entry points to ../../../build/turtlebot3_example/turtlebot3_example.egg-info/entry_points.txt
[6.890s] writing requirements to ../../../build/turtlebot3_example/turtlebot3_example.egg-info/requires.txt
[6.890s] writing top-level names to ../../../build/turtlebot3_example/turtlebot3_example.egg-info/top_level.txt
[7.000s] reading manifest file '../../../build/turtlebot3_example/turtlebot3_example.egg-info/SOURCES.txt'
[7.002s] writing manifest file '../../../build/turtlebot3_example/turtlebot3_example.egg-info/SOURCES.txt'
[7.002s] running build
[7.002s] running build_py
[7.008s] running install
[7.012s] running install_lib
[7.027s] running install_data
[7.027s] running install_egg_info
[7.032s] removing '/home/avinaash/doozy_robotics/doozy_ws_2/install/turtlebot3_example/lib/python3.8/site-packages/turtlebot3_example-2.1.4-py3.8.egg-info' (and everything under it)
[7.033s] Copying ../../../build/turtlebot3_example/turtlebot3_example.egg-info to /home/avinaash/doozy_robotics/doozy_ws_2/install/turtlebot3_example/lib/python3.8/site-packages/turtlebot3_example-2.1.4-py3.8.egg-info
[7.035s] running install_scripts
[7.095s] Installing turtlebot3_obstacle_detection script to /home/avinaash/doozy_robotics/doozy_ws_2/install/turtlebot3_example/lib/turtlebot3_example
[7.095s] Installing turtlebot3_patrol_client script to /home/avinaash/doozy_robotics/doozy_ws_2/install/turtlebot3_example/lib/turtlebot3_example
[7.095s] Installing turtlebot3_patrol_server script to /home/avinaash/doozy_robotics/doozy_ws_2/install/turtlebot3_example/lib/turtlebot3_example
[7.096s] Installing turtlebot3_position_control script to /home/avinaash/doozy_robotics/doozy_ws_2/install/turtlebot3_example/lib/turtlebot3_example
[7.097s] writing list of installed files to '/home/avinaash/doozy_robotics/doozy_ws_2/build/turtlebot3_example/install.log'
[7.285s] Invoked command in '/home/avinaash/doozy_robotics/doozy_ws_2/src/turtlebot3/turtlebot3_example' returned '0': PYTHONPATH=/home/avinaash/doozy_robotics/doozy_ws_2/build/turtlebot3_example/prefix_override:/home/avinaash/doozy_robotics/doozy_ws_2/install/turtlebot3_example/lib/python3.8/site-packages:${PYTHONPATH} /usr/bin/python3 -W ignore:setup.py install is deprecated setup.py egg_info --egg-base ../../../build/turtlebot3_example build --build-base /home/avinaash/doozy_robotics/doozy_ws_2/build/turtlebot3_example/build install --record /home/avinaash/doozy_robotics/doozy_ws_2/build/turtlebot3_example/install.log --single-version-externally-managed install_data
