[0.857s] Invoking command in '/home/avinaash/doozy_robotics/doozy_ws_2/build/doozy_actions': CMAKE_PREFIX_PATH=${CMAKE_PREFIX_PATH}:/home/avinaash/doozy_robotics/doozy_ws_2/install/turtlebot3_teleop:/home/avinaash/doozy_robotics/doozy_ws_2/install/turtlebot3_example:/home/avinaash/doozy_robotics/doozy_ws_2/install/pallet_docker_02:/opt/ros/galactic /usr/bin/cmake --build /home/avinaash/doozy_robotics/doozy_ws_2/build/doozy_actions -- -j12 -l12
[1.247s] [  3%] Built target doozy_actions__cpp
[1.248s] [ 12%] Built target doozy_actions__rosidl_generator_c
[1.248s] [ 25%] Built target doozy_actions__rosidl_typesupport_cpp
[1.249s] [ 32%] Built target doozy_actions__rosidl_typesupport_introspection_cpp
[1.251s] [ 41%] Built target doozy_actions__rosidl_typesupport_c
[1.252s] [ 51%] Built target doozy_actions__rosidl_typesupport_introspection_c
[1.254s] [ 61%] Built target doozy_actions__rosidl_typesupport_fastrtps_cpp
[1.255s] [ 70%] Built target doozy_actions__rosidl_typesupport_fastrtps_c
[1.255s] [ 70%] Built target doozy_actions
[1.255s] [ 74%] Built target doozy_actions__py
[1.255s] [ 80%] Built target doozy_actions__python
[1.256s] [ 93%] Built target doozy_actions__rosidl_typesupport_introspection_c__pyext
[1.258s] [ 93%] Built target doozy_actions__rosidl_typesupport_c__pyext
[1.259s] [100%] Built target doozy_actions__rosidl_typesupport_fastrtps_c__pyext
[1.274s] Invoked command in '/home/avinaash/doozy_robotics/doozy_ws_2/build/doozy_actions' returned '0': CMAKE_PREFIX_PATH=${CMAKE_PREFIX_PATH}:/home/avinaash/doozy_robotics/doozy_ws_2/install/turtlebot3_teleop:/home/avinaash/doozy_robotics/doozy_ws_2/install/turtlebot3_example:/home/avinaash/doozy_robotics/doozy_ws_2/install/pallet_docker_02:/opt/ros/galactic /usr/bin/cmake --build /home/avinaash/doozy_robotics/doozy_ws_2/build/doozy_actions -- -j12 -l12
[1.500s] Invoking command in '/home/avinaash/doozy_robotics/doozy_ws_2/build/doozy_actions': CMAKE_PREFIX_PATH=${CMAKE_PREFIX_PATH}:/home/avinaash/doozy_robotics/doozy_ws_2/install/turtlebot3_teleop:/home/avinaash/doozy_robotics/doozy_ws_2/install/turtlebot3_example:/home/avinaash/doozy_robotics/doozy_ws_2/install/pallet_docker_02:/opt/ros/galactic /usr/bin/cmake --install /home/avinaash/doozy_robotics/doozy_ws_2/build/doozy_actions
[1.538s] -- Install configuration: ""
[1.538s] -- Up-to-date: /home/avinaash/doozy_robotics/doozy_ws_2/install/doozy_actions/share/ament_index/resource_index/rosidl_interfaces/doozy_actions
[1.538s] -- Up-to-date: /home/avinaash/doozy_robotics/doozy_ws_2/install/doozy_actions/include/doozy_actions
[1.539s] -- Up-to-date: /home/avinaash/doozy_robotics/doozy_ws_2/install/doozy_actions/include/doozy_actions/action
[1.539s] -- Up-to-date: /home/avinaash/doozy_robotics/doozy_ws_2/install/doozy_actions/include/doozy_actions/action/dolly_dock.h
[1.539s] -- Up-to-date: /home/avinaash/doozy_robotics/doozy_ws_2/install/doozy_actions/include/doozy_actions/action/detail
[1.539s] -- Up-to-date: /home/avinaash/doozy_robotics/doozy_ws_2/install/doozy_actions/include/doozy_actions/action/detail/dolly_dock__functions.h
[1.539s] -- Up-to-date: /home/avinaash/doozy_robotics/doozy_ws_2/install/doozy_actions/include/doozy_actions/action/detail/dolly_dock__type_support.h
[1.540s] -- Up-to-date: /home/avinaash/doozy_robotics/doozy_ws_2/install/doozy_actions/include/doozy_actions/action/detail/dolly_dock__struct.h
[1.540s] -- Up-to-date: /home/avinaash/doozy_robotics/doozy_ws_2/install/doozy_actions/include/doozy_actions/action/detail/dolly_dock__functions.c
[1.540s] -- Up-to-date: /home/avinaash/doozy_robotics/doozy_ws_2/install/doozy_actions/include/doozy_actions/msg
[1.540s] -- Up-to-date: /home/avinaash/doozy_robotics/doozy_ws_2/install/doozy_actions/include/doozy_actions/msg/rosidl_generator_c__visibility_control.h
[1.540s] -- Up-to-date: /home/avinaash/doozy_robotics/doozy_ws_2/install/doozy_actions/share/doozy_actions/environment/library_path.sh
[1.540s] -- Up-to-date: /home/avinaash/doozy_robotics/doozy_ws_2/install/doozy_actions/share/doozy_actions/environment/library_path.dsv
[1.541s] -- Up-to-date: /home/avinaash/doozy_robotics/doozy_ws_2/install/doozy_actions/lib/libdoozy_actions__rosidl_generator_c.so
[1.541s] -- Up-to-date: /home/avinaash/doozy_robotics/doozy_ws_2/install/doozy_actions/include/doozy_actions
[1.541s] -- Up-to-date: /home/avinaash/doozy_robotics/doozy_ws_2/install/doozy_actions/include/doozy_actions/action
[1.541s] -- Up-to-date: /home/avinaash/doozy_robotics/doozy_ws_2/install/doozy_actions/include/doozy_actions/action/detail
[1.541s] -- Up-to-date: /home/avinaash/doozy_robotics/doozy_ws_2/install/doozy_actions/include/doozy_actions/action/detail/dolly_dock__rosidl_typesupport_fastrtps_c.h
[1.541s] -- Up-to-date: /home/avinaash/doozy_robotics/doozy_ws_2/install/doozy_actions/include/doozy_actions/msg
[1.541s] -- Up-to-date: /home/avinaash/doozy_robotics/doozy_ws_2/install/doozy_actions/include/doozy_actions/msg/rosidl_typesupport_fastrtps_c__visibility_control.h
[1.542s] -- Up-to-date: /home/avinaash/doozy_robotics/doozy_ws_2/install/doozy_actions/lib/libdoozy_actions__rosidl_typesupport_fastrtps_c.so
[1.542s] -- Up-to-date: /home/avinaash/doozy_robotics/doozy_ws_2/install/doozy_actions/include/doozy_actions
[1.542s] -- Up-to-date: /home/avinaash/doozy_robotics/doozy_ws_2/install/doozy_actions/include/doozy_actions/action
[1.542s] -- Up-to-date: /home/avinaash/doozy_robotics/doozy_ws_2/install/doozy_actions/include/doozy_actions/action/detail
[1.542s] -- Up-to-date: /home/avinaash/doozy_robotics/doozy_ws_2/install/doozy_actions/include/doozy_actions/action/detail/dds_fastrtps
[1.542s] -- Up-to-date: /home/avinaash/doozy_robotics/doozy_ws_2/install/doozy_actions/include/doozy_actions/action/detail/dolly_dock__rosidl_typesupport_fastrtps_cpp.hpp
[1.543s] -- Up-to-date: /home/avinaash/doozy_robotics/doozy_ws_2/install/doozy_actions/include/doozy_actions/msg
[1.543s] -- Up-to-date: /home/avinaash/doozy_robotics/doozy_ws_2/install/doozy_actions/include/doozy_actions/msg/rosidl_typesupport_fastrtps_cpp__visibility_control.h
[1.543s] -- Up-to-date: /home/avinaash/doozy_robotics/doozy_ws_2/install/doozy_actions/lib/libdoozy_actions__rosidl_typesupport_fastrtps_cpp.so
[1.543s] -- Up-to-date: /home/avinaash/doozy_robotics/doozy_ws_2/install/doozy_actions/include/doozy_actions
[1.543s] -- Up-to-date: /home/avinaash/doozy_robotics/doozy_ws_2/install/doozy_actions/include/doozy_actions/action
[1.544s] -- Up-to-date: /home/avinaash/doozy_robotics/doozy_ws_2/install/doozy_actions/include/doozy_actions/action/detail
[1.544s] -- Up-to-date: /home/avinaash/doozy_robotics/doozy_ws_2/install/doozy_actions/include/doozy_actions/action/detail/dolly_dock__rosidl_typesupport_introspection_c.h
[1.544s] -- Up-to-date: /home/avinaash/doozy_robotics/doozy_ws_2/install/doozy_actions/include/doozy_actions/action/detail/dolly_dock__type_support.c
[1.544s] -- Up-to-date: /home/avinaash/doozy_robotics/doozy_ws_2/install/doozy_actions/include/doozy_actions/msg
[1.545s] -- Up-to-date: /home/avinaash/doozy_robotics/doozy_ws_2/install/doozy_actions/include/doozy_actions/msg/rosidl_typesupport_introspection_c__visibility_control.h
[1.545s] -- Up-to-date: /home/avinaash/doozy_robotics/doozy_ws_2/install/doozy_actions/lib/libdoozy_actions__rosidl_typesupport_introspection_c.so
[1.545s] -- Up-to-date: /home/avinaash/doozy_robotics/doozy_ws_2/install/doozy_actions/lib/libdoozy_actions__rosidl_typesupport_c.so
[1.545s] -- Up-to-date: /home/avinaash/doozy_robotics/doozy_ws_2/install/doozy_actions/include/doozy_actions
[1.545s] -- Up-to-date: /home/avinaash/doozy_robotics/doozy_ws_2/install/doozy_actions/include/doozy_actions/action
[1.546s] -- Up-to-date: /home/avinaash/doozy_robotics/doozy_ws_2/install/doozy_actions/include/doozy_actions/action/dolly_dock.hpp
[1.546s] -- Up-to-date: /home/avinaash/doozy_robotics/doozy_ws_2/install/doozy_actions/include/doozy_actions/action/detail
[1.546s] -- Up-to-date: /home/avinaash/doozy_robotics/doozy_ws_2/install/doozy_actions/include/doozy_actions/action/detail/dolly_dock__struct.hpp
[1.546s] -- Up-to-date: /home/avinaash/doozy_robotics/doozy_ws_2/install/doozy_actions/include/doozy_actions/action/detail/dolly_dock__builder.hpp
[1.546s] -- Up-to-date: /home/avinaash/doozy_robotics/doozy_ws_2/install/doozy_actions/include/doozy_actions/action/detail/dolly_dock__traits.hpp
[1.546s] -- Up-to-date: /home/avinaash/doozy_robotics/doozy_ws_2/install/doozy_actions/include/doozy_actions
[1.547s] -- Up-to-date: /home/avinaash/doozy_robotics/doozy_ws_2/install/doozy_actions/include/doozy_actions/action
[1.547s] -- Up-to-date: /home/avinaash/doozy_robotics/doozy_ws_2/install/doozy_actions/include/doozy_actions/action/detail
[1.547s] -- Up-to-date: /home/avinaash/doozy_robotics/doozy_ws_2/install/doozy_actions/include/doozy_actions/action/detail/dolly_dock__type_support.cpp
[1.547s] -- Up-to-date: /home/avinaash/doozy_robotics/doozy_ws_2/install/doozy_actions/include/doozy_actions/action/detail/dolly_dock__rosidl_typesupport_introspection_cpp.hpp
[1.547s] -- Up-to-date: /home/avinaash/doozy_robotics/doozy_ws_2/install/doozy_actions/lib/libdoozy_actions__rosidl_typesupport_introspection_cpp.so
[1.547s] -- Up-to-date: /home/avinaash/doozy_robotics/doozy_ws_2/install/doozy_actions/lib/libdoozy_actions__rosidl_typesupport_cpp.so
[1.548s] -- Up-to-date: /home/avinaash/doozy_robotics/doozy_ws_2/install/doozy_actions/share/doozy_actions/environment/pythonpath.sh
[1.548s] -- Up-to-date: /home/avinaash/doozy_robotics/doozy_ws_2/install/doozy_actions/share/doozy_actions/environment/pythonpath.dsv
[1.548s] -- Up-to-date: /home/avinaash/doozy_robotics/doozy_ws_2/install/doozy_actions/lib/python3.8/site-packages/doozy_actions/__init__.py
[1.562s] -- Up-to-date: /home/avinaash/doozy_robotics/doozy_ws_2/install/doozy_actions/lib/python3.8/site-packages/doozy_actions/action
[1.563s] -- Up-to-date: /home/avinaash/doozy_robotics/doozy_ws_2/install/doozy_actions/lib/python3.8/site-packages/doozy_actions/action/_dolly_dock_s.c
[1.566s] -- Up-to-date: /home/avinaash/doozy_robotics/doozy_ws_2/install/doozy_actions/lib/python3.8/site-packages/doozy_actions/action/_dolly_dock.py
[1.566s] -- Up-to-date: /home/avinaash/doozy_robotics/doozy_ws_2/install/doozy_actions/lib/python3.8/site-packages/doozy_actions/action/__init__.py
[1.567s] -- Up-to-date: /home/avinaash/doozy_robotics/doozy_ws_2/install/doozy_actions/lib/python3.8/site-packages/doozy_actions/doozy_actions_s__rosidl_typesupport_fastrtps_c.cpython-38-x86_64-linux-gnu.so
[1.567s] -- Up-to-date: /home/avinaash/doozy_robotics/doozy_ws_2/install/doozy_actions/lib/python3.8/site-packages/doozy_actions/doozy_actions_s__rosidl_typesupport_introspection_c.cpython-38-x86_64-linux-gnu.so
[1.569s] -- Up-to-date: /home/avinaash/doozy_robotics/doozy_ws_2/install/doozy_actions/lib/python3.8/site-packages/doozy_actions/doozy_actions_s__rosidl_typesupport_c.cpython-38-x86_64-linux-gnu.so
[1.569s] -- Up-to-date: /home/avinaash/doozy_robotics/doozy_ws_2/install/doozy_actions/lib/libdoozy_actions__python.so
[1.570s] -- Up-to-date: /home/avinaash/doozy_robotics/doozy_ws_2/install/doozy_actions/share/doozy_actions/action/DollyDock.idl
[1.571s] -- Up-to-date: /home/avinaash/doozy_robotics/doozy_ws_2/install/doozy_actions/share/doozy_actions/action/DollyDock.action
[1.572s] -- Up-to-date: /home/avinaash/doozy_robotics/doozy_ws_2/install/doozy_actions/share/ament_index/resource_index/package_run_dependencies/doozy_actions
[1.572s] -- Up-to-date: /home/avinaash/doozy_robotics/doozy_ws_2/install/doozy_actions/share/ament_index/resource_index/parent_prefix_path/doozy_actions
[1.573s] -- Up-to-date: /home/avinaash/doozy_robotics/doozy_ws_2/install/doozy_actions/share/doozy_actions/environment/ament_prefix_path.sh
[1.573s] -- Up-to-date: /home/avinaash/doozy_robotics/doozy_ws_2/install/doozy_actions/share/doozy_actions/environment/ament_prefix_path.dsv
[1.574s] -- Up-to-date: /home/avinaash/doozy_robotics/doozy_ws_2/install/doozy_actions/share/doozy_actions/environment/path.sh
[1.574s] -- Up-to-date: /home/avinaash/doozy_robotics/doozy_ws_2/install/doozy_actions/share/doozy_actions/environment/path.dsv
[1.575s] -- Up-to-date: /home/avinaash/doozy_robotics/doozy_ws_2/install/doozy_actions/share/doozy_actions/local_setup.bash
[1.575s] -- Up-to-date: /home/avinaash/doozy_robotics/doozy_ws_2/install/doozy_actions/share/doozy_actions/local_setup.sh
[1.576s] -- Up-to-date: /home/avinaash/doozy_robotics/doozy_ws_2/install/doozy_actions/share/doozy_actions/local_setup.zsh
[1.576s] -- Up-to-date: /home/avinaash/doozy_robotics/doozy_ws_2/install/doozy_actions/share/doozy_actions/local_setup.dsv
[1.579s] -- Installing: /home/avinaash/doozy_robotics/doozy_ws_2/install/doozy_actions/share/doozy_actions/package.dsv
[1.580s] -- Up-to-date: /home/avinaash/doozy_robotics/doozy_ws_2/install/doozy_actions/share/ament_index/resource_index/packages/doozy_actions
[1.580s] -- Up-to-date: /home/avinaash/doozy_robotics/doozy_ws_2/install/doozy_actions/share/doozy_actions/cmake/doozy_actions__rosidl_generator_cExport.cmake
[1.581s] -- Up-to-date: /home/avinaash/doozy_robotics/doozy_ws_2/install/doozy_actions/share/doozy_actions/cmake/doozy_actions__rosidl_generator_cExport-noconfig.cmake
[1.581s] -- Up-to-date: /home/avinaash/doozy_robotics/doozy_ws_2/install/doozy_actions/share/doozy_actions/cmake/doozy_actions__rosidl_typesupport_introspection_cExport.cmake
[1.582s] -- Up-to-date: /home/avinaash/doozy_robotics/doozy_ws_2/install/doozy_actions/share/doozy_actions/cmake/doozy_actions__rosidl_typesupport_introspection_cExport-noconfig.cmake
[1.582s] -- Up-to-date: /home/avinaash/doozy_robotics/doozy_ws_2/install/doozy_actions/share/doozy_actions/cmake/doozy_actions__rosidl_typesupport_cExport.cmake
[1.582s] -- Up-to-date: /home/avinaash/doozy_robotics/doozy_ws_2/install/doozy_actions/share/doozy_actions/cmake/doozy_actions__rosidl_typesupport_cExport-noconfig.cmake
[1.583s] -- Up-to-date: /home/avinaash/doozy_robotics/doozy_ws_2/install/doozy_actions/share/doozy_actions/cmake/doozy_actions__rosidl_generator_cppExport.cmake
[1.583s] -- Up-to-date: /home/avinaash/doozy_robotics/doozy_ws_2/install/doozy_actions/share/doozy_actions/cmake/doozy_actions__rosidl_typesupport_introspection_cppExport.cmake
[1.584s] -- Up-to-date: /home/avinaash/doozy_robotics/doozy_ws_2/install/doozy_actions/share/doozy_actions/cmake/doozy_actions__rosidl_typesupport_introspection_cppExport-noconfig.cmake
[1.584s] -- Up-to-date: /home/avinaash/doozy_robotics/doozy_ws_2/install/doozy_actions/share/doozy_actions/cmake/doozy_actions__rosidl_typesupport_cppExport.cmake
[1.585s] -- Up-to-date: /home/avinaash/doozy_robotics/doozy_ws_2/install/doozy_actions/share/doozy_actions/cmake/doozy_actions__rosidl_typesupport_cppExport-noconfig.cmake
[1.585s] -- Up-to-date: /home/avinaash/doozy_robotics/doozy_ws_2/install/doozy_actions/share/doozy_actions/cmake/rosidl_cmake-extras.cmake
[1.586s] -- Up-to-date: /home/avinaash/doozy_robotics/doozy_ws_2/install/doozy_actions/share/doozy_actions/cmake/ament_cmake_export_dependencies-extras.cmake
[1.586s] -- Up-to-date: /home/avinaash/doozy_robotics/doozy_ws_2/install/doozy_actions/share/doozy_actions/cmake/ament_cmake_export_libraries-extras.cmake
[1.586s] -- Up-to-date: /home/avinaash/doozy_robotics/doozy_ws_2/install/doozy_actions/share/doozy_actions/cmake/ament_cmake_export_targets-extras.cmake
[1.587s] -- Up-to-date: /home/avinaash/doozy_robotics/doozy_ws_2/install/doozy_actions/share/doozy_actions/cmake/ament_cmake_export_include_directories-extras.cmake
[1.587s] -- Up-to-date: /home/avinaash/doozy_robotics/doozy_ws_2/install/doozy_actions/share/doozy_actions/cmake/rosidl_cmake_export_typesupport_libraries-extras.cmake
[1.591s] -- Up-to-date: /home/avinaash/doozy_robotics/doozy_ws_2/install/doozy_actions/share/doozy_actions/cmake/rosidl_cmake_export_typesupport_targets-extras.cmake
[1.592s] -- Up-to-date: /home/avinaash/doozy_robotics/doozy_ws_2/install/doozy_actions/share/doozy_actions/cmake/doozy_actionsConfig.cmake
[1.592s] -- Up-to-date: /home/avinaash/doozy_robotics/doozy_ws_2/install/doozy_actions/share/doozy_actions/cmake/doozy_actionsConfig-version.cmake
[1.594s] -- Up-to-date: /home/avinaash/doozy_robotics/doozy_ws_2/install/doozy_actions/share/doozy_actions/package.xml
[1.620s] Invoked command in '/home/avinaash/doozy_robotics/doozy_ws_2/build/doozy_actions' returned '0': CMAKE_PREFIX_PATH=${CMAKE_PREFIX_PATH}:/home/avinaash/doozy_robotics/doozy_ws_2/install/turtlebot3_teleop:/home/avinaash/doozy_robotics/doozy_ws_2/install/turtlebot3_example:/home/avinaash/doozy_robotics/doozy_ws_2/install/pallet_docker_02:/opt/ros/galactic /usr/bin/cmake --install /home/avinaash/doozy_robotics/doozy_ws_2/build/doozy_actions
