[0.228s] Invoking command in '/home/avinaash/doozy_robotics/doozy_ws_2/build/turtlebot3_node': CMAKE_PREFIX_PATH=${CMAKE_PREFIX_PATH}:/home/avinaash/doozy_robotics/doozy_ws_2/install/turtlebot3_teleop:/home/avinaash/doozy_robotics/doozy_ws_2/install/turtlebot3_example:/home/avinaash/doozy_robotics/doozy_ws_2/install/pallet_docker_02:/opt/ros/galactic /usr/bin/cmake --build /home/avinaash/doozy_robotics/doozy_ws_2/build/turtlebot3_node -- -j12 -l12
[2.394s] [ 85%] Built target turtlebot3_node_lib
[2.398s] [100%] Built target turtlebot3_ros
[2.424s] Invoked command in '/home/avinaash/doozy_robotics/doozy_ws_2/build/turtlebot3_node' returned '0': CMAKE_PREFIX_PATH=${CMAKE_PREFIX_PATH}:/home/avinaash/doozy_robotics/doozy_ws_2/install/turtlebot3_teleop:/home/avinaash/doozy_robotics/doozy_ws_2/install/turtlebot3_example:/home/avinaash/doozy_robotics/doozy_ws_2/install/pallet_docker_02:/opt/ros/galactic /usr/bin/cmake --build /home/avinaash/doozy_robotics/doozy_ws_2/build/turtlebot3_node -- -j12 -l12
[2.866s] Invoking command in '/home/avinaash/doozy_robotics/doozy_ws_2/build/turtlebot3_node': CMAKE_PREFIX_PATH=${CMAKE_PREFIX_PATH}:/home/avinaash/doozy_robotics/doozy_ws_2/install/turtlebot3_teleop:/home/avinaash/doozy_robotics/doozy_ws_2/install/turtlebot3_example:/home/avinaash/doozy_robotics/doozy_ws_2/install/pallet_docker_02:/opt/ros/galactic /usr/bin/cmake --install /home/avinaash/doozy_robotics/doozy_ws_2/build/turtlebot3_node
[2.912s] -- Install configuration: ""
[2.916s] -- Up-to-date: /home/avinaash/doozy_robotics/doozy_ws_2/install/turtlebot3_node/share/turtlebot3_node/param
[2.917s] -- Up-to-date: /home/avinaash/doozy_robotics/doozy_ws_2/install/turtlebot3_node/share/turtlebot3_node/param/waffle_pi.yaml
[2.917s] -- Up-to-date: /home/avinaash/doozy_robotics/doozy_ws_2/install/turtlebot3_node/share/turtlebot3_node/param/waffle.yaml
[2.917s] -- Up-to-date: /home/avinaash/doozy_robotics/doozy_ws_2/install/turtlebot3_node/share/turtlebot3_node/param/burger.yaml
[2.918s] -- Up-to-date: /home/avinaash/doozy_robotics/doozy_ws_2/install/turtlebot3_node/lib/turtlebot3_node/turtlebot3_ros
[2.918s] -- Up-to-date: /home/avinaash/doozy_robotics/doozy_ws_2/install/turtlebot3_node/share/ament_index/resource_index/package_run_dependencies/turtlebot3_node
[2.918s] -- Up-to-date: /home/avinaash/doozy_robotics/doozy_ws_2/install/turtlebot3_node/share/ament_index/resource_index/parent_prefix_path/turtlebot3_node
[2.918s] -- Up-to-date: /home/avinaash/doozy_robotics/doozy_ws_2/install/turtlebot3_node/share/turtlebot3_node/environment/ament_prefix_path.sh
[2.919s] -- Up-to-date: /home/avinaash/doozy_robotics/doozy_ws_2/install/turtlebot3_node/share/turtlebot3_node/environment/ament_prefix_path.dsv
[2.921s] -- Up-to-date: /home/avinaash/doozy_robotics/doozy_ws_2/install/turtlebot3_node/share/turtlebot3_node/environment/path.sh
[2.923s] -- Up-to-date: /home/avinaash/doozy_robotics/doozy_ws_2/install/turtlebot3_node/share/turtlebot3_node/environment/path.dsv
[2.924s] -- Up-to-date: /home/avinaash/doozy_robotics/doozy_ws_2/install/turtlebot3_node/share/turtlebot3_node/local_setup.bash
[2.924s] -- Up-to-date: /home/avinaash/doozy_robotics/doozy_ws_2/install/turtlebot3_node/share/turtlebot3_node/local_setup.sh
[2.925s] -- Up-to-date: /home/avinaash/doozy_robotics/doozy_ws_2/install/turtlebot3_node/share/turtlebot3_node/local_setup.zsh
[2.933s] -- Up-to-date: /home/avinaash/doozy_robotics/doozy_ws_2/install/turtlebot3_node/share/turtlebot3_node/local_setup.dsv
[2.933s] -- Installing: /home/avinaash/doozy_robotics/doozy_ws_2/install/turtlebot3_node/share/turtlebot3_node/package.dsv
[2.934s] -- Up-to-date: /home/avinaash/doozy_robotics/doozy_ws_2/install/turtlebot3_node/share/ament_index/resource_index/packages/turtlebot3_node
[2.934s] -- Up-to-date: /home/avinaash/doozy_robotics/doozy_ws_2/install/turtlebot3_node/share/turtlebot3_node/cmake/ament_cmake_export_include_directories-extras.cmake
[2.935s] -- Up-to-date: /home/avinaash/doozy_robotics/doozy_ws_2/install/turtlebot3_node/share/turtlebot3_node/cmake/turtlebot3_nodeConfig.cmake
[2.936s] -- Up-to-date: /home/avinaash/doozy_robotics/doozy_ws_2/install/turtlebot3_node/share/turtlebot3_node/cmake/turtlebot3_nodeConfig-version.cmake
[2.936s] -- Up-to-date: /home/avinaash/doozy_robotics/doozy_ws_2/install/turtlebot3_node/share/turtlebot3_node/package.xml
[3.089s] Invoked command in '/home/avinaash/doozy_robotics/doozy_ws_2/build/turtlebot3_node' returned '0': CMAKE_PREFIX_PATH=${CMAKE_PREFIX_PATH}:/home/avinaash/doozy_robotics/doozy_ws_2/install/turtlebot3_teleop:/home/avinaash/doozy_robotics/doozy_ws_2/install/turtlebot3_example:/home/avinaash/doozy_robotics/doozy_ws_2/install/pallet_docker_02:/opt/ros/galactic /usr/bin/cmake --install /home/avinaash/doozy_robotics/doozy_ws_2/build/turtlebot3_node
