[12.821s] Invoking command in '/home/avinaash/doozy_robotics/doozy_ws_2/src/pallet_docker_02': PYTHONPATH=/home/avinaash/doozy_robotics/doozy_ws_2/build/pallet_docker_02/prefix_override:/home/avinaash/doozy_robotics/doozy_ws_2/install/pallet_docker_02/lib/python3.8/site-packages:${PYTHONPATH} /usr/bin/python3 -W ignore:setup.py install is deprecated setup.py egg_info --egg-base ../../build/pallet_docker_02 build --build-base /home/avinaash/doozy_robotics/doozy_ws_2/build/pallet_docker_02/build install --record /home/avinaash/doozy_robotics/doozy_ws_2/build/pallet_docker_02/install.log --single-version-externally-managed install_data
[14.670s] running egg_info
[14.677s] writing ../../build/pallet_docker_02/pallet_docker_02.egg-info/PKG-INFO
[14.680s] writing dependency_links to ../../build/pallet_docker_02/pallet_docker_02.egg-info/dependency_links.txt
[14.681s] writing entry points to ../../build/pallet_docker_02/pallet_docker_02.egg-info/entry_points.txt
[14.682s] writing requirements to ../../build/pallet_docker_02/pallet_docker_02.egg-info/requires.txt
[14.683s] writing top-level names to ../../build/pallet_docker_02/pallet_docker_02.egg-info/top_level.txt
[14.842s] reading manifest file '../../build/pallet_docker_02/pallet_docker_02.egg-info/SOURCES.txt'
[14.852s] writing manifest file '../../build/pallet_docker_02/pallet_docker_02.egg-info/SOURCES.txt'
[14.852s] running build
[14.852s] running build_py
[14.856s] running install
[14.860s] running install_lib
[14.875s] running install_data
[14.876s] running install_egg_info
[14.896s] removing '/home/avinaash/doozy_robotics/doozy_ws_2/install/pallet_docker_02/lib/python3.8/site-packages/pallet_docker_02-0.0.0-py3.8.egg-info' (and everything under it)
[14.898s] Copying ../../build/pallet_docker_02/pallet_docker_02.egg-info to /home/avinaash/doozy_robotics/doozy_ws_2/install/pallet_docker_02/lib/python3.8/site-packages/pallet_docker_02-0.0.0-py3.8.egg-info
[14.901s] running install_scripts
[15.028s] Installing CLIENT script to /home/avinaash/doozy_robotics/doozy_ws_2/install/pallet_docker_02/lib/pallet_docker_02
[15.031s] Installing DOCK_to_DOLLY script to /home/avinaash/doozy_robotics/doozy_ws_2/install/pallet_docker_02/lib/pallet_docker_02
[15.032s] Installing NAV_to_POSITION script to /home/avinaash/doozy_robotics/doozy_ws_2/install/pallet_docker_02/lib/pallet_docker_02
[15.032s] Installing SERVER script to /home/avinaash/doozy_robotics/doozy_ws_2/install/pallet_docker_02/lib/pallet_docker_02
[15.033s] Installing client_01 script to /home/avinaash/doozy_robotics/doozy_ws_2/install/pallet_docker_02/lib/pallet_docker_02
[15.035s] Installing dock_to_dolly script to /home/avinaash/doozy_robotics/doozy_ws_2/install/pallet_docker_02/lib/pallet_docker_02
[15.039s] Installing dock_to_dolly2 script to /home/avinaash/doozy_robotics/doozy_ws_2/install/pallet_docker_02/lib/pallet_docker_02
[15.040s] Installing get_pallet_tf script to /home/avinaash/doozy_robotics/doozy_ws_2/install/pallet_docker_02/lib/pallet_docker_02
[15.042s] Installing pallet_navi script to /home/avinaash/doozy_robotics/doozy_ws_2/install/pallet_docker_02/lib/pallet_docker_02
[15.044s] Installing pallet_navi_01 script to /home/avinaash/doozy_robotics/doozy_ws_2/install/pallet_docker_02/lib/pallet_docker_02
[15.048s] Installing pallet_navi_02 script to /home/avinaash/doozy_robotics/doozy_ws_2/install/pallet_docker_02/lib/pallet_docker_02
[15.049s] Installing pallet_navi_03 script to /home/avinaash/doozy_robotics/doozy_ws_2/install/pallet_docker_02/lib/pallet_docker_02
[15.050s] Installing pallet_navi_04 script to /home/avinaash/doozy_robotics/doozy_ws_2/install/pallet_docker_02/lib/pallet_docker_02
[15.052s] Installing server_01 script to /home/avinaash/doozy_robotics/doozy_ws_2/install/pallet_docker_02/lib/pallet_docker_02
[15.053s] Installing sick_visionary_t_mini script to /home/avinaash/doozy_robotics/doozy_ws_2/install/pallet_docker_02/lib/pallet_docker_02
[15.053s] Installing tb3_cam_node script to /home/avinaash/doozy_robotics/doozy_ws_2/install/pallet_docker_02/lib/pallet_docker_02
[15.053s] Installing tf_broadcaster script to /home/avinaash/doozy_robotics/doozy_ws_2/install/pallet_docker_02/lib/pallet_docker_02
[15.057s] writing list of installed files to '/home/avinaash/doozy_robotics/doozy_ws_2/build/pallet_docker_02/install.log'
[15.380s] Invoked command in '/home/avinaash/doozy_robotics/doozy_ws_2/src/pallet_docker_02' returned '0': PYTHONPATH=/home/avinaash/doozy_robotics/doozy_ws_2/build/pallet_docker_02/prefix_override:/home/avinaash/doozy_robotics/doozy_ws_2/install/pallet_docker_02/lib/python3.8/site-packages:${PYTHONPATH} /usr/bin/python3 -W ignore:setup.py install is deprecated setup.py egg_info --egg-base ../../build/pallet_docker_02 build --build-base /home/avinaash/doozy_robotics/doozy_ws_2/build/pallet_docker_02/build install --record /home/avinaash/doozy_robotics/doozy_ws_2/build/pallet_docker_02/install.log --single-version-externally-managed install_data
