[1.808s] Invoking command in '/home/avinaash/doozy_robotics/doozy_ws_2/build/doozy_actions': CMAKE_PREFIX_PATH=${CMAKE_PREFIX_PATH}:/home/avinaash/doozy_robotics/doozy_ws_2/install/turtlebot3_teleop:/home/avinaash/doozy_robotics/doozy_ws_2/install/turtlebot3_example:/home/avinaash/doozy_robotics/doozy_ws_2/install/pallet_docker_02:/home/avinaash/doozy_robotics/doozy_ws_2/install/2_t_dolly_logistics_driver:/opt/ros/galactic /usr/bin/cmake --build /home/avinaash/doozy_robotics/doozy_ws_2/build/doozy_actions -- -j12 -l12
[2.426s] [  1%] Built target doozy_actions__cpp
[2.426s] [ 12%] Built target doozy_actions__rosidl_generator_c
[2.426s] [ 23%] Built target doozy_actions__rosidl_typesupport_introspection_cpp
[2.426s] [ 34%] Built target doozy_actions__rosidl_typesupport_c
[2.427s] [ 45%] Built target doozy_actions__rosidl_typesupport_introspection_c
[2.428s] [ 56%] Built target doozy_actions__rosidl_typesupport_cpp
[2.429s] [ 67%] Built target doozy_actions__rosidl_typesupport_fastrtps_cpp
[2.430s] [ 78%] Built target doozy_actions__rosidl_typesupport_fastrtps_c
[2.431s] [ 78%] Built target doozy_actions
[2.434s] [ 80%] Built target doozy_actions__py
[2.437s] [ 89%] Built target doozy_actions__python
[2.437s] [ 92%] Built target doozy_actions__rosidl_typesupport_fastrtps_c__pyext
[2.438s] [ 96%] Built target doozy_actions__rosidl_typesupport_c__pyext
[2.438s] [100%] Built target doozy_actions__rosidl_typesupport_introspection_c__pyext
[2.479s] Invoked command in '/home/avinaash/doozy_robotics/doozy_ws_2/build/doozy_actions' returned '0': CMAKE_PREFIX_PATH=${CMAKE_PREFIX_PATH}:/home/avinaash/doozy_robotics/doozy_ws_2/install/turtlebot3_teleop:/home/avinaash/doozy_robotics/doozy_ws_2/install/turtlebot3_example:/home/avinaash/doozy_robotics/doozy_ws_2/install/pallet_docker_02:/home/avinaash/doozy_robotics/doozy_ws_2/install/2_t_dolly_logistics_driver:/opt/ros/galactic /usr/bin/cmake --build /home/avinaash/doozy_robotics/doozy_ws_2/build/doozy_actions -- -j12 -l12
[3.145s] Invoking command in '/home/avinaash/doozy_robotics/doozy_ws_2/build/doozy_actions': CMAKE_PREFIX_PATH=${CMAKE_PREFIX_PATH}:/home/avinaash/doozy_robotics/doozy_ws_2/install/turtlebot3_teleop:/home/avinaash/doozy_robotics/doozy_ws_2/install/turtlebot3_example:/home/avinaash/doozy_robotics/doozy_ws_2/install/pallet_docker_02:/home/avinaash/doozy_robotics/doozy_ws_2/install/2_t_dolly_logistics_driver:/opt/ros/galactic /usr/bin/cmake --install /home/avinaash/doozy_robotics/doozy_ws_2/build/doozy_actions
[3.206s] -- Install configuration: ""
[3.209s] -- Up-to-date: /home/avinaash/doozy_robotics/doozy_ws_2/install/doozy_actions/share/ament_index/resource_index/rosidl_interfaces/doozy_actions
[3.210s] -- Up-to-date: /home/avinaash/doozy_robotics/doozy_ws_2/install/doozy_actions/include/doozy_actions
[3.211s] -- Up-to-date: /home/avinaash/doozy_robotics/doozy_ws_2/install/doozy_actions/include/doozy_actions/action
[3.211s] -- Up-to-date: /home/avinaash/doozy_robotics/doozy_ws_2/install/doozy_actions/include/doozy_actions/action/dolly_dock.h
[3.212s] -- Up-to-date: /home/avinaash/doozy_robotics/doozy_ws_2/install/doozy_actions/include/doozy_actions/action/detail
[3.213s] -- Up-to-date: /home/avinaash/doozy_robotics/doozy_ws_2/install/doozy_actions/include/doozy_actions/action/detail/dolly_dock__functions.h
[3.214s] -- Up-to-date: /home/avinaash/doozy_robotics/doozy_ws_2/install/doozy_actions/include/doozy_actions/action/detail/dolly_dock__type_support.h
[3.214s] -- Up-to-date: /home/avinaash/doozy_robotics/doozy_ws_2/install/doozy_actions/include/doozy_actions/action/detail/dolly_dock__struct.h
[3.215s] -- Up-to-date: /home/avinaash/doozy_robotics/doozy_ws_2/install/doozy_actions/include/doozy_actions/action/detail/dolly_dock__functions.c
[3.219s] -- Up-to-date: /home/avinaash/doozy_robotics/doozy_ws_2/install/doozy_actions/include/doozy_actions/msg
[3.220s] -- Up-to-date: /home/avinaash/doozy_robotics/doozy_ws_2/install/doozy_actions/include/doozy_actions/msg/diagnostics.h
[3.221s] -- Up-to-date: /home/avinaash/doozy_robotics/doozy_ws_2/install/doozy_actions/include/doozy_actions/msg/rosidl_generator_c__visibility_control.h
[3.221s] -- Up-to-date: /home/avinaash/doozy_robotics/doozy_ws_2/install/doozy_actions/include/doozy_actions/msg/detail
[3.222s] -- Up-to-date: /home/avinaash/doozy_robotics/doozy_ws_2/install/doozy_actions/include/doozy_actions/msg/detail/diagnostics__struct.h
[3.223s] -- Up-to-date: /home/avinaash/doozy_robotics/doozy_ws_2/install/doozy_actions/include/doozy_actions/msg/detail/navigation__functions.c
[3.226s] -- Up-to-date: /home/avinaash/doozy_robotics/doozy_ws_2/install/doozy_actions/include/doozy_actions/msg/detail/navigation__type_support.h
[3.226s] -- Up-to-date: /home/avinaash/doozy_robotics/doozy_ws_2/install/doozy_actions/include/doozy_actions/msg/detail/diagnostics__functions.c
[3.226s] -- Up-to-date: /home/avinaash/doozy_robotics/doozy_ws_2/install/doozy_actions/include/doozy_actions/msg/detail/navigation__struct.h
[3.226s] -- Up-to-date: /home/avinaash/doozy_robotics/doozy_ws_2/install/doozy_actions/include/doozy_actions/msg/detail/diagnostics__functions.h
[3.226s] -- Up-to-date: /home/avinaash/doozy_robotics/doozy_ws_2/install/doozy_actions/include/doozy_actions/msg/detail/docking__functions.h
[3.227s] -- Up-to-date: /home/avinaash/doozy_robotics/doozy_ws_2/install/doozy_actions/include/doozy_actions/msg/detail/docking__functions.c
[3.227s] -- Up-to-date: /home/avinaash/doozy_robotics/doozy_ws_2/install/doozy_actions/include/doozy_actions/msg/detail/docking__struct.h
[3.227s] -- Up-to-date: /home/avinaash/doozy_robotics/doozy_ws_2/install/doozy_actions/include/doozy_actions/msg/detail/docking__type_support.h
[3.227s] -- Up-to-date: /home/avinaash/doozy_robotics/doozy_ws_2/install/doozy_actions/include/doozy_actions/msg/detail/diagnostics__type_support.h
[3.227s] -- Up-to-date: /home/avinaash/doozy_robotics/doozy_ws_2/install/doozy_actions/include/doozy_actions/msg/detail/navigation__functions.h
[3.227s] -- Up-to-date: /home/avinaash/doozy_robotics/doozy_ws_2/install/doozy_actions/include/doozy_actions/msg/docking.h
[3.228s] -- Up-to-date: /home/avinaash/doozy_robotics/doozy_ws_2/install/doozy_actions/include/doozy_actions/msg/navigation.h
[3.230s] -- Up-to-date: /home/avinaash/doozy_robotics/doozy_ws_2/install/doozy_actions/share/doozy_actions/environment/library_path.sh
[3.230s] -- Up-to-date: /home/avinaash/doozy_robotics/doozy_ws_2/install/doozy_actions/share/doozy_actions/environment/library_path.dsv
[3.234s] -- Up-to-date: /home/avinaash/doozy_robotics/doozy_ws_2/install/doozy_actions/lib/libdoozy_actions__rosidl_generator_c.so
[3.234s] -- Up-to-date: /home/avinaash/doozy_robotics/doozy_ws_2/install/doozy_actions/include/doozy_actions
[3.235s] -- Up-to-date: /home/avinaash/doozy_robotics/doozy_ws_2/install/doozy_actions/include/doozy_actions/action
[3.235s] -- Up-to-date: /home/avinaash/doozy_robotics/doozy_ws_2/install/doozy_actions/include/doozy_actions/action/detail
[3.236s] -- Up-to-date: /home/avinaash/doozy_robotics/doozy_ws_2/install/doozy_actions/include/doozy_actions/action/detail/dolly_dock__rosidl_typesupport_fastrtps_c.h
[3.236s] -- Up-to-date: /home/avinaash/doozy_robotics/doozy_ws_2/install/doozy_actions/include/doozy_actions/msg
[3.237s] -- Up-to-date: /home/avinaash/doozy_robotics/doozy_ws_2/install/doozy_actions/include/doozy_actions/msg/detail
[3.239s] -- Up-to-date: /home/avinaash/doozy_robotics/doozy_ws_2/install/doozy_actions/include/doozy_actions/msg/detail/diagnostics__rosidl_typesupport_fastrtps_c.h
[3.240s] -- Up-to-date: /home/avinaash/doozy_robotics/doozy_ws_2/install/doozy_actions/include/doozy_actions/msg/detail/docking__rosidl_typesupport_fastrtps_c.h
[3.241s] -- Up-to-date: /home/avinaash/doozy_robotics/doozy_ws_2/install/doozy_actions/include/doozy_actions/msg/detail/navigation__rosidl_typesupport_fastrtps_c.h
[3.242s] -- Up-to-date: /home/avinaash/doozy_robotics/doozy_ws_2/install/doozy_actions/include/doozy_actions/msg/rosidl_typesupport_fastrtps_c__visibility_control.h
[3.243s] -- Up-to-date: /home/avinaash/doozy_robotics/doozy_ws_2/install/doozy_actions/lib/libdoozy_actions__rosidl_typesupport_fastrtps_c.so
[3.243s] -- Up-to-date: /home/avinaash/doozy_robotics/doozy_ws_2/install/doozy_actions/include/doozy_actions
[3.245s] -- Up-to-date: /home/avinaash/doozy_robotics/doozy_ws_2/install/doozy_actions/include/doozy_actions/action
[3.248s] -- Up-to-date: /home/avinaash/doozy_robotics/doozy_ws_2/install/doozy_actions/include/doozy_actions/action/detail
[3.248s] -- Up-to-date: /home/avinaash/doozy_robotics/doozy_ws_2/install/doozy_actions/include/doozy_actions/action/detail/dds_fastrtps
[3.248s] -- Up-to-date: /home/avinaash/doozy_robotics/doozy_ws_2/install/doozy_actions/include/doozy_actions/action/detail/dolly_dock__rosidl_typesupport_fastrtps_cpp.hpp
[3.249s] -- Up-to-date: /home/avinaash/doozy_robotics/doozy_ws_2/install/doozy_actions/include/doozy_actions/msg
[3.249s] -- Up-to-date: /home/avinaash/doozy_robotics/doozy_ws_2/install/doozy_actions/include/doozy_actions/msg/rosidl_typesupport_fastrtps_cpp__visibility_control.h
[3.253s] -- Up-to-date: /home/avinaash/doozy_robotics/doozy_ws_2/install/doozy_actions/include/doozy_actions/msg/detail
[3.254s] -- Up-to-date: /home/avinaash/doozy_robotics/doozy_ws_2/install/doozy_actions/include/doozy_actions/msg/detail/navigation__rosidl_typesupport_fastrtps_cpp.hpp
[3.254s] -- Up-to-date: /home/avinaash/doozy_robotics/doozy_ws_2/install/doozy_actions/include/doozy_actions/msg/detail/docking__rosidl_typesupport_fastrtps_cpp.hpp
[3.258s] -- Up-to-date: /home/avinaash/doozy_robotics/doozy_ws_2/install/doozy_actions/include/doozy_actions/msg/detail/dds_fastrtps
[3.266s] -- Up-to-date: /home/avinaash/doozy_robotics/doozy_ws_2/install/doozy_actions/include/doozy_actions/msg/detail/diagnostics__rosidl_typesupport_fastrtps_cpp.hpp
[3.274s] -- Up-to-date: /home/avinaash/doozy_robotics/doozy_ws_2/install/doozy_actions/lib/libdoozy_actions__rosidl_typesupport_fastrtps_cpp.so
[3.275s] -- Up-to-date: /home/avinaash/doozy_robotics/doozy_ws_2/install/doozy_actions/include/doozy_actions
[3.277s] -- Up-to-date: /home/avinaash/doozy_robotics/doozy_ws_2/install/doozy_actions/include/doozy_actions/action
[3.278s] -- Up-to-date: /home/avinaash/doozy_robotics/doozy_ws_2/install/doozy_actions/include/doozy_actions/action/detail
[3.278s] -- Up-to-date: /home/avinaash/doozy_robotics/doozy_ws_2/install/doozy_actions/include/doozy_actions/action/detail/dolly_dock__rosidl_typesupport_introspection_c.h
[3.278s] -- Up-to-date: /home/avinaash/doozy_robotics/doozy_ws_2/install/doozy_actions/include/doozy_actions/action/detail/dolly_dock__type_support.c
[3.279s] -- Up-to-date: /home/avinaash/doozy_robotics/doozy_ws_2/install/doozy_actions/include/doozy_actions/msg
[3.279s] -- Up-to-date: /home/avinaash/doozy_robotics/doozy_ws_2/install/doozy_actions/include/doozy_actions/msg/rosidl_typesupport_introspection_c__visibility_control.h
[3.279s] -- Up-to-date: /home/avinaash/doozy_robotics/doozy_ws_2/install/doozy_actions/include/doozy_actions/msg/detail
[3.279s] -- Up-to-date: /home/avinaash/doozy_robotics/doozy_ws_2/install/doozy_actions/include/doozy_actions/msg/detail/diagnostics__type_support.c
[3.280s] -- Up-to-date: /home/avinaash/doozy_robotics/doozy_ws_2/install/doozy_actions/include/doozy_actions/msg/detail/navigation__type_support.c
[3.280s] -- Up-to-date: /home/avinaash/doozy_robotics/doozy_ws_2/install/doozy_actions/include/doozy_actions/msg/detail/docking__type_support.c
[3.280s] -- Up-to-date: /home/avinaash/doozy_robotics/doozy_ws_2/install/doozy_actions/include/doozy_actions/msg/detail/diagnostics__rosidl_typesupport_introspection_c.h
[3.280s] -- Up-to-date: /home/avinaash/doozy_robotics/doozy_ws_2/install/doozy_actions/include/doozy_actions/msg/detail/navigation__rosidl_typesupport_introspection_c.h
[3.281s] -- Up-to-date: /home/avinaash/doozy_robotics/doozy_ws_2/install/doozy_actions/include/doozy_actions/msg/detail/docking__rosidl_typesupport_introspection_c.h
[3.281s] -- Up-to-date: /home/avinaash/doozy_robotics/doozy_ws_2/install/doozy_actions/lib/libdoozy_actions__rosidl_typesupport_introspection_c.so
[3.281s] -- Up-to-date: /home/avinaash/doozy_robotics/doozy_ws_2/install/doozy_actions/lib/libdoozy_actions__rosidl_typesupport_c.so
[3.282s] -- Up-to-date: /home/avinaash/doozy_robotics/doozy_ws_2/install/doozy_actions/include/doozy_actions
[3.282s] -- Up-to-date: /home/avinaash/doozy_robotics/doozy_ws_2/install/doozy_actions/include/doozy_actions/action
[3.282s] -- Up-to-date: /home/avinaash/doozy_robotics/doozy_ws_2/install/doozy_actions/include/doozy_actions/action/dolly_dock.hpp
[3.282s] -- Up-to-date: /home/avinaash/doozy_robotics/doozy_ws_2/install/doozy_actions/include/doozy_actions/action/detail
[3.283s] -- Up-to-date: /home/avinaash/doozy_robotics/doozy_ws_2/install/doozy_actions/include/doozy_actions/action/detail/dolly_dock__struct.hpp
[3.283s] -- Up-to-date: /home/avinaash/doozy_robotics/doozy_ws_2/install/doozy_actions/include/doozy_actions/action/detail/dolly_dock__builder.hpp
[3.283s] -- Up-to-date: /home/avinaash/doozy_robotics/doozy_ws_2/install/doozy_actions/include/doozy_actions/action/detail/dolly_dock__traits.hpp
[3.283s] -- Up-to-date: /home/avinaash/doozy_robotics/doozy_ws_2/install/doozy_actions/include/doozy_actions/msg
[3.284s] -- Up-to-date: /home/avinaash/doozy_robotics/doozy_ws_2/install/doozy_actions/include/doozy_actions/msg/docking.hpp
[3.284s] -- Up-to-date: /home/avinaash/doozy_robotics/doozy_ws_2/install/doozy_actions/include/doozy_actions/msg/diagnostics.hpp
[3.284s] -- Up-to-date: /home/avinaash/doozy_robotics/doozy_ws_2/install/doozy_actions/include/doozy_actions/msg/detail
[3.284s] -- Up-to-date: /home/avinaash/doozy_robotics/doozy_ws_2/install/doozy_actions/include/doozy_actions/msg/detail/navigation__struct.hpp
[3.284s] -- Up-to-date: /home/avinaash/doozy_robotics/doozy_ws_2/install/doozy_actions/include/doozy_actions/msg/detail/docking__struct.hpp
[3.284s] -- Up-to-date: /home/avinaash/doozy_robotics/doozy_ws_2/install/doozy_actions/include/doozy_actions/msg/detail/docking__traits.hpp
[3.285s] -- Up-to-date: /home/avinaash/doozy_robotics/doozy_ws_2/install/doozy_actions/include/doozy_actions/msg/detail/diagnostics__struct.hpp
[3.285s] -- Up-to-date: /home/avinaash/doozy_robotics/doozy_ws_2/install/doozy_actions/include/doozy_actions/msg/detail/navigation__builder.hpp
[3.286s] -- Up-to-date: /home/avinaash/doozy_robotics/doozy_ws_2/install/doozy_actions/include/doozy_actions/msg/detail/diagnostics__traits.hpp
[3.286s] -- Up-to-date: /home/avinaash/doozy_robotics/doozy_ws_2/install/doozy_actions/include/doozy_actions/msg/detail/docking__builder.hpp
[3.287s] -- Up-to-date: /home/avinaash/doozy_robotics/doozy_ws_2/install/doozy_actions/include/doozy_actions/msg/detail/diagnostics__builder.hpp
[3.287s] -- Up-to-date: /home/avinaash/doozy_robotics/doozy_ws_2/install/doozy_actions/include/doozy_actions/msg/detail/navigation__traits.hpp
[3.287s] -- Up-to-date: /home/avinaash/doozy_robotics/doozy_ws_2/install/doozy_actions/include/doozy_actions/msg/navigation.hpp
[3.287s] -- Up-to-date: /home/avinaash/doozy_robotics/doozy_ws_2/install/doozy_actions/include/doozy_actions
[3.288s] -- Up-to-date: /home/avinaash/doozy_robotics/doozy_ws_2/install/doozy_actions/include/doozy_actions/action
[3.288s] -- Up-to-date: /home/avinaash/doozy_robotics/doozy_ws_2/install/doozy_actions/include/doozy_actions/action/detail
[3.288s] -- Up-to-date: /home/avinaash/doozy_robotics/doozy_ws_2/install/doozy_actions/include/doozy_actions/action/detail/dolly_dock__type_support.cpp
[3.289s] -- Up-to-date: /home/avinaash/doozy_robotics/doozy_ws_2/install/doozy_actions/include/doozy_actions/action/detail/dolly_dock__rosidl_typesupport_introspection_cpp.hpp
[3.289s] -- Up-to-date: /home/avinaash/doozy_robotics/doozy_ws_2/install/doozy_actions/include/doozy_actions/msg
[3.289s] -- Up-to-date: /home/avinaash/doozy_robotics/doozy_ws_2/install/doozy_actions/include/doozy_actions/msg/detail
[3.289s] -- Up-to-date: /home/avinaash/doozy_robotics/doozy_ws_2/install/doozy_actions/include/doozy_actions/msg/detail/diagnostics__rosidl_typesupport_introspection_cpp.hpp
[3.290s] -- Up-to-date: /home/avinaash/doozy_robotics/doozy_ws_2/install/doozy_actions/include/doozy_actions/msg/detail/navigation__rosidl_typesupport_introspection_cpp.hpp
[3.290s] -- Up-to-date: /home/avinaash/doozy_robotics/doozy_ws_2/install/doozy_actions/include/doozy_actions/msg/detail/docking__type_support.cpp
[3.290s] -- Up-to-date: /home/avinaash/doozy_robotics/doozy_ws_2/install/doozy_actions/include/doozy_actions/msg/detail/diagnostics__type_support.cpp
[3.290s] -- Up-to-date: /home/avinaash/doozy_robotics/doozy_ws_2/install/doozy_actions/include/doozy_actions/msg/detail/docking__rosidl_typesupport_introspection_cpp.hpp
[3.291s] -- Up-to-date: /home/avinaash/doozy_robotics/doozy_ws_2/install/doozy_actions/include/doozy_actions/msg/detail/navigation__type_support.cpp
[3.292s] -- Up-to-date: /home/avinaash/doozy_robotics/doozy_ws_2/install/doozy_actions/lib/libdoozy_actions__rosidl_typesupport_introspection_cpp.so
[3.293s] -- Up-to-date: /home/avinaash/doozy_robotics/doozy_ws_2/install/doozy_actions/lib/libdoozy_actions__rosidl_typesupport_cpp.so
[3.309s] -- Up-to-date: /home/avinaash/doozy_robotics/doozy_ws_2/install/doozy_actions/share/doozy_actions/environment/pythonpath.sh
[3.317s] -- Up-to-date: /home/avinaash/doozy_robotics/doozy_ws_2/install/doozy_actions/share/doozy_actions/environment/pythonpath.dsv
[3.321s] -- Up-to-date: /home/avinaash/doozy_robotics/doozy_ws_2/install/doozy_actions/lib/python3.8/site-packages/doozy_actions/__init__.py
[3.406s] -- Up-to-date: /home/avinaash/doozy_robotics/doozy_ws_2/install/doozy_actions/lib/python3.8/site-packages/doozy_actions/action
[3.406s] -- Up-to-date: /home/avinaash/doozy_robotics/doozy_ws_2/install/doozy_actions/lib/python3.8/site-packages/doozy_actions/action/_dolly_dock_s.c
[3.406s] -- Up-to-date: /home/avinaash/doozy_robotics/doozy_ws_2/install/doozy_actions/lib/python3.8/site-packages/doozy_actions/action/_dolly_dock.py
[3.407s] -- Up-to-date: /home/avinaash/doozy_robotics/doozy_ws_2/install/doozy_actions/lib/python3.8/site-packages/doozy_actions/action/__init__.py
[3.407s] -- Up-to-date: /home/avinaash/doozy_robotics/doozy_ws_2/install/doozy_actions/lib/python3.8/site-packages/doozy_actions/msg
[3.408s] -- Up-to-date: /home/avinaash/doozy_robotics/doozy_ws_2/install/doozy_actions/lib/python3.8/site-packages/doozy_actions/msg/_diagnostics_s.c
[3.408s] -- Up-to-date: /home/avinaash/doozy_robotics/doozy_ws_2/install/doozy_actions/lib/python3.8/site-packages/doozy_actions/msg/_docking_s.c
[3.408s] -- Up-to-date: /home/avinaash/doozy_robotics/doozy_ws_2/install/doozy_actions/lib/python3.8/site-packages/doozy_actions/msg/_diagnostics.py
[3.409s] -- Up-to-date: /home/avinaash/doozy_robotics/doozy_ws_2/install/doozy_actions/lib/python3.8/site-packages/doozy_actions/msg/__init__.py
[3.409s] -- Up-to-date: /home/avinaash/doozy_robotics/doozy_ws_2/install/doozy_actions/lib/python3.8/site-packages/doozy_actions/msg/_docking.py
[3.409s] -- Up-to-date: /home/avinaash/doozy_robotics/doozy_ws_2/install/doozy_actions/lib/python3.8/site-packages/doozy_actions/msg/_navigation.py
[3.410s] -- Up-to-date: /home/avinaash/doozy_robotics/doozy_ws_2/install/doozy_actions/lib/python3.8/site-packages/doozy_actions/msg/_navigation_s.c
[3.415s] -- Up-to-date: /home/avinaash/doozy_robotics/doozy_ws_2/install/doozy_actions/lib/python3.8/site-packages/doozy_actions/doozy_actions_s__rosidl_typesupport_fastrtps_c.cpython-38-x86_64-linux-gnu.so
[3.415s] -- Up-to-date: /home/avinaash/doozy_robotics/doozy_ws_2/install/doozy_actions/lib/python3.8/site-packages/doozy_actions/doozy_actions_s__rosidl_typesupport_introspection_c.cpython-38-x86_64-linux-gnu.so
[3.415s] -- Up-to-date: /home/avinaash/doozy_robotics/doozy_ws_2/install/doozy_actions/lib/python3.8/site-packages/doozy_actions/doozy_actions_s__rosidl_typesupport_c.cpython-38-x86_64-linux-gnu.so
[3.418s] -- Up-to-date: /home/avinaash/doozy_robotics/doozy_ws_2/install/doozy_actions/lib/libdoozy_actions__python.so
[3.419s] -- Up-to-date: /home/avinaash/doozy_robotics/doozy_ws_2/install/doozy_actions/share/doozy_actions/action/DollyDock.idl
[3.420s] -- Up-to-date: /home/avinaash/doozy_robotics/doozy_ws_2/install/doozy_actions/share/doozy_actions/msg/Docking.idl
[3.420s] -- Up-to-date: /home/avinaash/doozy_robotics/doozy_ws_2/install/doozy_actions/share/doozy_actions/msg/Diagnostics.idl
[3.421s] -- Up-to-date: /home/avinaash/doozy_robotics/doozy_ws_2/install/doozy_actions/share/doozy_actions/msg/Navigation.idl
[3.422s] -- Up-to-date: /home/avinaash/doozy_robotics/doozy_ws_2/install/doozy_actions/share/doozy_actions/action/DollyDock.action
[3.423s] -- Up-to-date: /home/avinaash/doozy_robotics/doozy_ws_2/install/doozy_actions/share/doozy_actions/msg/Docking.msg
[3.425s] -- Up-to-date: /home/avinaash/doozy_robotics/doozy_ws_2/install/doozy_actions/share/doozy_actions/msg/Diagnostics.msg
[3.426s] -- Up-to-date: /home/avinaash/doozy_robotics/doozy_ws_2/install/doozy_actions/share/doozy_actions/msg/Navigation.msg
[3.426s] -- Up-to-date: /home/avinaash/doozy_robotics/doozy_ws_2/install/doozy_actions/share/ament_index/resource_index/package_run_dependencies/doozy_actions
[3.427s] -- Up-to-date: /home/avinaash/doozy_robotics/doozy_ws_2/install/doozy_actions/share/ament_index/resource_index/parent_prefix_path/doozy_actions
[3.427s] -- Up-to-date: /home/avinaash/doozy_robotics/doozy_ws_2/install/doozy_actions/share/doozy_actions/environment/ament_prefix_path.sh
[3.427s] -- Up-to-date: /home/avinaash/doozy_robotics/doozy_ws_2/install/doozy_actions/share/doozy_actions/environment/ament_prefix_path.dsv
[3.427s] -- Up-to-date: /home/avinaash/doozy_robotics/doozy_ws_2/install/doozy_actions/share/doozy_actions/environment/path.sh
[3.428s] -- Up-to-date: /home/avinaash/doozy_robotics/doozy_ws_2/install/doozy_actions/share/doozy_actions/environment/path.dsv
[3.428s] -- Up-to-date: /home/avinaash/doozy_robotics/doozy_ws_2/install/doozy_actions/share/doozy_actions/local_setup.bash
[3.428s] -- Up-to-date: /home/avinaash/doozy_robotics/doozy_ws_2/install/doozy_actions/share/doozy_actions/local_setup.sh
[3.428s] -- Up-to-date: /home/avinaash/doozy_robotics/doozy_ws_2/install/doozy_actions/share/doozy_actions/local_setup.zsh
[3.429s] -- Up-to-date: /home/avinaash/doozy_robotics/doozy_ws_2/install/doozy_actions/share/doozy_actions/local_setup.dsv
[3.429s] -- Installing: /home/avinaash/doozy_robotics/doozy_ws_2/install/doozy_actions/share/doozy_actions/package.dsv
[3.429s] -- Up-to-date: /home/avinaash/doozy_robotics/doozy_ws_2/install/doozy_actions/share/ament_index/resource_index/packages/doozy_actions
[3.433s] -- Up-to-date: /home/avinaash/doozy_robotics/doozy_ws_2/install/doozy_actions/share/doozy_actions/cmake/doozy_actions__rosidl_generator_cExport.cmake
[3.434s] -- Up-to-date: /home/avinaash/doozy_robotics/doozy_ws_2/install/doozy_actions/share/doozy_actions/cmake/doozy_actions__rosidl_generator_cExport-noconfig.cmake
[3.438s] -- Up-to-date: /home/avinaash/doozy_robotics/doozy_ws_2/install/doozy_actions/share/doozy_actions/cmake/doozy_actions__rosidl_typesupport_introspection_cExport.cmake
[3.438s] -- Up-to-date: /home/avinaash/doozy_robotics/doozy_ws_2/install/doozy_actions/share/doozy_actions/cmake/doozy_actions__rosidl_typesupport_introspection_cExport-noconfig.cmake
[3.439s] -- Up-to-date: /home/avinaash/doozy_robotics/doozy_ws_2/install/doozy_actions/share/doozy_actions/cmake/doozy_actions__rosidl_typesupport_cExport.cmake
[3.439s] -- Up-to-date: /home/avinaash/doozy_robotics/doozy_ws_2/install/doozy_actions/share/doozy_actions/cmake/doozy_actions__rosidl_typesupport_cExport-noconfig.cmake
[3.445s] -- Up-to-date: /home/avinaash/doozy_robotics/doozy_ws_2/install/doozy_actions/share/doozy_actions/cmake/doozy_actions__rosidl_generator_cppExport.cmake
[3.446s] -- Up-to-date: /home/avinaash/doozy_robotics/doozy_ws_2/install/doozy_actions/share/doozy_actions/cmake/doozy_actions__rosidl_typesupport_introspection_cppExport.cmake
[3.446s] -- Up-to-date: /home/avinaash/doozy_robotics/doozy_ws_2/install/doozy_actions/share/doozy_actions/cmake/doozy_actions__rosidl_typesupport_introspection_cppExport-noconfig.cmake
[3.447s] -- Up-to-date: /home/avinaash/doozy_robotics/doozy_ws_2/install/doozy_actions/share/doozy_actions/cmake/doozy_actions__rosidl_typesupport_cppExport.cmake
[3.447s] -- Up-to-date: /home/avinaash/doozy_robotics/doozy_ws_2/install/doozy_actions/share/doozy_actions/cmake/doozy_actions__rosidl_typesupport_cppExport-noconfig.cmake
[3.447s] -- Up-to-date: /home/avinaash/doozy_robotics/doozy_ws_2/install/doozy_actions/share/doozy_actions/cmake/rosidl_cmake-extras.cmake
[3.447s] -- Up-to-date: /home/avinaash/doozy_robotics/doozy_ws_2/install/doozy_actions/share/doozy_actions/cmake/ament_cmake_export_dependencies-extras.cmake
[3.447s] -- Up-to-date: /home/avinaash/doozy_robotics/doozy_ws_2/install/doozy_actions/share/doozy_actions/cmake/ament_cmake_export_libraries-extras.cmake
[3.447s] -- Up-to-date: /home/avinaash/doozy_robotics/doozy_ws_2/install/doozy_actions/share/doozy_actions/cmake/ament_cmake_export_targets-extras.cmake
[3.448s] -- Up-to-date: /home/avinaash/doozy_robotics/doozy_ws_2/install/doozy_actions/share/doozy_actions/cmake/ament_cmake_export_include_directories-extras.cmake
[3.448s] -- Up-to-date: /home/avinaash/doozy_robotics/doozy_ws_2/install/doozy_actions/share/doozy_actions/cmake/rosidl_cmake_export_typesupport_libraries-extras.cmake
[3.449s] -- Up-to-date: /home/avinaash/doozy_robotics/doozy_ws_2/install/doozy_actions/share/doozy_actions/cmake/rosidl_cmake_export_typesupport_targets-extras.cmake
[3.449s] -- Up-to-date: /home/avinaash/doozy_robotics/doozy_ws_2/install/doozy_actions/share/doozy_actions/cmake/doozy_actionsConfig.cmake
[3.450s] -- Up-to-date: /home/avinaash/doozy_robotics/doozy_ws_2/install/doozy_actions/share/doozy_actions/cmake/doozy_actionsConfig-version.cmake
[3.450s] -- Up-to-date: /home/avinaash/doozy_robotics/doozy_ws_2/install/doozy_actions/share/doozy_actions/package.xml
[3.488s] Invoked command in '/home/avinaash/doozy_robotics/doozy_ws_2/build/doozy_actions' returned '0': CMAKE_PREFIX_PATH=${CMAKE_PREFIX_PATH}:/home/avinaash/doozy_robotics/doozy_ws_2/install/turtlebot3_teleop:/home/avinaash/doozy_robotics/doozy_ws_2/install/turtlebot3_example:/home/avinaash/doozy_robotics/doozy_ws_2/install/pallet_docker_02:/home/avinaash/doozy_robotics/doozy_ws_2/install/2_t_dolly_logistics_driver:/opt/ros/galactic /usr/bin/cmake --install /home/avinaash/doozy_robotics/doozy_ws_2/build/doozy_actions
