[0.763s] Invoking command in '/home/avinaash/doozy_robotics/doozy_ws_2/src/2_t_dolly_logistics_driver': PYTHONPATH=/home/avinaash/doozy_robotics/doozy_ws_2/build/2_t_dolly_logistics_driver/prefix_override:/home/avinaash/doozy_robotics/doozy_ws_2/install/2_t_dolly_logistics_driver/lib/python3.8/site-packages:${PYTHONPATH} /usr/bin/python3 -W ignore:setup.py install is deprecated setup.py egg_info --egg-base ../../build/2_t_dolly_logistics_driver build --build-base /home/avinaash/doozy_robotics/doozy_ws_2/build/2_t_dolly_logistics_driver/build install --record /home/avinaash/doozy_robotics/doozy_ws_2/build/2_t_dolly_logistics_driver/install.log --single-version-externally-managed install_data
[0.916s] running egg_info
[0.916s] writing ../../build/2_t_dolly_logistics_driver/2_t_dolly_logistics_driver.egg-info/PKG-INFO
[0.916s] writing dependency_links to ../../build/2_t_dolly_logistics_driver/2_t_dolly_logistics_driver.egg-info/dependency_links.txt
[0.917s] writing entry points to ../../build/2_t_dolly_logistics_driver/2_t_dolly_logistics_driver.egg-info/entry_points.txt
[0.917s] writing requirements to ../../build/2_t_dolly_logistics_driver/2_t_dolly_logistics_driver.egg-info/requires.txt
[0.917s] writing top-level names to ../../build/2_t_dolly_logistics_driver/2_t_dolly_logistics_driver.egg-info/top_level.txt
[0.941s] reading manifest file '../../build/2_t_dolly_logistics_driver/2_t_dolly_logistics_driver.egg-info/SOURCES.txt'
[0.942s] writing manifest file '../../build/2_t_dolly_logistics_driver/2_t_dolly_logistics_driver.egg-info/SOURCES.txt'
[0.942s] running build
[0.942s] running build_py
[0.943s] running install
[0.943s] running install_lib
[0.945s] running install_data
[0.945s] running install_egg_info
[0.946s] removing '/home/avinaash/doozy_robotics/doozy_ws_2/install/2_t_dolly_logistics_driver/lib/python3.8/site-packages/2_t_dolly_logistics_driver-0.0.0-py3.8.egg-info' (and everything under it)
[0.946s] Copying ../../build/2_t_dolly_logistics_driver/2_t_dolly_logistics_driver.egg-info to /home/avinaash/doozy_robotics/doozy_ws_2/install/2_t_dolly_logistics_driver/lib/python3.8/site-packages/2_t_dolly_logistics_driver-0.0.0-py3.8.egg-info
[0.947s] running install_scripts
[0.961s] Installing Dock2Dolly_01 script to /home/avinaash/doozy_robotics/doozy_ws_2/install/2_t_dolly_logistics_driver/lib/2_t_dolly_logistics_driver
[0.961s] Installing Dock2Dolly_02 script to /home/avinaash/doozy_robotics/doozy_ws_2/install/2_t_dolly_logistics_driver/lib/2_t_dolly_logistics_driver
[0.962s] Installing Dock2Dolly_03 script to /home/avinaash/doozy_robotics/doozy_ws_2/install/2_t_dolly_logistics_driver/lib/2_t_dolly_logistics_driver
[0.962s] Installing GUI script to /home/avinaash/doozy_robotics/doozy_ws_2/install/2_t_dolly_logistics_driver/lib/2_t_dolly_logistics_driver
[0.962s] Installing Latch_Unlatch script to /home/avinaash/doozy_robotics/doozy_ws_2/install/2_t_dolly_logistics_driver/lib/2_t_dolly_logistics_driver
[0.963s] Installing Latch_Unlatch_2 script to /home/avinaash/doozy_robotics/doozy_ws_2/install/2_t_dolly_logistics_driver/lib/2_t_dolly_logistics_driver
[0.963s] Installing Latch_Unlatch_3 script to /home/avinaash/doozy_robotics/doozy_ws_2/install/2_t_dolly_logistics_driver/lib/2_t_dolly_logistics_driver
[0.963s] Installing Navigate_01 script to /home/avinaash/doozy_robotics/doozy_ws_2/install/2_t_dolly_logistics_driver/lib/2_t_dolly_logistics_driver
[0.963s] Installing Navigate_02 script to /home/avinaash/doozy_robotics/doozy_ws_2/install/2_t_dolly_logistics_driver/lib/2_t_dolly_logistics_driver
[0.963s] Installing Tf script to /home/avinaash/doozy_robotics/doozy_ws_2/install/2_t_dolly_logistics_driver/lib/2_t_dolly_logistics_driver
[0.964s] writing list of installed files to '/home/avinaash/doozy_robotics/doozy_ws_2/build/2_t_dolly_logistics_driver/install.log'
[0.982s] Invoked command in '/home/avinaash/doozy_robotics/doozy_ws_2/src/2_t_dolly_logistics_driver' returned '0': PYTHONPATH=/home/avinaash/doozy_robotics/doozy_ws_2/build/2_t_dolly_logistics_driver/prefix_override:/home/avinaash/doozy_robotics/doozy_ws_2/install/2_t_dolly_logistics_driver/lib/python3.8/site-packages:${PYTHONPATH} /usr/bin/python3 -W ignore:setup.py install is deprecated setup.py egg_info --egg-base ../../build/2_t_dolly_logistics_driver build --build-base /home/avinaash/doozy_robotics/doozy_ws_2/build/2_t_dolly_logistics_driver/build install --record /home/avinaash/doozy_robotics/doozy_ws_2/build/2_t_dolly_logistics_driver/install.log --single-version-externally-managed install_data
