[1.839s] Invoking command in '/home/avinaash/doozy_robotics/doozy_ws_2/build/sick_visionary_t_mini': CMAKE_PREFIX_PATH=${CMAKE_PREFIX_PATH}:/home/avinaash/doozy_robotics/doozy_ws_2/install/turtlebot3_teleop:/home/avinaash/doozy_robotics/doozy_ws_2/install/turtlebot3_example:/home/avinaash/doozy_robotics/doozy_ws_2/install/pallet_docker_02:/opt/ros/galactic /usr/bin/cmake --build /home/avinaash/doozy_robotics/doozy_ws_2/build/sick_visionary_t_mini -- -j12 -l12
[1.986s] [  3%] Built target sick_visionary_t_mini__cpp
[1.988s] [ 12%] Built target sick_visionary_t_mini__rosidl_generator_c
[2.078s] [ 25%] Built target sick_visionary_t_mini__rosidl_typesupport_cpp
[2.079s] [ 32%] Built target sick_visionary_t_mini__rosidl_typesupport_introspection_c
[2.079s] [ 41%] Built target sick_visionary_t_mini__rosidl_typesupport_introspection_cpp
[2.094s] [ 51%] Built target sick_visionary_t_mini__rosidl_typesupport_c
[2.108s] [ 61%] Built target sick_visionary_t_mini__rosidl_typesupport_fastrtps_cpp
[2.249s] [ 70%] Built target sick_visionary_t_mini__rosidl_typesupport_fastrtps_c
[2.260s] [ 70%] Built target sick_visionary_t_mini
[2.414s] [ 74%] Built target sick_visionary_t_mini__py
[2.433s] [ 80%] Built target sick_visionary_t_mini__python
[2.525s] [ 87%] Built target sick_visionary_t_mini__rosidl_typesupport_fastrtps_c__pyext
[2.542s] [ 93%] Built target sick_visionary_t_mini__rosidl_typesupport_c__pyext
[2.543s] [100%] Built target sick_visionary_t_mini__rosidl_typesupport_introspection_c__pyext
[2.680s] Invoked command in '/home/avinaash/doozy_robotics/doozy_ws_2/build/sick_visionary_t_mini' returned '0': CMAKE_PREFIX_PATH=${CMAKE_PREFIX_PATH}:/home/avinaash/doozy_robotics/doozy_ws_2/install/turtlebot3_teleop:/home/avinaash/doozy_robotics/doozy_ws_2/install/turtlebot3_example:/home/avinaash/doozy_robotics/doozy_ws_2/install/pallet_docker_02:/opt/ros/galactic /usr/bin/cmake --build /home/avinaash/doozy_robotics/doozy_ws_2/build/sick_visionary_t_mini -- -j12 -l12
[2.943s] Invoking command in '/home/avinaash/doozy_robotics/doozy_ws_2/build/sick_visionary_t_mini': CMAKE_PREFIX_PATH=${CMAKE_PREFIX_PATH}:/home/avinaash/doozy_robotics/doozy_ws_2/install/turtlebot3_teleop:/home/avinaash/doozy_robotics/doozy_ws_2/install/turtlebot3_example:/home/avinaash/doozy_robotics/doozy_ws_2/install/pallet_docker_02:/opt/ros/galactic /usr/bin/cmake --install /home/avinaash/doozy_robotics/doozy_ws_2/build/sick_visionary_t_mini
[2.978s] -- Install configuration: ""
[2.997s] -- Up-to-date: /home/avinaash/doozy_robotics/doozy_ws_2/install/sick_visionary_t_mini/share/ament_index/resource_index/rosidl_interfaces/sick_visionary_t_mini
[2.998s] -- Up-to-date: /home/avinaash/doozy_robotics/doozy_ws_2/install/sick_visionary_t_mini/include/sick_visionary_t_mini
[2.998s] -- Up-to-date: /home/avinaash/doozy_robotics/doozy_ws_2/install/sick_visionary_t_mini/include/sick_visionary_t_mini/msg
[2.998s] -- Up-to-date: /home/avinaash/doozy_robotics/doozy_ws_2/install/sick_visionary_t_mini/include/sick_visionary_t_mini/msg/rosidl_generator_c__visibility_control.h
[2.998s] -- Up-to-date: /home/avinaash/doozy_robotics/doozy_ws_2/install/sick_visionary_t_mini/include/sick_visionary_t_mini/msg/detail
[2.998s] -- Up-to-date: /home/avinaash/doozy_robotics/doozy_ws_2/install/sick_visionary_t_mini/include/sick_visionary_t_mini/msg/detail/sick_t_mini__type_support.h
[2.998s] -- Up-to-date: /home/avinaash/doozy_robotics/doozy_ws_2/install/sick_visionary_t_mini/include/sick_visionary_t_mini/msg/detail/sick_t_mini__struct.h
[2.998s] -- Up-to-date: /home/avinaash/doozy_robotics/doozy_ws_2/install/sick_visionary_t_mini/include/sick_visionary_t_mini/msg/detail/sick_t_mini__functions.c
[2.999s] -- Up-to-date: /home/avinaash/doozy_robotics/doozy_ws_2/install/sick_visionary_t_mini/include/sick_visionary_t_mini/msg/detail/sick_t_mini__functions.h
[2.999s] -- Up-to-date: /home/avinaash/doozy_robotics/doozy_ws_2/install/sick_visionary_t_mini/include/sick_visionary_t_mini/msg/sick_t_mini.h
[2.999s] -- Up-to-date: /home/avinaash/doozy_robotics/doozy_ws_2/install/sick_visionary_t_mini/share/sick_visionary_t_mini/environment/library_path.sh
[2.999s] -- Up-to-date: /home/avinaash/doozy_robotics/doozy_ws_2/install/sick_visionary_t_mini/share/sick_visionary_t_mini/environment/library_path.dsv
[2.999s] -- Up-to-date: /home/avinaash/doozy_robotics/doozy_ws_2/install/sick_visionary_t_mini/lib/libsick_visionary_t_mini__rosidl_generator_c.so
[3.000s] -- Up-to-date: /home/avinaash/doozy_robotics/doozy_ws_2/install/sick_visionary_t_mini/include/sick_visionary_t_mini
[3.000s] -- Up-to-date: /home/avinaash/doozy_robotics/doozy_ws_2/install/sick_visionary_t_mini/include/sick_visionary_t_mini/msg
[3.000s] -- Up-to-date: /home/avinaash/doozy_robotics/doozy_ws_2/install/sick_visionary_t_mini/include/sick_visionary_t_mini/msg/detail
[3.000s] -- Up-to-date: /home/avinaash/doozy_robotics/doozy_ws_2/install/sick_visionary_t_mini/include/sick_visionary_t_mini/msg/detail/sick_t_mini__rosidl_typesupport_fastrtps_c.h
[3.001s] -- Up-to-date: /home/avinaash/doozy_robotics/doozy_ws_2/install/sick_visionary_t_mini/include/sick_visionary_t_mini/msg/rosidl_typesupport_fastrtps_c__visibility_control.h
[3.001s] -- Up-to-date: /home/avinaash/doozy_robotics/doozy_ws_2/install/sick_visionary_t_mini/lib/libsick_visionary_t_mini__rosidl_typesupport_fastrtps_c.so
[3.001s] -- Up-to-date: /home/avinaash/doozy_robotics/doozy_ws_2/install/sick_visionary_t_mini/include/sick_visionary_t_mini
[3.001s] -- Up-to-date: /home/avinaash/doozy_robotics/doozy_ws_2/install/sick_visionary_t_mini/include/sick_visionary_t_mini/msg
[3.001s] -- Up-to-date: /home/avinaash/doozy_robotics/doozy_ws_2/install/sick_visionary_t_mini/include/sick_visionary_t_mini/msg/rosidl_typesupport_fastrtps_cpp__visibility_control.h
[3.002s] -- Up-to-date: /home/avinaash/doozy_robotics/doozy_ws_2/install/sick_visionary_t_mini/include/sick_visionary_t_mini/msg/detail
[3.002s] -- Up-to-date: /home/avinaash/doozy_robotics/doozy_ws_2/install/sick_visionary_t_mini/include/sick_visionary_t_mini/msg/detail/sick_t_mini__rosidl_typesupport_fastrtps_cpp.hpp
[3.002s] -- Up-to-date: /home/avinaash/doozy_robotics/doozy_ws_2/install/sick_visionary_t_mini/include/sick_visionary_t_mini/msg/detail/dds_fastrtps
[3.002s] -- Up-to-date: /home/avinaash/doozy_robotics/doozy_ws_2/install/sick_visionary_t_mini/lib/libsick_visionary_t_mini__rosidl_typesupport_fastrtps_cpp.so
[3.002s] -- Up-to-date: /home/avinaash/doozy_robotics/doozy_ws_2/install/sick_visionary_t_mini/include/sick_visionary_t_mini
[3.002s] -- Up-to-date: /home/avinaash/doozy_robotics/doozy_ws_2/install/sick_visionary_t_mini/include/sick_visionary_t_mini/msg
[3.002s] -- Up-to-date: /home/avinaash/doozy_robotics/doozy_ws_2/install/sick_visionary_t_mini/include/sick_visionary_t_mini/msg/rosidl_typesupport_introspection_c__visibility_control.h
[3.003s] -- Up-to-date: /home/avinaash/doozy_robotics/doozy_ws_2/install/sick_visionary_t_mini/include/sick_visionary_t_mini/msg/detail
[3.003s] -- Up-to-date: /home/avinaash/doozy_robotics/doozy_ws_2/install/sick_visionary_t_mini/include/sick_visionary_t_mini/msg/detail/sick_t_mini__type_support.c
[3.003s] -- Up-to-date: /home/avinaash/doozy_robotics/doozy_ws_2/install/sick_visionary_t_mini/include/sick_visionary_t_mini/msg/detail/sick_t_mini__rosidl_typesupport_introspection_c.h
[3.003s] -- Up-to-date: /home/avinaash/doozy_robotics/doozy_ws_2/install/sick_visionary_t_mini/lib/libsick_visionary_t_mini__rosidl_typesupport_introspection_c.so
[3.003s] -- Up-to-date: /home/avinaash/doozy_robotics/doozy_ws_2/install/sick_visionary_t_mini/lib/libsick_visionary_t_mini__rosidl_typesupport_c.so
[3.003s] -- Up-to-date: /home/avinaash/doozy_robotics/doozy_ws_2/install/sick_visionary_t_mini/include/sick_visionary_t_mini
[3.003s] -- Up-to-date: /home/avinaash/doozy_robotics/doozy_ws_2/install/sick_visionary_t_mini/include/sick_visionary_t_mini/msg
[3.004s] -- Up-to-date: /home/avinaash/doozy_robotics/doozy_ws_2/install/sick_visionary_t_mini/include/sick_visionary_t_mini/msg/detail
[3.004s] -- Up-to-date: /home/avinaash/doozy_robotics/doozy_ws_2/install/sick_visionary_t_mini/include/sick_visionary_t_mini/msg/detail/sick_t_mini__builder.hpp
[3.004s] -- Up-to-date: /home/avinaash/doozy_robotics/doozy_ws_2/install/sick_visionary_t_mini/include/sick_visionary_t_mini/msg/detail/sick_t_mini__struct.hpp
[3.004s] -- Up-to-date: /home/avinaash/doozy_robotics/doozy_ws_2/install/sick_visionary_t_mini/include/sick_visionary_t_mini/msg/detail/sick_t_mini__traits.hpp
[3.004s] -- Up-to-date: /home/avinaash/doozy_robotics/doozy_ws_2/install/sick_visionary_t_mini/include/sick_visionary_t_mini/msg/sick_t_mini.hpp
[3.004s] -- Up-to-date: /home/avinaash/doozy_robotics/doozy_ws_2/install/sick_visionary_t_mini/include/sick_visionary_t_mini
[3.005s] -- Up-to-date: /home/avinaash/doozy_robotics/doozy_ws_2/install/sick_visionary_t_mini/include/sick_visionary_t_mini/msg
[3.005s] -- Up-to-date: /home/avinaash/doozy_robotics/doozy_ws_2/install/sick_visionary_t_mini/include/sick_visionary_t_mini/msg/detail
[3.005s] -- Up-to-date: /home/avinaash/doozy_robotics/doozy_ws_2/install/sick_visionary_t_mini/include/sick_visionary_t_mini/msg/detail/sick_t_mini__type_support.cpp
[3.005s] -- Up-to-date: /home/avinaash/doozy_robotics/doozy_ws_2/install/sick_visionary_t_mini/include/sick_visionary_t_mini/msg/detail/sick_t_mini__rosidl_typesupport_introspection_cpp.hpp
[3.005s] -- Up-to-date: /home/avinaash/doozy_robotics/doozy_ws_2/install/sick_visionary_t_mini/lib/libsick_visionary_t_mini__rosidl_typesupport_introspection_cpp.so
[3.005s] -- Up-to-date: /home/avinaash/doozy_robotics/doozy_ws_2/install/sick_visionary_t_mini/lib/libsick_visionary_t_mini__rosidl_typesupport_cpp.so
[3.006s] -- Up-to-date: /home/avinaash/doozy_robotics/doozy_ws_2/install/sick_visionary_t_mini/share/sick_visionary_t_mini/environment/pythonpath.sh
[3.006s] -- Up-to-date: /home/avinaash/doozy_robotics/doozy_ws_2/install/sick_visionary_t_mini/share/sick_visionary_t_mini/environment/pythonpath.dsv
[3.006s] -- Up-to-date: /home/avinaash/doozy_robotics/doozy_ws_2/install/sick_visionary_t_mini/lib/python3.8/site-packages/sick_visionary_t_mini/__init__.py
[3.123s] -- Up-to-date: /home/avinaash/doozy_robotics/doozy_ws_2/install/sick_visionary_t_mini/lib/python3.8/site-packages/sick_visionary_t_mini/msg
[3.123s] -- Up-to-date: /home/avinaash/doozy_robotics/doozy_ws_2/install/sick_visionary_t_mini/lib/python3.8/site-packages/sick_visionary_t_mini/msg/_sick_t_mini.py
[3.126s] -- Up-to-date: /home/avinaash/doozy_robotics/doozy_ws_2/install/sick_visionary_t_mini/lib/python3.8/site-packages/sick_visionary_t_mini/msg/_sick_t_mini_s.c
[3.130s] -- Up-to-date: /home/avinaash/doozy_robotics/doozy_ws_2/install/sick_visionary_t_mini/lib/python3.8/site-packages/sick_visionary_t_mini/msg/__init__.py
[3.131s] -- Up-to-date: /home/avinaash/doozy_robotics/doozy_ws_2/install/sick_visionary_t_mini/lib/python3.8/site-packages/sick_visionary_t_mini/sick_visionary_t_mini_s__rosidl_typesupport_fastrtps_c.cpython-38-x86_64-linux-gnu.so
[3.131s] -- Up-to-date: /home/avinaash/doozy_robotics/doozy_ws_2/install/sick_visionary_t_mini/lib/python3.8/site-packages/sick_visionary_t_mini/sick_visionary_t_mini_s__rosidl_typesupport_introspection_c.cpython-38-x86_64-linux-gnu.so
[3.131s] -- Up-to-date: /home/avinaash/doozy_robotics/doozy_ws_2/install/sick_visionary_t_mini/lib/python3.8/site-packages/sick_visionary_t_mini/sick_visionary_t_mini_s__rosidl_typesupport_c.cpython-38-x86_64-linux-gnu.so
[3.131s] -- Up-to-date: /home/avinaash/doozy_robotics/doozy_ws_2/install/sick_visionary_t_mini/lib/libsick_visionary_t_mini__python.so
[3.132s] -- Up-to-date: /home/avinaash/doozy_robotics/doozy_ws_2/install/sick_visionary_t_mini/share/sick_visionary_t_mini/msg/SickTMini.idl
[3.132s] -- Up-to-date: /home/avinaash/doozy_robotics/doozy_ws_2/install/sick_visionary_t_mini/share/sick_visionary_t_mini/msg/SickTMini.msg
[3.133s] -- Up-to-date: /home/avinaash/doozy_robotics/doozy_ws_2/install/sick_visionary_t_mini/share/ament_index/resource_index/package_run_dependencies/sick_visionary_t_mini
[3.138s] -- Up-to-date: /home/avinaash/doozy_robotics/doozy_ws_2/install/sick_visionary_t_mini/share/ament_index/resource_index/parent_prefix_path/sick_visionary_t_mini
[3.139s] -- Up-to-date: /home/avinaash/doozy_robotics/doozy_ws_2/install/sick_visionary_t_mini/share/sick_visionary_t_mini/environment/ament_prefix_path.sh
[3.139s] -- Up-to-date: /home/avinaash/doozy_robotics/doozy_ws_2/install/sick_visionary_t_mini/share/sick_visionary_t_mini/environment/ament_prefix_path.dsv
[3.139s] -- Up-to-date: /home/avinaash/doozy_robotics/doozy_ws_2/install/sick_visionary_t_mini/share/sick_visionary_t_mini/environment/path.sh
[3.140s] -- Up-to-date: /home/avinaash/doozy_robotics/doozy_ws_2/install/sick_visionary_t_mini/share/sick_visionary_t_mini/environment/path.dsv
[3.140s] -- Up-to-date: /home/avinaash/doozy_robotics/doozy_ws_2/install/sick_visionary_t_mini/share/sick_visionary_t_mini/local_setup.bash
[3.143s] -- Up-to-date: /home/avinaash/doozy_robotics/doozy_ws_2/install/sick_visionary_t_mini/share/sick_visionary_t_mini/local_setup.sh
[3.145s] -- Up-to-date: /home/avinaash/doozy_robotics/doozy_ws_2/install/sick_visionary_t_mini/share/sick_visionary_t_mini/local_setup.zsh
[3.146s] -- Up-to-date: /home/avinaash/doozy_robotics/doozy_ws_2/install/sick_visionary_t_mini/share/sick_visionary_t_mini/local_setup.dsv
[3.146s] -- Installing: /home/avinaash/doozy_robotics/doozy_ws_2/install/sick_visionary_t_mini/share/sick_visionary_t_mini/package.dsv
[3.146s] -- Up-to-date: /home/avinaash/doozy_robotics/doozy_ws_2/install/sick_visionary_t_mini/share/ament_index/resource_index/packages/sick_visionary_t_mini
[3.147s] -- Up-to-date: /home/avinaash/doozy_robotics/doozy_ws_2/install/sick_visionary_t_mini/share/sick_visionary_t_mini/cmake/sick_visionary_t_mini__rosidl_generator_cExport.cmake
[3.147s] -- Up-to-date: /home/avinaash/doozy_robotics/doozy_ws_2/install/sick_visionary_t_mini/share/sick_visionary_t_mini/cmake/sick_visionary_t_mini__rosidl_generator_cExport-noconfig.cmake
[3.147s] -- Up-to-date: /home/avinaash/doozy_robotics/doozy_ws_2/install/sick_visionary_t_mini/share/sick_visionary_t_mini/cmake/sick_visionary_t_mini__rosidl_typesupport_introspection_cExport.cmake
[3.147s] -- Up-to-date: /home/avinaash/doozy_robotics/doozy_ws_2/install/sick_visionary_t_mini/share/sick_visionary_t_mini/cmake/sick_visionary_t_mini__rosidl_typesupport_introspection_cExport-noconfig.cmake
[3.147s] -- Up-to-date: /home/avinaash/doozy_robotics/doozy_ws_2/install/sick_visionary_t_mini/share/sick_visionary_t_mini/cmake/sick_visionary_t_mini__rosidl_typesupport_cExport.cmake
[3.148s] -- Up-to-date: /home/avinaash/doozy_robotics/doozy_ws_2/install/sick_visionary_t_mini/share/sick_visionary_t_mini/cmake/sick_visionary_t_mini__rosidl_typesupport_cExport-noconfig.cmake
[3.148s] -- Up-to-date: /home/avinaash/doozy_robotics/doozy_ws_2/install/sick_visionary_t_mini/share/sick_visionary_t_mini/cmake/sick_visionary_t_mini__rosidl_generator_cppExport.cmake
[3.148s] -- Up-to-date: /home/avinaash/doozy_robotics/doozy_ws_2/install/sick_visionary_t_mini/share/sick_visionary_t_mini/cmake/sick_visionary_t_mini__rosidl_typesupport_introspection_cppExport.cmake
[3.148s] -- Up-to-date: /home/avinaash/doozy_robotics/doozy_ws_2/install/sick_visionary_t_mini/share/sick_visionary_t_mini/cmake/sick_visionary_t_mini__rosidl_typesupport_introspection_cppExport-noconfig.cmake
[3.148s] -- Up-to-date: /home/avinaash/doozy_robotics/doozy_ws_2/install/sick_visionary_t_mini/share/sick_visionary_t_mini/cmake/sick_visionary_t_mini__rosidl_typesupport_cppExport.cmake
[3.148s] -- Up-to-date: /home/avinaash/doozy_robotics/doozy_ws_2/install/sick_visionary_t_mini/share/sick_visionary_t_mini/cmake/sick_visionary_t_mini__rosidl_typesupport_cppExport-noconfig.cmake
[3.149s] -- Up-to-date: /home/avinaash/doozy_robotics/doozy_ws_2/install/sick_visionary_t_mini/share/sick_visionary_t_mini/cmake/rosidl_cmake-extras.cmake
[3.149s] -- Up-to-date: /home/avinaash/doozy_robotics/doozy_ws_2/install/sick_visionary_t_mini/share/sick_visionary_t_mini/cmake/ament_cmake_export_dependencies-extras.cmake
[3.150s] -- Up-to-date: /home/avinaash/doozy_robotics/doozy_ws_2/install/sick_visionary_t_mini/share/sick_visionary_t_mini/cmake/ament_cmake_export_libraries-extras.cmake
[3.152s] -- Up-to-date: /home/avinaash/doozy_robotics/doozy_ws_2/install/sick_visionary_t_mini/share/sick_visionary_t_mini/cmake/ament_cmake_export_targets-extras.cmake
[3.153s] -- Up-to-date: /home/avinaash/doozy_robotics/doozy_ws_2/install/sick_visionary_t_mini/share/sick_visionary_t_mini/cmake/ament_cmake_export_include_directories-extras.cmake
[3.153s] -- Up-to-date: /home/avinaash/doozy_robotics/doozy_ws_2/install/sick_visionary_t_mini/share/sick_visionary_t_mini/cmake/rosidl_cmake_export_typesupport_libraries-extras.cmake
[3.154s] -- Up-to-date: /home/avinaash/doozy_robotics/doozy_ws_2/install/sick_visionary_t_mini/share/sick_visionary_t_mini/cmake/rosidl_cmake_export_typesupport_targets-extras.cmake
[3.155s] -- Up-to-date: /home/avinaash/doozy_robotics/doozy_ws_2/install/sick_visionary_t_mini/share/sick_visionary_t_mini/cmake/sick_visionary_t_miniConfig.cmake
[3.155s] -- Up-to-date: /home/avinaash/doozy_robotics/doozy_ws_2/install/sick_visionary_t_mini/share/sick_visionary_t_mini/cmake/sick_visionary_t_miniConfig-version.cmake
[3.155s] -- Up-to-date: /home/avinaash/doozy_robotics/doozy_ws_2/install/sick_visionary_t_mini/share/sick_visionary_t_mini/package.xml
[3.156s] Invoked command in '/home/avinaash/doozy_robotics/doozy_ws_2/build/sick_visionary_t_mini' returned '0': CMAKE_PREFIX_PATH=${CMAKE_PREFIX_PATH}:/home/avinaash/doozy_robotics/doozy_ws_2/install/turtlebot3_teleop:/home/avinaash/doozy_robotics/doozy_ws_2/install/turtlebot3_example:/home/avinaash/doozy_robotics/doozy_ws_2/install/pallet_docker_02:/opt/ros/galactic /usr/bin/cmake --install /home/avinaash/doozy_robotics/doozy_ws_2/build/sick_visionary_t_mini
