[0.945s] Invoking command in '/home/avinaash/doozy_robotics/doozy_ws_2/build/turtlebot3_navigation2': CMAKE_PREFIX_PATH=${CMAKE_PREFIX_PATH}:/home/avinaash/doozy_robotics/doozy_ws_2/install/turtlebot3_teleop:/home/avinaash/doozy_robotics/doozy_ws_2/install/turtlebot3_example:/home/avinaash/doozy_robotics/doozy_ws_2/install/pallet_docker_02:/opt/ros/galactic /usr/bin/cmake --build /home/avinaash/doozy_robotics/doozy_ws_2/build/turtlebot3_navigation2 -- -j12 -l12
[2.659s] Invoked command in '/home/avinaash/doozy_robotics/doozy_ws_2/build/turtlebot3_navigation2' returned '0': CMAKE_PREFIX_PATH=${CMAKE_PREFIX_PATH}:/home/avinaash/doozy_robotics/doozy_ws_2/install/turtlebot3_teleop:/home/avinaash/doozy_robotics/doozy_ws_2/install/turtlebot3_example:/home/avinaash/doozy_robotics/doozy_ws_2/install/pallet_docker_02:/opt/ros/galactic /usr/bin/cmake --build /home/avinaash/doozy_robotics/doozy_ws_2/build/turtlebot3_navigation2 -- -j12 -l12
[2.943s] Invoking command in '/home/avinaash/doozy_robotics/doozy_ws_2/build/turtlebot3_navigation2': CMAKE_PREFIX_PATH=${CMAKE_PREFIX_PATH}:/home/avinaash/doozy_robotics/doozy_ws_2/install/turtlebot3_teleop:/home/avinaash/doozy_robotics/doozy_ws_2/install/turtlebot3_example:/home/avinaash/doozy_robotics/doozy_ws_2/install/pallet_docker_02:/opt/ros/galactic /usr/bin/cmake --install /home/avinaash/doozy_robotics/doozy_ws_2/build/turtlebot3_navigation2
[3.037s] -- Install configuration: ""
[3.045s] -- Up-to-date: /home/avinaash/doozy_robotics/doozy_ws_2/install/turtlebot3_navigation2/share/turtlebot3_navigation2/launch
[3.048s] -- Up-to-date: /home/avinaash/doozy_robotics/doozy_ws_2/install/turtlebot3_navigation2/share/turtlebot3_navigation2/launch/navigation2.launch.py
[3.049s] -- Up-to-date: /home/avinaash/doozy_robotics/doozy_ws_2/install/turtlebot3_navigation2/share/turtlebot3_navigation2/map
[3.049s] -- Up-to-date: /home/avinaash/doozy_robotics/doozy_ws_2/install/turtlebot3_navigation2/share/turtlebot3_navigation2/map/map.yaml
[3.049s] -- Up-to-date: /home/avinaash/doozy_robotics/doozy_ws_2/install/turtlebot3_navigation2/share/turtlebot3_navigation2/map/map.pgm
[3.049s] -- Up-to-date: /home/avinaash/doozy_robotics/doozy_ws_2/install/turtlebot3_navigation2/share/turtlebot3_navigation2/param
[3.050s] -- Up-to-date: /home/avinaash/doozy_robotics/doozy_ws_2/install/turtlebot3_navigation2/share/turtlebot3_navigation2/param/waffle_pi.yaml
[3.050s] -- Up-to-date: /home/avinaash/doozy_robotics/doozy_ws_2/install/turtlebot3_navigation2/share/turtlebot3_navigation2/param/waffle.yaml
[3.050s] -- Up-to-date: /home/avinaash/doozy_robotics/doozy_ws_2/install/turtlebot3_navigation2/share/turtlebot3_navigation2/param/burger.yaml
[3.050s] -- Up-to-date: /home/avinaash/doozy_robotics/doozy_ws_2/install/turtlebot3_navigation2/share/turtlebot3_navigation2/rviz
[3.051s] -- Up-to-date: /home/avinaash/doozy_robotics/doozy_ws_2/install/turtlebot3_navigation2/share/turtlebot3_navigation2/rviz/tb3_navigation2.rviz
[3.051s] -- Up-to-date: /home/avinaash/doozy_robotics/doozy_ws_2/install/turtlebot3_navigation2/share/ament_index/resource_index/package_run_dependencies/turtlebot3_navigation2
[3.051s] -- Up-to-date: /home/avinaash/doozy_robotics/doozy_ws_2/install/turtlebot3_navigation2/share/ament_index/resource_index/parent_prefix_path/turtlebot3_navigation2
[3.051s] -- Up-to-date: /home/avinaash/doozy_robotics/doozy_ws_2/install/turtlebot3_navigation2/share/turtlebot3_navigation2/environment/ament_prefix_path.sh
[3.051s] -- Up-to-date: /home/avinaash/doozy_robotics/doozy_ws_2/install/turtlebot3_navigation2/share/turtlebot3_navigation2/environment/ament_prefix_path.dsv
[3.052s] -- Up-to-date: /home/avinaash/doozy_robotics/doozy_ws_2/install/turtlebot3_navigation2/share/turtlebot3_navigation2/environment/path.sh
[3.052s] -- Up-to-date: /home/avinaash/doozy_robotics/doozy_ws_2/install/turtlebot3_navigation2/share/turtlebot3_navigation2/environment/path.dsv
[3.052s] -- Up-to-date: /home/avinaash/doozy_robotics/doozy_ws_2/install/turtlebot3_navigation2/share/turtlebot3_navigation2/local_setup.bash
[3.052s] -- Up-to-date: /home/avinaash/doozy_robotics/doozy_ws_2/install/turtlebot3_navigation2/share/turtlebot3_navigation2/local_setup.sh
[3.052s] -- Up-to-date: /home/avinaash/doozy_robotics/doozy_ws_2/install/turtlebot3_navigation2/share/turtlebot3_navigation2/local_setup.zsh
[3.053s] -- Up-to-date: /home/avinaash/doozy_robotics/doozy_ws_2/install/turtlebot3_navigation2/share/turtlebot3_navigation2/local_setup.dsv
[3.053s] -- Installing: /home/avinaash/doozy_robotics/doozy_ws_2/install/turtlebot3_navigation2/share/turtlebot3_navigation2/package.dsv
[3.053s] -- Up-to-date: /home/avinaash/doozy_robotics/doozy_ws_2/install/turtlebot3_navigation2/share/ament_index/resource_index/packages/turtlebot3_navigation2
[3.053s] -- Up-to-date: /home/avinaash/doozy_robotics/doozy_ws_2/install/turtlebot3_navigation2/share/turtlebot3_navigation2/cmake/turtlebot3_navigation2Config.cmake
[3.053s] -- Up-to-date: /home/avinaash/doozy_robotics/doozy_ws_2/install/turtlebot3_navigation2/share/turtlebot3_navigation2/cmake/turtlebot3_navigation2Config-version.cmake
[3.053s] -- Up-to-date: /home/avinaash/doozy_robotics/doozy_ws_2/install/turtlebot3_navigation2/share/turtlebot3_navigation2/package.xml
[3.109s] Invoked command in '/home/avinaash/doozy_robotics/doozy_ws_2/build/turtlebot3_navigation2' returned '0': CMAKE_PREFIX_PATH=${CMAKE_PREFIX_PATH}:/home/avinaash/doozy_robotics/doozy_ws_2/install/turtlebot3_teleop:/home/avinaash/doozy_robotics/doozy_ws_2/install/turtlebot3_example:/home/avinaash/doozy_robotics/doozy_ws_2/install/pallet_docker_02:/opt/ros/galactic /usr/bin/cmake --install /home/avinaash/doozy_robotics/doozy_ws_2/build/turtlebot3_navigation2
