[0.104s] Invoking command in '/home/avinaash/doozy_robotics/doozy_ws_2/build/image_geometry': CMAKE_PREFIX_PATH=${CMAKE_PREFIX_PATH}:/home/avinaash/doozy_robotics/doozy_ws_2/install/pallet_robot:/home/avinaash/doozy_robotics/doozy_ws_2/install/turtlebot3_teleop:/home/avinaash/doozy_robotics/doozy_ws_2/install/turtlebot3_example:/home/avinaash/doozy_robotics/doozy_ws_2/install/turtlebot3_automatic_parking:/home/avinaash/doozy_robotics/doozy_ws_2/install/pallet_docker_02:/home/avinaash/doozy_robotics/doozy_ws_2/install/opencv_tests:/home/avinaash/doozy_robotics/doozy_ws_2/install/camera_calibration:/opt/ros/galactic /usr/bin/cmake --build /home/avinaash/doozy_robotics/doozy_ws_2/build/image_geometry -- -j12 -l12
[0.821s] [ 18%] Built target gtest_main
[0.821s] [ 54%] Built target image_geometry
[0.821s] [ 54%] Built target ament_cmake_python_copy_image_geometry
[0.822s] [ 63%] Built target gtest
[0.822s] [ 81%] Built target image_geometry-utest-equi
[0.822s] [100%] Built target image_geometry-utest
[0.822s] running egg_info
[0.822s] writing image_geometry.egg-info/PKG-INFO
[0.822s] writing dependency_links to image_geometry.egg-info/dependency_links.txt
[0.823s] writing top-level names to image_geometry.egg-info/top_level.txt
[0.823s] reading manifest file 'image_geometry.egg-info/SOURCES.txt'
[0.823s] writing manifest file 'image_geometry.egg-info/SOURCES.txt'
[0.823s] [100%] Built target ament_cmake_python_build_image_geometry_egg
[0.829s] Invoked command in '/home/avinaash/doozy_robotics/doozy_ws_2/build/image_geometry' returned '0': CMAKE_PREFIX_PATH=${CMAKE_PREFIX_PATH}:/home/avinaash/doozy_robotics/doozy_ws_2/install/pallet_robot:/home/avinaash/doozy_robotics/doozy_ws_2/install/turtlebot3_teleop:/home/avinaash/doozy_robotics/doozy_ws_2/install/turtlebot3_example:/home/avinaash/doozy_robotics/doozy_ws_2/install/turtlebot3_automatic_parking:/home/avinaash/doozy_robotics/doozy_ws_2/install/pallet_docker_02:/home/avinaash/doozy_robotics/doozy_ws_2/install/opencv_tests:/home/avinaash/doozy_robotics/doozy_ws_2/install/camera_calibration:/opt/ros/galactic /usr/bin/cmake --build /home/avinaash/doozy_robotics/doozy_ws_2/build/image_geometry -- -j12 -l12
[1.014s] Invoking command in '/home/avinaash/doozy_robotics/doozy_ws_2/build/image_geometry': CMAKE_PREFIX_PATH=${CMAKE_PREFIX_PATH}:/home/avinaash/doozy_robotics/doozy_ws_2/install/pallet_robot:/home/avinaash/doozy_robotics/doozy_ws_2/install/turtlebot3_teleop:/home/avinaash/doozy_robotics/doozy_ws_2/install/turtlebot3_example:/home/avinaash/doozy_robotics/doozy_ws_2/install/turtlebot3_automatic_parking:/home/avinaash/doozy_robotics/doozy_ws_2/install/pallet_docker_02:/home/avinaash/doozy_robotics/doozy_ws_2/install/opencv_tests:/home/avinaash/doozy_robotics/doozy_ws_2/install/camera_calibration:/opt/ros/galactic /usr/bin/cmake --install /home/avinaash/doozy_robotics/doozy_ws_2/build/image_geometry
[1.045s] -- Install configuration: ""
[1.046s] -- Up-to-date: /home/avinaash/doozy_robotics/doozy_ws_2/install/image_geometry/share/image_geometry/environment/pythonpath.sh
[1.046s] -- Up-to-date: /home/avinaash/doozy_robotics/doozy_ws_2/install/image_geometry/share/image_geometry/environment/pythonpath.dsv
[1.047s] -- Up-to-date: /home/avinaash/doozy_robotics/doozy_ws_2/install/image_geometry/lib/python3.8/site-packages//image_geometry.egg-info
[1.049s] -- Installing: /home/avinaash/doozy_robotics/doozy_ws_2/install/image_geometry/lib/python3.8/site-packages//image_geometry.egg-info/SOURCES.txt
[1.049s] -- Installing: /home/avinaash/doozy_robotics/doozy_ws_2/install/image_geometry/lib/python3.8/site-packages//image_geometry.egg-info/top_level.txt
[1.049s] -- Installing: /home/avinaash/doozy_robotics/doozy_ws_2/install/image_geometry/lib/python3.8/site-packages//image_geometry.egg-info/dependency_links.txt
[1.052s] -- Installing: /home/avinaash/doozy_robotics/doozy_ws_2/install/image_geometry/lib/python3.8/site-packages//image_geometry.egg-info/PKG-INFO
[1.052s] -- Up-to-date: /home/avinaash/doozy_robotics/doozy_ws_2/install/image_geometry/lib/python3.8/site-packages/image_geometry
[1.053s] -- Up-to-date: /home/avinaash/doozy_robotics/doozy_ws_2/install/image_geometry/lib/python3.8/site-packages/image_geometry/cameramodels.py
[1.053s] -- Up-to-date: /home/avinaash/doozy_robotics/doozy_ws_2/install/image_geometry/lib/python3.8/site-packages/image_geometry/__init__.py
[1.099s] Listing '/home/avinaash/doozy_robotics/doozy_ws_2/install/image_geometry/lib/python3.8/site-packages/image_geometry'...
[1.106s] -- Up-to-date: /home/avinaash/doozy_robotics/doozy_ws_2/install/image_geometry/include/image_geometry
[1.106s] -- Up-to-date: /home/avinaash/doozy_robotics/doozy_ws_2/install/image_geometry/include/image_geometry/pinhole_camera_model.h
[1.106s] -- Up-to-date: /home/avinaash/doozy_robotics/doozy_ws_2/install/image_geometry/include/image_geometry/visibility_control.hpp
[1.106s] -- Up-to-date: /home/avinaash/doozy_robotics/doozy_ws_2/install/image_geometry/include/image_geometry/stereo_camera_model.h
[1.106s] -- Up-to-date: /home/avinaash/doozy_robotics/doozy_ws_2/install/image_geometry/lib/libimage_geometry.so
[1.107s] -- Up-to-date: /home/avinaash/doozy_robotics/doozy_ws_2/install/image_geometry/share/image_geometry/environment/library_path.sh
[1.107s] -- Up-to-date: /home/avinaash/doozy_robotics/doozy_ws_2/install/image_geometry/share/image_geometry/environment/library_path.dsv
[1.107s] -- Up-to-date: /home/avinaash/doozy_robotics/doozy_ws_2/install/image_geometry/share/ament_index/resource_index/package_run_dependencies/image_geometry
[1.107s] -- Up-to-date: /home/avinaash/doozy_robotics/doozy_ws_2/install/image_geometry/share/ament_index/resource_index/parent_prefix_path/image_geometry
[1.107s] -- Up-to-date: /home/avinaash/doozy_robotics/doozy_ws_2/install/image_geometry/share/image_geometry/environment/ament_prefix_path.sh
[1.108s] -- Up-to-date: /home/avinaash/doozy_robotics/doozy_ws_2/install/image_geometry/share/image_geometry/environment/ament_prefix_path.dsv
[1.108s] -- Up-to-date: /home/avinaash/doozy_robotics/doozy_ws_2/install/image_geometry/share/image_geometry/environment/path.sh
[1.108s] -- Up-to-date: /home/avinaash/doozy_robotics/doozy_ws_2/install/image_geometry/share/image_geometry/environment/path.dsv
[1.108s] -- Up-to-date: /home/avinaash/doozy_robotics/doozy_ws_2/install/image_geometry/share/image_geometry/local_setup.bash
[1.108s] -- Up-to-date: /home/avinaash/doozy_robotics/doozy_ws_2/install/image_geometry/share/image_geometry/local_setup.sh
[1.108s] -- Up-to-date: /home/avinaash/doozy_robotics/doozy_ws_2/install/image_geometry/share/image_geometry/local_setup.zsh
[1.108s] -- Up-to-date: /home/avinaash/doozy_robotics/doozy_ws_2/install/image_geometry/share/image_geometry/local_setup.dsv
[1.109s] -- Installing: /home/avinaash/doozy_robotics/doozy_ws_2/install/image_geometry/share/image_geometry/package.dsv
[1.109s] -- Up-to-date: /home/avinaash/doozy_robotics/doozy_ws_2/install/image_geometry/share/ament_index/resource_index/packages/image_geometry
[1.109s] -- Up-to-date: /home/avinaash/doozy_robotics/doozy_ws_2/install/image_geometry/share/image_geometry/cmake/ament_cmake_export_libraries-extras.cmake
[1.109s] -- Up-to-date: /home/avinaash/doozy_robotics/doozy_ws_2/install/image_geometry/share/image_geometry/cmake/ament_cmake_export_dependencies-extras.cmake
[1.109s] -- Up-to-date: /home/avinaash/doozy_robotics/doozy_ws_2/install/image_geometry/share/image_geometry/cmake/ament_cmake_export_include_directories-extras.cmake
[1.110s] -- Up-to-date: /home/avinaash/doozy_robotics/doozy_ws_2/install/image_geometry/share/image_geometry/cmake/image_geometryConfig.cmake
[1.110s] -- Up-to-date: /home/avinaash/doozy_robotics/doozy_ws_2/install/image_geometry/share/image_geometry/cmake/image_geometryConfig-version.cmake
[1.110s] -- Up-to-date: /home/avinaash/doozy_robotics/doozy_ws_2/install/image_geometry/share/image_geometry/package.xml
[1.136s] Invoked command in '/home/avinaash/doozy_robotics/doozy_ws_2/build/image_geometry' returned '0': CMAKE_PREFIX_PATH=${CMAKE_PREFIX_PATH}:/home/avinaash/doozy_robotics/doozy_ws_2/install/pallet_robot:/home/avinaash/doozy_robotics/doozy_ws_2/install/turtlebot3_teleop:/home/avinaash/doozy_robotics/doozy_ws_2/install/turtlebot3_example:/home/avinaash/doozy_robotics/doozy_ws_2/install/turtlebot3_automatic_parking:/home/avinaash/doozy_robotics/doozy_ws_2/install/pallet_docker_02:/home/avinaash/doozy_robotics/doozy_ws_2/install/opencv_tests:/home/avinaash/doozy_robotics/doozy_ws_2/install/camera_calibration:/opt/ros/galactic /usr/bin/cmake --install /home/avinaash/doozy_robotics/doozy_ws_2/build/image_geometry
