[3.690s] Invoking command in '/home/avinaash/doozy_robotics/doozy_ws_2/src/turtlebot3/turtlebot3_teleop': PYTHONPATH=/home/avinaash/doozy_robotics/doozy_ws_2/build/turtlebot3_teleop/prefix_override:/home/avinaash/doozy_robotics/doozy_ws_2/install/turtlebot3_teleop/lib/python3.8/site-packages:${PYTHONPATH} /usr/bin/python3 -W ignore:setup.py install is deprecated setup.py egg_info --egg-base ../../../build/turtlebot3_teleop build --build-base /home/avinaash/doozy_robotics/doozy_ws_2/build/turtlebot3_teleop/build install --record /home/avinaash/doozy_robotics/doozy_ws_2/build/turtlebot3_teleop/install.log --single-version-externally-managed install_data
[4.330s] running egg_info
[4.334s] writing ../../../build/turtlebot3_teleop/turtlebot3_teleop.egg-info/PKG-INFO
[4.337s] writing dependency_links to ../../../build/turtlebot3_teleop/turtlebot3_teleop.egg-info/dependency_links.txt
[4.337s] writing entry points to ../../../build/turtlebot3_teleop/turtlebot3_teleop.egg-info/entry_points.txt
[4.338s] writing requirements to ../../../build/turtlebot3_teleop/turtlebot3_teleop.egg-info/requires.txt
[4.338s] writing top-level names to ../../../build/turtlebot3_teleop/turtlebot3_teleop.egg-info/top_level.txt
[4.428s] reading manifest file '../../../build/turtlebot3_teleop/turtlebot3_teleop.egg-info/SOURCES.txt'
[4.433s] writing manifest file '../../../build/turtlebot3_teleop/turtlebot3_teleop.egg-info/SOURCES.txt'
[4.434s] running build
[4.434s] running build_py
[4.435s] running install
[4.435s] running install_lib
[4.440s] running install_data
[4.440s] running install_egg_info
[4.447s] removing '/home/avinaash/doozy_robotics/doozy_ws_2/install/turtlebot3_teleop/lib/python3.8/site-packages/turtlebot3_teleop-2.1.4-py3.8.egg-info' (and everything under it)
[4.448s] Copying ../../../build/turtlebot3_teleop/turtlebot3_teleop.egg-info to /home/avinaash/doozy_robotics/doozy_ws_2/install/turtlebot3_teleop/lib/python3.8/site-packages/turtlebot3_teleop-2.1.4-py3.8.egg-info
[4.448s] running install_scripts
[4.482s] Installing teleop_keyboard script to /home/avinaash/doozy_robotics/doozy_ws_2/install/turtlebot3_teleop/lib/turtlebot3_teleop
[4.482s] writing list of installed files to '/home/avinaash/doozy_robotics/doozy_ws_2/build/turtlebot3_teleop/install.log'
[4.535s] Invoked command in '/home/avinaash/doozy_robotics/doozy_ws_2/src/turtlebot3/turtlebot3_teleop' returned '0': PYTHONPATH=/home/avinaash/doozy_robotics/doozy_ws_2/build/turtlebot3_teleop/prefix_override:/home/avinaash/doozy_robotics/doozy_ws_2/install/turtlebot3_teleop/lib/python3.8/site-packages:${PYTHONPATH} /usr/bin/python3 -W ignore:setup.py install is deprecated setup.py egg_info --egg-base ../../../build/turtlebot3_teleop build --build-base /home/avinaash/doozy_robotics/doozy_ws_2/build/turtlebot3_teleop/build install --record /home/avinaash/doozy_robotics/doozy_ws_2/build/turtlebot3_teleop/install.log --single-version-externally-managed install_data
