[1.478s] Invoking command in '/home/avinaash/doozy_robotics/doozy_ws_2/build/doozy_actions': CMAKE_PREFIX_PATH=${CMAKE_PREFIX_PATH}:/home/avinaash/doozy_robotics/doozy_ws_2/install/turtlebot3_teleop:/home/avinaash/doozy_robotics/doozy_ws_2/install/turtlebot3_example:/home/avinaash/doozy_robotics/doozy_ws_2/install/pallet_docker_02:/opt/ros/galactic /usr/bin/cmake --build /home/avinaash/doozy_robotics/doozy_ws_2/build/doozy_actions -- -j12 -l12
[2.200s] [  3%] Built target doozy_actions__cpp
[2.201s] [ 12%] Built target doozy_actions__rosidl_generator_c
[2.202s] [ 22%] Built target doozy_actions__rosidl_typesupport_cpp
[2.205s] [ 32%] Built target doozy_actions__rosidl_typesupport_introspection_c
[2.206s] [ 41%] Built target doozy_actions__rosidl_typesupport_introspection_cpp
[2.211s] [ 51%] Built target doozy_actions__rosidl_typesupport_c
[2.211s] [ 61%] Built target doozy_actions__rosidl_typesupport_fastrtps_cpp
[2.212s] [ 70%] Built target doozy_actions__rosidl_typesupport_fastrtps_c
[2.213s] [ 70%] Built target doozy_actions
[2.213s] [ 74%] Built target doozy_actions__py
[2.213s] [ 80%] Built target doozy_actions__python
[2.213s] [ 93%] Built target doozy_actions__rosidl_typesupport_introspection_c__pyext
[2.214s] [ 93%] Built target doozy_actions__rosidl_typesupport_c__pyext
[2.214s] [100%] Built target doozy_actions__rosidl_typesupport_fastrtps_c__pyext
[2.248s] Invoked command in '/home/avinaash/doozy_robotics/doozy_ws_2/build/doozy_actions' returned '0': CMAKE_PREFIX_PATH=${CMAKE_PREFIX_PATH}:/home/avinaash/doozy_robotics/doozy_ws_2/install/turtlebot3_teleop:/home/avinaash/doozy_robotics/doozy_ws_2/install/turtlebot3_example:/home/avinaash/doozy_robotics/doozy_ws_2/install/pallet_docker_02:/opt/ros/galactic /usr/bin/cmake --build /home/avinaash/doozy_robotics/doozy_ws_2/build/doozy_actions -- -j12 -l12
[2.841s] Invoking command in '/home/avinaash/doozy_robotics/doozy_ws_2/build/doozy_actions': CMAKE_PREFIX_PATH=${CMAKE_PREFIX_PATH}:/home/avinaash/doozy_robotics/doozy_ws_2/install/turtlebot3_teleop:/home/avinaash/doozy_robotics/doozy_ws_2/install/turtlebot3_example:/home/avinaash/doozy_robotics/doozy_ws_2/install/pallet_docker_02:/opt/ros/galactic /usr/bin/cmake --install /home/avinaash/doozy_robotics/doozy_ws_2/build/doozy_actions
[3.019s] -- Install configuration: ""
[3.020s] -- Up-to-date: /home/avinaash/doozy_robotics/doozy_ws_2/install/doozy_actions/share/ament_index/resource_index/rosidl_interfaces/doozy_actions
[3.020s] -- Up-to-date: /home/avinaash/doozy_robotics/doozy_ws_2/install/doozy_actions/include/doozy_actions
[3.021s] -- Up-to-date: /home/avinaash/doozy_robotics/doozy_ws_2/install/doozy_actions/include/doozy_actions/action
[3.021s] -- Up-to-date: /home/avinaash/doozy_robotics/doozy_ws_2/install/doozy_actions/include/doozy_actions/action/dolly_dock.h
[3.021s] -- Up-to-date: /home/avinaash/doozy_robotics/doozy_ws_2/install/doozy_actions/include/doozy_actions/action/detail
[3.021s] -- Up-to-date: /home/avinaash/doozy_robotics/doozy_ws_2/install/doozy_actions/include/doozy_actions/action/detail/dolly_dock__functions.h
[3.021s] -- Up-to-date: /home/avinaash/doozy_robotics/doozy_ws_2/install/doozy_actions/include/doozy_actions/action/detail/dolly_dock__type_support.h
[3.021s] -- Up-to-date: /home/avinaash/doozy_robotics/doozy_ws_2/install/doozy_actions/include/doozy_actions/action/detail/dolly_dock__struct.h
[3.021s] -- Up-to-date: /home/avinaash/doozy_robotics/doozy_ws_2/install/doozy_actions/include/doozy_actions/action/detail/dolly_dock__functions.c
[3.022s] -- Up-to-date: /home/avinaash/doozy_robotics/doozy_ws_2/install/doozy_actions/include/doozy_actions/msg
[3.022s] -- Up-to-date: /home/avinaash/doozy_robotics/doozy_ws_2/install/doozy_actions/include/doozy_actions/msg/rosidl_generator_c__visibility_control.h
[3.022s] -- Up-to-date: /home/avinaash/doozy_robotics/doozy_ws_2/install/doozy_actions/share/doozy_actions/environment/library_path.sh
[3.022s] -- Up-to-date: /home/avinaash/doozy_robotics/doozy_ws_2/install/doozy_actions/share/doozy_actions/environment/library_path.dsv
[3.024s] -- Up-to-date: /home/avinaash/doozy_robotics/doozy_ws_2/install/doozy_actions/lib/libdoozy_actions__rosidl_generator_c.so
[3.025s] -- Up-to-date: /home/avinaash/doozy_robotics/doozy_ws_2/install/doozy_actions/include/doozy_actions
[3.025s] -- Up-to-date: /home/avinaash/doozy_robotics/doozy_ws_2/install/doozy_actions/include/doozy_actions/action
[3.025s] -- Up-to-date: /home/avinaash/doozy_robotics/doozy_ws_2/install/doozy_actions/include/doozy_actions/action/detail
[3.025s] -- Up-to-date: /home/avinaash/doozy_robotics/doozy_ws_2/install/doozy_actions/include/doozy_actions/action/detail/dolly_dock__rosidl_typesupport_fastrtps_c.h
[3.025s] -- Up-to-date: /home/avinaash/doozy_robotics/doozy_ws_2/install/doozy_actions/include/doozy_actions/msg
[3.026s] -- Up-to-date: /home/avinaash/doozy_robotics/doozy_ws_2/install/doozy_actions/include/doozy_actions/msg/rosidl_typesupport_fastrtps_c__visibility_control.h
[3.026s] -- Up-to-date: /home/avinaash/doozy_robotics/doozy_ws_2/install/doozy_actions/lib/libdoozy_actions__rosidl_typesupport_fastrtps_c.so
[3.026s] -- Up-to-date: /home/avinaash/doozy_robotics/doozy_ws_2/install/doozy_actions/include/doozy_actions
[3.026s] -- Up-to-date: /home/avinaash/doozy_robotics/doozy_ws_2/install/doozy_actions/include/doozy_actions/action
[3.026s] -- Up-to-date: /home/avinaash/doozy_robotics/doozy_ws_2/install/doozy_actions/include/doozy_actions/action/detail
[3.026s] -- Up-to-date: /home/avinaash/doozy_robotics/doozy_ws_2/install/doozy_actions/include/doozy_actions/action/detail/dds_fastrtps
[3.027s] -- Up-to-date: /home/avinaash/doozy_robotics/doozy_ws_2/install/doozy_actions/include/doozy_actions/action/detail/dolly_dock__rosidl_typesupport_fastrtps_cpp.hpp
[3.027s] -- Up-to-date: /home/avinaash/doozy_robotics/doozy_ws_2/install/doozy_actions/include/doozy_actions/msg
[3.027s] -- Up-to-date: /home/avinaash/doozy_robotics/doozy_ws_2/install/doozy_actions/include/doozy_actions/msg/rosidl_typesupport_fastrtps_cpp__visibility_control.h
[3.027s] -- Up-to-date: /home/avinaash/doozy_robotics/doozy_ws_2/install/doozy_actions/lib/libdoozy_actions__rosidl_typesupport_fastrtps_cpp.so
[3.039s] -- Up-to-date: /home/avinaash/doozy_robotics/doozy_ws_2/install/doozy_actions/include/doozy_actions
[3.039s] -- Up-to-date: /home/avinaash/doozy_robotics/doozy_ws_2/install/doozy_actions/include/doozy_actions/action
[3.040s] -- Up-to-date: /home/avinaash/doozy_robotics/doozy_ws_2/install/doozy_actions/include/doozy_actions/action/detail
[3.040s] -- Up-to-date: /home/avinaash/doozy_robotics/doozy_ws_2/install/doozy_actions/include/doozy_actions/action/detail/dolly_dock__rosidl_typesupport_introspection_c.h
[3.040s] -- Up-to-date: /home/avinaash/doozy_robotics/doozy_ws_2/install/doozy_actions/include/doozy_actions/action/detail/dolly_dock__type_support.c
[3.041s] -- Up-to-date: /home/avinaash/doozy_robotics/doozy_ws_2/install/doozy_actions/include/doozy_actions/msg
[3.041s] -- Up-to-date: /home/avinaash/doozy_robotics/doozy_ws_2/install/doozy_actions/include/doozy_actions/msg/rosidl_typesupport_introspection_c__visibility_control.h
[3.041s] -- Up-to-date: /home/avinaash/doozy_robotics/doozy_ws_2/install/doozy_actions/lib/libdoozy_actions__rosidl_typesupport_introspection_c.so
[3.041s] -- Up-to-date: /home/avinaash/doozy_robotics/doozy_ws_2/install/doozy_actions/lib/libdoozy_actions__rosidl_typesupport_c.so
[3.041s] -- Up-to-date: /home/avinaash/doozy_robotics/doozy_ws_2/install/doozy_actions/include/doozy_actions
[3.041s] -- Up-to-date: /home/avinaash/doozy_robotics/doozy_ws_2/install/doozy_actions/include/doozy_actions/action
[3.042s] -- Up-to-date: /home/avinaash/doozy_robotics/doozy_ws_2/install/doozy_actions/include/doozy_actions/action/dolly_dock.hpp
[3.042s] -- Up-to-date: /home/avinaash/doozy_robotics/doozy_ws_2/install/doozy_actions/include/doozy_actions/action/detail
[3.042s] -- Up-to-date: /home/avinaash/doozy_robotics/doozy_ws_2/install/doozy_actions/include/doozy_actions/action/detail/dolly_dock__struct.hpp
[3.042s] -- Up-to-date: /home/avinaash/doozy_robotics/doozy_ws_2/install/doozy_actions/include/doozy_actions/action/detail/dolly_dock__builder.hpp
[3.043s] -- Up-to-date: /home/avinaash/doozy_robotics/doozy_ws_2/install/doozy_actions/include/doozy_actions/action/detail/dolly_dock__traits.hpp
[3.043s] -- Up-to-date: /home/avinaash/doozy_robotics/doozy_ws_2/install/doozy_actions/include/doozy_actions
[3.043s] -- Up-to-date: /home/avinaash/doozy_robotics/doozy_ws_2/install/doozy_actions/include/doozy_actions/action
[3.043s] -- Up-to-date: /home/avinaash/doozy_robotics/doozy_ws_2/install/doozy_actions/include/doozy_actions/action/detail
[3.044s] -- Up-to-date: /home/avinaash/doozy_robotics/doozy_ws_2/install/doozy_actions/include/doozy_actions/action/detail/dolly_dock__type_support.cpp
[3.044s] -- Up-to-date: /home/avinaash/doozy_robotics/doozy_ws_2/install/doozy_actions/include/doozy_actions/action/detail/dolly_dock__rosidl_typesupport_introspection_cpp.hpp
[3.044s] -- Up-to-date: /home/avinaash/doozy_robotics/doozy_ws_2/install/doozy_actions/lib/libdoozy_actions__rosidl_typesupport_introspection_cpp.so
[3.044s] -- Up-to-date: /home/avinaash/doozy_robotics/doozy_ws_2/install/doozy_actions/lib/libdoozy_actions__rosidl_typesupport_cpp.so
[3.045s] -- Up-to-date: /home/avinaash/doozy_robotics/doozy_ws_2/install/doozy_actions/share/doozy_actions/environment/pythonpath.sh
[3.045s] -- Up-to-date: /home/avinaash/doozy_robotics/doozy_ws_2/install/doozy_actions/share/doozy_actions/environment/pythonpath.dsv
[3.045s] -- Up-to-date: /home/avinaash/doozy_robotics/doozy_ws_2/install/doozy_actions/lib/python3.8/site-packages/doozy_actions/__init__.py
[3.079s] -- Up-to-date: /home/avinaash/doozy_robotics/doozy_ws_2/install/doozy_actions/lib/python3.8/site-packages/doozy_actions/action
[3.079s] -- Up-to-date: /home/avinaash/doozy_robotics/doozy_ws_2/install/doozy_actions/lib/python3.8/site-packages/doozy_actions/action/_dolly_dock_s.c
[3.079s] -- Up-to-date: /home/avinaash/doozy_robotics/doozy_ws_2/install/doozy_actions/lib/python3.8/site-packages/doozy_actions/action/_dolly_dock.py
[3.079s] -- Up-to-date: /home/avinaash/doozy_robotics/doozy_ws_2/install/doozy_actions/lib/python3.8/site-packages/doozy_actions/action/__init__.py
[3.080s] -- Up-to-date: /home/avinaash/doozy_robotics/doozy_ws_2/install/doozy_actions/lib/python3.8/site-packages/doozy_actions/doozy_actions_s__rosidl_typesupport_fastrtps_c.cpython-38-x86_64-linux-gnu.so
[3.080s] -- Up-to-date: /home/avinaash/doozy_robotics/doozy_ws_2/install/doozy_actions/lib/python3.8/site-packages/doozy_actions/doozy_actions_s__rosidl_typesupport_introspection_c.cpython-38-x86_64-linux-gnu.so
[3.083s] -- Up-to-date: /home/avinaash/doozy_robotics/doozy_ws_2/install/doozy_actions/lib/python3.8/site-packages/doozy_actions/doozy_actions_s__rosidl_typesupport_c.cpython-38-x86_64-linux-gnu.so
[3.086s] -- Up-to-date: /home/avinaash/doozy_robotics/doozy_ws_2/install/doozy_actions/lib/libdoozy_actions__python.so
[3.087s] -- Up-to-date: /home/avinaash/doozy_robotics/doozy_ws_2/install/doozy_actions/share/doozy_actions/action/DollyDock.idl
[3.087s] -- Up-to-date: /home/avinaash/doozy_robotics/doozy_ws_2/install/doozy_actions/share/doozy_actions/action/DollyDock.action
[3.094s] -- Up-to-date: /home/avinaash/doozy_robotics/doozy_ws_2/install/doozy_actions/share/ament_index/resource_index/package_run_dependencies/doozy_actions
[3.096s] -- Up-to-date: /home/avinaash/doozy_robotics/doozy_ws_2/install/doozy_actions/share/ament_index/resource_index/parent_prefix_path/doozy_actions
[3.097s] -- Up-to-date: /home/avinaash/doozy_robotics/doozy_ws_2/install/doozy_actions/share/doozy_actions/environment/ament_prefix_path.sh
[3.098s] -- Up-to-date: /home/avinaash/doozy_robotics/doozy_ws_2/install/doozy_actions/share/doozy_actions/environment/ament_prefix_path.dsv
[3.099s] -- Up-to-date: /home/avinaash/doozy_robotics/doozy_ws_2/install/doozy_actions/share/doozy_actions/environment/path.sh
[3.099s] -- Up-to-date: /home/avinaash/doozy_robotics/doozy_ws_2/install/doozy_actions/share/doozy_actions/environment/path.dsv
[3.099s] -- Up-to-date: /home/avinaash/doozy_robotics/doozy_ws_2/install/doozy_actions/share/doozy_actions/local_setup.bash
[3.099s] -- Up-to-date: /home/avinaash/doozy_robotics/doozy_ws_2/install/doozy_actions/share/doozy_actions/local_setup.sh
[3.099s] -- Up-to-date: /home/avinaash/doozy_robotics/doozy_ws_2/install/doozy_actions/share/doozy_actions/local_setup.zsh
[3.099s] -- Up-to-date: /home/avinaash/doozy_robotics/doozy_ws_2/install/doozy_actions/share/doozy_actions/local_setup.dsv
[3.100s] -- Installing: /home/avinaash/doozy_robotics/doozy_ws_2/install/doozy_actions/share/doozy_actions/package.dsv
[3.108s] -- Up-to-date: /home/avinaash/doozy_robotics/doozy_ws_2/install/doozy_actions/share/ament_index/resource_index/packages/doozy_actions
[3.109s] -- Up-to-date: /home/avinaash/doozy_robotics/doozy_ws_2/install/doozy_actions/share/doozy_actions/cmake/doozy_actions__rosidl_generator_cExport.cmake
[3.109s] -- Up-to-date: /home/avinaash/doozy_robotics/doozy_ws_2/install/doozy_actions/share/doozy_actions/cmake/doozy_actions__rosidl_generator_cExport-noconfig.cmake
[3.110s] -- Up-to-date: /home/avinaash/doozy_robotics/doozy_ws_2/install/doozy_actions/share/doozy_actions/cmake/doozy_actions__rosidl_typesupport_introspection_cExport.cmake
[3.110s] -- Up-to-date: /home/avinaash/doozy_robotics/doozy_ws_2/install/doozy_actions/share/doozy_actions/cmake/doozy_actions__rosidl_typesupport_introspection_cExport-noconfig.cmake
[3.110s] -- Up-to-date: /home/avinaash/doozy_robotics/doozy_ws_2/install/doozy_actions/share/doozy_actions/cmake/doozy_actions__rosidl_typesupport_cExport.cmake
[3.111s] -- Up-to-date: /home/avinaash/doozy_robotics/doozy_ws_2/install/doozy_actions/share/doozy_actions/cmake/doozy_actions__rosidl_typesupport_cExport-noconfig.cmake
[3.111s] -- Up-to-date: /home/avinaash/doozy_robotics/doozy_ws_2/install/doozy_actions/share/doozy_actions/cmake/doozy_actions__rosidl_generator_cppExport.cmake
[3.111s] -- Up-to-date: /home/avinaash/doozy_robotics/doozy_ws_2/install/doozy_actions/share/doozy_actions/cmake/doozy_actions__rosidl_typesupport_introspection_cppExport.cmake
[3.111s] -- Up-to-date: /home/avinaash/doozy_robotics/doozy_ws_2/install/doozy_actions/share/doozy_actions/cmake/doozy_actions__rosidl_typesupport_introspection_cppExport-noconfig.cmake
[3.111s] -- Up-to-date: /home/avinaash/doozy_robotics/doozy_ws_2/install/doozy_actions/share/doozy_actions/cmake/doozy_actions__rosidl_typesupport_cppExport.cmake
[3.112s] -- Up-to-date: /home/avinaash/doozy_robotics/doozy_ws_2/install/doozy_actions/share/doozy_actions/cmake/doozy_actions__rosidl_typesupport_cppExport-noconfig.cmake
[3.112s] -- Up-to-date: /home/avinaash/doozy_robotics/doozy_ws_2/install/doozy_actions/share/doozy_actions/cmake/rosidl_cmake-extras.cmake
[3.112s] -- Up-to-date: /home/avinaash/doozy_robotics/doozy_ws_2/install/doozy_actions/share/doozy_actions/cmake/ament_cmake_export_dependencies-extras.cmake
[3.112s] -- Up-to-date: /home/avinaash/doozy_robotics/doozy_ws_2/install/doozy_actions/share/doozy_actions/cmake/ament_cmake_export_libraries-extras.cmake
[3.112s] -- Up-to-date: /home/avinaash/doozy_robotics/doozy_ws_2/install/doozy_actions/share/doozy_actions/cmake/ament_cmake_export_targets-extras.cmake
[3.112s] -- Up-to-date: /home/avinaash/doozy_robotics/doozy_ws_2/install/doozy_actions/share/doozy_actions/cmake/ament_cmake_export_include_directories-extras.cmake
[3.113s] -- Up-to-date: /home/avinaash/doozy_robotics/doozy_ws_2/install/doozy_actions/share/doozy_actions/cmake/rosidl_cmake_export_typesupport_libraries-extras.cmake
[3.114s] -- Up-to-date: /home/avinaash/doozy_robotics/doozy_ws_2/install/doozy_actions/share/doozy_actions/cmake/rosidl_cmake_export_typesupport_targets-extras.cmake
[3.115s] -- Up-to-date: /home/avinaash/doozy_robotics/doozy_ws_2/install/doozy_actions/share/doozy_actions/cmake/doozy_actionsConfig.cmake
[3.115s] -- Up-to-date: /home/avinaash/doozy_robotics/doozy_ws_2/install/doozy_actions/share/doozy_actions/cmake/doozy_actionsConfig-version.cmake
[3.115s] -- Up-to-date: /home/avinaash/doozy_robotics/doozy_ws_2/install/doozy_actions/share/doozy_actions/package.xml
[3.209s] Invoked command in '/home/avinaash/doozy_robotics/doozy_ws_2/build/doozy_actions' returned '0': CMAKE_PREFIX_PATH=${CMAKE_PREFIX_PATH}:/home/avinaash/doozy_robotics/doozy_ws_2/install/turtlebot3_teleop:/home/avinaash/doozy_robotics/doozy_ws_2/install/turtlebot3_example:/home/avinaash/doozy_robotics/doozy_ws_2/install/pallet_docker_02:/opt/ros/galactic /usr/bin/cmake --install /home/avinaash/doozy_robotics/doozy_ws_2/build/doozy_actions
