[2.536s] Invoking command in '/home/avinaash/doozy_robotics/doozy_ws_2/src/turtlebot3_applications/turtlebot3_automatic_parking': PYTHONPATH=/home/avinaash/doozy_robotics/doozy_ws_2/build/turtlebot3_automatic_parking/prefix_override:/home/avinaash/doozy_robotics/doozy_ws_2/install/turtlebot3_automatic_parking/lib/python3.8/site-packages:${PYTHONPATH} /usr/bin/python3 -W ignore:setup.py install is deprecated setup.py egg_info --egg-base ../../../build/turtlebot3_automatic_parking build --build-base /home/avinaash/doozy_robotics/doozy_ws_2/build/turtlebot3_automatic_parking/build install --record /home/avinaash/doozy_robotics/doozy_ws_2/build/turtlebot3_automatic_parking/install.log --install-scripts $base/lib/turtlebot3_automatic_parking --single-version-externally-managed install_data
[3.162s] running egg_info
[3.172s] writing ../../../build/turtlebot3_automatic_parking/turtlebot3_automatic_parking.egg-info/PKG-INFO
[3.172s] writing dependency_links to ../../../build/turtlebot3_automatic_parking/turtlebot3_automatic_parking.egg-info/dependency_links.txt
[3.172s] writing entry points to ../../../build/turtlebot3_automatic_parking/turtlebot3_automatic_parking.egg-info/entry_points.txt
[3.173s] writing requirements to ../../../build/turtlebot3_automatic_parking/turtlebot3_automatic_parking.egg-info/requires.txt
[3.173s] writing top-level names to ../../../build/turtlebot3_automatic_parking/turtlebot3_automatic_parking.egg-info/top_level.txt
[3.239s] reading manifest file '../../../build/turtlebot3_automatic_parking/turtlebot3_automatic_parking.egg-info/SOURCES.txt'
[3.241s] writing manifest file '../../../build/turtlebot3_automatic_parking/turtlebot3_automatic_parking.egg-info/SOURCES.txt'
[3.241s] running build
[3.241s] running build_py
[3.242s] running install
[3.243s] running install_lib
[3.248s] running install_data
[3.248s] running install_egg_info
[3.251s] removing '/home/avinaash/doozy_robotics/doozy_ws_2/install/turtlebot3_automatic_parking/lib/python3.8/site-packages/turtlebot3_automatic_parking-2.0.0-py3.8.egg-info' (and everything under it)
[3.252s] Copying ../../../build/turtlebot3_automatic_parking/turtlebot3_automatic_parking.egg-info to /home/avinaash/doozy_robotics/doozy_ws_2/install/turtlebot3_automatic_parking/lib/python3.8/site-packages/turtlebot3_automatic_parking-2.0.0-py3.8.egg-info
[3.253s] running install_scripts
[3.293s] Installing turtlebot3_automatic_parking script to /home/avinaash/doozy_robotics/doozy_ws_2/install/turtlebot3_automatic_parking/lib/turtlebot3_automatic_parking
[3.308s] writing list of installed files to '/home/avinaash/doozy_robotics/doozy_ws_2/build/turtlebot3_automatic_parking/install.log'
[3.483s] Invoked command in '/home/avinaash/doozy_robotics/doozy_ws_2/src/turtlebot3_applications/turtlebot3_automatic_parking' returned '0': PYTHONPATH=/home/avinaash/doozy_robotics/doozy_ws_2/build/turtlebot3_automatic_parking/prefix_override:/home/avinaash/doozy_robotics/doozy_ws_2/install/turtlebot3_automatic_parking/lib/python3.8/site-packages:${PYTHONPATH} /usr/bin/python3 -W ignore:setup.py install is deprecated setup.py egg_info --egg-base ../../../build/turtlebot3_automatic_parking build --build-base /home/avinaash/doozy_robotics/doozy_ws_2/build/turtlebot3_automatic_parking/build install --record /home/avinaash/doozy_robotics/doozy_ws_2/build/turtlebot3_automatic_parking/install.log --install-scripts $base/lib/turtlebot3_automatic_parking --single-version-externally-managed install_data
