[5.639s] Invoking command in '/home/avinaash/doozy_robotics/doozy_ws_2/src/turtlebot3/turtlebot3_example': PYTHONPATH=/home/avinaash/doozy_robotics/doozy_ws_2/build/turtlebot3_example/prefix_override:/home/avinaash/doozy_robotics/doozy_ws_2/install/turtlebot3_example/lib/python3.8/site-packages:${PYTHONPATH} /usr/bin/python3 -W ignore:setup.py install is deprecated setup.py egg_info --egg-base ../../../build/turtlebot3_example build --build-base /home/avinaash/doozy_robotics/doozy_ws_2/build/turtlebot3_example/build install --record /home/avinaash/doozy_robotics/doozy_ws_2/build/turtlebot3_example/install.log --single-version-externally-managed install_data
[6.712s] running egg_info
[6.716s] writing ../../../build/turtlebot3_example/turtlebot3_example.egg-info/PKG-INFO
[6.717s] writing dependency_links to ../../../build/turtlebot3_example/turtlebot3_example.egg-info/dependency_links.txt
[6.719s] writing entry points to ../../../build/turtlebot3_example/turtlebot3_example.egg-info/entry_points.txt
[6.721s] writing requirements to ../../../build/turtlebot3_example/turtlebot3_example.egg-info/requires.txt
[6.722s] writing top-level names to ../../../build/turtlebot3_example/turtlebot3_example.egg-info/top_level.txt
[6.838s] reading manifest file '../../../build/turtlebot3_example/turtlebot3_example.egg-info/SOURCES.txt'
[6.841s] writing manifest file '../../../build/turtlebot3_example/turtlebot3_example.egg-info/SOURCES.txt'
[6.841s] running build
[6.841s] running build_py
[6.846s] running install
[6.850s] running install_lib
[6.858s] running install_data
[6.858s] running install_egg_info
[6.877s] removing '/home/avinaash/doozy_robotics/doozy_ws_2/install/turtlebot3_example/lib/python3.8/site-packages/turtlebot3_example-2.1.4-py3.8.egg-info' (and everything under it)
[6.907s] Copying ../../../build/turtlebot3_example/turtlebot3_example.egg-info to /home/avinaash/doozy_robotics/doozy_ws_2/install/turtlebot3_example/lib/python3.8/site-packages/turtlebot3_example-2.1.4-py3.8.egg-info
[6.912s] running install_scripts
[6.981s] Installing turtlebot3_obstacle_detection script to /home/avinaash/doozy_robotics/doozy_ws_2/install/turtlebot3_example/lib/turtlebot3_example
[6.982s] Installing turtlebot3_patrol_client script to /home/avinaash/doozy_robotics/doozy_ws_2/install/turtlebot3_example/lib/turtlebot3_example
[6.982s] Installing turtlebot3_patrol_server script to /home/avinaash/doozy_robotics/doozy_ws_2/install/turtlebot3_example/lib/turtlebot3_example
[6.992s] Installing turtlebot3_position_control script to /home/avinaash/doozy_robotics/doozy_ws_2/install/turtlebot3_example/lib/turtlebot3_example
[6.992s] writing list of installed files to '/home/avinaash/doozy_robotics/doozy_ws_2/build/turtlebot3_example/install.log'
[7.170s] Invoked command in '/home/avinaash/doozy_robotics/doozy_ws_2/src/turtlebot3/turtlebot3_example' returned '0': PYTHONPATH=/home/avinaash/doozy_robotics/doozy_ws_2/build/turtlebot3_example/prefix_override:/home/avinaash/doozy_robotics/doozy_ws_2/install/turtlebot3_example/lib/python3.8/site-packages:${PYTHONPATH} /usr/bin/python3 -W ignore:setup.py install is deprecated setup.py egg_info --egg-base ../../../build/turtlebot3_example build --build-base /home/avinaash/doozy_robotics/doozy_ws_2/build/turtlebot3_example/build install --record /home/avinaash/doozy_robotics/doozy_ws_2/build/turtlebot3_example/install.log --single-version-externally-managed install_data
