[0.110s] Invoking command in '/home/avinaash/doozy_robotics/doozy_ws_2/build/turtlebot3_cartographer': CMAKE_PREFIX_PATH=${CMAKE_PREFIX_PATH}:/home/avinaash/doozy_robotics/doozy_ws_2/install/turtlebot3_teleop:/home/avinaash/doozy_robotics/doozy_ws_2/install/turtlebot3_example:/home/avinaash/doozy_robotics/doozy_ws_2/install/pallet_docker_02:/home/avinaash/doozy_robotics/doozy_ws_2/install/2_t_dolly_logistics_driver:/opt/ros/galactic /usr/bin/cmake /home/avinaash/doozy_robotics/doozy_ws_2/src/turtlebot3/turtlebot3_cartographer -DCMAKE_INSTALL_PREFIX=/home/avinaash/doozy_robotics/doozy_ws_2/install/turtlebot3_cartographer
[2.081s] -- The C compiler identification is GNU 9.4.0
[2.081s] -- The CXX compiler identification is GNU 9.4.0
[2.081s] -- Check for working C compiler: /usr/bin/cc
[2.082s] -- Check for working C compiler: /usr/bin/cc -- works
[2.082s] -- Detecting C compiler ABI info
[2.082s] -- Detecting C compiler ABI info - done
[2.082s] -- Detecting C compile features
[2.082s] -- Detecting C compile features - done
[2.082s] -- Check for working CXX compiler: /usr/bin/c++
[2.082s] -- Check for working CXX compiler: /usr/bin/c++ -- works
[2.083s] -- Detecting CXX compiler ABI info
[2.083s] -- Detecting CXX compiler ABI info - done
[2.083s] -- Detecting CXX compile features
[2.083s] -- Detecting CXX compile features - done
[2.083s] -- Found ament_cmake: 1.1.6 (/opt/ros/galactic/share/ament_cmake/cmake)
[2.084s] -- Found PythonInterp: /usr/bin/python3 (found suitable version "3.8.10", minimum required is "3") 
[2.084s] -- Using PYTHON_EXECUTABLE: /usr/bin/python3
[2.084s] -- Configuring done
[2.084s] -- Generating done
[2.085s] -- Build files have been written to: /home/avinaash/doozy_robotics/doozy_ws_2/build/turtlebot3_cartographer
[2.117s] Invoked command in '/home/avinaash/doozy_robotics/doozy_ws_2/build/turtlebot3_cartographer' returned '0': CMAKE_PREFIX_PATH=${CMAKE_PREFIX_PATH}:/home/avinaash/doozy_robotics/doozy_ws_2/install/turtlebot3_teleop:/home/avinaash/doozy_robotics/doozy_ws_2/install/turtlebot3_example:/home/avinaash/doozy_robotics/doozy_ws_2/install/pallet_docker_02:/home/avinaash/doozy_robotics/doozy_ws_2/install/2_t_dolly_logistics_driver:/opt/ros/galactic /usr/bin/cmake /home/avinaash/doozy_robotics/doozy_ws_2/src/turtlebot3/turtlebot3_cartographer -DCMAKE_INSTALL_PREFIX=/home/avinaash/doozy_robotics/doozy_ws_2/install/turtlebot3_cartographer
[2.118s] Invoking command in '/home/avinaash/doozy_robotics/doozy_ws_2/build/turtlebot3_cartographer': CMAKE_PREFIX_PATH=${CMAKE_PREFIX_PATH}:/home/avinaash/doozy_robotics/doozy_ws_2/install/turtlebot3_teleop:/home/avinaash/doozy_robotics/doozy_ws_2/install/turtlebot3_example:/home/avinaash/doozy_robotics/doozy_ws_2/install/pallet_docker_02:/home/avinaash/doozy_robotics/doozy_ws_2/install/2_t_dolly_logistics_driver:/opt/ros/galactic /usr/bin/cmake --build /home/avinaash/doozy_robotics/doozy_ws_2/build/turtlebot3_cartographer -- -j12 -l12
[2.166s] Invoked command in '/home/avinaash/doozy_robotics/doozy_ws_2/build/turtlebot3_cartographer' returned '0': CMAKE_PREFIX_PATH=${CMAKE_PREFIX_PATH}:/home/avinaash/doozy_robotics/doozy_ws_2/install/turtlebot3_teleop:/home/avinaash/doozy_robotics/doozy_ws_2/install/turtlebot3_example:/home/avinaash/doozy_robotics/doozy_ws_2/install/pallet_docker_02:/home/avinaash/doozy_robotics/doozy_ws_2/install/2_t_dolly_logistics_driver:/opt/ros/galactic /usr/bin/cmake --build /home/avinaash/doozy_robotics/doozy_ws_2/build/turtlebot3_cartographer -- -j12 -l12
[2.235s] Invoking command in '/home/avinaash/doozy_robotics/doozy_ws_2/build/turtlebot3_cartographer': CMAKE_PREFIX_PATH=${CMAKE_PREFIX_PATH}:/home/avinaash/doozy_robotics/doozy_ws_2/install/turtlebot3_teleop:/home/avinaash/doozy_robotics/doozy_ws_2/install/turtlebot3_example:/home/avinaash/doozy_robotics/doozy_ws_2/install/pallet_docker_02:/home/avinaash/doozy_robotics/doozy_ws_2/install/2_t_dolly_logistics_driver:/opt/ros/galactic /usr/bin/cmake --install /home/avinaash/doozy_robotics/doozy_ws_2/build/turtlebot3_cartographer
[2.266s] -- Install configuration: ""
[2.267s] -- Installing: /home/avinaash/doozy_robotics/doozy_ws_2/install/turtlebot3_cartographer/share/turtlebot3_cartographer/config
[2.267s] -- Installing: /home/avinaash/doozy_robotics/doozy_ws_2/install/turtlebot3_cartographer/share/turtlebot3_cartographer/config/turtlebot3_lds_2d.lua
[2.267s] -- Installing: /home/avinaash/doozy_robotics/doozy_ws_2/install/turtlebot3_cartographer/share/turtlebot3_cartographer/launch
[2.267s] -- Installing: /home/avinaash/doozy_robotics/doozy_ws_2/install/turtlebot3_cartographer/share/turtlebot3_cartographer/launch/occupancy_grid.launch.py
[2.267s] -- Installing: /home/avinaash/doozy_robotics/doozy_ws_2/install/turtlebot3_cartographer/share/turtlebot3_cartographer/launch/cartographer.launch.py
[2.268s] -- Installing: /home/avinaash/doozy_robotics/doozy_ws_2/install/turtlebot3_cartographer/share/turtlebot3_cartographer/rviz
[2.268s] -- Installing: /home/avinaash/doozy_robotics/doozy_ws_2/install/turtlebot3_cartographer/share/turtlebot3_cartographer/rviz/tb3_cartographer.rviz
[2.268s] -- Installing: /home/avinaash/doozy_robotics/doozy_ws_2/install/turtlebot3_cartographer/share/ament_index/resource_index/package_run_dependencies/turtlebot3_cartographer
[2.268s] -- Installing: /home/avinaash/doozy_robotics/doozy_ws_2/install/turtlebot3_cartographer/share/ament_index/resource_index/parent_prefix_path/turtlebot3_cartographer
[2.268s] -- Installing: /home/avinaash/doozy_robotics/doozy_ws_2/install/turtlebot3_cartographer/share/turtlebot3_cartographer/environment/ament_prefix_path.sh
[2.268s] -- Installing: /home/avinaash/doozy_robotics/doozy_ws_2/install/turtlebot3_cartographer/share/turtlebot3_cartographer/environment/ament_prefix_path.dsv
[2.269s] -- Installing: /home/avinaash/doozy_robotics/doozy_ws_2/install/turtlebot3_cartographer/share/turtlebot3_cartographer/environment/path.sh
[2.269s] -- Installing: /home/avinaash/doozy_robotics/doozy_ws_2/install/turtlebot3_cartographer/share/turtlebot3_cartographer/environment/path.dsv
[2.269s] -- Installing: /home/avinaash/doozy_robotics/doozy_ws_2/install/turtlebot3_cartographer/share/turtlebot3_cartographer/local_setup.bash
[2.269s] -- Installing: /home/avinaash/doozy_robotics/doozy_ws_2/install/turtlebot3_cartographer/share/turtlebot3_cartographer/local_setup.sh
[2.269s] -- Installing: /home/avinaash/doozy_robotics/doozy_ws_2/install/turtlebot3_cartographer/share/turtlebot3_cartographer/local_setup.zsh
[2.269s] -- Installing: /home/avinaash/doozy_robotics/doozy_ws_2/install/turtlebot3_cartographer/share/turtlebot3_cartographer/local_setup.dsv
[2.269s] -- Installing: /home/avinaash/doozy_robotics/doozy_ws_2/install/turtlebot3_cartographer/share/turtlebot3_cartographer/package.dsv
[2.270s] -- Installing: /home/avinaash/doozy_robotics/doozy_ws_2/install/turtlebot3_cartographer/share/ament_index/resource_index/packages/turtlebot3_cartographer
[2.270s] -- Installing: /home/avinaash/doozy_robotics/doozy_ws_2/install/turtlebot3_cartographer/share/turtlebot3_cartographer/cmake/turtlebot3_cartographerConfig.cmake
[2.270s] -- Installing: /home/avinaash/doozy_robotics/doozy_ws_2/install/turtlebot3_cartographer/share/turtlebot3_cartographer/cmake/turtlebot3_cartographerConfig-version.cmake
[2.270s] -- Installing: /home/avinaash/doozy_robotics/doozy_ws_2/install/turtlebot3_cartographer/share/turtlebot3_cartographer/package.xml
[2.290s] Invoked command in '/home/avinaash/doozy_robotics/doozy_ws_2/build/turtlebot3_cartographer' returned '0': CMAKE_PREFIX_PATH=${CMAKE_PREFIX_PATH}:/home/avinaash/doozy_robotics/doozy_ws_2/install/turtlebot3_teleop:/home/avinaash/doozy_robotics/doozy_ws_2/install/turtlebot3_example:/home/avinaash/doozy_robotics/doozy_ws_2/install/pallet_docker_02:/home/avinaash/doozy_robotics/doozy_ws_2/install/2_t_dolly_logistics_driver:/opt/ros/galactic /usr/bin/cmake --install /home/avinaash/doozy_robotics/doozy_ws_2/build/turtlebot3_cartographer
