[2.180s] Invoking command in '/home/avinaash/doozy_robotics/doozy_ws_2/src/pallet_docker_02': PYTHONPATH=/home/avinaash/doozy_robotics/doozy_ws_2/build/pallet_docker_02/prefix_override:/home/avinaash/doozy_robotics/doozy_ws_2/install/pallet_docker_02/lib/python3.8/site-packages:${PYTHONPATH} /usr/bin/python3 -W ignore:setup.py install is deprecated setup.py egg_info --egg-base ../../build/pallet_docker_02 build --build-base /home/avinaash/doozy_robotics/doozy_ws_2/build/pallet_docker_02/build install --record /home/avinaash/doozy_robotics/doozy_ws_2/build/pallet_docker_02/install.log --single-version-externally-managed install_data
[2.536s] running egg_info
[2.537s] writing ../../build/pallet_docker_02/pallet_docker_02.egg-info/PKG-INFO
[2.537s] writing dependency_links to ../../build/pallet_docker_02/pallet_docker_02.egg-info/dependency_links.txt
[2.538s] writing entry points to ../../build/pallet_docker_02/pallet_docker_02.egg-info/entry_points.txt
[2.538s] writing requirements to ../../build/pallet_docker_02/pallet_docker_02.egg-info/requires.txt
[2.538s] writing top-level names to ../../build/pallet_docker_02/pallet_docker_02.egg-info/top_level.txt
[2.584s] reading manifest file '../../build/pallet_docker_02/pallet_docker_02.egg-info/SOURCES.txt'
[2.585s] writing manifest file '../../build/pallet_docker_02/pallet_docker_02.egg-info/SOURCES.txt'
[2.585s] running build
[2.585s] running build_py
[2.586s] copying pallet_docker_02/client_01.py -> /home/avinaash/doozy_robotics/doozy_ws_2/build/pallet_docker_02/build/lib/pallet_docker_02
[2.587s] running install
[2.588s] running install_lib
[2.594s] copying /home/avinaash/doozy_robotics/doozy_ws_2/build/pallet_docker_02/build/lib/pallet_docker_02/client_01.py -> /home/avinaash/doozy_robotics/doozy_ws_2/install/pallet_docker_02/lib/python3.8/site-packages/pallet_docker_02
[2.594s] byte-compiling /home/avinaash/doozy_robotics/doozy_ws_2/install/pallet_docker_02/lib/python3.8/site-packages/pallet_docker_02/client_01.py to client_01.cpython-38.pyc
[2.597s] running install_data
[2.597s] running install_egg_info
[2.598s] removing '/home/avinaash/doozy_robotics/doozy_ws_2/install/pallet_docker_02/lib/python3.8/site-packages/pallet_docker_02-0.0.0-py3.8.egg-info' (and everything under it)
[2.599s] Copying ../../build/pallet_docker_02/pallet_docker_02.egg-info to /home/avinaash/doozy_robotics/doozy_ws_2/install/pallet_docker_02/lib/python3.8/site-packages/pallet_docker_02-0.0.0-py3.8.egg-info
[2.600s] running install_scripts
[2.622s] Installing client_01 script to /home/avinaash/doozy_robotics/doozy_ws_2/install/pallet_docker_02/lib/pallet_docker_02
[2.622s] Installing dock_to_dolly script to /home/avinaash/doozy_robotics/doozy_ws_2/install/pallet_docker_02/lib/pallet_docker_02
[2.622s] Installing dock_to_dolly2 script to /home/avinaash/doozy_robotics/doozy_ws_2/install/pallet_docker_02/lib/pallet_docker_02
[2.622s] Installing get_pallet_tf script to /home/avinaash/doozy_robotics/doozy_ws_2/install/pallet_docker_02/lib/pallet_docker_02
[2.623s] Installing pallet_navi script to /home/avinaash/doozy_robotics/doozy_ws_2/install/pallet_docker_02/lib/pallet_docker_02
[2.623s] Installing pallet_navi_01 script to /home/avinaash/doozy_robotics/doozy_ws_2/install/pallet_docker_02/lib/pallet_docker_02
[2.623s] Installing pallet_navi_02 script to /home/avinaash/doozy_robotics/doozy_ws_2/install/pallet_docker_02/lib/pallet_docker_02
[2.623s] Installing pallet_navi_03 script to /home/avinaash/doozy_robotics/doozy_ws_2/install/pallet_docker_02/lib/pallet_docker_02
[2.623s] Installing pallet_navi_04 script to /home/avinaash/doozy_robotics/doozy_ws_2/install/pallet_docker_02/lib/pallet_docker_02
[2.623s] Installing server_01 script to /home/avinaash/doozy_robotics/doozy_ws_2/install/pallet_docker_02/lib/pallet_docker_02
[2.623s] Installing sick_visionary_t_mini script to /home/avinaash/doozy_robotics/doozy_ws_2/install/pallet_docker_02/lib/pallet_docker_02
[2.623s] Installing tb3_cam_node script to /home/avinaash/doozy_robotics/doozy_ws_2/install/pallet_docker_02/lib/pallet_docker_02
[2.624s] Installing tf_broadcaster script to /home/avinaash/doozy_robotics/doozy_ws_2/install/pallet_docker_02/lib/pallet_docker_02
[2.624s] writing list of installed files to '/home/avinaash/doozy_robotics/doozy_ws_2/build/pallet_docker_02/install.log'
[2.652s] Invoked command in '/home/avinaash/doozy_robotics/doozy_ws_2/src/pallet_docker_02' returned '0': PYTHONPATH=/home/avinaash/doozy_robotics/doozy_ws_2/build/pallet_docker_02/prefix_override:/home/avinaash/doozy_robotics/doozy_ws_2/install/pallet_docker_02/lib/python3.8/site-packages:${PYTHONPATH} /usr/bin/python3 -W ignore:setup.py install is deprecated setup.py egg_info --egg-base ../../build/pallet_docker_02 build --build-base /home/avinaash/doozy_robotics/doozy_ws_2/build/pallet_docker_02/build install --record /home/avinaash/doozy_robotics/doozy_ws_2/build/pallet_docker_02/install.log --single-version-externally-managed install_data
