[1.001s] Invoking command in '/home/doozy/doozy_robotics/doozy_ws_2/src/2_t_dolly_logistics_driver': PYTHONPATH=/home/doozy/doozy_robotics/doozy_ws_2/build/2_t_dolly_logistics_driver/prefix_override:/home/doozy/doozy_robotics/doozy_ws_2/install/2_t_dolly_logistics_driver/lib/python3.10/site-packages:${PYTHONPATH} /usr/bin/python3 -W ignore:setup.py install is deprecated setup.py egg_info --egg-base ../../build/2_t_dolly_logistics_driver build --build-base /home/doozy/doozy_robotics/doozy_ws_2/build/2_t_dolly_logistics_driver/build install --record /home/doozy/doozy_robotics/doozy_ws_2/build/2_t_dolly_logistics_driver/install.log --single-version-externally-managed install_data
[1.244s] running egg_info
[1.264s] writing ../../build/2_t_dolly_logistics_driver/2_t_dolly_logistics_driver.egg-info/PKG-INFO
[1.264s] writing dependency_links to ../../build/2_t_dolly_logistics_driver/2_t_dolly_logistics_driver.egg-info/dependency_links.txt
[1.264s] writing entry points to ../../build/2_t_dolly_logistics_driver/2_t_dolly_logistics_driver.egg-info/entry_points.txt
[1.265s] writing requirements to ../../build/2_t_dolly_logistics_driver/2_t_dolly_logistics_driver.egg-info/requires.txt
[1.265s] writing top-level names to ../../build/2_t_dolly_logistics_driver/2_t_dolly_logistics_driver.egg-info/top_level.txt
[1.305s] reading manifest file '../../build/2_t_dolly_logistics_driver/2_t_dolly_logistics_driver.egg-info/SOURCES.txt'
[1.306s] writing manifest file '../../build/2_t_dolly_logistics_driver/2_t_dolly_logistics_driver.egg-info/SOURCES.txt'
[1.306s] running build
[1.306s] running build_py
[1.307s] copying 2_t_dolly_logistics_driver/latch_unlatch_01.py -> /home/doozy/doozy_robotics/doozy_ws_2/build/2_t_dolly_logistics_driver/build/lib/2_t_dolly_logistics_driver
[1.307s] copying 2_t_dolly_logistics_driver/behavior_tree_01.py -> /home/doozy/doozy_robotics/doozy_ws_2/build/2_t_dolly_logistics_driver/build/lib/2_t_dolly_logistics_driver
[1.307s] copying 2_t_dolly_logistics_driver/latch_unlatch_02.py -> /home/doozy/doozy_robotics/doozy_ws_2/build/2_t_dolly_logistics_driver/build/lib/2_t_dolly_logistics_driver
[1.307s] copying 2_t_dolly_logistics_driver/gui_04.py -> /home/doozy/doozy_robotics/doozy_ws_2/build/2_t_dolly_logistics_driver/build/lib/2_t_dolly_logistics_driver
[1.307s] copying 2_t_dolly_logistics_driver/latch_unlatch_03.py -> /home/doozy/doozy_robotics/doozy_ws_2/build/2_t_dolly_logistics_driver/build/lib/2_t_dolly_logistics_driver
[1.307s] copying 2_t_dolly_logistics_driver/gui_03.py -> /home/doozy/doozy_robotics/doozy_ws_2/build/2_t_dolly_logistics_driver/build/lib/2_t_dolly_logistics_driver
[1.308s] copying 2_t_dolly_logistics_driver/nav_to_dolly_02.py -> /home/doozy/doozy_robotics/doozy_ws_2/build/2_t_dolly_logistics_driver/build/lib/2_t_dolly_logistics_driver
[1.308s] copying 2_t_dolly_logistics_driver/pallet_navi_dock_01.py -> /home/doozy/doozy_robotics/doozy_ws_2/build/2_t_dolly_logistics_driver/build/lib/2_t_dolly_logistics_driver
[1.308s] copying 2_t_dolly_logistics_driver/docking_system_test_01.py -> /home/doozy/doozy_robotics/doozy_ws_2/build/2_t_dolly_logistics_driver/build/lib/2_t_dolly_logistics_driver
[1.308s] copying 2_t_dolly_logistics_driver/tf_broadcaster_01.py -> /home/doozy/doozy_robotics/doozy_ws_2/build/2_t_dolly_logistics_driver/build/lib/2_t_dolly_logistics_driver
[1.308s] copying 2_t_dolly_logistics_driver/behaviour_tree_01.py -> /home/doozy/doozy_robotics/doozy_ws_2/build/2_t_dolly_logistics_driver/build/lib/2_t_dolly_logistics_driver
[1.308s] copying 2_t_dolly_logistics_driver/gui_02.py -> /home/doozy/doozy_robotics/doozy_ws_2/build/2_t_dolly_logistics_driver/build/lib/2_t_dolly_logistics_driver
[1.309s] copying 2_t_dolly_logistics_driver/gui_01.py -> /home/doozy/doozy_robotics/doozy_ws_2/build/2_t_dolly_logistics_driver/build/lib/2_t_dolly_logistics_driver
[1.309s] copying 2_t_dolly_logistics_driver/dock_to_dolly_03.py -> /home/doozy/doozy_robotics/doozy_ws_2/build/2_t_dolly_logistics_driver/build/lib/2_t_dolly_logistics_driver
[1.309s] copying 2_t_dolly_logistics_driver/nav_to_dolly_01.py -> /home/doozy/doozy_robotics/doozy_ws_2/build/2_t_dolly_logistics_driver/build/lib/2_t_dolly_logistics_driver
[1.309s] running install
[1.314s] running install_lib
[1.333s] byte-compiling /home/doozy/doozy_robotics/doozy_ws_2/install/2_t_dolly_logistics_driver/lib/python3.10/site-packages/2_t_dolly_logistics_driver/latch_unlatch_03.py to latch_unlatch_03.cpython-310.pyc
[1.334s] Sorry: IndentationError: expected an indented block after function definition on line 153 (latch_unlatch_03.py, line 156)
[1.334s] running install_data
[1.334s] running install_egg_info
[1.353s] removing '/home/doozy/doozy_robotics/doozy_ws_2/install/2_t_dolly_logistics_driver/lib/python3.10/site-packages/2_t_dolly_logistics_driver-0.0.0-py3.10.egg-info' (and everything under it)
[1.354s] Copying ../../build/2_t_dolly_logistics_driver/2_t_dolly_logistics_driver.egg-info to /home/doozy/doozy_robotics/doozy_ws_2/install/2_t_dolly_logistics_driver/lib/python3.10/site-packages/2_t_dolly_logistics_driver-0.0.0-py3.10.egg-info
[1.354s] running install_scripts
[1.519s] Installing Dock2Dolly_01 script to /home/doozy/doozy_robotics/doozy_ws_2/install/2_t_dolly_logistics_driver/lib/2_t_dolly_logistics_driver
[1.519s] Installing Dock2Dolly_02 script to /home/doozy/doozy_robotics/doozy_ws_2/install/2_t_dolly_logistics_driver/lib/2_t_dolly_logistics_driver
[1.519s] Installing Dock2Dolly_03 script to /home/doozy/doozy_robotics/doozy_ws_2/install/2_t_dolly_logistics_driver/lib/2_t_dolly_logistics_driver
[1.519s] Installing GUI script to /home/doozy/doozy_robotics/doozy_ws_2/install/2_t_dolly_logistics_driver/lib/2_t_dolly_logistics_driver
[1.520s] Installing GUI_2 script to /home/doozy/doozy_robotics/doozy_ws_2/install/2_t_dolly_logistics_driver/lib/2_t_dolly_logistics_driver
[1.520s] Installing GUI_3 script to /home/doozy/doozy_robotics/doozy_ws_2/install/2_t_dolly_logistics_driver/lib/2_t_dolly_logistics_driver
[1.520s] Installing GUI_4 script to /home/doozy/doozy_robotics/doozy_ws_2/install/2_t_dolly_logistics_driver/lib/2_t_dolly_logistics_driver
[1.520s] Installing Latch_Unlatch script to /home/doozy/doozy_robotics/doozy_ws_2/install/2_t_dolly_logistics_driver/lib/2_t_dolly_logistics_driver
[1.520s] Installing Latch_Unlatch_2 script to /home/doozy/doozy_robotics/doozy_ws_2/install/2_t_dolly_logistics_driver/lib/2_t_dolly_logistics_driver
[1.520s] Installing Latch_Unlatch_3 script to /home/doozy/doozy_robotics/doozy_ws_2/install/2_t_dolly_logistics_driver/lib/2_t_dolly_logistics_driver
[1.520s] Installing Navigate_01 script to /home/doozy/doozy_robotics/doozy_ws_2/install/2_t_dolly_logistics_driver/lib/2_t_dolly_logistics_driver
[1.520s] Installing Navigate_02 script to /home/doozy/doozy_robotics/doozy_ws_2/install/2_t_dolly_logistics_driver/lib/2_t_dolly_logistics_driver
[1.520s] Installing Test_01 script to /home/doozy/doozy_robotics/doozy_ws_2/install/2_t_dolly_logistics_driver/lib/2_t_dolly_logistics_driver
[1.520s] Installing Tf script to /home/doozy/doozy_robotics/doozy_ws_2/install/2_t_dolly_logistics_driver/lib/2_t_dolly_logistics_driver
[1.521s] writing list of installed files to '/home/doozy/doozy_robotics/doozy_ws_2/build/2_t_dolly_logistics_driver/install.log'
[1.546s] Invoked command in '/home/doozy/doozy_robotics/doozy_ws_2/src/2_t_dolly_logistics_driver' returned '0': PYTHONPATH=/home/doozy/doozy_robotics/doozy_ws_2/build/2_t_dolly_logistics_driver/prefix_override:/home/doozy/doozy_robotics/doozy_ws_2/install/2_t_dolly_logistics_driver/lib/python3.10/site-packages:${PYTHONPATH} /usr/bin/python3 -W ignore:setup.py install is deprecated setup.py egg_info --egg-base ../../build/2_t_dolly_logistics_driver build --build-base /home/doozy/doozy_robotics/doozy_ws_2/build/2_t_dolly_logistics_driver/build install --record /home/doozy/doozy_robotics/doozy_ws_2/build/2_t_dolly_logistics_driver/install.log --single-version-externally-managed install_data
