[0.228s] Invoking command in '/home/avinaash/doozy_robotics/doozy_ws_2/build/apriltag_msgs': CMAKE_PREFIX_PATH=${CMAKE_PREFIX_PATH}:/home/avinaash/doozy_robotics/doozy_ws_2/install/turtlebot3_teleop:/home/avinaash/doozy_robotics/doozy_ws_2/install/turtlebot3_example:/home/avinaash/doozy_robotics/doozy_ws_2/install/turtlebot3_automatic_parking:/home/avinaash/doozy_robotics/doozy_ws_2/install/pallet_robot:/home/avinaash/doozy_robotics/doozy_ws_2/install/pallet_docker_02:/home/avinaash/doozy_robotics/doozy_ws_2/install/opencv_tests:/home/avinaash/doozy_robotics/doozy_ws_2/install/camera_calibration:/opt/ros/galactic /usr/bin/cmake --build /home/avinaash/doozy_robotics/doozy_ws_2/build/apriltag_msgs -- -j12 -l12
[1.528s] [  2%] Built target apriltag_msgs__cpp
[1.528s] [ 12%] Built target apriltag_msgs__rosidl_generator_c
[1.528s] [ 29%] Built target apriltag_msgs__rosidl_typesupport_fastrtps_cpp
[1.528s] [ 34%] Built target apriltag_msgs__rosidl_typesupport_cpp
[1.529s] [ 44%] Built target apriltag_msgs__rosidl_typesupport_introspection_cpp
[1.529s] [ 55%] Built target apriltag_msgs__rosidl_typesupport_c
[1.529s] [ 65%] Built target apriltag_msgs__rosidl_typesupport_introspection_c
[1.529s] [ 76%] Built target apriltag_msgs__rosidl_typesupport_fastrtps_c
[1.529s] [ 76%] Built target apriltag_msgs
[1.529s] [ 78%] Built target apriltag_msgs__py
[1.529s] [ 87%] Built target apriltag_msgs__python
[1.530s] [ 91%] Built target apriltag_msgs__rosidl_typesupport_c__pyext
[1.530s] [ 95%] Built target apriltag_msgs__rosidl_typesupport_introspection_c__pyext
[1.530s] [100%] Built target apriltag_msgs__rosidl_typesupport_fastrtps_c__pyext
[1.575s] Invoked command in '/home/avinaash/doozy_robotics/doozy_ws_2/build/apriltag_msgs' returned '0': CMAKE_PREFIX_PATH=${CMAKE_PREFIX_PATH}:/home/avinaash/doozy_robotics/doozy_ws_2/install/turtlebot3_teleop:/home/avinaash/doozy_robotics/doozy_ws_2/install/turtlebot3_example:/home/avinaash/doozy_robotics/doozy_ws_2/install/turtlebot3_automatic_parking:/home/avinaash/doozy_robotics/doozy_ws_2/install/pallet_robot:/home/avinaash/doozy_robotics/doozy_ws_2/install/pallet_docker_02:/home/avinaash/doozy_robotics/doozy_ws_2/install/opencv_tests:/home/avinaash/doozy_robotics/doozy_ws_2/install/camera_calibration:/opt/ros/galactic /usr/bin/cmake --build /home/avinaash/doozy_robotics/doozy_ws_2/build/apriltag_msgs -- -j12 -l12
[2.158s] Invoking command in '/home/avinaash/doozy_robotics/doozy_ws_2/build/apriltag_msgs': CMAKE_PREFIX_PATH=${CMAKE_PREFIX_PATH}:/home/avinaash/doozy_robotics/doozy_ws_2/install/turtlebot3_teleop:/home/avinaash/doozy_robotics/doozy_ws_2/install/turtlebot3_example:/home/avinaash/doozy_robotics/doozy_ws_2/install/turtlebot3_automatic_parking:/home/avinaash/doozy_robotics/doozy_ws_2/install/pallet_robot:/home/avinaash/doozy_robotics/doozy_ws_2/install/pallet_docker_02:/home/avinaash/doozy_robotics/doozy_ws_2/install/opencv_tests:/home/avinaash/doozy_robotics/doozy_ws_2/install/camera_calibration:/opt/ros/galactic /usr/bin/cmake --install /home/avinaash/doozy_robotics/doozy_ws_2/build/apriltag_msgs
[2.216s] -- Install configuration: ""
[2.216s] -- Up-to-date: /home/avinaash/doozy_robotics/doozy_ws_2/install/apriltag_msgs/share/ament_index/resource_index/rosidl_interfaces/apriltag_msgs
[2.216s] -- Up-to-date: /home/avinaash/doozy_robotics/doozy_ws_2/install/apriltag_msgs/include/apriltag_msgs
[2.216s] -- Up-to-date: /home/avinaash/doozy_robotics/doozy_ws_2/install/apriltag_msgs/include/apriltag_msgs/msg
[2.216s] -- Up-to-date: /home/avinaash/doozy_robotics/doozy_ws_2/install/apriltag_msgs/include/apriltag_msgs/msg/point.h
[2.216s] -- Up-to-date: /home/avinaash/doozy_robotics/doozy_ws_2/install/apriltag_msgs/include/apriltag_msgs/msg/april_tag_detection.h
[2.217s] -- Up-to-date: /home/avinaash/doozy_robotics/doozy_ws_2/install/apriltag_msgs/include/apriltag_msgs/msg/rosidl_generator_c__visibility_control.h
[2.217s] -- Up-to-date: /home/avinaash/doozy_robotics/doozy_ws_2/install/apriltag_msgs/include/apriltag_msgs/msg/detail
[2.217s] -- Up-to-date: /home/avinaash/doozy_robotics/doozy_ws_2/install/apriltag_msgs/include/apriltag_msgs/msg/detail/april_tag_detection_array__type_support.h
[2.217s] -- Up-to-date: /home/avinaash/doozy_robotics/doozy_ws_2/install/apriltag_msgs/include/apriltag_msgs/msg/detail/april_tag_detection_array__struct.h
[2.223s] -- Up-to-date: /home/avinaash/doozy_robotics/doozy_ws_2/install/apriltag_msgs/include/apriltag_msgs/msg/detail/april_tag_detection_array__functions.h
[2.223s] -- Up-to-date: /home/avinaash/doozy_robotics/doozy_ws_2/install/apriltag_msgs/include/apriltag_msgs/msg/detail/april_tag_detection__type_support.h
[2.223s] -- Up-to-date: /home/avinaash/doozy_robotics/doozy_ws_2/install/apriltag_msgs/include/apriltag_msgs/msg/detail/point__functions.c
[2.223s] -- Up-to-date: /home/avinaash/doozy_robotics/doozy_ws_2/install/apriltag_msgs/include/apriltag_msgs/msg/detail/point__type_support.h
[2.224s] -- Up-to-date: /home/avinaash/doozy_robotics/doozy_ws_2/install/apriltag_msgs/include/apriltag_msgs/msg/detail/april_tag_detection__functions.h
[2.224s] -- Up-to-date: /home/avinaash/doozy_robotics/doozy_ws_2/install/apriltag_msgs/include/apriltag_msgs/msg/detail/april_tag_detection_array__functions.c
[2.224s] -- Up-to-date: /home/avinaash/doozy_robotics/doozy_ws_2/install/apriltag_msgs/include/apriltag_msgs/msg/detail/point__struct.h
[2.224s] -- Up-to-date: /home/avinaash/doozy_robotics/doozy_ws_2/install/apriltag_msgs/include/apriltag_msgs/msg/detail/april_tag_detection__struct.h
[2.224s] -- Up-to-date: /home/avinaash/doozy_robotics/doozy_ws_2/install/apriltag_msgs/include/apriltag_msgs/msg/detail/point__functions.h
[2.224s] -- Up-to-date: /home/avinaash/doozy_robotics/doozy_ws_2/install/apriltag_msgs/include/apriltag_msgs/msg/detail/april_tag_detection__functions.c
[2.225s] -- Up-to-date: /home/avinaash/doozy_robotics/doozy_ws_2/install/apriltag_msgs/include/apriltag_msgs/msg/april_tag_detection_array.h
[2.225s] -- Up-to-date: /home/avinaash/doozy_robotics/doozy_ws_2/install/apriltag_msgs/share/apriltag_msgs/environment/library_path.sh
[2.225s] -- Up-to-date: /home/avinaash/doozy_robotics/doozy_ws_2/install/apriltag_msgs/share/apriltag_msgs/environment/library_path.dsv
[2.225s] -- Up-to-date: /home/avinaash/doozy_robotics/doozy_ws_2/install/apriltag_msgs/lib/libapriltag_msgs__rosidl_generator_c.so
[2.226s] -- Up-to-date: /home/avinaash/doozy_robotics/doozy_ws_2/install/apriltag_msgs/include/apriltag_msgs
[2.226s] -- Up-to-date: /home/avinaash/doozy_robotics/doozy_ws_2/install/apriltag_msgs/include/apriltag_msgs/msg
[2.226s] -- Up-to-date: /home/avinaash/doozy_robotics/doozy_ws_2/install/apriltag_msgs/include/apriltag_msgs/msg/detail
[2.226s] -- Up-to-date: /home/avinaash/doozy_robotics/doozy_ws_2/install/apriltag_msgs/include/apriltag_msgs/msg/detail/april_tag_detection__rosidl_typesupport_fastrtps_c.h
[2.226s] -- Up-to-date: /home/avinaash/doozy_robotics/doozy_ws_2/install/apriltag_msgs/include/apriltag_msgs/msg/detail/april_tag_detection_array__rosidl_typesupport_fastrtps_c.h
[2.226s] -- Up-to-date: /home/avinaash/doozy_robotics/doozy_ws_2/install/apriltag_msgs/include/apriltag_msgs/msg/detail/point__rosidl_typesupport_fastrtps_c.h
[2.227s] -- Up-to-date: /home/avinaash/doozy_robotics/doozy_ws_2/install/apriltag_msgs/include/apriltag_msgs/msg/rosidl_typesupport_fastrtps_c__visibility_control.h
[2.227s] -- Up-to-date: /home/avinaash/doozy_robotics/doozy_ws_2/install/apriltag_msgs/lib/libapriltag_msgs__rosidl_typesupport_fastrtps_c.so
[2.227s] -- Up-to-date: /home/avinaash/doozy_robotics/doozy_ws_2/install/apriltag_msgs/include/apriltag_msgs
[2.227s] -- Up-to-date: /home/avinaash/doozy_robotics/doozy_ws_2/install/apriltag_msgs/include/apriltag_msgs/msg
[2.227s] -- Up-to-date: /home/avinaash/doozy_robotics/doozy_ws_2/install/apriltag_msgs/include/apriltag_msgs/msg/rosidl_typesupport_fastrtps_cpp__visibility_control.h
[2.228s] -- Up-to-date: /home/avinaash/doozy_robotics/doozy_ws_2/install/apriltag_msgs/include/apriltag_msgs/msg/detail
[2.228s] -- Up-to-date: /home/avinaash/doozy_robotics/doozy_ws_2/install/apriltag_msgs/include/apriltag_msgs/msg/detail/point__rosidl_typesupport_fastrtps_cpp.hpp
[2.228s] -- Up-to-date: /home/avinaash/doozy_robotics/doozy_ws_2/install/apriltag_msgs/include/apriltag_msgs/msg/detail/april_tag_detection__rosidl_typesupport_fastrtps_cpp.hpp
[2.228s] -- Up-to-date: /home/avinaash/doozy_robotics/doozy_ws_2/install/apriltag_msgs/include/apriltag_msgs/msg/detail/dds_fastrtps
[2.228s] -- Up-to-date: /home/avinaash/doozy_robotics/doozy_ws_2/install/apriltag_msgs/include/apriltag_msgs/msg/detail/april_tag_detection_array__rosidl_typesupport_fastrtps_cpp.hpp
[2.229s] -- Up-to-date: /home/avinaash/doozy_robotics/doozy_ws_2/install/apriltag_msgs/lib/libapriltag_msgs__rosidl_typesupport_fastrtps_cpp.so
[2.229s] -- Up-to-date: /home/avinaash/doozy_robotics/doozy_ws_2/install/apriltag_msgs/include/apriltag_msgs
[2.229s] -- Up-to-date: /home/avinaash/doozy_robotics/doozy_ws_2/install/apriltag_msgs/include/apriltag_msgs/msg
[2.229s] -- Up-to-date: /home/avinaash/doozy_robotics/doozy_ws_2/install/apriltag_msgs/include/apriltag_msgs/msg/rosidl_typesupport_introspection_c__visibility_control.h
[2.229s] -- Up-to-date: /home/avinaash/doozy_robotics/doozy_ws_2/install/apriltag_msgs/include/apriltag_msgs/msg/detail
[2.230s] -- Up-to-date: /home/avinaash/doozy_robotics/doozy_ws_2/install/apriltag_msgs/include/apriltag_msgs/msg/detail/april_tag_detection__type_support.c
[2.230s] -- Up-to-date: /home/avinaash/doozy_robotics/doozy_ws_2/install/apriltag_msgs/include/apriltag_msgs/msg/detail/point__type_support.c
[2.230s] -- Up-to-date: /home/avinaash/doozy_robotics/doozy_ws_2/install/apriltag_msgs/include/apriltag_msgs/msg/detail/april_tag_detection__rosidl_typesupport_introspection_c.h
[2.231s] -- Up-to-date: /home/avinaash/doozy_robotics/doozy_ws_2/install/apriltag_msgs/include/apriltag_msgs/msg/detail/point__rosidl_typesupport_introspection_c.h
[2.231s] -- Up-to-date: /home/avinaash/doozy_robotics/doozy_ws_2/install/apriltag_msgs/include/apriltag_msgs/msg/detail/april_tag_detection_array__type_support.c
[2.231s] -- Up-to-date: /home/avinaash/doozy_robotics/doozy_ws_2/install/apriltag_msgs/include/apriltag_msgs/msg/detail/april_tag_detection_array__rosidl_typesupport_introspection_c.h
[2.232s] -- Up-to-date: /home/avinaash/doozy_robotics/doozy_ws_2/install/apriltag_msgs/lib/libapriltag_msgs__rosidl_typesupport_introspection_c.so
[2.232s] -- Up-to-date: /home/avinaash/doozy_robotics/doozy_ws_2/install/apriltag_msgs/lib/libapriltag_msgs__rosidl_typesupport_c.so
[2.232s] -- Up-to-date: /home/avinaash/doozy_robotics/doozy_ws_2/install/apriltag_msgs/include/apriltag_msgs
[2.232s] -- Up-to-date: /home/avinaash/doozy_robotics/doozy_ws_2/install/apriltag_msgs/include/apriltag_msgs/msg
[2.232s] -- Up-to-date: /home/avinaash/doozy_robotics/doozy_ws_2/install/apriltag_msgs/include/apriltag_msgs/msg/point.hpp
[2.232s] -- Up-to-date: /home/avinaash/doozy_robotics/doozy_ws_2/install/apriltag_msgs/include/apriltag_msgs/msg/detail
[2.233s] -- Up-to-date: /home/avinaash/doozy_robotics/doozy_ws_2/install/apriltag_msgs/include/apriltag_msgs/msg/detail/point__struct.hpp
[2.233s] -- Up-to-date: /home/avinaash/doozy_robotics/doozy_ws_2/install/apriltag_msgs/include/apriltag_msgs/msg/detail/april_tag_detection_array__struct.hpp
[2.233s] -- Up-to-date: /home/avinaash/doozy_robotics/doozy_ws_2/install/apriltag_msgs/include/apriltag_msgs/msg/detail/april_tag_detection__traits.hpp
[2.233s] -- Up-to-date: /home/avinaash/doozy_robotics/doozy_ws_2/install/apriltag_msgs/include/apriltag_msgs/msg/detail/april_tag_detection__builder.hpp
[2.233s] -- Up-to-date: /home/avinaash/doozy_robotics/doozy_ws_2/install/apriltag_msgs/include/apriltag_msgs/msg/detail/april_tag_detection_array__builder.hpp
[2.233s] -- Up-to-date: /home/avinaash/doozy_robotics/doozy_ws_2/install/apriltag_msgs/include/apriltag_msgs/msg/detail/april_tag_detection__struct.hpp
[2.234s] -- Up-to-date: /home/avinaash/doozy_robotics/doozy_ws_2/install/apriltag_msgs/include/apriltag_msgs/msg/detail/point__builder.hpp
[2.234s] -- Up-to-date: /home/avinaash/doozy_robotics/doozy_ws_2/install/apriltag_msgs/include/apriltag_msgs/msg/detail/point__traits.hpp
[2.234s] -- Up-to-date: /home/avinaash/doozy_robotics/doozy_ws_2/install/apriltag_msgs/include/apriltag_msgs/msg/detail/april_tag_detection_array__traits.hpp
[2.234s] -- Up-to-date: /home/avinaash/doozy_robotics/doozy_ws_2/install/apriltag_msgs/include/apriltag_msgs/msg/april_tag_detection_array.hpp
[2.234s] -- Up-to-date: /home/avinaash/doozy_robotics/doozy_ws_2/install/apriltag_msgs/include/apriltag_msgs/msg/april_tag_detection.hpp
[2.235s] -- Up-to-date: /home/avinaash/doozy_robotics/doozy_ws_2/install/apriltag_msgs/include/apriltag_msgs
[2.235s] -- Up-to-date: /home/avinaash/doozy_robotics/doozy_ws_2/install/apriltag_msgs/include/apriltag_msgs/msg
[2.235s] -- Up-to-date: /home/avinaash/doozy_robotics/doozy_ws_2/install/apriltag_msgs/include/apriltag_msgs/msg/detail
[2.235s] -- Up-to-date: /home/avinaash/doozy_robotics/doozy_ws_2/install/apriltag_msgs/include/apriltag_msgs/msg/detail/point__type_support.cpp
[2.235s] -- Up-to-date: /home/avinaash/doozy_robotics/doozy_ws_2/install/apriltag_msgs/include/apriltag_msgs/msg/detail/point__rosidl_typesupport_introspection_cpp.hpp
[2.236s] -- Up-to-date: /home/avinaash/doozy_robotics/doozy_ws_2/install/apriltag_msgs/include/apriltag_msgs/msg/detail/april_tag_detection__type_support.cpp
[2.236s] -- Up-to-date: /home/avinaash/doozy_robotics/doozy_ws_2/install/apriltag_msgs/include/apriltag_msgs/msg/detail/april_tag_detection_array__type_support.cpp
[2.237s] -- Up-to-date: /home/avinaash/doozy_robotics/doozy_ws_2/install/apriltag_msgs/include/apriltag_msgs/msg/detail/april_tag_detection_array__rosidl_typesupport_introspection_cpp.hpp
[2.237s] -- Up-to-date: /home/avinaash/doozy_robotics/doozy_ws_2/install/apriltag_msgs/include/apriltag_msgs/msg/detail/april_tag_detection__rosidl_typesupport_introspection_cpp.hpp
[2.238s] -- Up-to-date: /home/avinaash/doozy_robotics/doozy_ws_2/install/apriltag_msgs/lib/libapriltag_msgs__rosidl_typesupport_introspection_cpp.so
[2.238s] -- Up-to-date: /home/avinaash/doozy_robotics/doozy_ws_2/install/apriltag_msgs/lib/libapriltag_msgs__rosidl_typesupport_cpp.so
[2.239s] -- Up-to-date: /home/avinaash/doozy_robotics/doozy_ws_2/install/apriltag_msgs/share/apriltag_msgs/environment/pythonpath.sh
[2.239s] -- Up-to-date: /home/avinaash/doozy_robotics/doozy_ws_2/install/apriltag_msgs/share/apriltag_msgs/environment/pythonpath.dsv
[2.240s] -- Up-to-date: /home/avinaash/doozy_robotics/doozy_ws_2/install/apriltag_msgs/lib/python3.8/site-packages/apriltag_msgs/__init__.py
[2.317s] -- Up-to-date: /home/avinaash/doozy_robotics/doozy_ws_2/install/apriltag_msgs/lib/python3.8/site-packages/apriltag_msgs/msg
[2.318s] -- Up-to-date: /home/avinaash/doozy_robotics/doozy_ws_2/install/apriltag_msgs/lib/python3.8/site-packages/apriltag_msgs/msg/_april_tag_detection_s.c
[2.319s] -- Up-to-date: /home/avinaash/doozy_robotics/doozy_ws_2/install/apriltag_msgs/lib/python3.8/site-packages/apriltag_msgs/msg/_april_tag_detection.py
[2.320s] -- Up-to-date: /home/avinaash/doozy_robotics/doozy_ws_2/install/apriltag_msgs/lib/python3.8/site-packages/apriltag_msgs/msg/_point_s.c
[2.320s] -- Up-to-date: /home/avinaash/doozy_robotics/doozy_ws_2/install/apriltag_msgs/lib/python3.8/site-packages/apriltag_msgs/msg/__init__.py
[2.328s] -- Up-to-date: /home/avinaash/doozy_robotics/doozy_ws_2/install/apriltag_msgs/lib/python3.8/site-packages/apriltag_msgs/msg/_april_tag_detection_array_s.c
[2.329s] -- Up-to-date: /home/avinaash/doozy_robotics/doozy_ws_2/install/apriltag_msgs/lib/python3.8/site-packages/apriltag_msgs/msg/_april_tag_detection_array.py
[2.329s] -- Up-to-date: /home/avinaash/doozy_robotics/doozy_ws_2/install/apriltag_msgs/lib/python3.8/site-packages/apriltag_msgs/msg/_point.py
[2.329s] -- Up-to-date: /home/avinaash/doozy_robotics/doozy_ws_2/install/apriltag_msgs/lib/python3.8/site-packages/apriltag_msgs/apriltag_msgs_s__rosidl_typesupport_fastrtps_c.cpython-38-x86_64-linux-gnu.so
[2.329s] -- Up-to-date: /home/avinaash/doozy_robotics/doozy_ws_2/install/apriltag_msgs/lib/python3.8/site-packages/apriltag_msgs/apriltag_msgs_s__rosidl_typesupport_introspection_c.cpython-38-x86_64-linux-gnu.so
[2.329s] -- Up-to-date: /home/avinaash/doozy_robotics/doozy_ws_2/install/apriltag_msgs/lib/python3.8/site-packages/apriltag_msgs/apriltag_msgs_s__rosidl_typesupport_c.cpython-38-x86_64-linux-gnu.so
[2.330s] -- Up-to-date: /home/avinaash/doozy_robotics/doozy_ws_2/install/apriltag_msgs/lib/libapriltag_msgs__python.so
[2.330s] -- Up-to-date: /home/avinaash/doozy_robotics/doozy_ws_2/install/apriltag_msgs/share/apriltag_msgs/msg/Point.idl
[2.330s] -- Up-to-date: /home/avinaash/doozy_robotics/doozy_ws_2/install/apriltag_msgs/share/apriltag_msgs/msg/AprilTagDetection.idl
[2.330s] -- Up-to-date: /home/avinaash/doozy_robotics/doozy_ws_2/install/apriltag_msgs/share/apriltag_msgs/msg/AprilTagDetectionArray.idl
[2.330s] -- Up-to-date: /home/avinaash/doozy_robotics/doozy_ws_2/install/apriltag_msgs/share/apriltag_msgs/msg/Point.msg
[2.330s] -- Up-to-date: /home/avinaash/doozy_robotics/doozy_ws_2/install/apriltag_msgs/share/apriltag_msgs/msg/AprilTagDetection.msg
[2.331s] -- Up-to-date: /home/avinaash/doozy_robotics/doozy_ws_2/install/apriltag_msgs/share/apriltag_msgs/msg/AprilTagDetectionArray.msg
[2.331s] -- Up-to-date: /home/avinaash/doozy_robotics/doozy_ws_2/install/apriltag_msgs/share/ament_index/resource_index/package_run_dependencies/apriltag_msgs
[2.332s] -- Up-to-date: /home/avinaash/doozy_robotics/doozy_ws_2/install/apriltag_msgs/share/ament_index/resource_index/parent_prefix_path/apriltag_msgs
[2.332s] -- Up-to-date: /home/avinaash/doozy_robotics/doozy_ws_2/install/apriltag_msgs/share/apriltag_msgs/environment/ament_prefix_path.sh
[2.332s] -- Up-to-date: /home/avinaash/doozy_robotics/doozy_ws_2/install/apriltag_msgs/share/apriltag_msgs/environment/ament_prefix_path.dsv
[2.333s] -- Up-to-date: /home/avinaash/doozy_robotics/doozy_ws_2/install/apriltag_msgs/share/apriltag_msgs/environment/path.sh
[2.333s] -- Up-to-date: /home/avinaash/doozy_robotics/doozy_ws_2/install/apriltag_msgs/share/apriltag_msgs/environment/path.dsv
[2.340s] -- Up-to-date: /home/avinaash/doozy_robotics/doozy_ws_2/install/apriltag_msgs/share/apriltag_msgs/local_setup.bash
[2.341s] -- Up-to-date: /home/avinaash/doozy_robotics/doozy_ws_2/install/apriltag_msgs/share/apriltag_msgs/local_setup.sh
[2.341s] -- Up-to-date: /home/avinaash/doozy_robotics/doozy_ws_2/install/apriltag_msgs/share/apriltag_msgs/local_setup.zsh
[2.342s] -- Up-to-date: /home/avinaash/doozy_robotics/doozy_ws_2/install/apriltag_msgs/share/apriltag_msgs/local_setup.dsv
[2.342s] -- Installing: /home/avinaash/doozy_robotics/doozy_ws_2/install/apriltag_msgs/share/apriltag_msgs/package.dsv
[2.344s] -- Up-to-date: /home/avinaash/doozy_robotics/doozy_ws_2/install/apriltag_msgs/share/ament_index/resource_index/packages/apriltag_msgs
[2.344s] -- Up-to-date: /home/avinaash/doozy_robotics/doozy_ws_2/install/apriltag_msgs/share/apriltag_msgs/cmake/apriltag_msgs__rosidl_generator_cExport.cmake
[2.344s] -- Up-to-date: /home/avinaash/doozy_robotics/doozy_ws_2/install/apriltag_msgs/share/apriltag_msgs/cmake/apriltag_msgs__rosidl_generator_cExport-noconfig.cmake
[2.344s] -- Up-to-date: /home/avinaash/doozy_robotics/doozy_ws_2/install/apriltag_msgs/share/apriltag_msgs/cmake/apriltag_msgs__rosidl_typesupport_introspection_cExport.cmake
[2.345s] -- Up-to-date: /home/avinaash/doozy_robotics/doozy_ws_2/install/apriltag_msgs/share/apriltag_msgs/cmake/apriltag_msgs__rosidl_typesupport_introspection_cExport-noconfig.cmake
[2.345s] -- Up-to-date: /home/avinaash/doozy_robotics/doozy_ws_2/install/apriltag_msgs/share/apriltag_msgs/cmake/apriltag_msgs__rosidl_typesupport_cExport.cmake
[2.345s] -- Up-to-date: /home/avinaash/doozy_robotics/doozy_ws_2/install/apriltag_msgs/share/apriltag_msgs/cmake/apriltag_msgs__rosidl_typesupport_cExport-noconfig.cmake
[2.345s] -- Up-to-date: /home/avinaash/doozy_robotics/doozy_ws_2/install/apriltag_msgs/share/apriltag_msgs/cmake/apriltag_msgs__rosidl_generator_cppExport.cmake
[2.346s] -- Up-to-date: /home/avinaash/doozy_robotics/doozy_ws_2/install/apriltag_msgs/share/apriltag_msgs/cmake/apriltag_msgs__rosidl_typesupport_introspection_cppExport.cmake
[2.346s] -- Up-to-date: /home/avinaash/doozy_robotics/doozy_ws_2/install/apriltag_msgs/share/apriltag_msgs/cmake/apriltag_msgs__rosidl_typesupport_introspection_cppExport-noconfig.cmake
[2.355s] -- Up-to-date: /home/avinaash/doozy_robotics/doozy_ws_2/install/apriltag_msgs/share/apriltag_msgs/cmake/apriltag_msgs__rosidl_typesupport_cppExport.cmake
[2.356s] -- Up-to-date: /home/avinaash/doozy_robotics/doozy_ws_2/install/apriltag_msgs/share/apriltag_msgs/cmake/apriltag_msgs__rosidl_typesupport_cppExport-noconfig.cmake
[2.356s] -- Up-to-date: /home/avinaash/doozy_robotics/doozy_ws_2/install/apriltag_msgs/share/apriltag_msgs/cmake/rosidl_cmake-extras.cmake
[2.356s] -- Up-to-date: /home/avinaash/doozy_robotics/doozy_ws_2/install/apriltag_msgs/share/apriltag_msgs/cmake/ament_cmake_export_dependencies-extras.cmake
[2.356s] -- Up-to-date: /home/avinaash/doozy_robotics/doozy_ws_2/install/apriltag_msgs/share/apriltag_msgs/cmake/ament_cmake_export_libraries-extras.cmake
[2.357s] -- Up-to-date: /home/avinaash/doozy_robotics/doozy_ws_2/install/apriltag_msgs/share/apriltag_msgs/cmake/ament_cmake_export_targets-extras.cmake
[2.357s] -- Up-to-date: /home/avinaash/doozy_robotics/doozy_ws_2/install/apriltag_msgs/share/apriltag_msgs/cmake/ament_cmake_export_include_directories-extras.cmake
[2.357s] -- Up-to-date: /home/avinaash/doozy_robotics/doozy_ws_2/install/apriltag_msgs/share/apriltag_msgs/cmake/rosidl_cmake_export_typesupport_libraries-extras.cmake
[2.357s] -- Up-to-date: /home/avinaash/doozy_robotics/doozy_ws_2/install/apriltag_msgs/share/apriltag_msgs/cmake/rosidl_cmake_export_typesupport_targets-extras.cmake
[2.357s] -- Up-to-date: /home/avinaash/doozy_robotics/doozy_ws_2/install/apriltag_msgs/share/apriltag_msgs/cmake/apriltag_msgsConfig.cmake
[2.357s] -- Up-to-date: /home/avinaash/doozy_robotics/doozy_ws_2/install/apriltag_msgs/share/apriltag_msgs/cmake/apriltag_msgsConfig-version.cmake
[2.358s] -- Up-to-date: /home/avinaash/doozy_robotics/doozy_ws_2/install/apriltag_msgs/share/apriltag_msgs/package.xml
[2.572s] Invoked command in '/home/avinaash/doozy_robotics/doozy_ws_2/build/apriltag_msgs' returned '0': CMAKE_PREFIX_PATH=${CMAKE_PREFIX_PATH}:/home/avinaash/doozy_robotics/doozy_ws_2/install/turtlebot3_teleop:/home/avinaash/doozy_robotics/doozy_ws_2/install/turtlebot3_example:/home/avinaash/doozy_robotics/doozy_ws_2/install/turtlebot3_automatic_parking:/home/avinaash/doozy_robotics/doozy_ws_2/install/pallet_robot:/home/avinaash/doozy_robotics/doozy_ws_2/install/pallet_docker_02:/home/avinaash/doozy_robotics/doozy_ws_2/install/opencv_tests:/home/avinaash/doozy_robotics/doozy_ws_2/install/camera_calibration:/opt/ros/galactic /usr/bin/cmake --install /home/avinaash/doozy_robotics/doozy_ws_2/build/apriltag_msgs
