[5.752s] Invoking command in '/home/avinaash/doozy_robotics/doozy_ws_2/build/doozy_actions': CMAKE_PREFIX_PATH=${CMAKE_PREFIX_PATH}:/home/avinaash/doozy_robotics/doozy_ws_2/install/turtlebot3_teleop:/home/avinaash/doozy_robotics/doozy_ws_2/install/turtlebot3_example:/home/avinaash/doozy_robotics/doozy_ws_2/install/pallet_docker_02:/home/avinaash/doozy_robotics/doozy_ws_2/install/2_t_dolly_logistics_driver:/opt/ros/galactic /usr/bin/cmake --build /home/avinaash/doozy_robotics/doozy_ws_2/build/doozy_actions -- -j12 -l12
[8.504s] [  1%] Built target doozy_actions__cpp
[8.506s] [ 12%] Built target doozy_actions__rosidl_generator_c
[8.506s] [ 32%] Built target doozy_actions__rosidl_typesupport_c
[8.506s] [ 34%] Built target doozy_actions__rosidl_typesupport_cpp
[8.506s] [ 45%] Built target doozy_actions__rosidl_typesupport_introspection_c
[8.506s] [ 56%] Built target doozy_actions__rosidl_typesupport_introspection_cpp
[8.506s] [ 67%] Built target doozy_actions__rosidl_typesupport_fastrtps_cpp
[8.507s] [ 78%] Built target doozy_actions__rosidl_typesupport_fastrtps_c
[8.507s] [ 78%] Built target doozy_actions
[8.507s] [ 80%] Built target doozy_actions__py
[8.507s] [ 89%] Built target doozy_actions__python
[8.508s] [ 92%] Built target doozy_actions__rosidl_typesupport_fastrtps_c__pyext
[8.508s] [ 96%] Built target doozy_actions__rosidl_typesupport_c__pyext
[8.508s] [100%] Built target doozy_actions__rosidl_typesupport_introspection_c__pyext
[8.766s] Invoked command in '/home/avinaash/doozy_robotics/doozy_ws_2/build/doozy_actions' returned '0': CMAKE_PREFIX_PATH=${CMAKE_PREFIX_PATH}:/home/avinaash/doozy_robotics/doozy_ws_2/install/turtlebot3_teleop:/home/avinaash/doozy_robotics/doozy_ws_2/install/turtlebot3_example:/home/avinaash/doozy_robotics/doozy_ws_2/install/pallet_docker_02:/home/avinaash/doozy_robotics/doozy_ws_2/install/2_t_dolly_logistics_driver:/opt/ros/galactic /usr/bin/cmake --build /home/avinaash/doozy_robotics/doozy_ws_2/build/doozy_actions -- -j12 -l12
[10.737s] Invoking command in '/home/avinaash/doozy_robotics/doozy_ws_2/build/doozy_actions': CMAKE_PREFIX_PATH=${CMAKE_PREFIX_PATH}:/home/avinaash/doozy_robotics/doozy_ws_2/install/turtlebot3_teleop:/home/avinaash/doozy_robotics/doozy_ws_2/install/turtlebot3_example:/home/avinaash/doozy_robotics/doozy_ws_2/install/pallet_docker_02:/home/avinaash/doozy_robotics/doozy_ws_2/install/2_t_dolly_logistics_driver:/opt/ros/galactic /usr/bin/cmake --install /home/avinaash/doozy_robotics/doozy_ws_2/build/doozy_actions
[10.875s] -- Install configuration: ""
[10.876s] -- Up-to-date: /home/avinaash/doozy_robotics/doozy_ws_2/install/doozy_actions/share/ament_index/resource_index/rosidl_interfaces/doozy_actions
[10.876s] -- Up-to-date: /home/avinaash/doozy_robotics/doozy_ws_2/install/doozy_actions/include/doozy_actions
[10.876s] -- Up-to-date: /home/avinaash/doozy_robotics/doozy_ws_2/install/doozy_actions/include/doozy_actions/action
[10.877s] -- Up-to-date: /home/avinaash/doozy_robotics/doozy_ws_2/install/doozy_actions/include/doozy_actions/action/dolly_dock.h
[10.877s] -- Up-to-date: /home/avinaash/doozy_robotics/doozy_ws_2/install/doozy_actions/include/doozy_actions/action/detail
[10.877s] -- Up-to-date: /home/avinaash/doozy_robotics/doozy_ws_2/install/doozy_actions/include/doozy_actions/action/detail/dolly_dock__functions.h
[10.877s] -- Up-to-date: /home/avinaash/doozy_robotics/doozy_ws_2/install/doozy_actions/include/doozy_actions/action/detail/dolly_dock__type_support.h
[10.877s] -- Up-to-date: /home/avinaash/doozy_robotics/doozy_ws_2/install/doozy_actions/include/doozy_actions/action/detail/dolly_dock__struct.h
[10.878s] -- Up-to-date: /home/avinaash/doozy_robotics/doozy_ws_2/install/doozy_actions/include/doozy_actions/action/detail/dolly_dock__functions.c
[10.878s] -- Up-to-date: /home/avinaash/doozy_robotics/doozy_ws_2/install/doozy_actions/include/doozy_actions/msg
[10.878s] -- Up-to-date: /home/avinaash/doozy_robotics/doozy_ws_2/install/doozy_actions/include/doozy_actions/msg/diagnostics.h
[10.878s] -- Up-to-date: /home/avinaash/doozy_robotics/doozy_ws_2/install/doozy_actions/include/doozy_actions/msg/rosidl_generator_c__visibility_control.h
[10.878s] -- Up-to-date: /home/avinaash/doozy_robotics/doozy_ws_2/install/doozy_actions/include/doozy_actions/msg/detail
[10.878s] -- Up-to-date: /home/avinaash/doozy_robotics/doozy_ws_2/install/doozy_actions/include/doozy_actions/msg/detail/diagnostics__struct.h
[10.879s] -- Up-to-date: /home/avinaash/doozy_robotics/doozy_ws_2/install/doozy_actions/include/doozy_actions/msg/detail/navigation__functions.c
[10.879s] -- Up-to-date: /home/avinaash/doozy_robotics/doozy_ws_2/install/doozy_actions/include/doozy_actions/msg/detail/navigation__type_support.h
[10.879s] -- Up-to-date: /home/avinaash/doozy_robotics/doozy_ws_2/install/doozy_actions/include/doozy_actions/msg/detail/diagnostics__functions.c
[10.879s] -- Up-to-date: /home/avinaash/doozy_robotics/doozy_ws_2/install/doozy_actions/include/doozy_actions/msg/detail/navigation__struct.h
[10.880s] -- Up-to-date: /home/avinaash/doozy_robotics/doozy_ws_2/install/doozy_actions/include/doozy_actions/msg/detail/diagnostics__functions.h
[10.880s] -- Up-to-date: /home/avinaash/doozy_robotics/doozy_ws_2/install/doozy_actions/include/doozy_actions/msg/detail/docking__functions.h
[10.880s] -- Up-to-date: /home/avinaash/doozy_robotics/doozy_ws_2/install/doozy_actions/include/doozy_actions/msg/detail/docking__functions.c
[10.880s] -- Up-to-date: /home/avinaash/doozy_robotics/doozy_ws_2/install/doozy_actions/include/doozy_actions/msg/detail/docking__struct.h
[10.881s] -- Up-to-date: /home/avinaash/doozy_robotics/doozy_ws_2/install/doozy_actions/include/doozy_actions/msg/detail/docking__type_support.h
[10.881s] -- Up-to-date: /home/avinaash/doozy_robotics/doozy_ws_2/install/doozy_actions/include/doozy_actions/msg/detail/diagnostics__type_support.h
[10.881s] -- Up-to-date: /home/avinaash/doozy_robotics/doozy_ws_2/install/doozy_actions/include/doozy_actions/msg/detail/navigation__functions.h
[10.882s] -- Up-to-date: /home/avinaash/doozy_robotics/doozy_ws_2/install/doozy_actions/include/doozy_actions/msg/docking.h
[10.890s] -- Up-to-date: /home/avinaash/doozy_robotics/doozy_ws_2/install/doozy_actions/include/doozy_actions/msg/navigation.h
[10.893s] -- Up-to-date: /home/avinaash/doozy_robotics/doozy_ws_2/install/doozy_actions/share/doozy_actions/environment/library_path.sh
[10.904s] -- Up-to-date: /home/avinaash/doozy_robotics/doozy_ws_2/install/doozy_actions/share/doozy_actions/environment/library_path.dsv
[10.905s] -- Up-to-date: /home/avinaash/doozy_robotics/doozy_ws_2/install/doozy_actions/lib/libdoozy_actions__rosidl_generator_c.so
[10.906s] -- Up-to-date: /home/avinaash/doozy_robotics/doozy_ws_2/install/doozy_actions/include/doozy_actions
[10.906s] -- Up-to-date: /home/avinaash/doozy_robotics/doozy_ws_2/install/doozy_actions/include/doozy_actions/action
[10.907s] -- Up-to-date: /home/avinaash/doozy_robotics/doozy_ws_2/install/doozy_actions/include/doozy_actions/action/detail
[10.907s] -- Up-to-date: /home/avinaash/doozy_robotics/doozy_ws_2/install/doozy_actions/include/doozy_actions/action/detail/dolly_dock__rosidl_typesupport_fastrtps_c.h
[10.907s] -- Up-to-date: /home/avinaash/doozy_robotics/doozy_ws_2/install/doozy_actions/include/doozy_actions/msg
[10.908s] -- Up-to-date: /home/avinaash/doozy_robotics/doozy_ws_2/install/doozy_actions/include/doozy_actions/msg/detail
[10.908s] -- Up-to-date: /home/avinaash/doozy_robotics/doozy_ws_2/install/doozy_actions/include/doozy_actions/msg/detail/diagnostics__rosidl_typesupport_fastrtps_c.h
[10.908s] -- Up-to-date: /home/avinaash/doozy_robotics/doozy_ws_2/install/doozy_actions/include/doozy_actions/msg/detail/docking__rosidl_typesupport_fastrtps_c.h
[10.908s] -- Up-to-date: /home/avinaash/doozy_robotics/doozy_ws_2/install/doozy_actions/include/doozy_actions/msg/detail/navigation__rosidl_typesupport_fastrtps_c.h
[10.909s] -- Up-to-date: /home/avinaash/doozy_robotics/doozy_ws_2/install/doozy_actions/include/doozy_actions/msg/rosidl_typesupport_fastrtps_c__visibility_control.h
[10.909s] -- Up-to-date: /home/avinaash/doozy_robotics/doozy_ws_2/install/doozy_actions/lib/libdoozy_actions__rosidl_typesupport_fastrtps_c.so
[10.909s] -- Up-to-date: /home/avinaash/doozy_robotics/doozy_ws_2/install/doozy_actions/include/doozy_actions
[10.910s] -- Up-to-date: /home/avinaash/doozy_robotics/doozy_ws_2/install/doozy_actions/include/doozy_actions/action
[10.911s] -- Up-to-date: /home/avinaash/doozy_robotics/doozy_ws_2/install/doozy_actions/include/doozy_actions/action/detail
[10.914s] -- Up-to-date: /home/avinaash/doozy_robotics/doozy_ws_2/install/doozy_actions/include/doozy_actions/action/detail/dds_fastrtps
[10.915s] -- Up-to-date: /home/avinaash/doozy_robotics/doozy_ws_2/install/doozy_actions/include/doozy_actions/action/detail/dolly_dock__rosidl_typesupport_fastrtps_cpp.hpp
[10.917s] -- Up-to-date: /home/avinaash/doozy_robotics/doozy_ws_2/install/doozy_actions/include/doozy_actions/msg
[10.939s] -- Up-to-date: /home/avinaash/doozy_robotics/doozy_ws_2/install/doozy_actions/include/doozy_actions/msg/rosidl_typesupport_fastrtps_cpp__visibility_control.h
[10.941s] -- Up-to-date: /home/avinaash/doozy_robotics/doozy_ws_2/install/doozy_actions/include/doozy_actions/msg/detail
[10.943s] -- Up-to-date: /home/avinaash/doozy_robotics/doozy_ws_2/install/doozy_actions/include/doozy_actions/msg/detail/navigation__rosidl_typesupport_fastrtps_cpp.hpp
[10.944s] -- Up-to-date: /home/avinaash/doozy_robotics/doozy_ws_2/install/doozy_actions/include/doozy_actions/msg/detail/docking__rosidl_typesupport_fastrtps_cpp.hpp
[10.945s] -- Up-to-date: /home/avinaash/doozy_robotics/doozy_ws_2/install/doozy_actions/include/doozy_actions/msg/detail/dds_fastrtps
[10.945s] -- Up-to-date: /home/avinaash/doozy_robotics/doozy_ws_2/install/doozy_actions/include/doozy_actions/msg/detail/diagnostics__rosidl_typesupport_fastrtps_cpp.hpp
[10.946s] -- Up-to-date: /home/avinaash/doozy_robotics/doozy_ws_2/install/doozy_actions/lib/libdoozy_actions__rosidl_typesupport_fastrtps_cpp.so
[10.946s] -- Up-to-date: /home/avinaash/doozy_robotics/doozy_ws_2/install/doozy_actions/include/doozy_actions
[10.946s] -- Up-to-date: /home/avinaash/doozy_robotics/doozy_ws_2/install/doozy_actions/include/doozy_actions/action
[10.946s] -- Up-to-date: /home/avinaash/doozy_robotics/doozy_ws_2/install/doozy_actions/include/doozy_actions/action/detail
[10.947s] -- Up-to-date: /home/avinaash/doozy_robotics/doozy_ws_2/install/doozy_actions/include/doozy_actions/action/detail/dolly_dock__rosidl_typesupport_introspection_c.h
[10.947s] -- Up-to-date: /home/avinaash/doozy_robotics/doozy_ws_2/install/doozy_actions/include/doozy_actions/action/detail/dolly_dock__type_support.c
[10.947s] -- Up-to-date: /home/avinaash/doozy_robotics/doozy_ws_2/install/doozy_actions/include/doozy_actions/msg
[10.948s] -- Up-to-date: /home/avinaash/doozy_robotics/doozy_ws_2/install/doozy_actions/include/doozy_actions/msg/rosidl_typesupport_introspection_c__visibility_control.h
[10.948s] -- Up-to-date: /home/avinaash/doozy_robotics/doozy_ws_2/install/doozy_actions/include/doozy_actions/msg/detail
[10.948s] -- Up-to-date: /home/avinaash/doozy_robotics/doozy_ws_2/install/doozy_actions/include/doozy_actions/msg/detail/diagnostics__type_support.c
[10.949s] -- Up-to-date: /home/avinaash/doozy_robotics/doozy_ws_2/install/doozy_actions/include/doozy_actions/msg/detail/navigation__type_support.c
[10.949s] -- Up-to-date: /home/avinaash/doozy_robotics/doozy_ws_2/install/doozy_actions/include/doozy_actions/msg/detail/docking__type_support.c
[10.949s] -- Up-to-date: /home/avinaash/doozy_robotics/doozy_ws_2/install/doozy_actions/include/doozy_actions/msg/detail/diagnostics__rosidl_typesupport_introspection_c.h
[10.949s] -- Up-to-date: /home/avinaash/doozy_robotics/doozy_ws_2/install/doozy_actions/include/doozy_actions/msg/detail/navigation__rosidl_typesupport_introspection_c.h
[10.950s] -- Up-to-date: /home/avinaash/doozy_robotics/doozy_ws_2/install/doozy_actions/include/doozy_actions/msg/detail/docking__rosidl_typesupport_introspection_c.h
[10.973s] -- Up-to-date: /home/avinaash/doozy_robotics/doozy_ws_2/install/doozy_actions/lib/libdoozy_actions__rosidl_typesupport_introspection_c.so
[10.974s] -- Up-to-date: /home/avinaash/doozy_robotics/doozy_ws_2/install/doozy_actions/lib/libdoozy_actions__rosidl_typesupport_c.so
[10.975s] -- Up-to-date: /home/avinaash/doozy_robotics/doozy_ws_2/install/doozy_actions/include/doozy_actions
[10.975s] -- Up-to-date: /home/avinaash/doozy_robotics/doozy_ws_2/install/doozy_actions/include/doozy_actions/action
[10.975s] -- Up-to-date: /home/avinaash/doozy_robotics/doozy_ws_2/install/doozy_actions/include/doozy_actions/action/dolly_dock.hpp
[10.975s] -- Up-to-date: /home/avinaash/doozy_robotics/doozy_ws_2/install/doozy_actions/include/doozy_actions/action/detail
[10.976s] -- Up-to-date: /home/avinaash/doozy_robotics/doozy_ws_2/install/doozy_actions/include/doozy_actions/action/detail/dolly_dock__struct.hpp
[10.976s] -- Up-to-date: /home/avinaash/doozy_robotics/doozy_ws_2/install/doozy_actions/include/doozy_actions/action/detail/dolly_dock__builder.hpp
[10.976s] -- Up-to-date: /home/avinaash/doozy_robotics/doozy_ws_2/install/doozy_actions/include/doozy_actions/action/detail/dolly_dock__traits.hpp
[10.976s] -- Up-to-date: /home/avinaash/doozy_robotics/doozy_ws_2/install/doozy_actions/include/doozy_actions/msg
[10.977s] -- Up-to-date: /home/avinaash/doozy_robotics/doozy_ws_2/install/doozy_actions/include/doozy_actions/msg/docking.hpp
[10.977s] -- Up-to-date: /home/avinaash/doozy_robotics/doozy_ws_2/install/doozy_actions/include/doozy_actions/msg/diagnostics.hpp
[10.977s] -- Up-to-date: /home/avinaash/doozy_robotics/doozy_ws_2/install/doozy_actions/include/doozy_actions/msg/detail
[10.977s] -- Up-to-date: /home/avinaash/doozy_robotics/doozy_ws_2/install/doozy_actions/include/doozy_actions/msg/detail/navigation__struct.hpp
[10.977s] -- Up-to-date: /home/avinaash/doozy_robotics/doozy_ws_2/install/doozy_actions/include/doozy_actions/msg/detail/docking__struct.hpp
[10.978s] -- Up-to-date: /home/avinaash/doozy_robotics/doozy_ws_2/install/doozy_actions/include/doozy_actions/msg/detail/docking__traits.hpp
[10.978s] -- Up-to-date: /home/avinaash/doozy_robotics/doozy_ws_2/install/doozy_actions/include/doozy_actions/msg/detail/diagnostics__struct.hpp
[10.978s] -- Up-to-date: /home/avinaash/doozy_robotics/doozy_ws_2/install/doozy_actions/include/doozy_actions/msg/detail/navigation__builder.hpp
[10.978s] -- Up-to-date: /home/avinaash/doozy_robotics/doozy_ws_2/install/doozy_actions/include/doozy_actions/msg/detail/diagnostics__traits.hpp
[10.978s] -- Up-to-date: /home/avinaash/doozy_robotics/doozy_ws_2/install/doozy_actions/include/doozy_actions/msg/detail/docking__builder.hpp
[10.979s] -- Up-to-date: /home/avinaash/doozy_robotics/doozy_ws_2/install/doozy_actions/include/doozy_actions/msg/detail/diagnostics__builder.hpp
[10.979s] -- Up-to-date: /home/avinaash/doozy_robotics/doozy_ws_2/install/doozy_actions/include/doozy_actions/msg/detail/navigation__traits.hpp
[10.979s] -- Up-to-date: /home/avinaash/doozy_robotics/doozy_ws_2/install/doozy_actions/include/doozy_actions/msg/navigation.hpp
[10.979s] -- Up-to-date: /home/avinaash/doozy_robotics/doozy_ws_2/install/doozy_actions/include/doozy_actions
[10.979s] -- Up-to-date: /home/avinaash/doozy_robotics/doozy_ws_2/install/doozy_actions/include/doozy_actions/action
[10.980s] -- Up-to-date: /home/avinaash/doozy_robotics/doozy_ws_2/install/doozy_actions/include/doozy_actions/action/detail
[10.980s] -- Up-to-date: /home/avinaash/doozy_robotics/doozy_ws_2/install/doozy_actions/include/doozy_actions/action/detail/dolly_dock__type_support.cpp
[10.980s] -- Up-to-date: /home/avinaash/doozy_robotics/doozy_ws_2/install/doozy_actions/include/doozy_actions/action/detail/dolly_dock__rosidl_typesupport_introspection_cpp.hpp
[10.980s] -- Up-to-date: /home/avinaash/doozy_robotics/doozy_ws_2/install/doozy_actions/include/doozy_actions/msg
[10.981s] -- Up-to-date: /home/avinaash/doozy_robotics/doozy_ws_2/install/doozy_actions/include/doozy_actions/msg/detail
[10.981s] -- Up-to-date: /home/avinaash/doozy_robotics/doozy_ws_2/install/doozy_actions/include/doozy_actions/msg/detail/diagnostics__rosidl_typesupport_introspection_cpp.hpp
[10.999s] -- Up-to-date: /home/avinaash/doozy_robotics/doozy_ws_2/install/doozy_actions/include/doozy_actions/msg/detail/navigation__rosidl_typesupport_introspection_cpp.hpp
[11.000s] -- Up-to-date: /home/avinaash/doozy_robotics/doozy_ws_2/install/doozy_actions/include/doozy_actions/msg/detail/docking__type_support.cpp
[11.000s] -- Up-to-date: /home/avinaash/doozy_robotics/doozy_ws_2/install/doozy_actions/include/doozy_actions/msg/detail/diagnostics__type_support.cpp
[11.000s] -- Up-to-date: /home/avinaash/doozy_robotics/doozy_ws_2/install/doozy_actions/include/doozy_actions/msg/detail/docking__rosidl_typesupport_introspection_cpp.hpp
[11.001s] -- Up-to-date: /home/avinaash/doozy_robotics/doozy_ws_2/install/doozy_actions/include/doozy_actions/msg/detail/navigation__type_support.cpp
[11.001s] -- Up-to-date: /home/avinaash/doozy_robotics/doozy_ws_2/install/doozy_actions/lib/libdoozy_actions__rosidl_typesupport_introspection_cpp.so
[11.012s] -- Up-to-date: /home/avinaash/doozy_robotics/doozy_ws_2/install/doozy_actions/lib/libdoozy_actions__rosidl_typesupport_cpp.so
[11.014s] -- Up-to-date: /home/avinaash/doozy_robotics/doozy_ws_2/install/doozy_actions/share/doozy_actions/environment/pythonpath.sh
[11.017s] -- Up-to-date: /home/avinaash/doozy_robotics/doozy_ws_2/install/doozy_actions/share/doozy_actions/environment/pythonpath.dsv
[11.018s] -- Up-to-date: /home/avinaash/doozy_robotics/doozy_ws_2/install/doozy_actions/lib/python3.8/site-packages/doozy_actions/__init__.py
[11.303s] -- Up-to-date: /home/avinaash/doozy_robotics/doozy_ws_2/install/doozy_actions/lib/python3.8/site-packages/doozy_actions/action
[11.305s] -- Up-to-date: /home/avinaash/doozy_robotics/doozy_ws_2/install/doozy_actions/lib/python3.8/site-packages/doozy_actions/action/_dolly_dock_s.c
[11.308s] -- Up-to-date: /home/avinaash/doozy_robotics/doozy_ws_2/install/doozy_actions/lib/python3.8/site-packages/doozy_actions/action/_dolly_dock.py
[11.309s] -- Up-to-date: /home/avinaash/doozy_robotics/doozy_ws_2/install/doozy_actions/lib/python3.8/site-packages/doozy_actions/action/__init__.py
[11.310s] -- Up-to-date: /home/avinaash/doozy_robotics/doozy_ws_2/install/doozy_actions/lib/python3.8/site-packages/doozy_actions/msg
[11.310s] -- Up-to-date: /home/avinaash/doozy_robotics/doozy_ws_2/install/doozy_actions/lib/python3.8/site-packages/doozy_actions/msg/_diagnostics_s.c
[11.313s] -- Up-to-date: /home/avinaash/doozy_robotics/doozy_ws_2/install/doozy_actions/lib/python3.8/site-packages/doozy_actions/msg/_docking_s.c
[11.313s] -- Up-to-date: /home/avinaash/doozy_robotics/doozy_ws_2/install/doozy_actions/lib/python3.8/site-packages/doozy_actions/msg/_diagnostics.py
[11.314s] -- Up-to-date: /home/avinaash/doozy_robotics/doozy_ws_2/install/doozy_actions/lib/python3.8/site-packages/doozy_actions/msg/__init__.py
[11.314s] -- Up-to-date: /home/avinaash/doozy_robotics/doozy_ws_2/install/doozy_actions/lib/python3.8/site-packages/doozy_actions/msg/_docking.py
[11.314s] -- Up-to-date: /home/avinaash/doozy_robotics/doozy_ws_2/install/doozy_actions/lib/python3.8/site-packages/doozy_actions/msg/_navigation.py
[11.314s] -- Up-to-date: /home/avinaash/doozy_robotics/doozy_ws_2/install/doozy_actions/lib/python3.8/site-packages/doozy_actions/msg/_navigation_s.c
[11.315s] -- Up-to-date: /home/avinaash/doozy_robotics/doozy_ws_2/install/doozy_actions/lib/python3.8/site-packages/doozy_actions/doozy_actions_s__rosidl_typesupport_fastrtps_c.cpython-38-x86_64-linux-gnu.so
[11.330s] -- Up-to-date: /home/avinaash/doozy_robotics/doozy_ws_2/install/doozy_actions/lib/python3.8/site-packages/doozy_actions/doozy_actions_s__rosidl_typesupport_introspection_c.cpython-38-x86_64-linux-gnu.so
[11.338s] -- Up-to-date: /home/avinaash/doozy_robotics/doozy_ws_2/install/doozy_actions/lib/python3.8/site-packages/doozy_actions/doozy_actions_s__rosidl_typesupport_c.cpython-38-x86_64-linux-gnu.so
[11.359s] -- Up-to-date: /home/avinaash/doozy_robotics/doozy_ws_2/install/doozy_actions/lib/libdoozy_actions__python.so
[11.361s] -- Up-to-date: /home/avinaash/doozy_robotics/doozy_ws_2/install/doozy_actions/share/doozy_actions/action/DollyDock.idl
[11.362s] -- Up-to-date: /home/avinaash/doozy_robotics/doozy_ws_2/install/doozy_actions/share/doozy_actions/msg/Docking.idl
[11.363s] -- Up-to-date: /home/avinaash/doozy_robotics/doozy_ws_2/install/doozy_actions/share/doozy_actions/msg/Diagnostics.idl
[11.364s] -- Up-to-date: /home/avinaash/doozy_robotics/doozy_ws_2/install/doozy_actions/share/doozy_actions/msg/Navigation.idl
[11.364s] -- Up-to-date: /home/avinaash/doozy_robotics/doozy_ws_2/install/doozy_actions/share/doozy_actions/action/DollyDock.action
[11.365s] -- Up-to-date: /home/avinaash/doozy_robotics/doozy_ws_2/install/doozy_actions/share/doozy_actions/msg/Docking.msg
[11.365s] -- Up-to-date: /home/avinaash/doozy_robotics/doozy_ws_2/install/doozy_actions/share/doozy_actions/msg/Diagnostics.msg
[11.365s] -- Up-to-date: /home/avinaash/doozy_robotics/doozy_ws_2/install/doozy_actions/share/doozy_actions/msg/Navigation.msg
[11.366s] -- Up-to-date: /home/avinaash/doozy_robotics/doozy_ws_2/install/doozy_actions/share/ament_index/resource_index/package_run_dependencies/doozy_actions
[11.366s] -- Up-to-date: /home/avinaash/doozy_robotics/doozy_ws_2/install/doozy_actions/share/ament_index/resource_index/parent_prefix_path/doozy_actions
[11.366s] -- Up-to-date: /home/avinaash/doozy_robotics/doozy_ws_2/install/doozy_actions/share/doozy_actions/environment/ament_prefix_path.sh
[11.367s] -- Up-to-date: /home/avinaash/doozy_robotics/doozy_ws_2/install/doozy_actions/share/doozy_actions/environment/ament_prefix_path.dsv
[11.367s] -- Up-to-date: /home/avinaash/doozy_robotics/doozy_ws_2/install/doozy_actions/share/doozy_actions/environment/path.sh
[11.372s] -- Up-to-date: /home/avinaash/doozy_robotics/doozy_ws_2/install/doozy_actions/share/doozy_actions/environment/path.dsv
[11.373s] -- Up-to-date: /home/avinaash/doozy_robotics/doozy_ws_2/install/doozy_actions/share/doozy_actions/local_setup.bash
[11.374s] -- Up-to-date: /home/avinaash/doozy_robotics/doozy_ws_2/install/doozy_actions/share/doozy_actions/local_setup.sh
[11.374s] -- Up-to-date: /home/avinaash/doozy_robotics/doozy_ws_2/install/doozy_actions/share/doozy_actions/local_setup.zsh
[11.374s] -- Up-to-date: /home/avinaash/doozy_robotics/doozy_ws_2/install/doozy_actions/share/doozy_actions/local_setup.dsv
[11.375s] -- Installing: /home/avinaash/doozy_robotics/doozy_ws_2/install/doozy_actions/share/doozy_actions/package.dsv
[11.375s] -- Up-to-date: /home/avinaash/doozy_robotics/doozy_ws_2/install/doozy_actions/share/ament_index/resource_index/packages/doozy_actions
[11.375s] -- Up-to-date: /home/avinaash/doozy_robotics/doozy_ws_2/install/doozy_actions/share/doozy_actions/cmake/doozy_actions__rosidl_generator_cExport.cmake
[11.376s] -- Up-to-date: /home/avinaash/doozy_robotics/doozy_ws_2/install/doozy_actions/share/doozy_actions/cmake/doozy_actions__rosidl_generator_cExport-noconfig.cmake
[11.376s] -- Up-to-date: /home/avinaash/doozy_robotics/doozy_ws_2/install/doozy_actions/share/doozy_actions/cmake/doozy_actions__rosidl_typesupport_introspection_cExport.cmake
[11.376s] -- Up-to-date: /home/avinaash/doozy_robotics/doozy_ws_2/install/doozy_actions/share/doozy_actions/cmake/doozy_actions__rosidl_typesupport_introspection_cExport-noconfig.cmake
[11.377s] -- Up-to-date: /home/avinaash/doozy_robotics/doozy_ws_2/install/doozy_actions/share/doozy_actions/cmake/doozy_actions__rosidl_typesupport_cExport.cmake
[11.377s] -- Up-to-date: /home/avinaash/doozy_robotics/doozy_ws_2/install/doozy_actions/share/doozy_actions/cmake/doozy_actions__rosidl_typesupport_cExport-noconfig.cmake
[11.378s] -- Up-to-date: /home/avinaash/doozy_robotics/doozy_ws_2/install/doozy_actions/share/doozy_actions/cmake/doozy_actions__rosidl_generator_cppExport.cmake
[11.378s] -- Up-to-date: /home/avinaash/doozy_robotics/doozy_ws_2/install/doozy_actions/share/doozy_actions/cmake/doozy_actions__rosidl_typesupport_introspection_cppExport.cmake
[11.378s] -- Up-to-date: /home/avinaash/doozy_robotics/doozy_ws_2/install/doozy_actions/share/doozy_actions/cmake/doozy_actions__rosidl_typesupport_introspection_cppExport-noconfig.cmake
[11.378s] -- Up-to-date: /home/avinaash/doozy_robotics/doozy_ws_2/install/doozy_actions/share/doozy_actions/cmake/doozy_actions__rosidl_typesupport_cppExport.cmake
[11.379s] -- Up-to-date: /home/avinaash/doozy_robotics/doozy_ws_2/install/doozy_actions/share/doozy_actions/cmake/doozy_actions__rosidl_typesupport_cppExport-noconfig.cmake
[11.379s] -- Up-to-date: /home/avinaash/doozy_robotics/doozy_ws_2/install/doozy_actions/share/doozy_actions/cmake/rosidl_cmake-extras.cmake
[11.381s] -- Up-to-date: /home/avinaash/doozy_robotics/doozy_ws_2/install/doozy_actions/share/doozy_actions/cmake/ament_cmake_export_dependencies-extras.cmake
[11.383s] -- Up-to-date: /home/avinaash/doozy_robotics/doozy_ws_2/install/doozy_actions/share/doozy_actions/cmake/ament_cmake_export_libraries-extras.cmake
[11.389s] -- Up-to-date: /home/avinaash/doozy_robotics/doozy_ws_2/install/doozy_actions/share/doozy_actions/cmake/ament_cmake_export_targets-extras.cmake
[11.392s] -- Up-to-date: /home/avinaash/doozy_robotics/doozy_ws_2/install/doozy_actions/share/doozy_actions/cmake/ament_cmake_export_include_directories-extras.cmake
[11.394s] -- Up-to-date: /home/avinaash/doozy_robotics/doozy_ws_2/install/doozy_actions/share/doozy_actions/cmake/rosidl_cmake_export_typesupport_libraries-extras.cmake
[11.395s] -- Up-to-date: /home/avinaash/doozy_robotics/doozy_ws_2/install/doozy_actions/share/doozy_actions/cmake/rosidl_cmake_export_typesupport_targets-extras.cmake
[11.395s] -- Up-to-date: /home/avinaash/doozy_robotics/doozy_ws_2/install/doozy_actions/share/doozy_actions/cmake/doozy_actionsConfig.cmake
[11.395s] -- Up-to-date: /home/avinaash/doozy_robotics/doozy_ws_2/install/doozy_actions/share/doozy_actions/cmake/doozy_actionsConfig-version.cmake
[11.395s] -- Up-to-date: /home/avinaash/doozy_robotics/doozy_ws_2/install/doozy_actions/share/doozy_actions/package.xml
[11.410s] Invoked command in '/home/avinaash/doozy_robotics/doozy_ws_2/build/doozy_actions' returned '0': CMAKE_PREFIX_PATH=${CMAKE_PREFIX_PATH}:/home/avinaash/doozy_robotics/doozy_ws_2/install/turtlebot3_teleop:/home/avinaash/doozy_robotics/doozy_ws_2/install/turtlebot3_example:/home/avinaash/doozy_robotics/doozy_ws_2/install/pallet_docker_02:/home/avinaash/doozy_robotics/doozy_ws_2/install/2_t_dolly_logistics_driver:/opt/ros/galactic /usr/bin/cmake --install /home/avinaash/doozy_robotics/doozy_ws_2/build/doozy_actions
