[0.955s] Invoking command in '/home/doozy/doozy_robotics/doozy_ws_2/src/2_t_dolly_logistics_driver': PYTHONPATH=/home/doozy/doozy_robotics/doozy_ws_2/build/2_t_dolly_logistics_driver/prefix_override:/home/doozy/doozy_robotics/doozy_ws_2/install/2_t_dolly_logistics_driver/lib/python3.10/site-packages:${PYTHONPATH} /usr/bin/python3 -W ignore:setup.py install is deprecated setup.py egg_info --egg-base ../../build/2_t_dolly_logistics_driver build --build-base /home/doozy/doozy_robotics/doozy_ws_2/build/2_t_dolly_logistics_driver/build install --record /home/doozy/doozy_robotics/doozy_ws_2/build/2_t_dolly_logistics_driver/install.log --single-version-externally-managed install_data
[1.192s] running egg_info
[1.193s] creating ../../build/2_t_dolly_logistics_driver/2_t_dolly_logistics_driver.egg-info
[1.209s] writing ../../build/2_t_dolly_logistics_driver/2_t_dolly_logistics_driver.egg-info/PKG-INFO
[1.210s] writing dependency_links to ../../build/2_t_dolly_logistics_driver/2_t_dolly_logistics_driver.egg-info/dependency_links.txt
[1.210s] writing entry points to ../../build/2_t_dolly_logistics_driver/2_t_dolly_logistics_driver.egg-info/entry_points.txt
[1.210s] writing requirements to ../../build/2_t_dolly_logistics_driver/2_t_dolly_logistics_driver.egg-info/requires.txt
[1.210s] writing top-level names to ../../build/2_t_dolly_logistics_driver/2_t_dolly_logistics_driver.egg-info/top_level.txt
[1.210s] writing manifest file '../../build/2_t_dolly_logistics_driver/2_t_dolly_logistics_driver.egg-info/SOURCES.txt'
[1.246s] reading manifest file '../../build/2_t_dolly_logistics_driver/2_t_dolly_logistics_driver.egg-info/SOURCES.txt'
[1.247s] writing manifest file '../../build/2_t_dolly_logistics_driver/2_t_dolly_logistics_driver.egg-info/SOURCES.txt'
[1.247s] running build
[1.247s] running build_py
[1.248s] creating /home/doozy/doozy_robotics/doozy_ws_2/build/2_t_dolly_logistics_driver/build
[1.248s] creating /home/doozy/doozy_robotics/doozy_ws_2/build/2_t_dolly_logistics_driver/build/lib
[1.248s] creating /home/doozy/doozy_robotics/doozy_ws_2/build/2_t_dolly_logistics_driver/build/lib/2_t_dolly_logistics_driver
[1.248s] copying 2_t_dolly_logistics_driver/dock_to_dolly_01.py -> /home/doozy/doozy_robotics/doozy_ws_2/build/2_t_dolly_logistics_driver/build/lib/2_t_dolly_logistics_driver
[1.248s] copying 2_t_dolly_logistics_driver/latch_unlatch_01.py -> /home/doozy/doozy_robotics/doozy_ws_2/build/2_t_dolly_logistics_driver/build/lib/2_t_dolly_logistics_driver
[1.248s] copying 2_t_dolly_logistics_driver/behavior_tree_01.py -> /home/doozy/doozy_robotics/doozy_ws_2/build/2_t_dolly_logistics_driver/build/lib/2_t_dolly_logistics_driver
[1.248s] copying 2_t_dolly_logistics_driver/latch_unlatch_02.py -> /home/doozy/doozy_robotics/doozy_ws_2/build/2_t_dolly_logistics_driver/build/lib/2_t_dolly_logistics_driver
[1.249s] copying 2_t_dolly_logistics_driver/dock_to_dolly_02.py -> /home/doozy/doozy_robotics/doozy_ws_2/build/2_t_dolly_logistics_driver/build/lib/2_t_dolly_logistics_driver
[1.249s] copying 2_t_dolly_logistics_driver/latch_unlatch_03.py -> /home/doozy/doozy_robotics/doozy_ws_2/build/2_t_dolly_logistics_driver/build/lib/2_t_dolly_logistics_driver
[1.249s] copying 2_t_dolly_logistics_driver/gui_03.py -> /home/doozy/doozy_robotics/doozy_ws_2/build/2_t_dolly_logistics_driver/build/lib/2_t_dolly_logistics_driver
[1.249s] copying 2_t_dolly_logistics_driver/nav_to_dolly_02.py -> /home/doozy/doozy_robotics/doozy_ws_2/build/2_t_dolly_logistics_driver/build/lib/2_t_dolly_logistics_driver
[1.249s] copying 2_t_dolly_logistics_driver/pallet_navi_dock_01.py -> /home/doozy/doozy_robotics/doozy_ws_2/build/2_t_dolly_logistics_driver/build/lib/2_t_dolly_logistics_driver
[1.249s] copying 2_t_dolly_logistics_driver/docking_system_test_01.py -> /home/doozy/doozy_robotics/doozy_ws_2/build/2_t_dolly_logistics_driver/build/lib/2_t_dolly_logistics_driver
[1.249s] copying 2_t_dolly_logistics_driver/tf_broadcaster_01.py -> /home/doozy/doozy_robotics/doozy_ws_2/build/2_t_dolly_logistics_driver/build/lib/2_t_dolly_logistics_driver
[1.250s] copying 2_t_dolly_logistics_driver/behaviour_tree_01.py -> /home/doozy/doozy_robotics/doozy_ws_2/build/2_t_dolly_logistics_driver/build/lib/2_t_dolly_logistics_driver
[1.250s] copying 2_t_dolly_logistics_driver/__init__.py -> /home/doozy/doozy_robotics/doozy_ws_2/build/2_t_dolly_logistics_driver/build/lib/2_t_dolly_logistics_driver
[1.250s] copying 2_t_dolly_logistics_driver/gui_02.py -> /home/doozy/doozy_robotics/doozy_ws_2/build/2_t_dolly_logistics_driver/build/lib/2_t_dolly_logistics_driver
[1.250s] copying 2_t_dolly_logistics_driver/gui_01.py -> /home/doozy/doozy_robotics/doozy_ws_2/build/2_t_dolly_logistics_driver/build/lib/2_t_dolly_logistics_driver
[1.250s] copying 2_t_dolly_logistics_driver/dock_to_dolly_03.py -> /home/doozy/doozy_robotics/doozy_ws_2/build/2_t_dolly_logistics_driver/build/lib/2_t_dolly_logistics_driver
[1.250s] copying 2_t_dolly_logistics_driver/nav_to_dolly_01.py -> /home/doozy/doozy_robotics/doozy_ws_2/build/2_t_dolly_logistics_driver/build/lib/2_t_dolly_logistics_driver
[1.251s] running install
[1.255s] running install_lib
[1.272s] creating /home/doozy/doozy_robotics/doozy_ws_2/install/2_t_dolly_logistics_driver/lib/python3.10/site-packages/2_t_dolly_logistics_driver
[1.272s] copying /home/doozy/doozy_robotics/doozy_ws_2/build/2_t_dolly_logistics_driver/build/lib/2_t_dolly_logistics_driver/dock_to_dolly_01.py -> /home/doozy/doozy_robotics/doozy_ws_2/install/2_t_dolly_logistics_driver/lib/python3.10/site-packages/2_t_dolly_logistics_driver
[1.273s] copying /home/doozy/doozy_robotics/doozy_ws_2/build/2_t_dolly_logistics_driver/build/lib/2_t_dolly_logistics_driver/latch_unlatch_01.py -> /home/doozy/doozy_robotics/doozy_ws_2/install/2_t_dolly_logistics_driver/lib/python3.10/site-packages/2_t_dolly_logistics_driver
[1.273s] copying /home/doozy/doozy_robotics/doozy_ws_2/build/2_t_dolly_logistics_driver/build/lib/2_t_dolly_logistics_driver/behavior_tree_01.py -> /home/doozy/doozy_robotics/doozy_ws_2/install/2_t_dolly_logistics_driver/lib/python3.10/site-packages/2_t_dolly_logistics_driver
[1.273s] copying /home/doozy/doozy_robotics/doozy_ws_2/build/2_t_dolly_logistics_driver/build/lib/2_t_dolly_logistics_driver/latch_unlatch_02.py -> /home/doozy/doozy_robotics/doozy_ws_2/install/2_t_dolly_logistics_driver/lib/python3.10/site-packages/2_t_dolly_logistics_driver
[1.273s] copying /home/doozy/doozy_robotics/doozy_ws_2/build/2_t_dolly_logistics_driver/build/lib/2_t_dolly_logistics_driver/dock_to_dolly_02.py -> /home/doozy/doozy_robotics/doozy_ws_2/install/2_t_dolly_logistics_driver/lib/python3.10/site-packages/2_t_dolly_logistics_driver
[1.273s] copying /home/doozy/doozy_robotics/doozy_ws_2/build/2_t_dolly_logistics_driver/build/lib/2_t_dolly_logistics_driver/latch_unlatch_03.py -> /home/doozy/doozy_robotics/doozy_ws_2/install/2_t_dolly_logistics_driver/lib/python3.10/site-packages/2_t_dolly_logistics_driver
[1.273s] copying /home/doozy/doozy_robotics/doozy_ws_2/build/2_t_dolly_logistics_driver/build/lib/2_t_dolly_logistics_driver/gui_03.py -> /home/doozy/doozy_robotics/doozy_ws_2/install/2_t_dolly_logistics_driver/lib/python3.10/site-packages/2_t_dolly_logistics_driver
[1.274s] copying /home/doozy/doozy_robotics/doozy_ws_2/build/2_t_dolly_logistics_driver/build/lib/2_t_dolly_logistics_driver/nav_to_dolly_02.py -> /home/doozy/doozy_robotics/doozy_ws_2/install/2_t_dolly_logistics_driver/lib/python3.10/site-packages/2_t_dolly_logistics_driver
[1.274s] copying /home/doozy/doozy_robotics/doozy_ws_2/build/2_t_dolly_logistics_driver/build/lib/2_t_dolly_logistics_driver/pallet_navi_dock_01.py -> /home/doozy/doozy_robotics/doozy_ws_2/install/2_t_dolly_logistics_driver/lib/python3.10/site-packages/2_t_dolly_logistics_driver
[1.274s] copying /home/doozy/doozy_robotics/doozy_ws_2/build/2_t_dolly_logistics_driver/build/lib/2_t_dolly_logistics_driver/docking_system_test_01.py -> /home/doozy/doozy_robotics/doozy_ws_2/install/2_t_dolly_logistics_driver/lib/python3.10/site-packages/2_t_dolly_logistics_driver
[1.274s] copying /home/doozy/doozy_robotics/doozy_ws_2/build/2_t_dolly_logistics_driver/build/lib/2_t_dolly_logistics_driver/tf_broadcaster_01.py -> /home/doozy/doozy_robotics/doozy_ws_2/install/2_t_dolly_logistics_driver/lib/python3.10/site-packages/2_t_dolly_logistics_driver
[1.274s] copying /home/doozy/doozy_robotics/doozy_ws_2/build/2_t_dolly_logistics_driver/build/lib/2_t_dolly_logistics_driver/behaviour_tree_01.py -> /home/doozy/doozy_robotics/doozy_ws_2/install/2_t_dolly_logistics_driver/lib/python3.10/site-packages/2_t_dolly_logistics_driver
[1.274s] copying /home/doozy/doozy_robotics/doozy_ws_2/build/2_t_dolly_logistics_driver/build/lib/2_t_dolly_logistics_driver/__init__.py -> /home/doozy/doozy_robotics/doozy_ws_2/install/2_t_dolly_logistics_driver/lib/python3.10/site-packages/2_t_dolly_logistics_driver
[1.274s] copying /home/doozy/doozy_robotics/doozy_ws_2/build/2_t_dolly_logistics_driver/build/lib/2_t_dolly_logistics_driver/gui_02.py -> /home/doozy/doozy_robotics/doozy_ws_2/install/2_t_dolly_logistics_driver/lib/python3.10/site-packages/2_t_dolly_logistics_driver
[1.274s] copying /home/doozy/doozy_robotics/doozy_ws_2/build/2_t_dolly_logistics_driver/build/lib/2_t_dolly_logistics_driver/gui_01.py -> /home/doozy/doozy_robotics/doozy_ws_2/install/2_t_dolly_logistics_driver/lib/python3.10/site-packages/2_t_dolly_logistics_driver
[1.274s] copying /home/doozy/doozy_robotics/doozy_ws_2/build/2_t_dolly_logistics_driver/build/lib/2_t_dolly_logistics_driver/dock_to_dolly_03.py -> /home/doozy/doozy_robotics/doozy_ws_2/install/2_t_dolly_logistics_driver/lib/python3.10/site-packages/2_t_dolly_logistics_driver
[1.274s] copying /home/doozy/doozy_robotics/doozy_ws_2/build/2_t_dolly_logistics_driver/build/lib/2_t_dolly_logistics_driver/nav_to_dolly_01.py -> /home/doozy/doozy_robotics/doozy_ws_2/install/2_t_dolly_logistics_driver/lib/python3.10/site-packages/2_t_dolly_logistics_driver
[1.275s] byte-compiling /home/doozy/doozy_robotics/doozy_ws_2/install/2_t_dolly_logistics_driver/lib/python3.10/site-packages/2_t_dolly_logistics_driver/dock_to_dolly_01.py to dock_to_dolly_01.cpython-310.pyc
[1.276s] byte-compiling /home/doozy/doozy_robotics/doozy_ws_2/install/2_t_dolly_logistics_driver/lib/python3.10/site-packages/2_t_dolly_logistics_driver/latch_unlatch_01.py to latch_unlatch_01.cpython-310.pyc
[1.276s] byte-compiling /home/doozy/doozy_robotics/doozy_ws_2/install/2_t_dolly_logistics_driver/lib/python3.10/site-packages/2_t_dolly_logistics_driver/behavior_tree_01.py to behavior_tree_01.cpython-310.pyc
[1.276s] byte-compiling /home/doozy/doozy_robotics/doozy_ws_2/install/2_t_dolly_logistics_driver/lib/python3.10/site-packages/2_t_dolly_logistics_driver/latch_unlatch_02.py to latch_unlatch_02.cpython-310.pyc
[1.277s] byte-compiling /home/doozy/doozy_robotics/doozy_ws_2/install/2_t_dolly_logistics_driver/lib/python3.10/site-packages/2_t_dolly_logistics_driver/dock_to_dolly_02.py to dock_to_dolly_02.cpython-310.pyc
[1.278s] byte-compiling /home/doozy/doozy_robotics/doozy_ws_2/install/2_t_dolly_logistics_driver/lib/python3.10/site-packages/2_t_dolly_logistics_driver/latch_unlatch_03.py to latch_unlatch_03.cpython-310.pyc
[1.279s] byte-compiling /home/doozy/doozy_robotics/doozy_ws_2/install/2_t_dolly_logistics_driver/lib/python3.10/site-packages/2_t_dolly_logistics_driver/gui_03.py to gui_03.cpython-310.pyc
[1.279s] byte-compiling /home/doozy/doozy_robotics/doozy_ws_2/install/2_t_dolly_logistics_driver/lib/python3.10/site-packages/2_t_dolly_logistics_driver/nav_to_dolly_02.py to nav_to_dolly_02.cpython-310.pyc
[1.280s] byte-compiling /home/doozy/doozy_robotics/doozy_ws_2/install/2_t_dolly_logistics_driver/lib/python3.10/site-packages/2_t_dolly_logistics_driver/pallet_navi_dock_01.py to pallet_navi_dock_01.cpython-310.pyc
[1.281s] byte-compiling /home/doozy/doozy_robotics/doozy_ws_2/install/2_t_dolly_logistics_driver/lib/python3.10/site-packages/2_t_dolly_logistics_driver/docking_system_test_01.py to docking_system_test_01.cpython-310.pyc
[1.281s] byte-compiling /home/doozy/doozy_robotics/doozy_ws_2/install/2_t_dolly_logistics_driver/lib/python3.10/site-packages/2_t_dolly_logistics_driver/tf_broadcaster_01.py to tf_broadcaster_01.cpython-310.pyc
[1.282s] byte-compiling /home/doozy/doozy_robotics/doozy_ws_2/install/2_t_dolly_logistics_driver/lib/python3.10/site-packages/2_t_dolly_logistics_driver/behaviour_tree_01.py to behaviour_tree_01.cpython-310.pyc
[1.282s] byte-compiling /home/doozy/doozy_robotics/doozy_ws_2/install/2_t_dolly_logistics_driver/lib/python3.10/site-packages/2_t_dolly_logistics_driver/__init__.py to __init__.cpython-310.pyc
[1.283s] byte-compiling /home/doozy/doozy_robotics/doozy_ws_2/install/2_t_dolly_logistics_driver/lib/python3.10/site-packages/2_t_dolly_logistics_driver/gui_02.py to gui_02.cpython-310.pyc
[1.283s] byte-compiling /home/doozy/doozy_robotics/doozy_ws_2/install/2_t_dolly_logistics_driver/lib/python3.10/site-packages/2_t_dolly_logistics_driver/gui_01.py to gui_01.cpython-310.pyc
[1.284s] byte-compiling /home/doozy/doozy_robotics/doozy_ws_2/install/2_t_dolly_logistics_driver/lib/python3.10/site-packages/2_t_dolly_logistics_driver/dock_to_dolly_03.py to dock_to_dolly_03.cpython-310.pyc
[1.284s] byte-compiling /home/doozy/doozy_robotics/doozy_ws_2/install/2_t_dolly_logistics_driver/lib/python3.10/site-packages/2_t_dolly_logistics_driver/nav_to_dolly_01.py to nav_to_dolly_01.cpython-310.pyc
[1.285s] running install_data
[1.285s] creating /home/doozy/doozy_robotics/doozy_ws_2/install/2_t_dolly_logistics_driver/share/ament_index
[1.286s] creating /home/doozy/doozy_robotics/doozy_ws_2/install/2_t_dolly_logistics_driver/share/ament_index/resource_index
[1.286s] creating /home/doozy/doozy_robotics/doozy_ws_2/install/2_t_dolly_logistics_driver/share/ament_index/resource_index/packages
[1.286s] copying resource/2_t_dolly_logistics_driver -> /home/doozy/doozy_robotics/doozy_ws_2/install/2_t_dolly_logistics_driver/share/ament_index/resource_index/packages
[1.286s] copying package.xml -> /home/doozy/doozy_robotics/doozy_ws_2/install/2_t_dolly_logistics_driver/share/2_t_dolly_logistics_driver
[1.286s] running install_egg_info
[1.304s] Copying ../../build/2_t_dolly_logistics_driver/2_t_dolly_logistics_driver.egg-info to /home/doozy/doozy_robotics/doozy_ws_2/install/2_t_dolly_logistics_driver/lib/python3.10/site-packages/2_t_dolly_logistics_driver-0.0.0-py3.10.egg-info
[1.305s] running install_scripts
[1.462s] Installing Dock2Dolly_01 script to /home/doozy/doozy_robotics/doozy_ws_2/install/2_t_dolly_logistics_driver/lib/2_t_dolly_logistics_driver
[1.462s] Installing Dock2Dolly_02 script to /home/doozy/doozy_robotics/doozy_ws_2/install/2_t_dolly_logistics_driver/lib/2_t_dolly_logistics_driver
[1.462s] Installing Dock2Dolly_03 script to /home/doozy/doozy_robotics/doozy_ws_2/install/2_t_dolly_logistics_driver/lib/2_t_dolly_logistics_driver
[1.462s] Installing GUI script to /home/doozy/doozy_robotics/doozy_ws_2/install/2_t_dolly_logistics_driver/lib/2_t_dolly_logistics_driver
[1.462s] Installing GUI_2 script to /home/doozy/doozy_robotics/doozy_ws_2/install/2_t_dolly_logistics_driver/lib/2_t_dolly_logistics_driver
[1.462s] Installing GUI_3 script to /home/doozy/doozy_robotics/doozy_ws_2/install/2_t_dolly_logistics_driver/lib/2_t_dolly_logistics_driver
[1.462s] Installing Latch_Unlatch script to /home/doozy/doozy_robotics/doozy_ws_2/install/2_t_dolly_logistics_driver/lib/2_t_dolly_logistics_driver
[1.463s] Installing Latch_Unlatch_2 script to /home/doozy/doozy_robotics/doozy_ws_2/install/2_t_dolly_logistics_driver/lib/2_t_dolly_logistics_driver
[1.463s] Installing Latch_Unlatch_3 script to /home/doozy/doozy_robotics/doozy_ws_2/install/2_t_dolly_logistics_driver/lib/2_t_dolly_logistics_driver
[1.463s] Installing Navigate_01 script to /home/doozy/doozy_robotics/doozy_ws_2/install/2_t_dolly_logistics_driver/lib/2_t_dolly_logistics_driver
[1.463s] Installing Navigate_02 script to /home/doozy/doozy_robotics/doozy_ws_2/install/2_t_dolly_logistics_driver/lib/2_t_dolly_logistics_driver
[1.463s] Installing Tf script to /home/doozy/doozy_robotics/doozy_ws_2/install/2_t_dolly_logistics_driver/lib/2_t_dolly_logistics_driver
[1.464s] writing list of installed files to '/home/doozy/doozy_robotics/doozy_ws_2/build/2_t_dolly_logistics_driver/install.log'
[1.495s] Invoked command in '/home/doozy/doozy_robotics/doozy_ws_2/src/2_t_dolly_logistics_driver' returned '0': PYTHONPATH=/home/doozy/doozy_robotics/doozy_ws_2/build/2_t_dolly_logistics_driver/prefix_override:/home/doozy/doozy_robotics/doozy_ws_2/install/2_t_dolly_logistics_driver/lib/python3.10/site-packages:${PYTHONPATH} /usr/bin/python3 -W ignore:setup.py install is deprecated setup.py egg_info --egg-base ../../build/2_t_dolly_logistics_driver build --build-base /home/doozy/doozy_robotics/doozy_ws_2/build/2_t_dolly_logistics_driver/build install --record /home/doozy/doozy_robotics/doozy_ws_2/build/2_t_dolly_logistics_driver/install.log --single-version-externally-managed install_data
