[12.699s] Invoking command in '/home/avinaash/doozy_robotics/doozy_ws_2/src/turtlebot3/turtlebot3_teleop': PYTHONPATH=/home/avinaash/doozy_robotics/doozy_ws_2/build/turtlebot3_teleop/prefix_override:/home/avinaash/doozy_robotics/doozy_ws_2/install/turtlebot3_teleop/lib/python3.8/site-packages:${PYTHONPATH} /usr/bin/python3 -W ignore:setup.py install is deprecated setup.py egg_info --egg-base ../../../build/turtlebot3_teleop build --build-base /home/avinaash/doozy_robotics/doozy_ws_2/build/turtlebot3_teleop/build install --record /home/avinaash/doozy_robotics/doozy_ws_2/build/turtlebot3_teleop/install.log --single-version-externally-managed install_data
[14.429s] running egg_info
[14.439s] writing ../../../build/turtlebot3_teleop/turtlebot3_teleop.egg-info/PKG-INFO
[14.440s] writing dependency_links to ../../../build/turtlebot3_teleop/turtlebot3_teleop.egg-info/dependency_links.txt
[14.441s] writing entry points to ../../../build/turtlebot3_teleop/turtlebot3_teleop.egg-info/entry_points.txt
[14.441s] writing requirements to ../../../build/turtlebot3_teleop/turtlebot3_teleop.egg-info/requires.txt
[14.442s] writing top-level names to ../../../build/turtlebot3_teleop/turtlebot3_teleop.egg-info/top_level.txt
[14.636s] reading manifest file '../../../build/turtlebot3_teleop/turtlebot3_teleop.egg-info/SOURCES.txt'
[14.642s] writing manifest file '../../../build/turtlebot3_teleop/turtlebot3_teleop.egg-info/SOURCES.txt'
[14.644s] running build
[14.646s] running build_py
[14.651s] running install
[14.654s] running install_lib
[14.685s] running install_data
[14.686s] running install_egg_info
[14.702s] removing '/home/avinaash/doozy_robotics/doozy_ws_2/install/turtlebot3_teleop/lib/python3.8/site-packages/turtlebot3_teleop-2.1.4-py3.8.egg-info' (and everything under it)
[14.703s] Copying ../../../build/turtlebot3_teleop/turtlebot3_teleop.egg-info to /home/avinaash/doozy_robotics/doozy_ws_2/install/turtlebot3_teleop/lib/python3.8/site-packages/turtlebot3_teleop-2.1.4-py3.8.egg-info
[14.718s] running install_scripts
[14.862s] Installing teleop_keyboard script to /home/avinaash/doozy_robotics/doozy_ws_2/install/turtlebot3_teleop/lib/turtlebot3_teleop
[14.864s] writing list of installed files to '/home/avinaash/doozy_robotics/doozy_ws_2/build/turtlebot3_teleop/install.log'
[15.203s] Invoked command in '/home/avinaash/doozy_robotics/doozy_ws_2/src/turtlebot3/turtlebot3_teleop' returned '0': PYTHONPATH=/home/avinaash/doozy_robotics/doozy_ws_2/build/turtlebot3_teleop/prefix_override:/home/avinaash/doozy_robotics/doozy_ws_2/install/turtlebot3_teleop/lib/python3.8/site-packages:${PYTHONPATH} /usr/bin/python3 -W ignore:setup.py install is deprecated setup.py egg_info --egg-base ../../../build/turtlebot3_teleop build --build-base /home/avinaash/doozy_robotics/doozy_ws_2/build/turtlebot3_teleop/build install --record /home/avinaash/doozy_robotics/doozy_ws_2/build/turtlebot3_teleop/install.log --single-version-externally-managed install_data
