[0.172s] DEBUG:colcon:Command line arguments: ['/home/avinaash/.local/bin/colcon', 'build']
[0.172s] DEBUG:colcon:Parsed command line arguments: Namespace(allow_overriding=[], ament_cmake_args=None, base_paths=['.'], build_base='build', catkin_cmake_args=None, catkin_skip_building_tests=False, cmake_args=None, cmake_clean_cache=False, cmake_clean_first=False, cmake_force_configure=False, cmake_target=None, cmake_target_skip_unavailable=False, continue_on_error=False, event_handlers=None, executor='parallel', ignore_user_meta=False, install_base='install', log_base=None, log_level=None, main=<bound method BuildVerb.main of <colcon_core.verb.build.BuildVerb object at 0x7fa88a146160>>, merge_install=False, metas=['./colcon.meta'], packages_above=None, packages_above_and_dependencies=None, packages_above_depth=None, packages_end=None, packages_ignore=None, packages_ignore_regex=None, packages_select=None, packages_select_build_failed=False, packages_select_by_dep=None, packages_select_regex=None, packages_select_test_failures=False, packages_skip=None, packages_skip_build_finished=False, packages_skip_by_dep=None, packages_skip_regex=None, packages_skip_test_passed=False, packages_skip_up_to=None, packages_start=None, packages_up_to=None, packages_up_to_regex=None, parallel_workers=16, paths=None, symlink_install=False, test_result_base=None, verb_extension=<colcon_core.verb.build.BuildVerb object at 0x7fa88a146160>, verb_name='build', verb_parser=<colcon_defaults.argument_parser.defaults.DefaultArgumentsDecorator object at 0x7fa88a146640>)
[0.279s] Level 1:colcon.colcon_core.package_discovery:discover_packages(colcon_meta) check parameters
[0.279s] Level 1:colcon.colcon_core.package_discovery:discover_packages(recursive) check parameters
[0.279s] Level 1:colcon.colcon_core.package_discovery:discover_packages(ignore) check parameters
[0.279s] Level 1:colcon.colcon_core.package_discovery:discover_packages(path) check parameters
[0.279s] Level 1:colcon.colcon_core.package_discovery:discover_packages(colcon_meta) discover
[0.279s] Level 1:colcon.colcon_core.package_discovery:discover_packages(recursive) discover
[0.279s] INFO:colcon.colcon_core.package_discovery:Crawling recursively for packages in '/home/avinaash/doozy_robotics/doozy_ws_2'
[0.280s] Level 1:colcon.colcon_core.package_identification:_identify(.) by extensions ['ignore', 'ignore_ament_install']
[0.280s] Level 1:colcon.colcon_core.package_identification:_identify(.) by extension 'ignore'
[0.280s] Level 1:colcon.colcon_core.package_identification:_identify(.) by extension 'ignore_ament_install'
[0.280s] Level 1:colcon.colcon_core.package_identification:_identify(.) by extensions ['colcon_pkg']
[0.280s] Level 1:colcon.colcon_core.package_identification:_identify(.) by extension 'colcon_pkg'
[0.280s] Level 1:colcon.colcon_core.package_identification:_identify(.) by extensions ['colcon_meta']
[0.280s] Level 1:colcon.colcon_core.package_identification:_identify(.) by extension 'colcon_meta'
[0.280s] Level 1:colcon.colcon_core.package_identification:_identify(.) by extensions ['ros']
[0.280s] Level 1:colcon.colcon_core.package_identification:_identify(.) by extension 'ros'
[0.288s] Level 1:colcon.colcon_core.package_identification:_identify(.) by extensions ['cmake', 'python']
[0.288s] Level 1:colcon.colcon_core.package_identification:_identify(.) by extension 'cmake'
[0.288s] Level 1:colcon.colcon_core.package_identification:_identify(.) by extension 'python'
[0.288s] Level 1:colcon.colcon_core.package_identification:_identify(.) by extensions ['python_setup_py']
[0.288s] Level 1:colcon.colcon_core.package_identification:_identify(.) by extension 'python_setup_py'
[0.288s] Level 1:colcon.colcon_core.package_identification:_identify(Arduino) by extensions ['ignore', 'ignore_ament_install']
[0.289s] Level 1:colcon.colcon_core.package_identification:_identify(Arduino) by extension 'ignore'
[0.289s] Level 1:colcon.colcon_core.package_identification:_identify(Arduino) by extension 'ignore_ament_install'
[0.289s] Level 1:colcon.colcon_core.package_identification:_identify(Arduino) by extensions ['colcon_pkg']
[0.289s] Level 1:colcon.colcon_core.package_identification:_identify(Arduino) by extension 'colcon_pkg'
[0.289s] Level 1:colcon.colcon_core.package_identification:_identify(Arduino) by extensions ['colcon_meta']
[0.289s] Level 1:colcon.colcon_core.package_identification:_identify(Arduino) by extension 'colcon_meta'
[0.289s] Level 1:colcon.colcon_core.package_identification:_identify(Arduino) by extensions ['ros']
[0.289s] Level 1:colcon.colcon_core.package_identification:_identify(Arduino) by extension 'ros'
[0.289s] Level 1:colcon.colcon_core.package_identification:_identify(Arduino) by extensions ['cmake', 'python']
[0.289s] Level 1:colcon.colcon_core.package_identification:_identify(Arduino) by extension 'cmake'
[0.289s] Level 1:colcon.colcon_core.package_identification:_identify(Arduino) by extension 'python'
[0.289s] Level 1:colcon.colcon_core.package_identification:_identify(Arduino) by extensions ['python_setup_py']
[0.289s] Level 1:colcon.colcon_core.package_identification:_identify(Arduino) by extension 'python_setup_py'
[0.289s] Level 1:colcon.colcon_core.package_identification:_identify(Arduino/libraries) by extensions ['ignore', 'ignore_ament_install']
[0.289s] Level 1:colcon.colcon_core.package_identification:_identify(Arduino/libraries) by extension 'ignore'
[0.289s] Level 1:colcon.colcon_core.package_identification:_identify(Arduino/libraries) by extension 'ignore_ament_install'
[0.289s] Level 1:colcon.colcon_core.package_identification:_identify(Arduino/libraries) by extensions ['colcon_pkg']
[0.289s] Level 1:colcon.colcon_core.package_identification:_identify(Arduino/libraries) by extension 'colcon_pkg'
[0.289s] Level 1:colcon.colcon_core.package_identification:_identify(Arduino/libraries) by extensions ['colcon_meta']
[0.289s] Level 1:colcon.colcon_core.package_identification:_identify(Arduino/libraries) by extension 'colcon_meta'
[0.289s] Level 1:colcon.colcon_core.package_identification:_identify(Arduino/libraries) by extensions ['ros']
[0.289s] Level 1:colcon.colcon_core.package_identification:_identify(Arduino/libraries) by extension 'ros'
[0.289s] Level 1:colcon.colcon_core.package_identification:_identify(Arduino/libraries) by extensions ['cmake', 'python']
[0.289s] Level 1:colcon.colcon_core.package_identification:_identify(Arduino/libraries) by extension 'cmake'
[0.289s] Level 1:colcon.colcon_core.package_identification:_identify(Arduino/libraries) by extension 'python'
[0.289s] Level 1:colcon.colcon_core.package_identification:_identify(Arduino/libraries) by extensions ['python_setup_py']
[0.289s] Level 1:colcon.colcon_core.package_identification:_identify(Arduino/libraries) by extension 'python_setup_py'
[0.289s] Level 1:colcon.colcon_core.package_identification:_identify(build) by extensions ['ignore', 'ignore_ament_install']
[0.289s] Level 1:colcon.colcon_core.package_identification:_identify(build) by extension 'ignore'
[0.289s] Level 1:colcon.colcon_core.package_identification:_identify(build) ignored
[0.290s] Level 1:colcon.colcon_core.package_identification:_identify(install) by extensions ['ignore', 'ignore_ament_install']
[0.290s] Level 1:colcon.colcon_core.package_identification:_identify(install) by extension 'ignore'
[0.290s] Level 1:colcon.colcon_core.package_identification:_identify(install) ignored
[0.290s] Level 1:colcon.colcon_core.package_identification:_identify(log) by extensions ['ignore', 'ignore_ament_install']
[0.290s] Level 1:colcon.colcon_core.package_identification:_identify(log) by extension 'ignore'
[0.290s] Level 1:colcon.colcon_core.package_identification:_identify(log) ignored
[0.290s] Level 1:colcon.colcon_core.package_identification:_identify(src) by extensions ['ignore', 'ignore_ament_install']
[0.290s] Level 1:colcon.colcon_core.package_identification:_identify(src) by extension 'ignore'
[0.290s] Level 1:colcon.colcon_core.package_identification:_identify(src) by extension 'ignore_ament_install'
[0.290s] Level 1:colcon.colcon_core.package_identification:_identify(src) by extensions ['colcon_pkg']
[0.290s] Level 1:colcon.colcon_core.package_identification:_identify(src) by extension 'colcon_pkg'
[0.290s] Level 1:colcon.colcon_core.package_identification:_identify(src) by extensions ['colcon_meta']
[0.290s] Level 1:colcon.colcon_core.package_identification:_identify(src) by extension 'colcon_meta'
[0.290s] Level 1:colcon.colcon_core.package_identification:_identify(src) by extensions ['ros']
[0.290s] Level 1:colcon.colcon_core.package_identification:_identify(src) by extension 'ros'
[0.290s] Level 1:colcon.colcon_core.package_identification:_identify(src) by extensions ['cmake', 'python']
[0.290s] Level 1:colcon.colcon_core.package_identification:_identify(src) by extension 'cmake'
[0.290s] Level 1:colcon.colcon_core.package_identification:_identify(src) by extension 'python'
[0.291s] Level 1:colcon.colcon_core.package_identification:_identify(src) by extensions ['python_setup_py']
[0.291s] Level 1:colcon.colcon_core.package_identification:_identify(src) by extension 'python_setup_py'
[0.291s] Level 1:colcon.colcon_core.package_identification:_identify(src/2_t_dolly_logistics_driver) by extensions ['ignore', 'ignore_ament_install']
[0.291s] Level 1:colcon.colcon_core.package_identification:_identify(src/2_t_dolly_logistics_driver) by extension 'ignore'
[0.291s] Level 1:colcon.colcon_core.package_identification:_identify(src/2_t_dolly_logistics_driver) by extension 'ignore_ament_install'
[0.291s] Level 1:colcon.colcon_core.package_identification:_identify(src/2_t_dolly_logistics_driver) by extensions ['colcon_pkg']
[0.291s] Level 1:colcon.colcon_core.package_identification:_identify(src/2_t_dolly_logistics_driver) by extension 'colcon_pkg'
[0.291s] Level 1:colcon.colcon_core.package_identification:_identify(src/2_t_dolly_logistics_driver) by extensions ['colcon_meta']
[0.291s] Level 1:colcon.colcon_core.package_identification:_identify(src/2_t_dolly_logistics_driver) by extension 'colcon_meta'
[0.291s] Level 1:colcon.colcon_core.package_identification:_identify(src/2_t_dolly_logistics_driver) by extensions ['ros']
[0.291s] Level 1:colcon.colcon_core.package_identification:_identify(src/2_t_dolly_logistics_driver) by extension 'ros'
[0.293s] DEBUG:colcon.colcon_core.package_identification:Package 'src/2_t_dolly_logistics_driver' with type 'ros.ament_python' and name '2_t_dolly_logistics_driver'
[0.294s] Level 1:colcon.colcon_core.package_identification:_identify(src/doozy_actions) by extensions ['ignore', 'ignore_ament_install']
[0.294s] Level 1:colcon.colcon_core.package_identification:_identify(src/doozy_actions) by extension 'ignore'
[0.294s] Level 1:colcon.colcon_core.package_identification:_identify(src/doozy_actions) by extension 'ignore_ament_install'
[0.294s] Level 1:colcon.colcon_core.package_identification:_identify(src/doozy_actions) by extensions ['colcon_pkg']
[0.294s] Level 1:colcon.colcon_core.package_identification:_identify(src/doozy_actions) by extension 'colcon_pkg'
[0.294s] Level 1:colcon.colcon_core.package_identification:_identify(src/doozy_actions) by extensions ['colcon_meta']
[0.294s] Level 1:colcon.colcon_core.package_identification:_identify(src/doozy_actions) by extension 'colcon_meta'
[0.294s] Level 1:colcon.colcon_core.package_identification:_identify(src/doozy_actions) by extensions ['ros']
[0.294s] Level 1:colcon.colcon_core.package_identification:_identify(src/doozy_actions) by extension 'ros'
[0.294s] DEBUG:colcon.colcon_core.package_identification:Package 'src/doozy_actions' with type 'ros.ament_cmake' and name 'doozy_actions'
[0.294s] Level 1:colcon.colcon_core.package_identification:_identify(src/pallet_docker_02) by extensions ['ignore', 'ignore_ament_install']
[0.294s] Level 1:colcon.colcon_core.package_identification:_identify(src/pallet_docker_02) by extension 'ignore'
[0.294s] Level 1:colcon.colcon_core.package_identification:_identify(src/pallet_docker_02) by extension 'ignore_ament_install'
[0.294s] Level 1:colcon.colcon_core.package_identification:_identify(src/pallet_docker_02) by extensions ['colcon_pkg']
[0.294s] Level 1:colcon.colcon_core.package_identification:_identify(src/pallet_docker_02) by extension 'colcon_pkg'
[0.295s] Level 1:colcon.colcon_core.package_identification:_identify(src/pallet_docker_02) by extensions ['colcon_meta']
[0.295s] Level 1:colcon.colcon_core.package_identification:_identify(src/pallet_docker_02) by extension 'colcon_meta'
[0.295s] Level 1:colcon.colcon_core.package_identification:_identify(src/pallet_docker_02) by extensions ['ros']
[0.295s] Level 1:colcon.colcon_core.package_identification:_identify(src/pallet_docker_02) by extension 'ros'
[0.295s] DEBUG:colcon.colcon_core.package_identification:Package 'src/pallet_docker_02' with type 'ros.ament_python' and name 'pallet_docker_02'
[0.295s] Level 1:colcon.colcon_core.package_identification:_identify(src/sick_visionary_t_mini) by extensions ['ignore', 'ignore_ament_install']
[0.295s] Level 1:colcon.colcon_core.package_identification:_identify(src/sick_visionary_t_mini) by extension 'ignore'
[0.295s] Level 1:colcon.colcon_core.package_identification:_identify(src/sick_visionary_t_mini) by extension 'ignore_ament_install'
[0.295s] Level 1:colcon.colcon_core.package_identification:_identify(src/sick_visionary_t_mini) by extensions ['colcon_pkg']
[0.295s] Level 1:colcon.colcon_core.package_identification:_identify(src/sick_visionary_t_mini) by extension 'colcon_pkg'
[0.295s] Level 1:colcon.colcon_core.package_identification:_identify(src/sick_visionary_t_mini) by extensions ['colcon_meta']
[0.295s] Level 1:colcon.colcon_core.package_identification:_identify(src/sick_visionary_t_mini) by extension 'colcon_meta'
[0.295s] Level 1:colcon.colcon_core.package_identification:_identify(src/sick_visionary_t_mini) by extensions ['ros']
[0.295s] Level 1:colcon.colcon_core.package_identification:_identify(src/sick_visionary_t_mini) by extension 'ros'
[0.296s] DEBUG:colcon.colcon_core.package_identification:Package 'src/sick_visionary_t_mini' with type 'ros.ament_cmake' and name 'sick_visionary_t_mini'
[0.296s] Level 1:colcon.colcon_core.package_identification:_identify(src/test_scripts) by extensions ['ignore', 'ignore_ament_install']
[0.296s] Level 1:colcon.colcon_core.package_identification:_identify(src/test_scripts) by extension 'ignore'
[0.296s] Level 1:colcon.colcon_core.package_identification:_identify(src/test_scripts) by extension 'ignore_ament_install'
[0.296s] Level 1:colcon.colcon_core.package_identification:_identify(src/test_scripts) by extensions ['colcon_pkg']
[0.296s] Level 1:colcon.colcon_core.package_identification:_identify(src/test_scripts) by extension 'colcon_pkg'
[0.296s] Level 1:colcon.colcon_core.package_identification:_identify(src/test_scripts) by extensions ['colcon_meta']
[0.296s] Level 1:colcon.colcon_core.package_identification:_identify(src/test_scripts) by extension 'colcon_meta'
[0.296s] Level 1:colcon.colcon_core.package_identification:_identify(src/test_scripts) by extensions ['ros']
[0.296s] Level 1:colcon.colcon_core.package_identification:_identify(src/test_scripts) by extension 'ros'
[0.296s] Level 1:colcon.colcon_core.package_identification:_identify(src/test_scripts) by extensions ['cmake', 'python']
[0.296s] Level 1:colcon.colcon_core.package_identification:_identify(src/test_scripts) by extension 'cmake'
[0.296s] Level 1:colcon.colcon_core.package_identification:_identify(src/test_scripts) by extension 'python'
[0.296s] Level 1:colcon.colcon_core.package_identification:_identify(src/test_scripts) by extensions ['python_setup_py']
[0.296s] Level 1:colcon.colcon_core.package_identification:_identify(src/test_scripts) by extension 'python_setup_py'
[0.296s] Level 1:colcon.colcon_core.package_identification:_identify(src/turtlebot3) by extensions ['ignore', 'ignore_ament_install']
[0.297s] Level 1:colcon.colcon_core.package_identification:_identify(src/turtlebot3) by extension 'ignore'
[0.297s] Level 1:colcon.colcon_core.package_identification:_identify(src/turtlebot3) by extension 'ignore_ament_install'
[0.297s] Level 1:colcon.colcon_core.package_identification:_identify(src/turtlebot3) by extensions ['colcon_pkg']
[0.297s] Level 1:colcon.colcon_core.package_identification:_identify(src/turtlebot3) by extension 'colcon_pkg'
[0.297s] Level 1:colcon.colcon_core.package_identification:_identify(src/turtlebot3) by extensions ['colcon_meta']
[0.297s] Level 1:colcon.colcon_core.package_identification:_identify(src/turtlebot3) by extension 'colcon_meta'
[0.297s] Level 1:colcon.colcon_core.package_identification:_identify(src/turtlebot3) by extensions ['ros']
[0.297s] Level 1:colcon.colcon_core.package_identification:_identify(src/turtlebot3) by extension 'ros'
[0.297s] Level 1:colcon.colcon_core.package_identification:_identify(src/turtlebot3) by extensions ['cmake', 'python']
[0.297s] Level 1:colcon.colcon_core.package_identification:_identify(src/turtlebot3) by extension 'cmake'
[0.297s] Level 1:colcon.colcon_core.package_identification:_identify(src/turtlebot3) by extension 'python'
[0.297s] Level 1:colcon.colcon_core.package_identification:_identify(src/turtlebot3) by extensions ['python_setup_py']
[0.297s] Level 1:colcon.colcon_core.package_identification:_identify(src/turtlebot3) by extension 'python_setup_py'
[0.297s] Level 1:colcon.colcon_core.package_identification:_identify(src/turtlebot3_simulations) by extensions ['ignore', 'ignore_ament_install']
[0.297s] Level 1:colcon.colcon_core.package_identification:_identify(src/turtlebot3_simulations) by extension 'ignore'
[0.297s] Level 1:colcon.colcon_core.package_identification:_identify(src/turtlebot3_simulations) by extension 'ignore_ament_install'
[0.297s] Level 1:colcon.colcon_core.package_identification:_identify(src/turtlebot3_simulations) by extensions ['colcon_pkg']
[0.297s] Level 1:colcon.colcon_core.package_identification:_identify(src/turtlebot3_simulations) by extension 'colcon_pkg'
[0.297s] Level 1:colcon.colcon_core.package_identification:_identify(src/turtlebot3_simulations) by extensions ['colcon_meta']
[0.297s] Level 1:colcon.colcon_core.package_identification:_identify(src/turtlebot3_simulations) by extension 'colcon_meta'
[0.297s] Level 1:colcon.colcon_core.package_identification:_identify(src/turtlebot3_simulations) by extensions ['ros']
[0.297s] Level 1:colcon.colcon_core.package_identification:_identify(src/turtlebot3_simulations) by extension 'ros'
[0.297s] Level 1:colcon.colcon_core.package_identification:_identify(src/turtlebot3_simulations) by extensions ['cmake', 'python']
[0.297s] Level 1:colcon.colcon_core.package_identification:_identify(src/turtlebot3_simulations) by extension 'cmake'
[0.297s] Level 1:colcon.colcon_core.package_identification:_identify(src/turtlebot3_simulations) by extension 'python'
[0.297s] Level 1:colcon.colcon_core.package_identification:_identify(src/turtlebot3_simulations) by extensions ['python_setup_py']
[0.297s] Level 1:colcon.colcon_core.package_identification:_identify(src/turtlebot3_simulations) by extension 'python_setup_py'
[0.297s] Level 1:colcon.colcon_core.package_identification:_identify(worlds ) by extensions ['ignore', 'ignore_ament_install']
[0.297s] Level 1:colcon.colcon_core.package_identification:_identify(worlds ) by extension 'ignore'
[0.297s] Level 1:colcon.colcon_core.package_identification:_identify(worlds ) by extension 'ignore_ament_install'
[0.297s] Level 1:colcon.colcon_core.package_identification:_identify(worlds ) by extensions ['colcon_pkg']
[0.298s] Level 1:colcon.colcon_core.package_identification:_identify(worlds ) by extension 'colcon_pkg'
[0.298s] Level 1:colcon.colcon_core.package_identification:_identify(worlds ) by extensions ['colcon_meta']
[0.298s] Level 1:colcon.colcon_core.package_identification:_identify(worlds ) by extension 'colcon_meta'
[0.298s] Level 1:colcon.colcon_core.package_identification:_identify(worlds ) by extensions ['ros']
[0.298s] Level 1:colcon.colcon_core.package_identification:_identify(worlds ) by extension 'ros'
[0.298s] Level 1:colcon.colcon_core.package_identification:_identify(worlds ) by extensions ['cmake', 'python']
[0.298s] Level 1:colcon.colcon_core.package_identification:_identify(worlds ) by extension 'cmake'
[0.298s] Level 1:colcon.colcon_core.package_identification:_identify(worlds ) by extension 'python'
[0.298s] Level 1:colcon.colcon_core.package_identification:_identify(worlds ) by extensions ['python_setup_py']
[0.298s] Level 1:colcon.colcon_core.package_identification:_identify(worlds ) by extension 'python_setup_py'
[0.298s] Level 1:colcon.colcon_core.package_discovery:discover_packages(recursive) using defaults
[0.298s] Level 1:colcon.colcon_core.package_discovery:discover_packages(ignore) discover
[0.298s] Level 1:colcon.colcon_core.package_discovery:discover_packages(ignore) using defaults
[0.298s] Level 1:colcon.colcon_core.package_discovery:discover_packages(path) discover
[0.298s] Level 1:colcon.colcon_core.package_discovery:discover_packages(path) using defaults
[0.312s] Level 1:colcon.colcon_core.package_discovery:discover_packages(prefix_path) check parameters
[0.312s] Level 1:colcon.colcon_core.package_discovery:discover_packages(prefix_path) discover
[0.315s] DEBUG:colcon.colcon_installed_package_information.package_discovery:Found 17 installed packages in /home/avinaash/doozy_robotics/doozy_ws_2/install
[0.316s] DEBUG:colcon.colcon_installed_package_information.package_discovery:Found 383 installed packages in /opt/ros/galactic
[0.317s] Level 1:colcon.colcon_core.package_discovery:discover_packages(prefix_path) using defaults
[0.402s] Level 5:colcon.colcon_core.verb:set package '2_t_dolly_logistics_driver' build argument 'cmake_args' from command line to 'None'
[0.403s] Level 5:colcon.colcon_core.verb:set package '2_t_dolly_logistics_driver' build argument 'cmake_target' from command line to 'None'
[0.403s] Level 5:colcon.colcon_core.verb:set package '2_t_dolly_logistics_driver' build argument 'cmake_target_skip_unavailable' from command line to 'False'
[0.403s] Level 5:colcon.colcon_core.verb:set package '2_t_dolly_logistics_driver' build argument 'cmake_clean_cache' from command line to 'False'
[0.403s] Level 5:colcon.colcon_core.verb:set package '2_t_dolly_logistics_driver' build argument 'cmake_clean_first' from command line to 'False'
[0.403s] Level 5:colcon.colcon_core.verb:set package '2_t_dolly_logistics_driver' build argument 'cmake_force_configure' from command line to 'False'
[0.403s] Level 5:colcon.colcon_core.verb:set package '2_t_dolly_logistics_driver' build argument 'ament_cmake_args' from command line to 'None'
[0.403s] Level 5:colcon.colcon_core.verb:set package '2_t_dolly_logistics_driver' build argument 'catkin_cmake_args' from command line to 'None'
[0.403s] Level 5:colcon.colcon_core.verb:set package '2_t_dolly_logistics_driver' build argument 'catkin_skip_building_tests' from command line to 'False'
[0.403s] DEBUG:colcon.colcon_core.verb:Building package '2_t_dolly_logistics_driver' with the following arguments: {'ament_cmake_args': None, 'build_base': '/home/avinaash/doozy_robotics/doozy_ws_2/build/2_t_dolly_logistics_driver', 'catkin_cmake_args': None, 'catkin_skip_building_tests': False, 'cmake_args': None, 'cmake_clean_cache': False, 'cmake_clean_first': False, 'cmake_force_configure': False, 'cmake_target': None, 'cmake_target_skip_unavailable': False, 'install_base': '/home/avinaash/doozy_robotics/doozy_ws_2/install/2_t_dolly_logistics_driver', 'merge_install': False, 'path': '/home/avinaash/doozy_robotics/doozy_ws_2/src/2_t_dolly_logistics_driver', 'symlink_install': False, 'test_result_base': None}
[0.403s] Level 5:colcon.colcon_core.verb:set package 'doozy_actions' build argument 'cmake_args' from command line to 'None'
[0.403s] Level 5:colcon.colcon_core.verb:set package 'doozy_actions' build argument 'cmake_target' from command line to 'None'
[0.403s] Level 5:colcon.colcon_core.verb:set package 'doozy_actions' build argument 'cmake_target_skip_unavailable' from command line to 'False'
[0.403s] Level 5:colcon.colcon_core.verb:set package 'doozy_actions' build argument 'cmake_clean_cache' from command line to 'False'
[0.403s] Level 5:colcon.colcon_core.verb:set package 'doozy_actions' build argument 'cmake_clean_first' from command line to 'False'
[0.403s] Level 5:colcon.colcon_core.verb:set package 'doozy_actions' build argument 'cmake_force_configure' from command line to 'False'
[0.403s] Level 5:colcon.colcon_core.verb:set package 'doozy_actions' build argument 'ament_cmake_args' from command line to 'None'
[0.403s] Level 5:colcon.colcon_core.verb:set package 'doozy_actions' build argument 'catkin_cmake_args' from command line to 'None'
[0.403s] Level 5:colcon.colcon_core.verb:set package 'doozy_actions' build argument 'catkin_skip_building_tests' from command line to 'False'
[0.403s] DEBUG:colcon.colcon_core.verb:Building package 'doozy_actions' with the following arguments: {'ament_cmake_args': None, 'build_base': '/home/avinaash/doozy_robotics/doozy_ws_2/build/doozy_actions', 'catkin_cmake_args': None, 'catkin_skip_building_tests': False, 'cmake_args': None, 'cmake_clean_cache': False, 'cmake_clean_first': False, 'cmake_force_configure': False, 'cmake_target': None, 'cmake_target_skip_unavailable': False, 'install_base': '/home/avinaash/doozy_robotics/doozy_ws_2/install/doozy_actions', 'merge_install': False, 'path': '/home/avinaash/doozy_robotics/doozy_ws_2/src/doozy_actions', 'symlink_install': False, 'test_result_base': None}
[0.403s] Level 5:colcon.colcon_core.verb:set package 'pallet_docker_02' build argument 'cmake_args' from command line to 'None'
[0.403s] Level 5:colcon.colcon_core.verb:set package 'pallet_docker_02' build argument 'cmake_target' from command line to 'None'
[0.403s] Level 5:colcon.colcon_core.verb:set package 'pallet_docker_02' build argument 'cmake_target_skip_unavailable' from command line to 'False'
[0.403s] Level 5:colcon.colcon_core.verb:set package 'pallet_docker_02' build argument 'cmake_clean_cache' from command line to 'False'
[0.403s] Level 5:colcon.colcon_core.verb:set package 'pallet_docker_02' build argument 'cmake_clean_first' from command line to 'False'
[0.403s] Level 5:colcon.colcon_core.verb:set package 'pallet_docker_02' build argument 'cmake_force_configure' from command line to 'False'
[0.403s] Level 5:colcon.colcon_core.verb:set package 'pallet_docker_02' build argument 'ament_cmake_args' from command line to 'None'
[0.403s] Level 5:colcon.colcon_core.verb:set package 'pallet_docker_02' build argument 'catkin_cmake_args' from command line to 'None'
[0.403s] Level 5:colcon.colcon_core.verb:set package 'pallet_docker_02' build argument 'catkin_skip_building_tests' from command line to 'False'
[0.403s] DEBUG:colcon.colcon_core.verb:Building package 'pallet_docker_02' with the following arguments: {'ament_cmake_args': None, 'build_base': '/home/avinaash/doozy_robotics/doozy_ws_2/build/pallet_docker_02', 'catkin_cmake_args': None, 'catkin_skip_building_tests': False, 'cmake_args': None, 'cmake_clean_cache': False, 'cmake_clean_first': False, 'cmake_force_configure': False, 'cmake_target': None, 'cmake_target_skip_unavailable': False, 'install_base': '/home/avinaash/doozy_robotics/doozy_ws_2/install/pallet_docker_02', 'merge_install': False, 'path': '/home/avinaash/doozy_robotics/doozy_ws_2/src/pallet_docker_02', 'symlink_install': False, 'test_result_base': None}
[0.404s] Level 5:colcon.colcon_core.verb:set package 'sick_visionary_t_mini' build argument 'cmake_args' from command line to 'None'
[0.404s] Level 5:colcon.colcon_core.verb:set package 'sick_visionary_t_mini' build argument 'cmake_target' from command line to 'None'
[0.404s] Level 5:colcon.colcon_core.verb:set package 'sick_visionary_t_mini' build argument 'cmake_target_skip_unavailable' from command line to 'False'
[0.404s] Level 5:colcon.colcon_core.verb:set package 'sick_visionary_t_mini' build argument 'cmake_clean_cache' from command line to 'False'
[0.404s] Level 5:colcon.colcon_core.verb:set package 'sick_visionary_t_mini' build argument 'cmake_clean_first' from command line to 'False'
[0.404s] Level 5:colcon.colcon_core.verb:set package 'sick_visionary_t_mini' build argument 'cmake_force_configure' from command line to 'False'
[0.404s] Level 5:colcon.colcon_core.verb:set package 'sick_visionary_t_mini' build argument 'ament_cmake_args' from command line to 'None'
[0.404s] Level 5:colcon.colcon_core.verb:set package 'sick_visionary_t_mini' build argument 'catkin_cmake_args' from command line to 'None'
[0.404s] Level 5:colcon.colcon_core.verb:set package 'sick_visionary_t_mini' build argument 'catkin_skip_building_tests' from command line to 'False'
[0.404s] DEBUG:colcon.colcon_core.verb:Building package 'sick_visionary_t_mini' with the following arguments: {'ament_cmake_args': None, 'build_base': '/home/avinaash/doozy_robotics/doozy_ws_2/build/sick_visionary_t_mini', 'catkin_cmake_args': None, 'catkin_skip_building_tests': False, 'cmake_args': None, 'cmake_clean_cache': False, 'cmake_clean_first': False, 'cmake_force_configure': False, 'cmake_target': None, 'cmake_target_skip_unavailable': False, 'install_base': '/home/avinaash/doozy_robotics/doozy_ws_2/install/sick_visionary_t_mini', 'merge_install': False, 'path': '/home/avinaash/doozy_robotics/doozy_ws_2/src/sick_visionary_t_mini', 'symlink_install': False, 'test_result_base': None}
[0.404s] INFO:colcon.colcon_core.executor:Executing jobs using 'parallel' executor
[0.405s] DEBUG:colcon.colcon_parallel_executor.executor.parallel:run_until_complete
[0.405s] INFO:colcon.colcon_ros.task.ament_python.build:Building ROS package in '/home/avinaash/doozy_robotics/doozy_ws_2/src/2_t_dolly_logistics_driver' with build type 'ament_python'
[0.405s] Level 1:colcon.colcon_core.shell:create_environment_hook('2_t_dolly_logistics_driver', 'ament_prefix_path')
[0.408s] INFO:colcon.colcon_core.plugin_system:Skipping extension 'colcon_core.shell.bat': Not used on non-Windows systems
[0.408s] INFO:colcon.colcon_core.shell:Creating environment hook '/home/avinaash/doozy_robotics/doozy_ws_2/install/2_t_dolly_logistics_driver/share/2_t_dolly_logistics_driver/hook/ament_prefix_path.ps1'
[0.409s] INFO:colcon.colcon_core.shell:Creating environment descriptor '/home/avinaash/doozy_robotics/doozy_ws_2/install/2_t_dolly_logistics_driver/share/2_t_dolly_logistics_driver/hook/ament_prefix_path.dsv'
[0.409s] INFO:colcon.colcon_core.shell:Creating environment hook '/home/avinaash/doozy_robotics/doozy_ws_2/install/2_t_dolly_logistics_driver/share/2_t_dolly_logistics_driver/hook/ament_prefix_path.sh'
[0.410s] INFO:colcon.colcon_core.shell:Skip shell extension 'powershell' for command environment: Not usable outside of PowerShell
[0.410s] DEBUG:colcon.colcon_core.shell:Skip shell extension 'dsv' for command environment
[0.415s] INFO:colcon.colcon_ros.task.ament_cmake.build:Building ROS package in '/home/avinaash/doozy_robotics/doozy_ws_2/src/doozy_actions' with build type 'ament_cmake'
[0.416s] INFO:colcon.colcon_cmake.task.cmake.build:Building CMake package in '/home/avinaash/doozy_robotics/doozy_ws_2/src/doozy_actions'
[0.416s] INFO:colcon.colcon_core.shell:Skip shell extension 'powershell' for command environment: Not usable outside of PowerShell
[0.416s] DEBUG:colcon.colcon_core.shell:Skip shell extension 'dsv' for command environment
[0.420s] INFO:colcon.colcon_ros.task.ament_python.build:Building ROS package in '/home/avinaash/doozy_robotics/doozy_ws_2/src/pallet_docker_02' with build type 'ament_python'
[0.421s] Level 1:colcon.colcon_core.shell:create_environment_hook('pallet_docker_02', 'ament_prefix_path')
[0.421s] INFO:colcon.colcon_core.shell:Creating environment hook '/home/avinaash/doozy_robotics/doozy_ws_2/install/pallet_docker_02/share/pallet_docker_02/hook/ament_prefix_path.ps1'
[0.422s] INFO:colcon.colcon_core.shell:Creating environment descriptor '/home/avinaash/doozy_robotics/doozy_ws_2/install/pallet_docker_02/share/pallet_docker_02/hook/ament_prefix_path.dsv'
[0.422s] INFO:colcon.colcon_core.shell:Creating environment hook '/home/avinaash/doozy_robotics/doozy_ws_2/install/pallet_docker_02/share/pallet_docker_02/hook/ament_prefix_path.sh'
[0.423s] INFO:colcon.colcon_core.shell:Skip shell extension 'powershell' for command environment: Not usable outside of PowerShell
[0.423s] DEBUG:colcon.colcon_core.shell:Skip shell extension 'dsv' for command environment
[0.427s] INFO:colcon.colcon_ros.task.ament_cmake.build:Building ROS package in '/home/avinaash/doozy_robotics/doozy_ws_2/src/sick_visionary_t_mini' with build type 'ament_cmake'
[0.427s] INFO:colcon.colcon_cmake.task.cmake.build:Building CMake package in '/home/avinaash/doozy_robotics/doozy_ws_2/src/sick_visionary_t_mini'
[0.427s] INFO:colcon.colcon_core.shell:Skip shell extension 'powershell' for command environment: Not usable outside of PowerShell
[0.427s] DEBUG:colcon.colcon_core.shell:Skip shell extension 'dsv' for command environment
[0.604s] INFO:colcon.colcon_core.task.python.build:Building Python package in '/home/avinaash/doozy_robotics/doozy_ws_2/src/2_t_dolly_logistics_driver'
[0.604s] INFO:colcon.colcon_core.shell:Skip shell extension 'powershell' for command environment: Not usable outside of PowerShell
[0.605s] DEBUG:colcon.colcon_core.shell:Skip shell extension 'dsv' for command environment
[0.621s] DEBUG:colcon.colcon_core.event_handler.log_command:Invoking command in '/home/avinaash/doozy_robotics/doozy_ws_2/build/doozy_actions': CMAKE_PREFIX_PATH=${CMAKE_PREFIX_PATH}:/home/avinaash/doozy_robotics/doozy_ws_2/install/turtlebot3_teleop:/home/avinaash/doozy_robotics/doozy_ws_2/install/turtlebot3_example:/home/avinaash/doozy_robotics/doozy_ws_2/install/pallet_docker_02:/home/avinaash/doozy_robotics/doozy_ws_2/install/2_t_dolly_logistics_driver:/opt/ros/galactic /usr/bin/cmake --build /home/avinaash/doozy_robotics/doozy_ws_2/build/doozy_actions -- -j16 -l16
[0.793s] INFO:colcon.colcon_core.task.python.build:Building Python package in '/home/avinaash/doozy_robotics/doozy_ws_2/src/pallet_docker_02'
[0.794s] INFO:colcon.colcon_core.shell:Skip shell extension 'powershell' for command environment: Not usable outside of PowerShell
[0.794s] DEBUG:colcon.colcon_core.shell:Skip shell extension 'dsv' for command environment
[0.811s] DEBUG:colcon.colcon_core.event_handler.log_command:Invoking command in '/home/avinaash/doozy_robotics/doozy_ws_2/build/sick_visionary_t_mini': CMAKE_PREFIX_PATH=${CMAKE_PREFIX_PATH}:/home/avinaash/doozy_robotics/doozy_ws_2/install/turtlebot3_teleop:/home/avinaash/doozy_robotics/doozy_ws_2/install/turtlebot3_example:/home/avinaash/doozy_robotics/doozy_ws_2/install/pallet_docker_02:/home/avinaash/doozy_robotics/doozy_ws_2/install/2_t_dolly_logistics_driver:/opt/ros/galactic /usr/bin/cmake --build /home/avinaash/doozy_robotics/doozy_ws_2/build/sick_visionary_t_mini -- -j16 -l16
[0.864s] DEBUG:colcon.colcon_core.event_handler.log_command:Invoked command in '/home/avinaash/doozy_robotics/doozy_ws_2/build/doozy_actions' returned '0': CMAKE_PREFIX_PATH=${CMAKE_PREFIX_PATH}:/home/avinaash/doozy_robotics/doozy_ws_2/install/turtlebot3_teleop:/home/avinaash/doozy_robotics/doozy_ws_2/install/turtlebot3_example:/home/avinaash/doozy_robotics/doozy_ws_2/install/pallet_docker_02:/home/avinaash/doozy_robotics/doozy_ws_2/install/2_t_dolly_logistics_driver:/opt/ros/galactic /usr/bin/cmake --build /home/avinaash/doozy_robotics/doozy_ws_2/build/doozy_actions -- -j16 -l16
[0.938s] DEBUG:colcon.colcon_core.event_handler.log_command:Invoking command in '/home/avinaash/doozy_robotics/doozy_ws_2/build/doozy_actions': CMAKE_PREFIX_PATH=${CMAKE_PREFIX_PATH}:/home/avinaash/doozy_robotics/doozy_ws_2/install/turtlebot3_teleop:/home/avinaash/doozy_robotics/doozy_ws_2/install/turtlebot3_example:/home/avinaash/doozy_robotics/doozy_ws_2/install/pallet_docker_02:/home/avinaash/doozy_robotics/doozy_ws_2/install/2_t_dolly_logistics_driver:/opt/ros/galactic /usr/bin/cmake --install /home/avinaash/doozy_robotics/doozy_ws_2/build/doozy_actions
[0.989s] Level 1:colcon.colcon_core.environment:create_environment_scripts_only(doozy_actions)
[0.990s] DEBUG:colcon.colcon_core.event_handler.log_command:Invoked command in '/home/avinaash/doozy_robotics/doozy_ws_2/build/doozy_actions' returned '0': CMAKE_PREFIX_PATH=${CMAKE_PREFIX_PATH}:/home/avinaash/doozy_robotics/doozy_ws_2/install/turtlebot3_teleop:/home/avinaash/doozy_robotics/doozy_ws_2/install/turtlebot3_example:/home/avinaash/doozy_robotics/doozy_ws_2/install/pallet_docker_02:/home/avinaash/doozy_robotics/doozy_ws_2/install/2_t_dolly_logistics_driver:/opt/ros/galactic /usr/bin/cmake --install /home/avinaash/doozy_robotics/doozy_ws_2/build/doozy_actions
[0.995s] Level 1:colcon.colcon_core.environment:checking '/home/avinaash/doozy_robotics/doozy_ws_2/install/doozy_actions' for CMake module files
[0.995s] Level 1:colcon.colcon_core.environment:checking '/home/avinaash/doozy_robotics/doozy_ws_2/install/doozy_actions' for CMake config files
[0.995s] Level 1:colcon.colcon_core.shell:create_environment_hook('doozy_actions', 'cmake_prefix_path')
[0.996s] INFO:colcon.colcon_core.shell:Creating environment hook '/home/avinaash/doozy_robotics/doozy_ws_2/install/doozy_actions/share/doozy_actions/hook/cmake_prefix_path.ps1'
[0.996s] INFO:colcon.colcon_core.shell:Creating environment descriptor '/home/avinaash/doozy_robotics/doozy_ws_2/install/doozy_actions/share/doozy_actions/hook/cmake_prefix_path.dsv'
[0.996s] INFO:colcon.colcon_core.shell:Creating environment hook '/home/avinaash/doozy_robotics/doozy_ws_2/install/doozy_actions/share/doozy_actions/hook/cmake_prefix_path.sh'
[0.997s] Level 1:colcon.colcon_core.environment:checking '/home/avinaash/doozy_robotics/doozy_ws_2/install/doozy_actions/lib'
[0.997s] Level 1:colcon.colcon_core.shell:create_environment_hook('doozy_actions', 'ld_library_path_lib')
[0.997s] INFO:colcon.colcon_core.shell:Creating environment hook '/home/avinaash/doozy_robotics/doozy_ws_2/install/doozy_actions/share/doozy_actions/hook/ld_library_path_lib.ps1'
[0.998s] INFO:colcon.colcon_core.shell:Creating environment descriptor '/home/avinaash/doozy_robotics/doozy_ws_2/install/doozy_actions/share/doozy_actions/hook/ld_library_path_lib.dsv'
[0.998s] INFO:colcon.colcon_core.shell:Creating environment hook '/home/avinaash/doozy_robotics/doozy_ws_2/install/doozy_actions/share/doozy_actions/hook/ld_library_path_lib.sh'
[0.998s] Level 1:colcon.colcon_core.environment:checking '/home/avinaash/doozy_robotics/doozy_ws_2/install/doozy_actions/bin'
[0.998s] Level 1:colcon.colcon_core.environment:checking '/home/avinaash/doozy_robotics/doozy_ws_2/install/doozy_actions/lib/pkgconfig/doozy_actions.pc'
[0.998s] Level 1:colcon.colcon_core.environment:checking '/home/avinaash/doozy_robotics/doozy_ws_2/install/doozy_actions/lib/python3.8/site-packages'
[0.998s] Level 1:colcon.colcon_core.shell:create_environment_hook('doozy_actions', 'pythonpath')
[0.998s] INFO:colcon.colcon_core.shell:Creating environment hook '/home/avinaash/doozy_robotics/doozy_ws_2/install/doozy_actions/share/doozy_actions/hook/pythonpath.ps1'
[0.999s] INFO:colcon.colcon_core.shell:Creating environment descriptor '/home/avinaash/doozy_robotics/doozy_ws_2/install/doozy_actions/share/doozy_actions/hook/pythonpath.dsv'
[0.999s] INFO:colcon.colcon_core.shell:Creating environment hook '/home/avinaash/doozy_robotics/doozy_ws_2/install/doozy_actions/share/doozy_actions/hook/pythonpath.sh'
[1.000s] Level 1:colcon.colcon_core.environment:checking '/home/avinaash/doozy_robotics/doozy_ws_2/install/doozy_actions/bin'
[1.000s] INFO:colcon.colcon_core.shell:Creating package script '/home/avinaash/doozy_robotics/doozy_ws_2/install/doozy_actions/share/doozy_actions/package.ps1'
[1.001s] INFO:colcon.colcon_core.shell:Creating package descriptor '/home/avinaash/doozy_robotics/doozy_ws_2/install/doozy_actions/share/doozy_actions/package.dsv'
[1.002s] INFO:colcon.colcon_core.shell:Creating package script '/home/avinaash/doozy_robotics/doozy_ws_2/install/doozy_actions/share/doozy_actions/package.sh'
[1.003s] INFO:colcon.colcon_core.shell:Creating package script '/home/avinaash/doozy_robotics/doozy_ws_2/install/doozy_actions/share/doozy_actions/package.bash'
[1.003s] INFO:colcon.colcon_core.shell:Creating package script '/home/avinaash/doozy_robotics/doozy_ws_2/install/doozy_actions/share/doozy_actions/package.zsh'
[1.004s] Level 1:colcon.colcon_core.environment:create_file_with_runtime_dependencies(/home/avinaash/doozy_robotics/doozy_ws_2/install/doozy_actions/share/colcon-core/packages/doozy_actions)
[1.039s] DEBUG:colcon.colcon_core.event_handler.log_command:Invoked command in '/home/avinaash/doozy_robotics/doozy_ws_2/build/sick_visionary_t_mini' returned '0': CMAKE_PREFIX_PATH=${CMAKE_PREFIX_PATH}:/home/avinaash/doozy_robotics/doozy_ws_2/install/turtlebot3_teleop:/home/avinaash/doozy_robotics/doozy_ws_2/install/turtlebot3_example:/home/avinaash/doozy_robotics/doozy_ws_2/install/pallet_docker_02:/home/avinaash/doozy_robotics/doozy_ws_2/install/2_t_dolly_logistics_driver:/opt/ros/galactic /usr/bin/cmake --build /home/avinaash/doozy_robotics/doozy_ws_2/build/sick_visionary_t_mini -- -j16 -l16
[1.073s] Level 1:colcon.colcon_core.environment:create_environment_scripts_only(doozy_actions)
[1.074s] Level 1:colcon.colcon_core.environment:checking '/home/avinaash/doozy_robotics/doozy_ws_2/install/doozy_actions' for CMake module files
[1.074s] Level 1:colcon.colcon_core.environment:checking '/home/avinaash/doozy_robotics/doozy_ws_2/install/doozy_actions' for CMake config files
[1.074s] Level 1:colcon.colcon_core.shell:create_environment_hook('doozy_actions', 'cmake_prefix_path')
[1.074s] INFO:colcon.colcon_core.shell:Creating environment hook '/home/avinaash/doozy_robotics/doozy_ws_2/install/doozy_actions/share/doozy_actions/hook/cmake_prefix_path.ps1'
[1.075s] INFO:colcon.colcon_core.shell:Creating environment descriptor '/home/avinaash/doozy_robotics/doozy_ws_2/install/doozy_actions/share/doozy_actions/hook/cmake_prefix_path.dsv'
[1.075s] INFO:colcon.colcon_core.shell:Creating environment hook '/home/avinaash/doozy_robotics/doozy_ws_2/install/doozy_actions/share/doozy_actions/hook/cmake_prefix_path.sh'
[1.076s] Level 1:colcon.colcon_core.environment:checking '/home/avinaash/doozy_robotics/doozy_ws_2/install/doozy_actions/lib'
[1.076s] Level 1:colcon.colcon_core.shell:create_environment_hook('doozy_actions', 'ld_library_path_lib')
[1.076s] INFO:colcon.colcon_core.shell:Creating environment hook '/home/avinaash/doozy_robotics/doozy_ws_2/install/doozy_actions/share/doozy_actions/hook/ld_library_path_lib.ps1'
[1.076s] INFO:colcon.colcon_core.shell:Creating environment descriptor '/home/avinaash/doozy_robotics/doozy_ws_2/install/doozy_actions/share/doozy_actions/hook/ld_library_path_lib.dsv'
[1.076s] INFO:colcon.colcon_core.shell:Creating environment hook '/home/avinaash/doozy_robotics/doozy_ws_2/install/doozy_actions/share/doozy_actions/hook/ld_library_path_lib.sh'
[1.076s] Level 1:colcon.colcon_core.environment:checking '/home/avinaash/doozy_robotics/doozy_ws_2/install/doozy_actions/bin'
[1.077s] Level 1:colcon.colcon_core.environment:checking '/home/avinaash/doozy_robotics/doozy_ws_2/install/doozy_actions/lib/pkgconfig/doozy_actions.pc'
[1.077s] Level 1:colcon.colcon_core.environment:checking '/home/avinaash/doozy_robotics/doozy_ws_2/install/doozy_actions/lib/python3.8/site-packages'
[1.077s] Level 1:colcon.colcon_core.shell:create_environment_hook('doozy_actions', 'pythonpath')
[1.077s] INFO:colcon.colcon_core.shell:Creating environment hook '/home/avinaash/doozy_robotics/doozy_ws_2/install/doozy_actions/share/doozy_actions/hook/pythonpath.ps1'
[1.077s] INFO:colcon.colcon_core.shell:Creating environment descriptor '/home/avinaash/doozy_robotics/doozy_ws_2/install/doozy_actions/share/doozy_actions/hook/pythonpath.dsv'
[1.077s] INFO:colcon.colcon_core.shell:Creating environment hook '/home/avinaash/doozy_robotics/doozy_ws_2/install/doozy_actions/share/doozy_actions/hook/pythonpath.sh'
[1.078s] Level 1:colcon.colcon_core.environment:checking '/home/avinaash/doozy_robotics/doozy_ws_2/install/doozy_actions/bin'
[1.078s] INFO:colcon.colcon_core.shell:Creating package script '/home/avinaash/doozy_robotics/doozy_ws_2/install/doozy_actions/share/doozy_actions/package.ps1'
[1.078s] INFO:colcon.colcon_core.shell:Creating package descriptor '/home/avinaash/doozy_robotics/doozy_ws_2/install/doozy_actions/share/doozy_actions/package.dsv'
[1.079s] INFO:colcon.colcon_core.shell:Creating package script '/home/avinaash/doozy_robotics/doozy_ws_2/install/doozy_actions/share/doozy_actions/package.sh'
[1.079s] INFO:colcon.colcon_core.shell:Creating package script '/home/avinaash/doozy_robotics/doozy_ws_2/install/doozy_actions/share/doozy_actions/package.bash'
[1.079s] INFO:colcon.colcon_core.shell:Creating package script '/home/avinaash/doozy_robotics/doozy_ws_2/install/doozy_actions/share/doozy_actions/package.zsh'
[1.080s] Level 1:colcon.colcon_core.environment:create_file_with_runtime_dependencies(/home/avinaash/doozy_robotics/doozy_ws_2/install/doozy_actions/share/colcon-core/packages/doozy_actions)
[1.083s] DEBUG:colcon.colcon_core.event_handler.log_command:Invoking command in '/home/avinaash/doozy_robotics/doozy_ws_2/build/sick_visionary_t_mini': CMAKE_PREFIX_PATH=${CMAKE_PREFIX_PATH}:/home/avinaash/doozy_robotics/doozy_ws_2/install/turtlebot3_teleop:/home/avinaash/doozy_robotics/doozy_ws_2/install/turtlebot3_example:/home/avinaash/doozy_robotics/doozy_ws_2/install/pallet_docker_02:/home/avinaash/doozy_robotics/doozy_ws_2/install/2_t_dolly_logistics_driver:/opt/ros/galactic /usr/bin/cmake --install /home/avinaash/doozy_robotics/doozy_ws_2/build/sick_visionary_t_mini
[1.153s] Level 1:colcon.colcon_core.environment:create_environment_scripts_only(sick_visionary_t_mini)
[1.153s] Level 1:colcon.colcon_core.environment:checking '/home/avinaash/doozy_robotics/doozy_ws_2/install/sick_visionary_t_mini' for CMake module files
[1.154s] DEBUG:colcon.colcon_core.event_handler.log_command:Invoked command in '/home/avinaash/doozy_robotics/doozy_ws_2/build/sick_visionary_t_mini' returned '0': CMAKE_PREFIX_PATH=${CMAKE_PREFIX_PATH}:/home/avinaash/doozy_robotics/doozy_ws_2/install/turtlebot3_teleop:/home/avinaash/doozy_robotics/doozy_ws_2/install/turtlebot3_example:/home/avinaash/doozy_robotics/doozy_ws_2/install/pallet_docker_02:/home/avinaash/doozy_robotics/doozy_ws_2/install/2_t_dolly_logistics_driver:/opt/ros/galactic /usr/bin/cmake --install /home/avinaash/doozy_robotics/doozy_ws_2/build/sick_visionary_t_mini
[1.154s] Level 1:colcon.colcon_core.environment:checking '/home/avinaash/doozy_robotics/doozy_ws_2/install/sick_visionary_t_mini' for CMake config files
[1.155s] Level 1:colcon.colcon_core.shell:create_environment_hook('sick_visionary_t_mini', 'cmake_prefix_path')
[1.155s] INFO:colcon.colcon_core.shell:Creating environment hook '/home/avinaash/doozy_robotics/doozy_ws_2/install/sick_visionary_t_mini/share/sick_visionary_t_mini/hook/cmake_prefix_path.ps1'
[1.157s] INFO:colcon.colcon_core.shell:Creating environment descriptor '/home/avinaash/doozy_robotics/doozy_ws_2/install/sick_visionary_t_mini/share/sick_visionary_t_mini/hook/cmake_prefix_path.dsv'
[1.157s] INFO:colcon.colcon_core.shell:Creating environment hook '/home/avinaash/doozy_robotics/doozy_ws_2/install/sick_visionary_t_mini/share/sick_visionary_t_mini/hook/cmake_prefix_path.sh'
[1.158s] Level 1:colcon.colcon_core.environment:checking '/home/avinaash/doozy_robotics/doozy_ws_2/install/sick_visionary_t_mini/lib'
[1.158s] Level 1:colcon.colcon_core.shell:create_environment_hook('sick_visionary_t_mini', 'ld_library_path_lib')
[1.158s] INFO:colcon.colcon_core.shell:Creating environment hook '/home/avinaash/doozy_robotics/doozy_ws_2/install/sick_visionary_t_mini/share/sick_visionary_t_mini/hook/ld_library_path_lib.ps1'
[1.159s] INFO:colcon.colcon_core.shell:Creating environment descriptor '/home/avinaash/doozy_robotics/doozy_ws_2/install/sick_visionary_t_mini/share/sick_visionary_t_mini/hook/ld_library_path_lib.dsv'
[1.159s] INFO:colcon.colcon_core.shell:Creating environment hook '/home/avinaash/doozy_robotics/doozy_ws_2/install/sick_visionary_t_mini/share/sick_visionary_t_mini/hook/ld_library_path_lib.sh'
[1.159s] Level 1:colcon.colcon_core.environment:checking '/home/avinaash/doozy_robotics/doozy_ws_2/install/sick_visionary_t_mini/bin'
[1.159s] Level 1:colcon.colcon_core.environment:checking '/home/avinaash/doozy_robotics/doozy_ws_2/install/sick_visionary_t_mini/lib/pkgconfig/sick_visionary_t_mini.pc'
[1.159s] Level 1:colcon.colcon_core.environment:checking '/home/avinaash/doozy_robotics/doozy_ws_2/install/sick_visionary_t_mini/lib/python3.8/site-packages'
[1.159s] Level 1:colcon.colcon_core.shell:create_environment_hook('sick_visionary_t_mini', 'pythonpath')
[1.160s] INFO:colcon.colcon_core.shell:Creating environment hook '/home/avinaash/doozy_robotics/doozy_ws_2/install/sick_visionary_t_mini/share/sick_visionary_t_mini/hook/pythonpath.ps1'
[1.160s] INFO:colcon.colcon_core.shell:Creating environment descriptor '/home/avinaash/doozy_robotics/doozy_ws_2/install/sick_visionary_t_mini/share/sick_visionary_t_mini/hook/pythonpath.dsv'
[1.160s] INFO:colcon.colcon_core.shell:Creating environment hook '/home/avinaash/doozy_robotics/doozy_ws_2/install/sick_visionary_t_mini/share/sick_visionary_t_mini/hook/pythonpath.sh'
[1.160s] Level 1:colcon.colcon_core.environment:checking '/home/avinaash/doozy_robotics/doozy_ws_2/install/sick_visionary_t_mini/bin'
[1.161s] INFO:colcon.colcon_core.shell:Creating package script '/home/avinaash/doozy_robotics/doozy_ws_2/install/sick_visionary_t_mini/share/sick_visionary_t_mini/package.ps1'
[1.161s] INFO:colcon.colcon_core.shell:Creating package descriptor '/home/avinaash/doozy_robotics/doozy_ws_2/install/sick_visionary_t_mini/share/sick_visionary_t_mini/package.dsv'
[1.161s] INFO:colcon.colcon_core.shell:Creating package script '/home/avinaash/doozy_robotics/doozy_ws_2/install/sick_visionary_t_mini/share/sick_visionary_t_mini/package.sh'
[1.162s] INFO:colcon.colcon_core.shell:Creating package script '/home/avinaash/doozy_robotics/doozy_ws_2/install/sick_visionary_t_mini/share/sick_visionary_t_mini/package.bash'
[1.162s] INFO:colcon.colcon_core.shell:Creating package script '/home/avinaash/doozy_robotics/doozy_ws_2/install/sick_visionary_t_mini/share/sick_visionary_t_mini/package.zsh'
[1.162s] Level 1:colcon.colcon_core.environment:create_file_with_runtime_dependencies(/home/avinaash/doozy_robotics/doozy_ws_2/install/sick_visionary_t_mini/share/colcon-core/packages/sick_visionary_t_mini)
[1.211s] Level 1:colcon.colcon_core.environment:create_environment_scripts_only(sick_visionary_t_mini)
[1.212s] Level 1:colcon.colcon_core.environment:checking '/home/avinaash/doozy_robotics/doozy_ws_2/install/sick_visionary_t_mini' for CMake module files
[1.212s] Level 1:colcon.colcon_core.environment:checking '/home/avinaash/doozy_robotics/doozy_ws_2/install/sick_visionary_t_mini' for CMake config files
[1.213s] Level 1:colcon.colcon_core.shell:create_environment_hook('sick_visionary_t_mini', 'cmake_prefix_path')
[1.213s] INFO:colcon.colcon_core.shell:Creating environment hook '/home/avinaash/doozy_robotics/doozy_ws_2/install/sick_visionary_t_mini/share/sick_visionary_t_mini/hook/cmake_prefix_path.ps1'
[1.214s] INFO:colcon.colcon_core.shell:Creating environment descriptor '/home/avinaash/doozy_robotics/doozy_ws_2/install/sick_visionary_t_mini/share/sick_visionary_t_mini/hook/cmake_prefix_path.dsv'
[1.214s] INFO:colcon.colcon_core.shell:Creating environment hook '/home/avinaash/doozy_robotics/doozy_ws_2/install/sick_visionary_t_mini/share/sick_visionary_t_mini/hook/cmake_prefix_path.sh'
[1.215s] Level 1:colcon.colcon_core.environment:checking '/home/avinaash/doozy_robotics/doozy_ws_2/install/sick_visionary_t_mini/lib'
[1.215s] Level 1:colcon.colcon_core.shell:create_environment_hook('sick_visionary_t_mini', 'ld_library_path_lib')
[1.216s] INFO:colcon.colcon_core.shell:Creating environment hook '/home/avinaash/doozy_robotics/doozy_ws_2/install/sick_visionary_t_mini/share/sick_visionary_t_mini/hook/ld_library_path_lib.ps1'
[1.216s] INFO:colcon.colcon_core.shell:Creating environment descriptor '/home/avinaash/doozy_robotics/doozy_ws_2/install/sick_visionary_t_mini/share/sick_visionary_t_mini/hook/ld_library_path_lib.dsv'
[1.216s] INFO:colcon.colcon_core.shell:Creating environment hook '/home/avinaash/doozy_robotics/doozy_ws_2/install/sick_visionary_t_mini/share/sick_visionary_t_mini/hook/ld_library_path_lib.sh'
[1.217s] Level 1:colcon.colcon_core.environment:checking '/home/avinaash/doozy_robotics/doozy_ws_2/install/sick_visionary_t_mini/bin'
[1.217s] Level 1:colcon.colcon_core.environment:checking '/home/avinaash/doozy_robotics/doozy_ws_2/install/sick_visionary_t_mini/lib/pkgconfig/sick_visionary_t_mini.pc'
[1.218s] Level 1:colcon.colcon_core.environment:checking '/home/avinaash/doozy_robotics/doozy_ws_2/install/sick_visionary_t_mini/lib/python3.8/site-packages'
[1.218s] Level 1:colcon.colcon_core.shell:create_environment_hook('sick_visionary_t_mini', 'pythonpath')
[1.218s] INFO:colcon.colcon_core.shell:Creating environment hook '/home/avinaash/doozy_robotics/doozy_ws_2/install/sick_visionary_t_mini/share/sick_visionary_t_mini/hook/pythonpath.ps1'
[1.218s] INFO:colcon.colcon_core.shell:Creating environment descriptor '/home/avinaash/doozy_robotics/doozy_ws_2/install/sick_visionary_t_mini/share/sick_visionary_t_mini/hook/pythonpath.dsv'
[1.219s] INFO:colcon.colcon_core.shell:Creating environment hook '/home/avinaash/doozy_robotics/doozy_ws_2/install/sick_visionary_t_mini/share/sick_visionary_t_mini/hook/pythonpath.sh'
[1.219s] Level 1:colcon.colcon_core.environment:checking '/home/avinaash/doozy_robotics/doozy_ws_2/install/sick_visionary_t_mini/bin'
[1.220s] INFO:colcon.colcon_core.shell:Creating package script '/home/avinaash/doozy_robotics/doozy_ws_2/install/sick_visionary_t_mini/share/sick_visionary_t_mini/package.ps1'
[1.221s] INFO:colcon.colcon_core.shell:Creating package descriptor '/home/avinaash/doozy_robotics/doozy_ws_2/install/sick_visionary_t_mini/share/sick_visionary_t_mini/package.dsv'
[1.221s] INFO:colcon.colcon_core.shell:Creating package script '/home/avinaash/doozy_robotics/doozy_ws_2/install/sick_visionary_t_mini/share/sick_visionary_t_mini/package.sh'
[1.222s] INFO:colcon.colcon_core.shell:Creating package script '/home/avinaash/doozy_robotics/doozy_ws_2/install/sick_visionary_t_mini/share/sick_visionary_t_mini/package.bash'
[1.222s] INFO:colcon.colcon_core.shell:Creating package script '/home/avinaash/doozy_robotics/doozy_ws_2/install/sick_visionary_t_mini/share/sick_visionary_t_mini/package.zsh'
[1.222s] Level 1:colcon.colcon_core.environment:create_file_with_runtime_dependencies(/home/avinaash/doozy_robotics/doozy_ws_2/install/sick_visionary_t_mini/share/colcon-core/packages/sick_visionary_t_mini)
[1.369s] DEBUG:colcon.colcon_core.event_handler.log_command:Invoking command in '/home/avinaash/doozy_robotics/doozy_ws_2/src/2_t_dolly_logistics_driver': PYTHONPATH=/home/avinaash/doozy_robotics/doozy_ws_2/build/2_t_dolly_logistics_driver/prefix_override:/home/avinaash/doozy_robotics/doozy_ws_2/install/2_t_dolly_logistics_driver/lib/python3.8/site-packages:${PYTHONPATH} /usr/bin/python3 -W ignore:setup.py install is deprecated setup.py egg_info --egg-base ../../build/2_t_dolly_logistics_driver build --build-base /home/avinaash/doozy_robotics/doozy_ws_2/build/2_t_dolly_logistics_driver/build install --record /home/avinaash/doozy_robotics/doozy_ws_2/build/2_t_dolly_logistics_driver/install.log --single-version-externally-managed install_data
[1.370s] DEBUG:colcon.colcon_core.event_handler.log_command:Invoking command in '/home/avinaash/doozy_robotics/doozy_ws_2/src/pallet_docker_02': PYTHONPATH=/home/avinaash/doozy_robotics/doozy_ws_2/build/pallet_docker_02/prefix_override:/home/avinaash/doozy_robotics/doozy_ws_2/install/pallet_docker_02/lib/python3.8/site-packages:${PYTHONPATH} /usr/bin/python3 -W ignore:setup.py install is deprecated setup.py egg_info --egg-base ../../build/pallet_docker_02 build --build-base /home/avinaash/doozy_robotics/doozy_ws_2/build/pallet_docker_02/build install --record /home/avinaash/doozy_robotics/doozy_ws_2/build/pallet_docker_02/install.log --single-version-externally-managed install_data
[1.596s] Level 1:colcon.colcon_core.environment:checking '/home/avinaash/doozy_robotics/doozy_ws_2/install/pallet_docker_02' for CMake module files
[1.597s] DEBUG:colcon.colcon_core.event_handler.log_command:Invoked command in '/home/avinaash/doozy_robotics/doozy_ws_2/src/pallet_docker_02' returned '0': PYTHONPATH=/home/avinaash/doozy_robotics/doozy_ws_2/build/pallet_docker_02/prefix_override:/home/avinaash/doozy_robotics/doozy_ws_2/install/pallet_docker_02/lib/python3.8/site-packages:${PYTHONPATH} /usr/bin/python3 -W ignore:setup.py install is deprecated setup.py egg_info --egg-base ../../build/pallet_docker_02 build --build-base /home/avinaash/doozy_robotics/doozy_ws_2/build/pallet_docker_02/build install --record /home/avinaash/doozy_robotics/doozy_ws_2/build/pallet_docker_02/install.log --single-version-externally-managed install_data
[1.597s] Level 1:colcon.colcon_core.environment:checking '/home/avinaash/doozy_robotics/doozy_ws_2/install/pallet_docker_02' for CMake config files
[1.598s] Level 1:colcon.colcon_core.environment:checking '/home/avinaash/doozy_robotics/doozy_ws_2/install/pallet_docker_02/lib'
[1.598s] Level 1:colcon.colcon_core.environment:checking '/home/avinaash/doozy_robotics/doozy_ws_2/install/pallet_docker_02/bin'
[1.598s] Level 1:colcon.colcon_core.environment:checking '/home/avinaash/doozy_robotics/doozy_ws_2/install/pallet_docker_02/lib/pkgconfig/pallet_docker_02.pc'
[1.598s] Level 1:colcon.colcon_core.environment:checking '/home/avinaash/doozy_robotics/doozy_ws_2/install/pallet_docker_02/lib/python3.8/site-packages'
[1.598s] Level 1:colcon.colcon_core.shell:create_environment_hook('pallet_docker_02', 'pythonpath')
[1.598s] INFO:colcon.colcon_core.shell:Creating environment hook '/home/avinaash/doozy_robotics/doozy_ws_2/install/pallet_docker_02/share/pallet_docker_02/hook/pythonpath.ps1'
[1.599s] INFO:colcon.colcon_core.shell:Creating environment descriptor '/home/avinaash/doozy_robotics/doozy_ws_2/install/pallet_docker_02/share/pallet_docker_02/hook/pythonpath.dsv'
[1.599s] INFO:colcon.colcon_core.shell:Creating environment hook '/home/avinaash/doozy_robotics/doozy_ws_2/install/pallet_docker_02/share/pallet_docker_02/hook/pythonpath.sh'
[1.599s] Level 1:colcon.colcon_core.environment:checking '/home/avinaash/doozy_robotics/doozy_ws_2/install/pallet_docker_02/bin'
[1.599s] Level 1:colcon.colcon_core.environment:create_environment_scripts_only(pallet_docker_02)
[1.600s] INFO:colcon.colcon_core.shell:Creating package script '/home/avinaash/doozy_robotics/doozy_ws_2/install/pallet_docker_02/share/pallet_docker_02/package.ps1'
[1.600s] INFO:colcon.colcon_core.shell:Creating package descriptor '/home/avinaash/doozy_robotics/doozy_ws_2/install/pallet_docker_02/share/pallet_docker_02/package.dsv'
[1.600s] INFO:colcon.colcon_core.shell:Creating package script '/home/avinaash/doozy_robotics/doozy_ws_2/install/pallet_docker_02/share/pallet_docker_02/package.sh'
[1.601s] INFO:colcon.colcon_core.shell:Creating package script '/home/avinaash/doozy_robotics/doozy_ws_2/install/pallet_docker_02/share/pallet_docker_02/package.bash'
[1.601s] INFO:colcon.colcon_core.shell:Creating package script '/home/avinaash/doozy_robotics/doozy_ws_2/install/pallet_docker_02/share/pallet_docker_02/package.zsh'
[1.601s] Level 1:colcon.colcon_core.environment:create_file_with_runtime_dependencies(/home/avinaash/doozy_robotics/doozy_ws_2/install/pallet_docker_02/share/colcon-core/packages/pallet_docker_02)
[1.602s] Level 1:colcon.colcon_core.environment:checking '/home/avinaash/doozy_robotics/doozy_ws_2/install/2_t_dolly_logistics_driver' for CMake module files
[1.602s] DEBUG:colcon.colcon_core.event_handler.log_command:Invoked command in '/home/avinaash/doozy_robotics/doozy_ws_2/src/2_t_dolly_logistics_driver' returned '0': PYTHONPATH=/home/avinaash/doozy_robotics/doozy_ws_2/build/2_t_dolly_logistics_driver/prefix_override:/home/avinaash/doozy_robotics/doozy_ws_2/install/2_t_dolly_logistics_driver/lib/python3.8/site-packages:${PYTHONPATH} /usr/bin/python3 -W ignore:setup.py install is deprecated setup.py egg_info --egg-base ../../build/2_t_dolly_logistics_driver build --build-base /home/avinaash/doozy_robotics/doozy_ws_2/build/2_t_dolly_logistics_driver/build install --record /home/avinaash/doozy_robotics/doozy_ws_2/build/2_t_dolly_logistics_driver/install.log --single-version-externally-managed install_data
[1.603s] Level 1:colcon.colcon_core.environment:checking '/home/avinaash/doozy_robotics/doozy_ws_2/install/2_t_dolly_logistics_driver' for CMake config files
[1.603s] Level 1:colcon.colcon_core.environment:checking '/home/avinaash/doozy_robotics/doozy_ws_2/install/2_t_dolly_logistics_driver/lib'
[1.603s] Level 1:colcon.colcon_core.environment:checking '/home/avinaash/doozy_robotics/doozy_ws_2/install/2_t_dolly_logistics_driver/bin'
[1.603s] Level 1:colcon.colcon_core.environment:checking '/home/avinaash/doozy_robotics/doozy_ws_2/install/2_t_dolly_logistics_driver/lib/pkgconfig/2_t_dolly_logistics_driver.pc'
[1.603s] Level 1:colcon.colcon_core.environment:checking '/home/avinaash/doozy_robotics/doozy_ws_2/install/2_t_dolly_logistics_driver/lib/python3.8/site-packages'
[1.603s] Level 1:colcon.colcon_core.shell:create_environment_hook('2_t_dolly_logistics_driver', 'pythonpath')
[1.603s] INFO:colcon.colcon_core.shell:Creating environment hook '/home/avinaash/doozy_robotics/doozy_ws_2/install/2_t_dolly_logistics_driver/share/2_t_dolly_logistics_driver/hook/pythonpath.ps1'
[1.604s] INFO:colcon.colcon_core.shell:Creating environment descriptor '/home/avinaash/doozy_robotics/doozy_ws_2/install/2_t_dolly_logistics_driver/share/2_t_dolly_logistics_driver/hook/pythonpath.dsv'
[1.604s] INFO:colcon.colcon_core.shell:Creating environment hook '/home/avinaash/doozy_robotics/doozy_ws_2/install/2_t_dolly_logistics_driver/share/2_t_dolly_logistics_driver/hook/pythonpath.sh'
[1.604s] Level 1:colcon.colcon_core.environment:checking '/home/avinaash/doozy_robotics/doozy_ws_2/install/2_t_dolly_logistics_driver/bin'
[1.604s] Level 1:colcon.colcon_core.environment:create_environment_scripts_only(2_t_dolly_logistics_driver)
[1.604s] INFO:colcon.colcon_core.shell:Creating package script '/home/avinaash/doozy_robotics/doozy_ws_2/install/2_t_dolly_logistics_driver/share/2_t_dolly_logistics_driver/package.ps1'
[1.605s] INFO:colcon.colcon_core.shell:Creating package descriptor '/home/avinaash/doozy_robotics/doozy_ws_2/install/2_t_dolly_logistics_driver/share/2_t_dolly_logistics_driver/package.dsv'
[1.605s] INFO:colcon.colcon_core.shell:Creating package script '/home/avinaash/doozy_robotics/doozy_ws_2/install/2_t_dolly_logistics_driver/share/2_t_dolly_logistics_driver/package.sh'
[1.605s] INFO:colcon.colcon_core.shell:Creating package script '/home/avinaash/doozy_robotics/doozy_ws_2/install/2_t_dolly_logistics_driver/share/2_t_dolly_logistics_driver/package.bash'
[1.605s] INFO:colcon.colcon_core.shell:Creating package script '/home/avinaash/doozy_robotics/doozy_ws_2/install/2_t_dolly_logistics_driver/share/2_t_dolly_logistics_driver/package.zsh'
[1.606s] Level 1:colcon.colcon_core.environment:create_file_with_runtime_dependencies(/home/avinaash/doozy_robotics/doozy_ws_2/install/2_t_dolly_logistics_driver/share/colcon-core/packages/2_t_dolly_logistics_driver)
[1.606s] DEBUG:colcon.colcon_parallel_executor.executor.parallel:closing loop
[1.606s] DEBUG:colcon.colcon_parallel_executor.executor.parallel:loop closed
[1.606s] DEBUG:colcon.colcon_parallel_executor.executor.parallel:run_until_complete finished with '0'
[1.606s] DEBUG:colcon.colcon_core.event_reactor:joining thread
[1.612s] INFO:colcon.colcon_core.plugin_system:Skipping extension 'colcon_notification.desktop_notification.terminal_notifier': Not used on non-Darwin systems
[1.612s] INFO:colcon.colcon_core.plugin_system:Skipping extension 'colcon_notification.desktop_notification.win32': Not used on non-Windows systems
[1.612s] INFO:colcon.colcon_notification.desktop_notification:Sending desktop notification using 'notify2'
[1.631s] DEBUG:colcon.colcon_core.event_reactor:joined thread
[1.631s] INFO:colcon.colcon_core.shell:Creating prefix script '/home/avinaash/doozy_robotics/doozy_ws_2/install/local_setup.ps1'
[1.633s] INFO:colcon.colcon_core.shell:Creating prefix util module '/home/avinaash/doozy_robotics/doozy_ws_2/install/_local_setup_util_ps1.py'
[1.634s] INFO:colcon.colcon_core.shell:Creating prefix chain script '/home/avinaash/doozy_robotics/doozy_ws_2/install/setup.ps1'
[1.636s] INFO:colcon.colcon_core.shell:Creating prefix script '/home/avinaash/doozy_robotics/doozy_ws_2/install/local_setup.sh'
[1.637s] INFO:colcon.colcon_core.shell:Creating prefix util module '/home/avinaash/doozy_robotics/doozy_ws_2/install/_local_setup_util_sh.py'
[1.638s] INFO:colcon.colcon_core.shell:Creating prefix chain script '/home/avinaash/doozy_robotics/doozy_ws_2/install/setup.sh'
[1.640s] INFO:colcon.colcon_core.shell:Creating prefix script '/home/avinaash/doozy_robotics/doozy_ws_2/install/local_setup.bash'
[1.641s] INFO:colcon.colcon_core.shell:Creating prefix chain script '/home/avinaash/doozy_robotics/doozy_ws_2/install/setup.bash'
[1.642s] INFO:colcon.colcon_core.shell:Creating prefix script '/home/avinaash/doozy_robotics/doozy_ws_2/install/local_setup.zsh'
[1.643s] INFO:colcon.colcon_core.shell:Creating prefix chain script '/home/avinaash/doozy_robotics/doozy_ws_2/install/setup.zsh'
