[0.096s] Invoking command in '/home/avinaash/doozy_robotics/doozy_ws_2/build/apriltag': CMAKE_PREFIX_PATH=${CMAKE_PREFIX_PATH}:/home/avinaash/doozy_robotics/doozy_ws_2/install/turtlebot3_teleop:/home/avinaash/doozy_robotics/doozy_ws_2/install/turtlebot3_example:/home/avinaash/doozy_robotics/doozy_ws_2/install/turtlebot3_automatic_parking:/home/avinaash/doozy_robotics/doozy_ws_2/install/pallet_docker_02:/home/avinaash/doozy_robotics/doozy_ws_2/install/opencv_tests:/home/avinaash/doozy_robotics/doozy_ws_2/install/camera_calibration:/opt/ros/galactic /usr/bin/cmake --build /home/avinaash/doozy_robotics/doozy_ws_2/build/apriltag -- -j12 -l12
[0.720s] [ 80%] Built target apriltag
[0.720s] [ 90%] Built target apriltag_python
[0.720s] [ 95%] Built target apriltag_demo
[0.721s] [100%] Built target opencv_demo
[0.733s] Invoked command in '/home/avinaash/doozy_robotics/doozy_ws_2/build/apriltag' returned '0': CMAKE_PREFIX_PATH=${CMAKE_PREFIX_PATH}:/home/avinaash/doozy_robotics/doozy_ws_2/install/turtlebot3_teleop:/home/avinaash/doozy_robotics/doozy_ws_2/install/turtlebot3_example:/home/avinaash/doozy_robotics/doozy_ws_2/install/turtlebot3_automatic_parking:/home/avinaash/doozy_robotics/doozy_ws_2/install/pallet_docker_02:/home/avinaash/doozy_robotics/doozy_ws_2/install/opencv_tests:/home/avinaash/doozy_robotics/doozy_ws_2/install/camera_calibration:/opt/ros/galactic /usr/bin/cmake --build /home/avinaash/doozy_robotics/doozy_ws_2/build/apriltag -- -j12 -l12
[0.969s] Invoking command in '/home/avinaash/doozy_robotics/doozy_ws_2/build/apriltag': CMAKE_PREFIX_PATH=${CMAKE_PREFIX_PATH}:/home/avinaash/doozy_robotics/doozy_ws_2/install/turtlebot3_teleop:/home/avinaash/doozy_robotics/doozy_ws_2/install/turtlebot3_example:/home/avinaash/doozy_robotics/doozy_ws_2/install/turtlebot3_automatic_parking:/home/avinaash/doozy_robotics/doozy_ws_2/install/pallet_docker_02:/home/avinaash/doozy_robotics/doozy_ws_2/install/opencv_tests:/home/avinaash/doozy_robotics/doozy_ws_2/install/camera_calibration:/opt/ros/galactic /usr/bin/cmake --install /home/avinaash/doozy_robotics/doozy_ws_2/build/apriltag
[0.994s] -- Install configuration: "Release"
[0.995s] -- Up-to-date: /home/avinaash/doozy_robotics/doozy_ws_2/install/apriltag/include/apriltag/apriltag.h
[0.995s] -- Up-to-date: /home/avinaash/doozy_robotics/doozy_ws_2/install/apriltag/include/apriltag/apriltag_math.h
[0.995s] -- Up-to-date: /home/avinaash/doozy_robotics/doozy_ws_2/install/apriltag/include/apriltag/apriltag_pose.h
[0.995s] -- Up-to-date: /home/avinaash/doozy_robotics/doozy_ws_2/install/apriltag/include/apriltag/common/doubles.h
[0.995s] -- Up-to-date: /home/avinaash/doozy_robotics/doozy_ws_2/install/apriltag/include/apriltag/common/doubles_floats_impl.h
[0.995s] -- Up-to-date: /home/avinaash/doozy_robotics/doozy_ws_2/install/apriltag/include/apriltag/common/floats.h
[0.996s] -- Up-to-date: /home/avinaash/doozy_robotics/doozy_ws_2/install/apriltag/include/apriltag/common/g2d.h
[0.996s] -- Up-to-date: /home/avinaash/doozy_robotics/doozy_ws_2/install/apriltag/include/apriltag/common/getopt.h
[0.996s] -- Up-to-date: /home/avinaash/doozy_robotics/doozy_ws_2/install/apriltag/include/apriltag/common/homography.h
[0.996s] -- Up-to-date: /home/avinaash/doozy_robotics/doozy_ws_2/install/apriltag/include/apriltag/common/image_types.h
[0.996s] -- Up-to-date: /home/avinaash/doozy_robotics/doozy_ws_2/install/apriltag/include/apriltag/common/image_u8.h
[0.996s] -- Up-to-date: /home/avinaash/doozy_robotics/doozy_ws_2/install/apriltag/include/apriltag/common/image_u8x3.h
[0.996s] -- Up-to-date: /home/avinaash/doozy_robotics/doozy_ws_2/install/apriltag/include/apriltag/common/image_u8x4.h
[0.997s] -- Up-to-date: /home/avinaash/doozy_robotics/doozy_ws_2/install/apriltag/include/apriltag/common/matd.h
[0.997s] -- Up-to-date: /home/avinaash/doozy_robotics/doozy_ws_2/install/apriltag/include/apriltag/common/math_util.h
[0.998s] -- Up-to-date: /home/avinaash/doozy_robotics/doozy_ws_2/install/apriltag/include/apriltag/common/pam.h
[0.998s] -- Up-to-date: /home/avinaash/doozy_robotics/doozy_ws_2/install/apriltag/include/apriltag/common/pjpeg.h
[0.998s] -- Up-to-date: /home/avinaash/doozy_robotics/doozy_ws_2/install/apriltag/include/apriltag/common/pnm.h
[0.998s] -- Up-to-date: /home/avinaash/doozy_robotics/doozy_ws_2/install/apriltag/include/apriltag/common/postscript_utils.h
[0.998s] -- Up-to-date: /home/avinaash/doozy_robotics/doozy_ws_2/install/apriltag/include/apriltag/common/string_util.h
[0.999s] -- Up-to-date: /home/avinaash/doozy_robotics/doozy_ws_2/install/apriltag/include/apriltag/common/svd22.h
[0.999s] -- Up-to-date: /home/avinaash/doozy_robotics/doozy_ws_2/install/apriltag/include/apriltag/common/time_util.h
[0.999s] -- Up-to-date: /home/avinaash/doozy_robotics/doozy_ws_2/install/apriltag/include/apriltag/common/timeprofile.h
[0.999s] -- Up-to-date: /home/avinaash/doozy_robotics/doozy_ws_2/install/apriltag/include/apriltag/common/unionfind.h
[1.000s] -- Up-to-date: /home/avinaash/doozy_robotics/doozy_ws_2/install/apriltag/include/apriltag/common/workerpool.h
[1.000s] -- Up-to-date: /home/avinaash/doozy_robotics/doozy_ws_2/install/apriltag/include/apriltag/common/zarray.h
[1.001s] -- Up-to-date: /home/avinaash/doozy_robotics/doozy_ws_2/install/apriltag/include/apriltag/common/zhash.h
[1.002s] -- Up-to-date: /home/avinaash/doozy_robotics/doozy_ws_2/install/apriltag/include/apriltag/common/zmaxheap.h
[1.002s] -- Up-to-date: /home/avinaash/doozy_robotics/doozy_ws_2/install/apriltag/include/apriltag/tag16h5.h
[1.002s] -- Up-to-date: /home/avinaash/doozy_robotics/doozy_ws_2/install/apriltag/include/apriltag/tag25h9.h
[1.003s] -- Up-to-date: /home/avinaash/doozy_robotics/doozy_ws_2/install/apriltag/include/apriltag/tag36h10.h
[1.003s] -- Up-to-date: /home/avinaash/doozy_robotics/doozy_ws_2/install/apriltag/include/apriltag/tag36h11.h
[1.003s] -- Up-to-date: /home/avinaash/doozy_robotics/doozy_ws_2/install/apriltag/include/apriltag/tagCircle21h7.h
[1.004s] -- Up-to-date: /home/avinaash/doozy_robotics/doozy_ws_2/install/apriltag/include/apriltag/tagCircle49h12.h
[1.004s] -- Up-to-date: /home/avinaash/doozy_robotics/doozy_ws_2/install/apriltag/include/apriltag/tagCustom48h12.h
[1.004s] -- Up-to-date: /home/avinaash/doozy_robotics/doozy_ws_2/install/apriltag/include/apriltag/tagStandard41h12.h
[1.005s] -- Up-to-date: /home/avinaash/doozy_robotics/doozy_ws_2/install/apriltag/include/apriltag/tagStandard52h13.h
[1.005s] -- Up-to-date: /home/avinaash/doozy_robotics/doozy_ws_2/install/apriltag/lib/libapriltag.so.3.2.0
[1.005s] -- Up-to-date: /home/avinaash/doozy_robotics/doozy_ws_2/install/apriltag/lib/libapriltag.so.3
[1.005s] -- Up-to-date: /home/avinaash/doozy_robotics/doozy_ws_2/install/apriltag/lib/libapriltag.so
[1.006s] -- Up-to-date: /home/avinaash/doozy_robotics/doozy_ws_2/install/apriltag/share/apriltag/cmake/apriltagTargets.cmake
[1.006s] -- Up-to-date: /home/avinaash/doozy_robotics/doozy_ws_2/install/apriltag/share/apriltag/cmake/apriltagTargets-release.cmake
[1.007s] -- Up-to-date: /home/avinaash/doozy_robotics/doozy_ws_2/install/apriltag/share/apriltag/cmake/apriltagConfig.cmake
[1.007s] -- Up-to-date: /home/avinaash/doozy_robotics/doozy_ws_2/install/apriltag/share/apriltag/cmake/apriltagConfigVersion.cmake
[1.007s] -- Up-to-date: /home/avinaash/doozy_robotics/doozy_ws_2/install/apriltag/lib/pkgconfig/apriltag.pc
[1.008s] -- Up-to-date: /home/avinaash/.local/lib/python3.8/site-packages/apriltag.cpython-38-x86_64-linux-gnu.so
[1.008s] -- Up-to-date: /home/avinaash/doozy_robotics/doozy_ws_2/install/apriltag/bin/opencv_demo
[1.008s] -- Up-to-date: /home/avinaash/doozy_robotics/doozy_ws_2/install/apriltag/bin/apriltag_demo
[1.094s] Invoked command in '/home/avinaash/doozy_robotics/doozy_ws_2/build/apriltag' returned '0': CMAKE_PREFIX_PATH=${CMAKE_PREFIX_PATH}:/home/avinaash/doozy_robotics/doozy_ws_2/install/turtlebot3_teleop:/home/avinaash/doozy_robotics/doozy_ws_2/install/turtlebot3_example:/home/avinaash/doozy_robotics/doozy_ws_2/install/turtlebot3_automatic_parking:/home/avinaash/doozy_robotics/doozy_ws_2/install/pallet_docker_02:/home/avinaash/doozy_robotics/doozy_ws_2/install/opencv_tests:/home/avinaash/doozy_robotics/doozy_ws_2/install/camera_calibration:/opt/ros/galactic /usr/bin/cmake --install /home/avinaash/doozy_robotics/doozy_ws_2/build/apriltag
