[0.145s] Invoking command in '/home/avinaash/doozy_robotics/doozy_ws_2/build/apriltag_msgs': CMAKE_PREFIX_PATH=/home/avinaash/doozy_robotics/doozy_ws_2/install/turtlebot3_teleop:/home/avinaash/doozy_robotics/doozy_ws_2/install/turtlebot3_example:/home/avinaash/doozy_robotics/doozy_ws_2/install/turtlebot3_automatic_parking:/home/avinaash/doozy_robotics/doozy_ws_2/install/pallet_robot:/home/avinaash/doozy_robotics/doozy_ws_2/install/pallet_docker_02:/home/avinaash/doozy_robotics/doozy_ws_2/install/opencv_tests:/home/avinaash/doozy_robotics/doozy_ws_2/install/camera_calibration:/opt/ros/galactic:${CMAKE_PREFIX_PATH} /usr/bin/cmake --build /home/avinaash/doozy_robotics/doozy_ws_2/build/apriltag_msgs -- -j12 -l12
[1.104s] [  2%] Built target apriltag_msgs__cpp
[1.107s] [ 12%] Built target apriltag_msgs__rosidl_generator_c
[1.108s] [ 23%] Built target apriltag_msgs__rosidl_typesupport_cpp
[1.108s] [ 34%] Built target apriltag_msgs__rosidl_typesupport_introspection_c
[1.110s] [ 44%] Built target apriltag_msgs__rosidl_typesupport_fastrtps_cpp
[1.112s] [ 55%] Built target apriltag_msgs__rosidl_typesupport_c
[1.114s] [ 65%] Built target apriltag_msgs__rosidl_typesupport_introspection_cpp
[1.115s] [ 76%] Built target apriltag_msgs__rosidl_typesupport_fastrtps_c
[1.116s] [ 76%] Built target apriltag_msgs
[1.116s] [ 78%] Built target apriltag_msgs__py
[1.116s] [ 87%] Built target apriltag_msgs__python
[1.117s] [ 95%] Built target apriltag_msgs__rosidl_typesupport_introspection_c__pyext
[1.117s] [ 95%] Built target apriltag_msgs__rosidl_typesupport_c__pyext
[1.117s] [100%] Built target apriltag_msgs__rosidl_typesupport_fastrtps_c__pyext
[1.126s] Invoked command in '/home/avinaash/doozy_robotics/doozy_ws_2/build/apriltag_msgs' returned '0': CMAKE_PREFIX_PATH=/home/avinaash/doozy_robotics/doozy_ws_2/install/turtlebot3_teleop:/home/avinaash/doozy_robotics/doozy_ws_2/install/turtlebot3_example:/home/avinaash/doozy_robotics/doozy_ws_2/install/turtlebot3_automatic_parking:/home/avinaash/doozy_robotics/doozy_ws_2/install/pallet_robot:/home/avinaash/doozy_robotics/doozy_ws_2/install/pallet_docker_02:/home/avinaash/doozy_robotics/doozy_ws_2/install/opencv_tests:/home/avinaash/doozy_robotics/doozy_ws_2/install/camera_calibration:/opt/ros/galactic:${CMAKE_PREFIX_PATH} /usr/bin/cmake --build /home/avinaash/doozy_robotics/doozy_ws_2/build/apriltag_msgs -- -j12 -l12
[1.445s] Invoking command in '/home/avinaash/doozy_robotics/doozy_ws_2/build/apriltag_msgs': CMAKE_PREFIX_PATH=/home/avinaash/doozy_robotics/doozy_ws_2/install/turtlebot3_teleop:/home/avinaash/doozy_robotics/doozy_ws_2/install/turtlebot3_example:/home/avinaash/doozy_robotics/doozy_ws_2/install/turtlebot3_automatic_parking:/home/avinaash/doozy_robotics/doozy_ws_2/install/pallet_robot:/home/avinaash/doozy_robotics/doozy_ws_2/install/pallet_docker_02:/home/avinaash/doozy_robotics/doozy_ws_2/install/opencv_tests:/home/avinaash/doozy_robotics/doozy_ws_2/install/camera_calibration:/opt/ros/galactic:${CMAKE_PREFIX_PATH} /usr/bin/cmake --install /home/avinaash/doozy_robotics/doozy_ws_2/build/apriltag_msgs
[1.488s] -- Install configuration: ""
[1.488s] -- Up-to-date: /home/avinaash/doozy_robotics/doozy_ws_2/install/apriltag_msgs/share/ament_index/resource_index/rosidl_interfaces/apriltag_msgs
[1.489s] -- Up-to-date: /home/avinaash/doozy_robotics/doozy_ws_2/install/apriltag_msgs/include/apriltag_msgs
[1.489s] -- Up-to-date: /home/avinaash/doozy_robotics/doozy_ws_2/install/apriltag_msgs/include/apriltag_msgs/msg
[1.489s] -- Up-to-date: /home/avinaash/doozy_robotics/doozy_ws_2/install/apriltag_msgs/include/apriltag_msgs/msg/point.h
[1.489s] -- Up-to-date: /home/avinaash/doozy_robotics/doozy_ws_2/install/apriltag_msgs/include/apriltag_msgs/msg/april_tag_detection.h
[1.489s] -- Up-to-date: /home/avinaash/doozy_robotics/doozy_ws_2/install/apriltag_msgs/include/apriltag_msgs/msg/rosidl_generator_c__visibility_control.h
[1.490s] -- Up-to-date: /home/avinaash/doozy_robotics/doozy_ws_2/install/apriltag_msgs/include/apriltag_msgs/msg/detail
[1.490s] -- Up-to-date: /home/avinaash/doozy_robotics/doozy_ws_2/install/apriltag_msgs/include/apriltag_msgs/msg/detail/april_tag_detection_array__type_support.h
[1.490s] -- Up-to-date: /home/avinaash/doozy_robotics/doozy_ws_2/install/apriltag_msgs/include/apriltag_msgs/msg/detail/april_tag_detection_array__struct.h
[1.490s] -- Up-to-date: /home/avinaash/doozy_robotics/doozy_ws_2/install/apriltag_msgs/include/apriltag_msgs/msg/detail/april_tag_detection_array__functions.h
[1.491s] -- Up-to-date: /home/avinaash/doozy_robotics/doozy_ws_2/install/apriltag_msgs/include/apriltag_msgs/msg/detail/april_tag_detection__type_support.h
[1.491s] -- Up-to-date: /home/avinaash/doozy_robotics/doozy_ws_2/install/apriltag_msgs/include/apriltag_msgs/msg/detail/point__functions.c
[1.491s] -- Up-to-date: /home/avinaash/doozy_robotics/doozy_ws_2/install/apriltag_msgs/include/apriltag_msgs/msg/detail/point__type_support.h
[1.491s] -- Up-to-date: /home/avinaash/doozy_robotics/doozy_ws_2/install/apriltag_msgs/include/apriltag_msgs/msg/detail/april_tag_detection__functions.h
[1.491s] -- Up-to-date: /home/avinaash/doozy_robotics/doozy_ws_2/install/apriltag_msgs/include/apriltag_msgs/msg/detail/april_tag_detection_array__functions.c
[1.492s] -- Up-to-date: /home/avinaash/doozy_robotics/doozy_ws_2/install/apriltag_msgs/include/apriltag_msgs/msg/detail/point__struct.h
[1.492s] -- Up-to-date: /home/avinaash/doozy_robotics/doozy_ws_2/install/apriltag_msgs/include/apriltag_msgs/msg/detail/april_tag_detection__struct.h
[1.492s] -- Up-to-date: /home/avinaash/doozy_robotics/doozy_ws_2/install/apriltag_msgs/include/apriltag_msgs/msg/detail/point__functions.h
[1.492s] -- Up-to-date: /home/avinaash/doozy_robotics/doozy_ws_2/install/apriltag_msgs/include/apriltag_msgs/msg/detail/april_tag_detection__functions.c
[1.493s] -- Up-to-date: /home/avinaash/doozy_robotics/doozy_ws_2/install/apriltag_msgs/include/apriltag_msgs/msg/april_tag_detection_array.h
[1.493s] -- Up-to-date: /home/avinaash/doozy_robotics/doozy_ws_2/install/apriltag_msgs/share/apriltag_msgs/environment/library_path.sh
[1.493s] -- Up-to-date: /home/avinaash/doozy_robotics/doozy_ws_2/install/apriltag_msgs/share/apriltag_msgs/environment/library_path.dsv
[1.493s] -- Up-to-date: /home/avinaash/doozy_robotics/doozy_ws_2/install/apriltag_msgs/lib/libapriltag_msgs__rosidl_generator_c.so
[1.493s] -- Up-to-date: /home/avinaash/doozy_robotics/doozy_ws_2/install/apriltag_msgs/include/apriltag_msgs
[1.494s] -- Up-to-date: /home/avinaash/doozy_robotics/doozy_ws_2/install/apriltag_msgs/include/apriltag_msgs/msg
[1.494s] -- Up-to-date: /home/avinaash/doozy_robotics/doozy_ws_2/install/apriltag_msgs/include/apriltag_msgs/msg/detail
[1.494s] -- Up-to-date: /home/avinaash/doozy_robotics/doozy_ws_2/install/apriltag_msgs/include/apriltag_msgs/msg/detail/april_tag_detection__rosidl_typesupport_fastrtps_c.h
[1.494s] -- Up-to-date: /home/avinaash/doozy_robotics/doozy_ws_2/install/apriltag_msgs/include/apriltag_msgs/msg/detail/april_tag_detection_array__rosidl_typesupport_fastrtps_c.h
[1.495s] -- Up-to-date: /home/avinaash/doozy_robotics/doozy_ws_2/install/apriltag_msgs/include/apriltag_msgs/msg/detail/point__rosidl_typesupport_fastrtps_c.h
[1.495s] -- Up-to-date: /home/avinaash/doozy_robotics/doozy_ws_2/install/apriltag_msgs/include/apriltag_msgs/msg/rosidl_typesupport_fastrtps_c__visibility_control.h
[1.510s] -- Up-to-date: /home/avinaash/doozy_robotics/doozy_ws_2/install/apriltag_msgs/lib/libapriltag_msgs__rosidl_typesupport_fastrtps_c.so
[1.511s] -- Up-to-date: /home/avinaash/doozy_robotics/doozy_ws_2/install/apriltag_msgs/include/apriltag_msgs
[1.511s] -- Up-to-date: /home/avinaash/doozy_robotics/doozy_ws_2/install/apriltag_msgs/include/apriltag_msgs/msg
[1.511s] -- Up-to-date: /home/avinaash/doozy_robotics/doozy_ws_2/install/apriltag_msgs/include/apriltag_msgs/msg/rosidl_typesupport_fastrtps_cpp__visibility_control.h
[1.511s] -- Up-to-date: /home/avinaash/doozy_robotics/doozy_ws_2/install/apriltag_msgs/include/apriltag_msgs/msg/detail
[1.511s] -- Up-to-date: /home/avinaash/doozy_robotics/doozy_ws_2/install/apriltag_msgs/include/apriltag_msgs/msg/detail/point__rosidl_typesupport_fastrtps_cpp.hpp
[1.512s] -- Up-to-date: /home/avinaash/doozy_robotics/doozy_ws_2/install/apriltag_msgs/include/apriltag_msgs/msg/detail/april_tag_detection__rosidl_typesupport_fastrtps_cpp.hpp
[1.512s] -- Up-to-date: /home/avinaash/doozy_robotics/doozy_ws_2/install/apriltag_msgs/include/apriltag_msgs/msg/detail/dds_fastrtps
[1.512s] -- Up-to-date: /home/avinaash/doozy_robotics/doozy_ws_2/install/apriltag_msgs/include/apriltag_msgs/msg/detail/april_tag_detection_array__rosidl_typesupport_fastrtps_cpp.hpp
[1.512s] -- Up-to-date: /home/avinaash/doozy_robotics/doozy_ws_2/install/apriltag_msgs/lib/libapriltag_msgs__rosidl_typesupport_fastrtps_cpp.so
[1.513s] -- Up-to-date: /home/avinaash/doozy_robotics/doozy_ws_2/install/apriltag_msgs/include/apriltag_msgs
[1.513s] -- Up-to-date: /home/avinaash/doozy_robotics/doozy_ws_2/install/apriltag_msgs/include/apriltag_msgs/msg
[1.513s] -- Up-to-date: /home/avinaash/doozy_robotics/doozy_ws_2/install/apriltag_msgs/include/apriltag_msgs/msg/rosidl_typesupport_introspection_c__visibility_control.h
[1.513s] -- Up-to-date: /home/avinaash/doozy_robotics/doozy_ws_2/install/apriltag_msgs/include/apriltag_msgs/msg/detail
[1.513s] -- Up-to-date: /home/avinaash/doozy_robotics/doozy_ws_2/install/apriltag_msgs/include/apriltag_msgs/msg/detail/april_tag_detection__type_support.c
[1.514s] -- Up-to-date: /home/avinaash/doozy_robotics/doozy_ws_2/install/apriltag_msgs/include/apriltag_msgs/msg/detail/point__type_support.c
[1.514s] -- Up-to-date: /home/avinaash/doozy_robotics/doozy_ws_2/install/apriltag_msgs/include/apriltag_msgs/msg/detail/april_tag_detection__rosidl_typesupport_introspection_c.h
[1.514s] -- Up-to-date: /home/avinaash/doozy_robotics/doozy_ws_2/install/apriltag_msgs/include/apriltag_msgs/msg/detail/point__rosidl_typesupport_introspection_c.h
[1.514s] -- Up-to-date: /home/avinaash/doozy_robotics/doozy_ws_2/install/apriltag_msgs/include/apriltag_msgs/msg/detail/april_tag_detection_array__type_support.c
[1.514s] -- Up-to-date: /home/avinaash/doozy_robotics/doozy_ws_2/install/apriltag_msgs/include/apriltag_msgs/msg/detail/april_tag_detection_array__rosidl_typesupport_introspection_c.h
[1.515s] -- Up-to-date: /home/avinaash/doozy_robotics/doozy_ws_2/install/apriltag_msgs/lib/libapriltag_msgs__rosidl_typesupport_introspection_c.so
[1.515s] -- Up-to-date: /home/avinaash/doozy_robotics/doozy_ws_2/install/apriltag_msgs/lib/libapriltag_msgs__rosidl_typesupport_c.so
[1.515s] -- Up-to-date: /home/avinaash/doozy_robotics/doozy_ws_2/install/apriltag_msgs/include/apriltag_msgs
[1.515s] -- Up-to-date: /home/avinaash/doozy_robotics/doozy_ws_2/install/apriltag_msgs/include/apriltag_msgs/msg
[1.515s] -- Up-to-date: /home/avinaash/doozy_robotics/doozy_ws_2/install/apriltag_msgs/include/apriltag_msgs/msg/point.hpp
[1.516s] -- Up-to-date: /home/avinaash/doozy_robotics/doozy_ws_2/install/apriltag_msgs/include/apriltag_msgs/msg/detail
[1.516s] -- Up-to-date: /home/avinaash/doozy_robotics/doozy_ws_2/install/apriltag_msgs/include/apriltag_msgs/msg/detail/point__struct.hpp
[1.516s] -- Up-to-date: /home/avinaash/doozy_robotics/doozy_ws_2/install/apriltag_msgs/include/apriltag_msgs/msg/detail/april_tag_detection_array__struct.hpp
[1.516s] -- Up-to-date: /home/avinaash/doozy_robotics/doozy_ws_2/install/apriltag_msgs/include/apriltag_msgs/msg/detail/april_tag_detection__traits.hpp
[1.516s] -- Up-to-date: /home/avinaash/doozy_robotics/doozy_ws_2/install/apriltag_msgs/include/apriltag_msgs/msg/detail/april_tag_detection__builder.hpp
[1.517s] -- Up-to-date: /home/avinaash/doozy_robotics/doozy_ws_2/install/apriltag_msgs/include/apriltag_msgs/msg/detail/april_tag_detection_array__builder.hpp
[1.517s] -- Up-to-date: /home/avinaash/doozy_robotics/doozy_ws_2/install/apriltag_msgs/include/apriltag_msgs/msg/detail/april_tag_detection__struct.hpp
[1.517s] -- Up-to-date: /home/avinaash/doozy_robotics/doozy_ws_2/install/apriltag_msgs/include/apriltag_msgs/msg/detail/point__builder.hpp
[1.517s] -- Up-to-date: /home/avinaash/doozy_robotics/doozy_ws_2/install/apriltag_msgs/include/apriltag_msgs/msg/detail/point__traits.hpp
[1.518s] -- Up-to-date: /home/avinaash/doozy_robotics/doozy_ws_2/install/apriltag_msgs/include/apriltag_msgs/msg/detail/april_tag_detection_array__traits.hpp
[1.518s] -- Up-to-date: /home/avinaash/doozy_robotics/doozy_ws_2/install/apriltag_msgs/include/apriltag_msgs/msg/april_tag_detection_array.hpp
[1.518s] -- Up-to-date: /home/avinaash/doozy_robotics/doozy_ws_2/install/apriltag_msgs/include/apriltag_msgs/msg/april_tag_detection.hpp
[1.518s] -- Up-to-date: /home/avinaash/doozy_robotics/doozy_ws_2/install/apriltag_msgs/include/apriltag_msgs
[1.518s] -- Up-to-date: /home/avinaash/doozy_robotics/doozy_ws_2/install/apriltag_msgs/include/apriltag_msgs/msg
[1.519s] -- Up-to-date: /home/avinaash/doozy_robotics/doozy_ws_2/install/apriltag_msgs/include/apriltag_msgs/msg/detail
[1.519s] -- Up-to-date: /home/avinaash/doozy_robotics/doozy_ws_2/install/apriltag_msgs/include/apriltag_msgs/msg/detail/point__type_support.cpp
[1.519s] -- Up-to-date: /home/avinaash/doozy_robotics/doozy_ws_2/install/apriltag_msgs/include/apriltag_msgs/msg/detail/point__rosidl_typesupport_introspection_cpp.hpp
[1.519s] -- Up-to-date: /home/avinaash/doozy_robotics/doozy_ws_2/install/apriltag_msgs/include/apriltag_msgs/msg/detail/april_tag_detection__type_support.cpp
[1.519s] -- Up-to-date: /home/avinaash/doozy_robotics/doozy_ws_2/install/apriltag_msgs/include/apriltag_msgs/msg/detail/april_tag_detection_array__type_support.cpp
[1.520s] -- Up-to-date: /home/avinaash/doozy_robotics/doozy_ws_2/install/apriltag_msgs/include/apriltag_msgs/msg/detail/april_tag_detection_array__rosidl_typesupport_introspection_cpp.hpp
[1.520s] -- Up-to-date: /home/avinaash/doozy_robotics/doozy_ws_2/install/apriltag_msgs/include/apriltag_msgs/msg/detail/april_tag_detection__rosidl_typesupport_introspection_cpp.hpp
[1.520s] -- Up-to-date: /home/avinaash/doozy_robotics/doozy_ws_2/install/apriltag_msgs/lib/libapriltag_msgs__rosidl_typesupport_introspection_cpp.so
[1.520s] -- Up-to-date: /home/avinaash/doozy_robotics/doozy_ws_2/install/apriltag_msgs/lib/libapriltag_msgs__rosidl_typesupport_cpp.so
[1.520s] -- Up-to-date: /home/avinaash/doozy_robotics/doozy_ws_2/install/apriltag_msgs/share/apriltag_msgs/environment/pythonpath.sh
[1.521s] -- Up-to-date: /home/avinaash/doozy_robotics/doozy_ws_2/install/apriltag_msgs/share/apriltag_msgs/environment/pythonpath.dsv
[1.521s] -- Up-to-date: /home/avinaash/doozy_robotics/doozy_ws_2/install/apriltag_msgs/lib/python3.8/site-packages/apriltag_msgs/__init__.py
[1.540s] -- Up-to-date: /home/avinaash/doozy_robotics/doozy_ws_2/install/apriltag_msgs/lib/python3.8/site-packages/apriltag_msgs/msg
[1.541s] -- Up-to-date: /home/avinaash/doozy_robotics/doozy_ws_2/install/apriltag_msgs/lib/python3.8/site-packages/apriltag_msgs/msg/_april_tag_detection_s.c
[1.546s] -- Up-to-date: /home/avinaash/doozy_robotics/doozy_ws_2/install/apriltag_msgs/lib/python3.8/site-packages/apriltag_msgs/msg/_april_tag_detection.py
[1.546s] -- Up-to-date: /home/avinaash/doozy_robotics/doozy_ws_2/install/apriltag_msgs/lib/python3.8/site-packages/apriltag_msgs/msg/_point_s.c
[1.546s] -- Up-to-date: /home/avinaash/doozy_robotics/doozy_ws_2/install/apriltag_msgs/lib/python3.8/site-packages/apriltag_msgs/msg/__init__.py
[1.547s] -- Up-to-date: /home/avinaash/doozy_robotics/doozy_ws_2/install/apriltag_msgs/lib/python3.8/site-packages/apriltag_msgs/msg/_april_tag_detection_array_s.c
[1.547s] -- Up-to-date: /home/avinaash/doozy_robotics/doozy_ws_2/install/apriltag_msgs/lib/python3.8/site-packages/apriltag_msgs/msg/_april_tag_detection_array.py
[1.547s] -- Up-to-date: /home/avinaash/doozy_robotics/doozy_ws_2/install/apriltag_msgs/lib/python3.8/site-packages/apriltag_msgs/msg/_point.py
[1.548s] -- Up-to-date: /home/avinaash/doozy_robotics/doozy_ws_2/install/apriltag_msgs/lib/python3.8/site-packages/apriltag_msgs/apriltag_msgs_s__rosidl_typesupport_fastrtps_c.cpython-38-x86_64-linux-gnu.so
[1.548s] -- Up-to-date: /home/avinaash/doozy_robotics/doozy_ws_2/install/apriltag_msgs/lib/python3.8/site-packages/apriltag_msgs/apriltag_msgs_s__rosidl_typesupport_introspection_c.cpython-38-x86_64-linux-gnu.so
[1.548s] -- Up-to-date: /home/avinaash/doozy_robotics/doozy_ws_2/install/apriltag_msgs/lib/python3.8/site-packages/apriltag_msgs/apriltag_msgs_s__rosidl_typesupport_c.cpython-38-x86_64-linux-gnu.so
[1.548s] -- Up-to-date: /home/avinaash/doozy_robotics/doozy_ws_2/install/apriltag_msgs/lib/libapriltag_msgs__python.so
[1.549s] -- Up-to-date: /home/avinaash/doozy_robotics/doozy_ws_2/install/apriltag_msgs/share/apriltag_msgs/msg/Point.idl
[1.549s] -- Up-to-date: /home/avinaash/doozy_robotics/doozy_ws_2/install/apriltag_msgs/share/apriltag_msgs/msg/AprilTagDetection.idl
[1.549s] -- Up-to-date: /home/avinaash/doozy_robotics/doozy_ws_2/install/apriltag_msgs/share/apriltag_msgs/msg/AprilTagDetectionArray.idl
[1.550s] -- Up-to-date: /home/avinaash/doozy_robotics/doozy_ws_2/install/apriltag_msgs/share/apriltag_msgs/msg/Point.msg
[1.550s] -- Up-to-date: /home/avinaash/doozy_robotics/doozy_ws_2/install/apriltag_msgs/share/apriltag_msgs/msg/AprilTagDetection.msg
[1.550s] -- Up-to-date: /home/avinaash/doozy_robotics/doozy_ws_2/install/apriltag_msgs/share/apriltag_msgs/msg/AprilTagDetectionArray.msg
[1.551s] -- Up-to-date: /home/avinaash/doozy_robotics/doozy_ws_2/install/apriltag_msgs/share/ament_index/resource_index/package_run_dependencies/apriltag_msgs
[1.551s] -- Up-to-date: /home/avinaash/doozy_robotics/doozy_ws_2/install/apriltag_msgs/share/ament_index/resource_index/parent_prefix_path/apriltag_msgs
[1.551s] -- Up-to-date: /home/avinaash/doozy_robotics/doozy_ws_2/install/apriltag_msgs/share/apriltag_msgs/environment/ament_prefix_path.sh
[1.552s] -- Up-to-date: /home/avinaash/doozy_robotics/doozy_ws_2/install/apriltag_msgs/share/apriltag_msgs/environment/ament_prefix_path.dsv
[1.552s] -- Up-to-date: /home/avinaash/doozy_robotics/doozy_ws_2/install/apriltag_msgs/share/apriltag_msgs/environment/path.sh
[1.552s] -- Up-to-date: /home/avinaash/doozy_robotics/doozy_ws_2/install/apriltag_msgs/share/apriltag_msgs/environment/path.dsv
[1.552s] -- Up-to-date: /home/avinaash/doozy_robotics/doozy_ws_2/install/apriltag_msgs/share/apriltag_msgs/local_setup.bash
[1.553s] -- Up-to-date: /home/avinaash/doozy_robotics/doozy_ws_2/install/apriltag_msgs/share/apriltag_msgs/local_setup.sh
[1.553s] -- Up-to-date: /home/avinaash/doozy_robotics/doozy_ws_2/install/apriltag_msgs/share/apriltag_msgs/local_setup.zsh
[1.553s] -- Up-to-date: /home/avinaash/doozy_robotics/doozy_ws_2/install/apriltag_msgs/share/apriltag_msgs/local_setup.dsv
[1.553s] -- Installing: /home/avinaash/doozy_robotics/doozy_ws_2/install/apriltag_msgs/share/apriltag_msgs/package.dsv
[1.554s] -- Up-to-date: /home/avinaash/doozy_robotics/doozy_ws_2/install/apriltag_msgs/share/ament_index/resource_index/packages/apriltag_msgs
[1.554s] -- Up-to-date: /home/avinaash/doozy_robotics/doozy_ws_2/install/apriltag_msgs/share/apriltag_msgs/cmake/apriltag_msgs__rosidl_generator_cExport.cmake
[1.555s] -- Up-to-date: /home/avinaash/doozy_robotics/doozy_ws_2/install/apriltag_msgs/share/apriltag_msgs/cmake/apriltag_msgs__rosidl_generator_cExport-noconfig.cmake
[1.556s] -- Up-to-date: /home/avinaash/doozy_robotics/doozy_ws_2/install/apriltag_msgs/share/apriltag_msgs/cmake/apriltag_msgs__rosidl_typesupport_introspection_cExport.cmake
[1.556s] -- Up-to-date: /home/avinaash/doozy_robotics/doozy_ws_2/install/apriltag_msgs/share/apriltag_msgs/cmake/apriltag_msgs__rosidl_typesupport_introspection_cExport-noconfig.cmake
[1.557s] -- Up-to-date: /home/avinaash/doozy_robotics/doozy_ws_2/install/apriltag_msgs/share/apriltag_msgs/cmake/apriltag_msgs__rosidl_typesupport_cExport.cmake
[1.557s] -- Up-to-date: /home/avinaash/doozy_robotics/doozy_ws_2/install/apriltag_msgs/share/apriltag_msgs/cmake/apriltag_msgs__rosidl_typesupport_cExport-noconfig.cmake
[1.557s] -- Up-to-date: /home/avinaash/doozy_robotics/doozy_ws_2/install/apriltag_msgs/share/apriltag_msgs/cmake/apriltag_msgs__rosidl_generator_cppExport.cmake
[1.558s] -- Up-to-date: /home/avinaash/doozy_robotics/doozy_ws_2/install/apriltag_msgs/share/apriltag_msgs/cmake/apriltag_msgs__rosidl_typesupport_introspection_cppExport.cmake
[1.558s] -- Up-to-date: /home/avinaash/doozy_robotics/doozy_ws_2/install/apriltag_msgs/share/apriltag_msgs/cmake/apriltag_msgs__rosidl_typesupport_introspection_cppExport-noconfig.cmake
[1.559s] -- Up-to-date: /home/avinaash/doozy_robotics/doozy_ws_2/install/apriltag_msgs/share/apriltag_msgs/cmake/apriltag_msgs__rosidl_typesupport_cppExport.cmake
[1.559s] -- Up-to-date: /home/avinaash/doozy_robotics/doozy_ws_2/install/apriltag_msgs/share/apriltag_msgs/cmake/apriltag_msgs__rosidl_typesupport_cppExport-noconfig.cmake
[1.561s] -- Up-to-date: /home/avinaash/doozy_robotics/doozy_ws_2/install/apriltag_msgs/share/apriltag_msgs/cmake/rosidl_cmake-extras.cmake
[1.562s] -- Up-to-date: /home/avinaash/doozy_robotics/doozy_ws_2/install/apriltag_msgs/share/apriltag_msgs/cmake/ament_cmake_export_dependencies-extras.cmake
[1.562s] -- Up-to-date: /home/avinaash/doozy_robotics/doozy_ws_2/install/apriltag_msgs/share/apriltag_msgs/cmake/ament_cmake_export_libraries-extras.cmake
[1.562s] -- Up-to-date: /home/avinaash/doozy_robotics/doozy_ws_2/install/apriltag_msgs/share/apriltag_msgs/cmake/ament_cmake_export_targets-extras.cmake
[1.563s] -- Up-to-date: /home/avinaash/doozy_robotics/doozy_ws_2/install/apriltag_msgs/share/apriltag_msgs/cmake/ament_cmake_export_include_directories-extras.cmake
[1.563s] -- Up-to-date: /home/avinaash/doozy_robotics/doozy_ws_2/install/apriltag_msgs/share/apriltag_msgs/cmake/rosidl_cmake_export_typesupport_libraries-extras.cmake
[1.564s] -- Up-to-date: /home/avinaash/doozy_robotics/doozy_ws_2/install/apriltag_msgs/share/apriltag_msgs/cmake/rosidl_cmake_export_typesupport_targets-extras.cmake
[1.564s] -- Up-to-date: /home/avinaash/doozy_robotics/doozy_ws_2/install/apriltag_msgs/share/apriltag_msgs/cmake/apriltag_msgsConfig.cmake
[1.565s] -- Up-to-date: /home/avinaash/doozy_robotics/doozy_ws_2/install/apriltag_msgs/share/apriltag_msgs/cmake/apriltag_msgsConfig-version.cmake
[1.565s] -- Up-to-date: /home/avinaash/doozy_robotics/doozy_ws_2/install/apriltag_msgs/share/apriltag_msgs/package.xml
[1.711s] Invoked command in '/home/avinaash/doozy_robotics/doozy_ws_2/build/apriltag_msgs' returned '0': CMAKE_PREFIX_PATH=/home/avinaash/doozy_robotics/doozy_ws_2/install/turtlebot3_teleop:/home/avinaash/doozy_robotics/doozy_ws_2/install/turtlebot3_example:/home/avinaash/doozy_robotics/doozy_ws_2/install/turtlebot3_automatic_parking:/home/avinaash/doozy_robotics/doozy_ws_2/install/pallet_robot:/home/avinaash/doozy_robotics/doozy_ws_2/install/pallet_docker_02:/home/avinaash/doozy_robotics/doozy_ws_2/install/opencv_tests:/home/avinaash/doozy_robotics/doozy_ws_2/install/camera_calibration:/opt/ros/galactic:${CMAKE_PREFIX_PATH} /usr/bin/cmake --install /home/avinaash/doozy_robotics/doozy_ws_2/build/apriltag_msgs
