[35m[1mScanning dependencies of target geometry_msgs_generate_messages_lisp[0m
[35m[1mScanning dependencies of target _dolly_action_msgs_generate_messages_check_deps_amrDockActionGoal[0m
[35m[1mScanning dependencies of target _dolly_action_msgs_generate_messages_check_deps_amrDockGoal[0m
[35m[1mScanning dependencies of target _dolly_action_msgs_generate_messages_check_deps_amrDockResult[0m
[35m[1mScanning dependencies of target _dolly_action_msgs_generate_messages_check_deps_amrDockFeedback[0m
[35m[1mScanning dependencies of target actionlib_msgs_generate_messages_nodejs[0m
[35m[1mScanning dependencies of target geometry_msgs_generate_messages_nodejs[0m
[35m[1mScanning dependencies of target std_msgs_generate_messages_nodejs[0m
[35m[1mScanning dependencies of target _dolly_action_msgs_generate_messages_check_deps_amrDockAction[0m
[  0%] Built target actionlib_msgs_generate_messages_nodejs
[  0%] Built target std_msgs_generate_messages_nodejs
[35m[1mScanning dependencies of target _dolly_action_msgs_generate_messages_check_deps_amrDockActionResult[0m
[  0%] Built target geometry_msgs_generate_messages_nodejs
[  0%] Built target geometry_msgs_generate_messages_lisp
[35m[1mScanning dependencies of target std_msgs_generate_messages_cpp[0m
[35m[1mScanning dependencies of target actionlib_msgs_generate_messages_lisp[0m
[35m[1mScanning dependencies of target std_msgs_generate_messages_lisp[0m
[35m[1mScanning dependencies of target _dolly_action_msgs_generate_messages_check_deps_amrDockActionFeedback[0m
[35m[1mScanning dependencies of target actionlib_msgs_generate_messages_cpp[0m
[  0%] Built target actionlib_msgs_generate_messages_lisp
[  0%] Built target std_msgs_generate_messages_lisp
[  0%] Built target std_msgs_generate_messages_cpp
[  0%] Built target actionlib_msgs_generate_messages_cpp
[  0%] Built target _dolly_action_msgs_generate_messages_check_deps_amrDockAction
[  0%] Built target _dolly_action_msgs_generate_messages_check_deps_amrDockResult
[  0%] Built target _dolly_action_msgs_generate_messages_check_deps_amrDockGoal
[  0%] Built target _dolly_action_msgs_generate_messages_check_deps_amrDockActionGoal
[35m[1mScanning dependencies of target geometry_msgs_generate_messages_cpp[0m
[  0%] Built target _dolly_action_msgs_generate_messages_check_deps_amrDockFeedback
[35m[1mScanning dependencies of target std_msgs_generate_messages_eus[0m
[  0%] Built target _dolly_action_msgs_generate_messages_check_deps_amrDockActionResult
[  0%] Built target _dolly_action_msgs_generate_messages_check_deps_amrDockActionFeedback
[35m[1mScanning dependencies of target actionlib_msgs_generate_messages_eus[0m
[35m[1mScanning dependencies of target geometry_msgs_generate_messages_eus[0m
[35m[1mScanning dependencies of target actionlib_msgs_generate_messages_py[0m
[35m[1mScanning dependencies of target geometry_msgs_generate_messages_py[0m
[35m[1mScanning dependencies of target std_msgs_generate_messages_py[0m
[  0%] Built target geometry_msgs_generate_messages_cpp
[  0%] Built target std_msgs_generate_messages_eus
[35m[1mScanning dependencies of target dolly_action_msgs_generate_messages_nodejs[0m
[35m[1mScanning dependencies of target dolly_action_msgs_generate_messages_lisp[0m
[  0%] Built target actionlib_msgs_generate_messages_eus
[  0%] Built target geometry_msgs_generate_messages_py
[  0%] Built target actionlib_msgs_generate_messages_py
[  0%] Built target std_msgs_generate_messages_py
[  0%] Built target geometry_msgs_generate_messages_eus
[  2%] [34m[1mGenerating Javascript code from dolly_action_msgs/amrDockAction.msg[0m
[ 10%] [34m[1mGenerating Javascript code from dolly_action_msgs/amrDockActionFeedback.msg[0m
[ 16%] [34m[1mGenerating Javascript code from dolly_action_msgs/amrDockResult.msg[0m
[ 10%] [34m[1mGenerating Javascript code from dolly_action_msgs/amrDockActionResult.msg[0m
[ 16%] [34m[1mGenerating Javascript code from dolly_action_msgs/amrDockGoal.msg[0m
[35m[1mScanning dependencies of target dolly_action_msgs_generate_messages_cpp[0m
[ 16%] [34m[1mGenerating Lisp code from dolly_action_msgs/amrDockAction.msg[0m
[ 18%] [34m[1mGenerating Lisp code from dolly_action_msgs/amrDockActionGoal.msg[0m
[ 21%] [34m[1mGenerating Javascript code from dolly_action_msgs/amrDockActionGoal.msg[0m
[35m[1mScanning dependencies of target dolly_action_msgs_generate_messages_py[0m
[ 27%] [34m[1mGenerating Lisp code from dolly_action_msgs/amrDockActionFeedback.msg[0m
[ 27%] [34m[1mGenerating Lisp code from dolly_action_msgs/amrDockActionResult.msg[0m
[ 29%] [34m[1mGenerating C++ code from dolly_action_msgs/amrDockAction.msg[0m
[ 32%] [34m[1mGenerating Python from MSG dolly_action_msgs/amrDockAction[0m
[ 35%] [34m[1mGenerating C++ code from dolly_action_msgs/amrDockActionGoal.msg[0m
[ 48%] [34m[1mGenerating C++ code from dolly_action_msgs/amrDockGoal.msg[0m
[ 48%] [34m[1mGenerating Javascript code from dolly_action_msgs/amrDockFeedback.msg[0m
[ 48%] [34m[1mGenerating C++ code from dolly_action_msgs/amrDockResult.msg[0m
[ 48%] [34m[1mGenerating C++ code from dolly_action_msgs/amrDockActionResult.msg[0m
[ 48%] [34m[1mGenerating C++ code from dolly_action_msgs/amrDockActionFeedback.msg[0m
[ 51%] [34m[1mGenerating Python from MSG dolly_action_msgs/amrDockActionGoal[0m
[35m[1mScanning dependencies of target dolly_action_msgs_generate_messages_eus[0m
[ 54%] [34m[1mGenerating Lisp code from dolly_action_msgs/amrDockGoal.msg[0m
[ 56%] [34m[1mGenerating Lisp code from dolly_action_msgs/amrDockResult.msg[0m
[ 59%] [34m[1mGenerating EusLisp code from dolly_action_msgs/amrDockAction.msg[0m
[ 59%] Built target dolly_action_msgs_generate_messages_nodejs
[ 62%] [34m[1mGenerating EusLisp code from dolly_action_msgs/amrDockActionGoal.msg[0m
[ 64%] [34m[1mGenerating Python from MSG dolly_action_msgs/amrDockActionResult[0m
[ 67%] [34m[1mGenerating Lisp code from dolly_action_msgs/amrDockFeedback.msg[0m
[ 70%] [34m[1mGenerating Python from MSG dolly_action_msgs/amrDockActionFeedback[0m
[ 72%] [34m[1mGenerating C++ code from dolly_action_msgs/amrDockFeedback.msg[0m
[ 75%] [34m[1mGenerating Python from MSG dolly_action_msgs/amrDockResult[0m
[ 78%] [34m[1mGenerating Python from MSG dolly_action_msgs/amrDockGoal[0m
[ 81%] [34m[1mGenerating Python from MSG dolly_action_msgs/amrDockFeedback[0m
[ 83%] [34m[1mGenerating EusLisp code from dolly_action_msgs/amrDockActionResult.msg[0m
[ 86%] [34m[1mGenerating EusLisp code from dolly_action_msgs/amrDockGoal.msg[0m
[ 89%] [34m[1mGenerating EusLisp code from dolly_action_msgs/amrDockActionFeedback.msg[0m
[ 91%] [34m[1mGenerating EusLisp code from dolly_action_msgs/amrDockResult.msg[0m
[ 94%] [34m[1mGenerating EusLisp code from dolly_action_msgs/amrDockFeedback.msg[0m
[ 94%] Built target dolly_action_msgs_generate_messages_lisp
[ 97%] [34m[1mGenerating EusLisp manifest code for dolly_action_msgs[0m
[ 97%] Built target dolly_action_msgs_generate_messages_cpp
[100%] [34m[1mGenerating Python msg __init__.py for dolly_action_msgs[0m
[100%] Built target dolly_action_msgs_generate_messages_py
[100%] Built target dolly_action_msgs_generate_messages_eus
[35m[1mScanning dependencies of target dolly_action_msgs_generate_messages[0m
[100%] Built target dolly_action_msgs_generate_messages
