[0.802s] Invoking command in '/home/avinaash/doozy_robotics/doozy_ws_2/src/2_t_dolly_logistics_driver': PYTHONPATH=/home/avinaash/doozy_robotics/doozy_ws_2/build/2_t_dolly_logistics_driver/prefix_override:/home/avinaash/doozy_robotics/doozy_ws_2/install/2_t_dolly_logistics_driver/lib/python3.8/site-packages:${PYTHONPATH} /usr/bin/python3 -W ignore:setup.py install is deprecated setup.py egg_info --egg-base ../../build/2_t_dolly_logistics_driver build --build-base /home/avinaash/doozy_robotics/doozy_ws_2/build/2_t_dolly_logistics_driver/build install --record /home/avinaash/doozy_robotics/doozy_ws_2/build/2_t_dolly_logistics_driver/install.log --single-version-externally-managed install_data
[0.959s] running egg_info
[0.959s] writing ../../build/2_t_dolly_logistics_driver/2_t_dolly_logistics_driver.egg-info/PKG-INFO
[0.959s] writing dependency_links to ../../build/2_t_dolly_logistics_driver/2_t_dolly_logistics_driver.egg-info/dependency_links.txt
[0.960s] writing entry points to ../../build/2_t_dolly_logistics_driver/2_t_dolly_logistics_driver.egg-info/entry_points.txt
[0.960s] writing requirements to ../../build/2_t_dolly_logistics_driver/2_t_dolly_logistics_driver.egg-info/requires.txt
[0.960s] writing top-level names to ../../build/2_t_dolly_logistics_driver/2_t_dolly_logistics_driver.egg-info/top_level.txt
[0.981s] reading manifest file '../../build/2_t_dolly_logistics_driver/2_t_dolly_logistics_driver.egg-info/SOURCES.txt'
[0.982s] writing manifest file '../../build/2_t_dolly_logistics_driver/2_t_dolly_logistics_driver.egg-info/SOURCES.txt'
[0.982s] running build
[0.982s] running build_py
[0.982s] copying 2_t_dolly_logistics_driver/latch_unlatch_03.py -> /home/avinaash/doozy_robotics/doozy_ws_2/build/2_t_dolly_logistics_driver/build/lib/2_t_dolly_logistics_driver
[0.982s] running install
[0.983s] running install_lib
[0.983s] copying /home/avinaash/doozy_robotics/doozy_ws_2/build/2_t_dolly_logistics_driver/build/lib/2_t_dolly_logistics_driver/latch_unlatch_03.py -> /home/avinaash/doozy_robotics/doozy_ws_2/install/2_t_dolly_logistics_driver/lib/python3.8/site-packages/2_t_dolly_logistics_driver
[0.984s] byte-compiling /home/avinaash/doozy_robotics/doozy_ws_2/install/2_t_dolly_logistics_driver/lib/python3.8/site-packages/2_t_dolly_logistics_driver/latch_unlatch_03.py to latch_unlatch_03.cpython-38.pyc
[0.985s] running install_data
[0.985s] running install_egg_info
[0.986s] removing '/home/avinaash/doozy_robotics/doozy_ws_2/install/2_t_dolly_logistics_driver/lib/python3.8/site-packages/2_t_dolly_logistics_driver-0.0.0-py3.8.egg-info' (and everything under it)
[0.986s] Copying ../../build/2_t_dolly_logistics_driver/2_t_dolly_logistics_driver.egg-info to /home/avinaash/doozy_robotics/doozy_ws_2/install/2_t_dolly_logistics_driver/lib/python3.8/site-packages/2_t_dolly_logistics_driver-0.0.0-py3.8.egg-info
[0.987s] running install_scripts
[0.999s] Installing Dock2Dolly_01 script to /home/avinaash/doozy_robotics/doozy_ws_2/install/2_t_dolly_logistics_driver/lib/2_t_dolly_logistics_driver
[0.999s] Installing Dock2Dolly_02 script to /home/avinaash/doozy_robotics/doozy_ws_2/install/2_t_dolly_logistics_driver/lib/2_t_dolly_logistics_driver
[0.999s] Installing Dock2Dolly_03 script to /home/avinaash/doozy_robotics/doozy_ws_2/install/2_t_dolly_logistics_driver/lib/2_t_dolly_logistics_driver
[0.999s] Installing GUI script to /home/avinaash/doozy_robotics/doozy_ws_2/install/2_t_dolly_logistics_driver/lib/2_t_dolly_logistics_driver
[0.999s] Installing Latch_Unlatch script to /home/avinaash/doozy_robotics/doozy_ws_2/install/2_t_dolly_logistics_driver/lib/2_t_dolly_logistics_driver
[0.999s] Installing Latch_Unlatch_2 script to /home/avinaash/doozy_robotics/doozy_ws_2/install/2_t_dolly_logistics_driver/lib/2_t_dolly_logistics_driver
[0.999s] Installing Latch_Unlatch_3 script to /home/avinaash/doozy_robotics/doozy_ws_2/install/2_t_dolly_logistics_driver/lib/2_t_dolly_logistics_driver
[0.999s] Installing Navigate_01 script to /home/avinaash/doozy_robotics/doozy_ws_2/install/2_t_dolly_logistics_driver/lib/2_t_dolly_logistics_driver
[0.999s] Installing Navigate_02 script to /home/avinaash/doozy_robotics/doozy_ws_2/install/2_t_dolly_logistics_driver/lib/2_t_dolly_logistics_driver
[0.999s] Installing Tf script to /home/avinaash/doozy_robotics/doozy_ws_2/install/2_t_dolly_logistics_driver/lib/2_t_dolly_logistics_driver
[1.000s] writing list of installed files to '/home/avinaash/doozy_robotics/doozy_ws_2/build/2_t_dolly_logistics_driver/install.log'
[1.020s] Invoked command in '/home/avinaash/doozy_robotics/doozy_ws_2/src/2_t_dolly_logistics_driver' returned '0': PYTHONPATH=/home/avinaash/doozy_robotics/doozy_ws_2/build/2_t_dolly_logistics_driver/prefix_override:/home/avinaash/doozy_robotics/doozy_ws_2/install/2_t_dolly_logistics_driver/lib/python3.8/site-packages:${PYTHONPATH} /usr/bin/python3 -W ignore:setup.py install is deprecated setup.py egg_info --egg-base ../../build/2_t_dolly_logistics_driver build --build-base /home/avinaash/doozy_robotics/doozy_ws_2/build/2_t_dolly_logistics_driver/build install --record /home/avinaash/doozy_robotics/doozy_ws_2/build/2_t_dolly_logistics_driver/install.log --single-version-externally-managed install_data
