[0.485s] Invoking command in '/home/avinaash/doozy_robotics/doozy_ws_2/build/turtlebot3_gazebo': CMAKE_PREFIX_PATH=${CMAKE_PREFIX_PATH}:/home/avinaash/doozy_robotics/doozy_ws_2/install/turtlebot3_teleop:/home/avinaash/doozy_robotics/doozy_ws_2/install/turtlebot3_example:/home/avinaash/doozy_robotics/doozy_ws_2/install/pallet_docker_02:/opt/ros/galactic /usr/bin/cmake /home/avinaash/doozy_robotics/doozy_ws_2/src/turtlebot3_simulations/turtlebot3_gazebo -DCMAKE_INSTALL_PREFIX=/home/avinaash/doozy_robotics/doozy_ws_2/install/turtlebot3_gazebo
[1.586s] -- The C compiler identification is GNU 9.4.0
[1.587s] -- The CXX compiler identification is GNU 9.4.0
[1.587s] -- Check for working C compiler: /usr/bin/cc
[1.587s] -- Check for working C compiler: /usr/bin/cc -- works
[1.587s] -- Detecting C compiler ABI info
[1.587s] -- Detecting C compiler ABI info - done
[1.588s] -- Detecting C compile features
[1.588s] -- Detecting C compile features - done
[1.588s] -- Check for working CXX compiler: /usr/bin/c++
[1.588s] -- Check for working CXX compiler: /usr/bin/c++ -- works
[1.589s] -- Detecting CXX compiler ABI info
[1.589s] -- Detecting CXX compiler ABI info - done
[1.589s] -- Detecting CXX compile features
[1.589s] -- Detecting CXX compile features - done
[1.589s] -- Found ament_cmake: 1.1.6 (/opt/ros/galactic/share/ament_cmake/cmake)
[1.590s] -- Found PythonInterp: /usr/bin/python3 (found suitable version "3.8.10", minimum required is "3") 
[1.590s] -- Using PYTHON_EXECUTABLE: /usr/bin/python3
[1.590s] -- Found PkgConfig: /usr/bin/pkg-config (found version "0.29.1") 
[1.590s] -- Checking for module 'bullet>=2.82'
[1.590s] --   Found bullet, version 2.88
[1.833s] -- Found ccd: /usr/include (found suitable version "2.0", minimum required is "2.0") 
[1.983s] -- Found fcl: /usr/include (found suitable version "0.5.0", minimum required is "0.3.2") 
[2.110s] -- Found assimp: /usr/include (found version "5.0.0") 
[2.162s] -- Found DART: /usr/include (Required is at least version "6.6") found components: dart 
[2.879s] -- Found Boost: /usr/lib/x86_64-linux-gnu/cmake/Boost-1.71.0/BoostConfig.cmake (found suitable version "1.71.0", minimum required is "1.40.0") found components: thread system filesystem program_options regex iostreams date_time 
[2.935s] -- Found Protobuf: /usr/lib/x86_64-linux-gnu/libprotobuf.so;-lpthread (found version "3.6.1") 
[2.947s] -- Looking for ignition-math6 -- found version 6.15.1
[2.961s] -- Searching for dependencies of ignition-math6
[2.964s] -- Looking for OGRE...
[2.965s] -- OGRE_PREFIX_WATCH changed.
[2.978s] -- Checking for module 'OGRE'
[3.012s] --   Found OGRE, version 1.9.0
[3.130s] -- Found Ogre Ghadamon (1.9.0)
[3.156s] -- Found OGRE: optimized;/usr/lib/x86_64-linux-gnu/libOgreMain.so;debug;/usr/lib/x86_64-linux-gnu/libOgreMain.so
[3.181s] -- Looking for OGRE_Paging...
[3.205s] -- Found OGRE_Paging: optimized;/usr/lib/x86_64-linux-gnu/libOgrePaging.so;debug;/usr/lib/x86_64-linux-gnu/libOgrePaging.so
[3.205s] -- Looking for OGRE_Terrain...
[3.222s] -- Found OGRE_Terrain: optimized;/usr/lib/x86_64-linux-gnu/libOgreTerrain.so;debug;/usr/lib/x86_64-linux-gnu/libOgreTerrain.so
[3.223s] -- Looking for OGRE_Property...
[3.237s] -- Found OGRE_Property: optimized;/usr/lib/x86_64-linux-gnu/libOgreProperty.so;debug;/usr/lib/x86_64-linux-gnu/libOgreProperty.so
[3.237s] -- Looking for OGRE_RTShaderSystem...
[3.251s] -- Found OGRE_RTShaderSystem: optimized;/usr/lib/x86_64-linux-gnu/libOgreRTShaderSystem.so;debug;/usr/lib/x86_64-linux-gnu/libOgreRTShaderSystem.so
[3.251s] -- Looking for OGRE_Volume...
[3.274s] -- Found OGRE_Volume: optimized;/usr/lib/x86_64-linux-gnu/libOgreVolume.so;debug;/usr/lib/x86_64-linux-gnu/libOgreVolume.so
[3.274s] -- Looking for OGRE_Overlay...
[3.289s] -- Found OGRE_Overlay: optimized;/usr/lib/x86_64-linux-gnu/libOgreOverlay.so;debug;/usr/lib/x86_64-linux-gnu/libOgreOverlay.so
[3.690s] -- Looking for ignition-math6 -- found version 6.15.1
[3.694s] -- Looking for ignition-transport8 -- found version 8.3.0
[3.695s] -- Searching for dependencies of ignition-transport8
[3.729s] -- Found Protobuf: /usr/lib/x86_64-linux-gnu/libprotobuf.so;-lpthread (found suitable version "3.6.1", minimum required is "3") 
[3.747s] -- Config-file not installed for ZeroMQ -- checking for pkg-config
[3.754s] -- Checking for module 'libzmq >= 4'
[3.786s] --   Found libzmq , version 4.3.2
[3.870s] -- Found ZeroMQ: TRUE (Required is at least version "4") 
[3.881s] -- Checking for module 'uuid'
[3.915s] --   Found uuid, version 2.34.0
[3.989s] -- Found UUID: TRUE  
[3.992s] -- Looking for ignition-msgs5 -- found version 5.10.0
[3.993s] -- Searching for dependencies of ignition-msgs5
[4.025s] -- Looking for ignition-math6 -- found version 6.15.1
[4.034s] -- Checking for module 'tinyxml2'
[4.063s] --   Found tinyxml2, version 6.2.0
[4.135s] -- Looking for ignition-msgs5 -- found version 5.10.0
[4.139s] -- Looking for ignition-common3 -- found version 3.14.2
[4.140s] -- Searching for dependencies of ignition-common3
[4.141s] -- Looking for dlfcn.h - found
[4.142s] -- Looking for libdl - found
[4.144s] -- Found DL: TRUE  
[4.159s] -- Searching for <ignition-common3> component [graphics]
[4.162s] -- Looking for ignition-common3-graphics -- found version 3.14.2
[4.162s] -- Searching for dependencies of ignition-common3-graphics
[4.163s] -- Looking for ignition-math6 -- found version 6.15.1
[4.168s] -- Looking for ignition-fuel_tools4 -- found version 4.6.0
[4.168s] -- Searching for dependencies of ignition-fuel_tools4
[4.295s] -- Found CURL: /usr/lib/x86_64-linux-gnu/libcurl.so (found version "7.68.0")  
[4.314s] -- Checking for module 'jsoncpp'
[4.352s] --   Found jsoncpp, version 1.7.4
[4.447s] -- Found JSONCPP: TRUE  
[4.462s] -- Checking for module 'libzip'
[4.508s] --   Found libzip, version 1.5.1
[4.583s] -- Found ZIP: TRUE  
[4.584s] -- Looking for ignition-common3 -- found version 3.14.2
[4.588s] -- Looking for ignition-math6 -- found version 6.15.1
[4.588s] -- Looking for ignition-msgs5 -- found version 5.10.0
[4.604s] -- Found gazebo_ros_pkgs: 3.5.2 (/opt/ros/galactic/share/gazebo_ros_pkgs/cmake)
[4.609s] -- Found geometry_msgs: 2.2.4 (/opt/ros/galactic/share/geometry_msgs/cmake)
[4.679s] -- Using all available rosidl_typesupport_c: rosidl_typesupport_fastrtps_c;rosidl_typesupport_introspection_c
[4.699s] -- Found rosidl_adapter: 2.2.3 (/opt/ros/galactic/share/rosidl_adapter/cmake)
[5.085s] -- Found OpenSSL: /usr/lib/x86_64-linux-gnu/libcrypto.so (found version "1.1.1f")  
[5.232s] -- Found FastRTPS: /opt/ros/galactic/include  
[5.493s] -- Using all available rosidl_typesupport_cpp: rosidl_typesupport_fastrtps_cpp;rosidl_typesupport_introspection_cpp
[5.944s] -- Found nav_msgs: 2.2.4 (/opt/ros/galactic/share/nav_msgs/cmake)
[6.413s] -- Found rclcpp: 9.2.2 (/opt/ros/galactic/share/rclcpp/cmake)
[6.853s] -- Found rmw_implementation_cmake: 3.3.1 (/opt/ros/galactic/share/rmw_implementation_cmake/cmake)
[6.886s] -- Found rmw_cyclonedds_cpp: 0.22.6 (/opt/ros/galactic/share/rmw_cyclonedds_cpp/cmake)
[7.083s] -- Using RMW implementation 'rmw_cyclonedds_cpp' as default
[7.087s] -- Found Threads: TRUE  
[8.288s] -- Found sensor_msgs: 2.2.4 (/opt/ros/galactic/share/sensor_msgs/cmake)
[8.663s] -- Found tf2: 0.17.5 (/opt/ros/galactic/share/tf2/cmake)
[8.975s] -- Configuring done
[9.168s] -- Generating done
[9.195s] -- Build files have been written to: /home/avinaash/doozy_robotics/doozy_ws_2/build/turtlebot3_gazebo
[9.227s] Invoked command in '/home/avinaash/doozy_robotics/doozy_ws_2/build/turtlebot3_gazebo' returned '0': CMAKE_PREFIX_PATH=${CMAKE_PREFIX_PATH}:/home/avinaash/doozy_robotics/doozy_ws_2/install/turtlebot3_teleop:/home/avinaash/doozy_robotics/doozy_ws_2/install/turtlebot3_example:/home/avinaash/doozy_robotics/doozy_ws_2/install/pallet_docker_02:/opt/ros/galactic /usr/bin/cmake /home/avinaash/doozy_robotics/doozy_ws_2/src/turtlebot3_simulations/turtlebot3_gazebo -DCMAKE_INSTALL_PREFIX=/home/avinaash/doozy_robotics/doozy_ws_2/install/turtlebot3_gazebo
[9.241s] Invoking command in '/home/avinaash/doozy_robotics/doozy_ws_2/build/turtlebot3_gazebo': CMAKE_PREFIX_PATH=${CMAKE_PREFIX_PATH}:/home/avinaash/doozy_robotics/doozy_ws_2/install/turtlebot3_teleop:/home/avinaash/doozy_robotics/doozy_ws_2/install/turtlebot3_example:/home/avinaash/doozy_robotics/doozy_ws_2/install/pallet_docker_02:/opt/ros/galactic /usr/bin/cmake --build /home/avinaash/doozy_robotics/doozy_ws_2/build/turtlebot3_gazebo -- -j12 -l12
[9.416s] [35m[1mScanning dependencies of target obstacles[0m
[9.449s] [35m[1mScanning dependencies of target obstacle2[0m
[9.457s] [35m[1mScanning dependencies of target obstacle1[0m
[9.476s] [35m[1mScanning dependencies of target turtlebot3_drive[0m
[9.860s] [ 12%] [32mBuilding CXX object CMakeFiles/turtlebot3_drive.dir/src/turtlebot3_drive.cpp.o[0m
[9.861s] [ 25%] [32mBuilding CXX object CMakeFiles/obstacle1.dir/models/turtlebot3_dqn_world/obstacle_plugin/obstacle1.cc.o[0m
[9.867s] [ 37%] [32mBuilding CXX object CMakeFiles/obstacles.dir/models/turtlebot3_dqn_world/obstacle_plugin/obstacles.cc.o[0m
[9.978s] [ 50%] [32mBuilding CXX object CMakeFiles/obstacle2.dir/models/turtlebot3_dqn_world/obstacle_plugin/obstacle2.cc.o[0m
[27.903s] [ 62%] [32m[1mLinking CXX shared library libobstacle1.so[0m
[28.438s] [ 62%] Built target obstacle1
[28.551s] [ 75%] [32m[1mLinking CXX shared library libobstacles.so[0m
[28.827s] [ 87%] [32m[1mLinking CXX shared library libobstacle2.so[0m
[29.096s] [ 87%] Built target obstacles
[29.320s] [ 87%] Built target obstacle2
[30.595s] [100%] [32m[1mLinking CXX executable turtlebot3_drive[0m
[31.218s] [100%] Built target turtlebot3_drive
