[9.768s] Invoking command in '/home/avinaash/doozy_robotics/doozy_ws_2/src/pallet_docker_02': PYTHONPATH=/home/avinaash/doozy_robotics/doozy_ws_2/build/pallet_docker_02/prefix_override:/home/avinaash/doozy_robotics/doozy_ws_2/install/pallet_docker_02/lib/python3.8/site-packages:${PYTHONPATH} /usr/bin/python3 -W ignore:setup.py install is deprecated setup.py egg_info --egg-base ../../build/pallet_docker_02 build --build-base /home/avinaash/doozy_robotics/doozy_ws_2/build/pallet_docker_02/build install --record /home/avinaash/doozy_robotics/doozy_ws_2/build/pallet_docker_02/install.log --single-version-externally-managed install_data
[11.148s] running egg_info
[11.153s] writing ../../build/pallet_docker_02/pallet_docker_02.egg-info/PKG-INFO
[11.154s] writing dependency_links to ../../build/pallet_docker_02/pallet_docker_02.egg-info/dependency_links.txt
[11.156s] writing entry points to ../../build/pallet_docker_02/pallet_docker_02.egg-info/entry_points.txt
[11.157s] writing requirements to ../../build/pallet_docker_02/pallet_docker_02.egg-info/requires.txt
[11.158s] writing top-level names to ../../build/pallet_docker_02/pallet_docker_02.egg-info/top_level.txt
[11.311s] reading manifest file '../../build/pallet_docker_02/pallet_docker_02.egg-info/SOURCES.txt'
[11.318s] writing manifest file '../../build/pallet_docker_02/pallet_docker_02.egg-info/SOURCES.txt'
[11.321s] running build
[11.321s] running build_py
[11.323s] copying pallet_docker_02/dolly_navi_client_01.py -> /home/avinaash/doozy_robotics/doozy_ws_2/build/pallet_docker_02/build/lib/pallet_docker_02
[11.327s] running install
[11.331s] running install_lib
[11.339s] copying /home/avinaash/doozy_robotics/doozy_ws_2/build/pallet_docker_02/build/lib/pallet_docker_02/dolly_navi_client_01.py -> /home/avinaash/doozy_robotics/doozy_ws_2/install/pallet_docker_02/lib/python3.8/site-packages/pallet_docker_02
[11.342s] byte-compiling /home/avinaash/doozy_robotics/doozy_ws_2/install/pallet_docker_02/lib/python3.8/site-packages/pallet_docker_02/dolly_navi_client_01.py to dolly_navi_client_01.cpython-38.pyc
[11.364s] running install_data
[11.364s] running install_egg_info
[11.372s] removing '/home/avinaash/doozy_robotics/doozy_ws_2/install/pallet_docker_02/lib/python3.8/site-packages/pallet_docker_02-0.0.0-py3.8.egg-info' (and everything under it)
[11.374s] Copying ../../build/pallet_docker_02/pallet_docker_02.egg-info to /home/avinaash/doozy_robotics/doozy_ws_2/install/pallet_docker_02/lib/python3.8/site-packages/pallet_docker_02-0.0.0-py3.8.egg-info
[11.381s] running install_scripts
[11.482s] Installing client_01 script to /home/avinaash/doozy_robotics/doozy_ws_2/install/pallet_docker_02/lib/pallet_docker_02
[11.483s] Installing dock_to_dolly script to /home/avinaash/doozy_robotics/doozy_ws_2/install/pallet_docker_02/lib/pallet_docker_02
[11.483s] Installing dock_to_dolly2 script to /home/avinaash/doozy_robotics/doozy_ws_2/install/pallet_docker_02/lib/pallet_docker_02
[11.484s] Installing get_pallet_tf script to /home/avinaash/doozy_robotics/doozy_ws_2/install/pallet_docker_02/lib/pallet_docker_02
[11.485s] Installing nav_to_position script to /home/avinaash/doozy_robotics/doozy_ws_2/install/pallet_docker_02/lib/pallet_docker_02
[11.485s] Installing pallet_navi script to /home/avinaash/doozy_robotics/doozy_ws_2/install/pallet_docker_02/lib/pallet_docker_02
[11.493s] Installing pallet_navi_01 script to /home/avinaash/doozy_robotics/doozy_ws_2/install/pallet_docker_02/lib/pallet_docker_02
[11.495s] Installing pallet_navi_02 script to /home/avinaash/doozy_robotics/doozy_ws_2/install/pallet_docker_02/lib/pallet_docker_02
[11.499s] Installing pallet_navi_03 script to /home/avinaash/doozy_robotics/doozy_ws_2/install/pallet_docker_02/lib/pallet_docker_02
[11.500s] Installing pallet_navi_04 script to /home/avinaash/doozy_robotics/doozy_ws_2/install/pallet_docker_02/lib/pallet_docker_02
[11.500s] Installing server_01 script to /home/avinaash/doozy_robotics/doozy_ws_2/install/pallet_docker_02/lib/pallet_docker_02
[11.501s] Installing sick_visionary_t_mini script to /home/avinaash/doozy_robotics/doozy_ws_2/install/pallet_docker_02/lib/pallet_docker_02
[11.501s] Installing tb3_cam_node script to /home/avinaash/doozy_robotics/doozy_ws_2/install/pallet_docker_02/lib/pallet_docker_02
[11.501s] Installing tf_broadcaster script to /home/avinaash/doozy_robotics/doozy_ws_2/install/pallet_docker_02/lib/pallet_docker_02
[11.502s] writing list of installed files to '/home/avinaash/doozy_robotics/doozy_ws_2/build/pallet_docker_02/install.log'
[11.776s] Invoked command in '/home/avinaash/doozy_robotics/doozy_ws_2/src/pallet_docker_02' returned '0': PYTHONPATH=/home/avinaash/doozy_robotics/doozy_ws_2/build/pallet_docker_02/prefix_override:/home/avinaash/doozy_robotics/doozy_ws_2/install/pallet_docker_02/lib/python3.8/site-packages:${PYTHONPATH} /usr/bin/python3 -W ignore:setup.py install is deprecated setup.py egg_info --egg-base ../../build/pallet_docker_02 build --build-base /home/avinaash/doozy_robotics/doozy_ws_2/build/pallet_docker_02/build install --record /home/avinaash/doozy_robotics/doozy_ws_2/build/pallet_docker_02/install.log --single-version-externally-managed install_data
